[ 2017-10-26T20:07:01+08:00 ] ERR: (ThinkException) 非法操作:kindeditor
[ 2017-10-26T20:09:14+08:00 ] ERR: (ThinkException) 非法操作:kindeditor
[ 2017-10-26T20:16:22+08:00 ] ERR: (ThinkException) 非法操作:kindeditor
[ 2017-10-26T20:16:31+08:00 ] 0.0.0.0 /myblog/index.php/Myback/update
INFO: [ app_begin ] --START--
INFO: Run ReadHtmlCache Behavior [ RunTime:0.005063s ]
INFO: [ app_begin ] --END-- [ RunTime:0.005943s ]
NOTIC: [8] Undefined index: idd E:\Application case\wamp\www\myblog\Home\Lib\Action\MybackAction.class.php 第 51 行.
NOTIC: [8192] mysql_connect(): The mysql extension is deprecated and will be removed in the future: use mysqli or PDO instead E:\Application case\wamp\www\myblog\ThinkPHP\Lib\Driver\Db\DbMysql.class.php 第 55 行.
SQL: SHOW COLUMNS FROM `my_user` [ RunTime:0.009451s ]
SQL: SHOW COLUMNS FROM `my_gro` [ RunTime:0.009589s ]
NOTIC: [8192] preg_replace(): The /e modifier is deprecated, use preg_replace_callback instead E:\Application case\wamp\www\myblog\ThinkPHP\Lib\Core\Db.class.php 第 568 行.
SQL: SELECT `name` FROM `my_gro` WHERE ( uid=0 ) LIMIT 1   [ RunTime:0.000807s ]

[ 2017-10-26T20:18:27+08:00 ] ERR: (ThinkException) 非法操作:kindeditor
[ 2017-10-26T20:24:09+08:00 ] ERR: (ThinkException) 非法操作:kindeditor
[ 2017-10-26T20:24:24+08:00 ] ERR: (ThinkException) 非法操作:kindeditor
[ 2017-10-26T20:28:04+08:00 ] ERR: (ThinkException) 非法操作:kindeditor
[ 2017-10-26T20:28:16+08:00 ] ERR: (ThinkException) 非法操作:kindeditor
[ 2017-10-26T20:28:55+08:00 ] ERR: (ThinkException) 非法操作:kindeditor
[ 2017-10-26T20:28:59+08:00 ] ERR: (ThinkException) 非法操作:kindeditor
[ 2017-10-26T20:29:23+08:00 ] ERR: (ThinkException) 非法操作:kindeditor
[ 2017-10-26T20:35:42+08:00 ] ERR: (ThinkException) 模板不存在[./Home/Tpl/Myback/useradd.html]
[ 2017-10-26T20:38:22+08:00 ] ERR: (ThinkException) 非法操作:kindeditor
[ 2017-10-26T20:39:29+08:00 ] ERR: (ThinkException) 非法操作:kindeditor
[ 2017-10-26T20:42:00+08:00 ] ERR: (ThinkException) 非法操作:kindeditor
[ 2017-10-26T20:46:55+08:00 ] ERR: (ThinkException) 非法操作:kindeditor
[ 2017-10-26T20:48:21+08:00 ] ERR: (ThinkException) 非法操作:kindeditor
[ 2017-10-26T20:49:20+08:00 ] ERR: (ThinkException) 非法操作:kindeditor
[ 2017-10-26T20:53:18+08:00 ] ERR: (ThinkException) 非法操作:kindeditor
[ 2017-10-26T20:55:40+08:00 ] ERR: (ThinkException) 非法操作:kindeditor
[ 2017-10-26T20:56:03+08:00 ] ERR: (ThinkException) 非法操作:kindeditor
[ 2017-10-26T20:59:13+08:00 ] ERR: (ThinkException) 非法操作:kindeditor
[ 2017-10-26T21:00:31+08:00 ] ERR: (ThinkException) 非法操作:kindeditor
[ 2017-10-26T21:01:13+08:00 ] ERR: (ThinkException) 非法操作:kindeditor
[ 2017-10-26T21:06:19+08:00 ] ERR: (ThinkException) 非法操作:kindeditor
[ 2017-10-26T21:09:10+08:00 ] ERR: (ThinkException) 非法操作:kindeditor
[ 2017-10-26T21:09:59+08:00 ] ERR: (ThinkException) 非法操作:kindeditor
[ 2017-10-26T21:10:39+08:00 ] ERR: (ThinkException) 非法操作:kindeditor
[ 2017-10-26T21:10:56+08:00 ] ERR: (ThinkException) 非法操作:kindeditor
[ 2017-10-26T21:11:46+08:00 ] ERR: (ThinkException) 非法操作:kindeditor
[ 2017-10-26T21:16:27+08:00 ] ERR: (ThinkException) 非法操作:kindeditor
[ 2017-10-26T21:17:30+08:00 ] ERR: (ThinkException) 非法操作:kindeditor
[ 2017-10-26T21:19:57+08:00 ] ERR: (ThinkException) 非法操作:kindeditor
[ 2017-10-26T21:20:13+08:00 ] 0.0.0.0 /myblog/index.php/Myback/update
INFO: [ app_begin ] --START--
INFO: Run ReadHtmlCache Behavior [ RunTime:0.002930s ]
INFO: [ app_begin ] --END-- [ RunTime:0.003596s ]
NOTIC: [8192] mysql_connect(): The mysql extension is deprecated and will be removed in the future: use mysqli or PDO instead E:\Application case\wamp\www\myblog\ThinkPHP\Lib\Driver\Db\DbMysql.class.php 第 55 行.
SQL: SHOW COLUMNS FROM `my_user` [ RunTime:0.009368s ]
SQL: UPDATE `my_user` SET `user`='34',`pwd`='444',`gro`=0,`cretime`=1509024013 WHERE ( `id` = 16 ) [ RunTime:0.059229s ]
SQL: SHOW COLUMNS FROM `my_gro` [ RunTime:0.015389s ]
NOTIC: [8192] preg_replace(): The /e modifier is deprecated, use preg_replace_callback instead E:\Application case\wamp\www\myblog\ThinkPHP\Lib\Core\Db.class.php 第 568 行.
SQL: SELECT `name` FROM `my_gro` WHERE ( uid=0 ) LIMIT 1   [ RunTime:0.001672s ]

[ 2017-10-26T21:20:17+08:00 ] 0.0.0.0 /myblog/index.php/Myback/del
INFO: [ app_begin ] --START--
INFO: Run ReadHtmlCache Behavior [ RunTime:0.002646s ]
INFO: [ app_begin ] --END-- [ RunTime:0.003226s ]
NOTIC: [8192] mysql_connect(): The mysql extension is deprecated and will be removed in the future: use mysqli or PDO instead E:\Application case\wamp\www\myblog\ThinkPHP\Lib\Driver\Db\DbMysql.class.php 第 55 行.
SQL: SHOW COLUMNS FROM `my_user` [ RunTime:0.011843s ]
SQL: DELETE FROM `my_user` WHERE ( id=16 ) [ RunTime:0.001041s ]

[ 2017-10-26T21:20:18+08:00 ] ERR: (ThinkException) 非法操作:kindeditor
[ 2017-10-26T21:22:04+08:00 ] ERR: (ThinkException) 非法操作:kindeditor
[ 2017-10-26T21:22:20+08:00 ] ERR: (ThinkException) 非法操作:kindeditor
[ 2017-10-26T21:24:44+08:00 ] ERR: (ThinkException) 非法操作:kindeditor
[ 2017-10-26T21:25:25+08:00 ] ERR: (ThinkException) 非法操作:kindeditor
[ 2017-10-26T21:26:01+08:00 ] ERR: (ThinkException) 非法操作:kindeditor
[ 2017-10-26T21:26:36+08:00 ] ERR: (ThinkException) 非法操作:kindeditor
[ 2017-10-26T21:28:02+08:00 ] ERR: (ThinkException) 非法操作:kindeditor
[ 2017-10-26T21:28:55+08:00 ] ERR: (ThinkException) 非法操作:kindeditor
[ 2017-10-26T21:29:36+08:00 ] ERR: (ThinkException) 非法操作:kindeditor
[ 2017-10-26T21:30:26+08:00 ] ERR: (ThinkException) 非法操作:kindeditor
[ 2017-10-26T21:33:17+08:00 ] ERR: (ThinkException) 非法操作:kindeditor
[ 2017-10-26T21:37:04+08:00 ] ERR: (ThinkException) 非法操作:kindeditor
[ 2017-10-26T21:37:15+08:00 ] ERR: (ThinkException) 非法操作:kindeditor
[ 2017-10-26T22:28:16+08:00 ] ERR: (ThinkException) 非法操作:kindeditor
[ 2017-10-26T22:28:27+08:00 ] ERR: (ThinkException) 非法操作:kindeditor
[ 2017-10-26T22:32:08+08:00 ] ERR: (ThinkException) 非法操作:kindeditor
[ 2017-10-26T22:33:00+08:00 ] ERR: (ThinkException) 非法操作:kindeditor
[ 2017-10-26T22:34:53+08:00 ] ERR: (ThinkException) 非法操作:kindeditor
[ 2017-10-26T22:36:48+08:00 ] ERR: (ThinkException) 非法操作:kindeditor
[ 2017-10-26T22:37:03+08:00 ] ERR: (ThinkException) 非法操作:kindeditor
[ 2017-10-26T22:38:04+08:00 ] ERR: (ThinkException) 非法操作:kindeditor
[ 2017-10-26T22:44:22+08:00 ] ERR: (ThinkException) 非法操作:kindeditor
[ 2017-10-26T22:44:30+08:00 ] 0.0.0.0 /myblog/index.php/Myback/useradd
INFO: [ app_begin ] --START--
INFO: Run ReadHtmlCache Behavior [ RunTime:0.003498s ]
INFO: [ app_begin ] --END-- [ RunTime:0.004378s ]
NOTIC: [8192] mysql_connect(): The mysql extension is deprecated and will be removed in the future: use mysqli or PDO instead E:\Application case\wamp\www\myblog\ThinkPHP\Lib\Driver\Db\DbMysql.class.php 第 55 行.
SQL: SHOW COLUMNS FROM `my_user` [ RunTime:0.008957s ]
SQL: INSERT INTO `my_user` (`user`,`pwd`,`cretime`,`gro`,`shell`) VALUES ('5555555','5555555555',1509029070,0,888) [ RunTime:0.056850s ]

[ 2017-10-26T22:44:34+08:00 ] ERR: (ThinkException) 非法操作:kindeditor
[ 2017-10-26T22:44:53+08:00 ] ERR: (ThinkException) 非法操作:kindeditor
[ 2017-10-26T22:45:06+08:00 ] 0.0.0.0 /myblog/index.php/Myback/useradd
INFO: [ app_begin ] --START--
INFO: Run ReadHtmlCache Behavior [ RunTime:0.003427s ]
INFO: [ app_begin ] --END-- [ RunTime:0.004105s ]
NOTIC: [8192] mysql_connect(): The mysql extension is deprecated and will be removed in the future: use mysqli or PDO instead E:\Application case\wamp\www\myblog\ThinkPHP\Lib\Driver\Db\DbMysql.class.php 第 55 行.
SQL: SHOW COLUMNS FROM `my_user` [ RunTime:0.009650s ]
SQL: INSERT INTO `my_user` (`user`,`pwd`,`cretime`,`gro`,`shell`) VALUES ('小美女','123456',1509029106,2,888) [ RunTime:0.000855s ]

[ 2017-10-26T22:45:11+08:00 ] ERR: (ThinkException) 非法操作:kindeditor
[ 2017-10-26T22:54:09+08:00 ] ERR: (ThinkException) 非法操作:kindeditor
[ 2017-10-26T22:54:18+08:00 ] 0.0.0.0 /myblog/index.php/Myback/useradd
INFO: [ app_begin ] --START--
INFO: Run ReadHtmlCache Behavior [ RunTime:0.004381s ]
INFO: [ app_begin ] --END-- [ RunTime:0.005029s ]
NOTIC: [8192] mysql_connect(): The mysql extension is deprecated and will be removed in the future: use mysqli or PDO instead E:\Application case\wamp\www\myblog\ThinkPHP\Lib\Driver\Db\DbMysql.class.php 第 55 行.
SQL: SHOW COLUMNS FROM `my_user` [ RunTime:0.008569s ]
SQL: INSERT INTO `my_user` (`user`,`pwd`,`cretime`,`gro`,`shell`) VALUES ('柔柔弱弱','rrrrrrrrrr',1509029658,0,888) [ RunTime:0.000863s ]

[ 2017-10-26T22:54:23+08:00 ] ERR: (ThinkException) 非法操作:kindeditor
[ 2017-10-26T22:55:06+08:00 ] ERR: (ThinkException) 非法操作:kindeditor
[ 2017-10-26T22:55:14+08:00 ] 0.0.0.0 /myblog/index.php/Myback/useradd
INFO: [ app_begin ] --START--
INFO: Run ReadHtmlCache Behavior [ RunTime:0.003073s ]
INFO: [ app_begin ] --END-- [ RunTime:0.003705s ]
NOTIC: [8192] mysql_connect(): The mysql extension is deprecated and will be removed in the future: use mysqli or PDO instead E:\Application case\wamp\www\myblog\ThinkPHP\Lib\Driver\Db\DbMysql.class.php 第 55 行.
SQL: SHOW COLUMNS FROM `my_user` [ RunTime:0.009033s ]
SQL: INSERT INTO `my_user` (`user`,`pwd`,`cretime`,`gro`,`shell`) VALUES ('2222','2222',1509029714,1,888) [ RunTime:0.001215s ]

[ 2017-10-26T22:55:14+08:00 ] ERR: (ThinkException) 非法操作:undefined
[ 2017-10-26T22:55:19+08:00 ] ERR: (ThinkException) 非法操作:kindeditor
[ 2017-10-26T22:56:26+08:00 ] ERR: (ThinkException) 非法操作:kindeditor
[ 2017-10-26T22:56:33+08:00 ] 0.0.0.0 /myblog/index.php/Myback/useradd
INFO: [ app_begin ] --START--
INFO: Run ReadHtmlCache Behavior [ RunTime:0.003448s ]
INFO: [ app_begin ] --END-- [ RunTime:0.004121s ]
NOTIC: [8192] mysql_connect(): The mysql extension is deprecated and will be removed in the future: use mysqli or PDO instead E:\Application case\wamp\www\myblog\ThinkPHP\Lib\Driver\Db\DbMysql.class.php 第 55 行.
SQL: SHOW COLUMNS FROM `my_user` [ RunTime:0.009586s ]
SQL: INSERT INTO `my_user` (`user`,`pwd`,`cretime`,`gro`,`shell`) VALUES ('4444','444',1509029793,1,888) [ RunTime:0.000723s ]

[ 2017-10-26T22:56:33+08:00 ] ERR: (ThinkException) 非法操作:undefined
[ 2017-10-26T22:56:57+08:00 ] ERR: (ThinkException) 非法操作:kindeditor
[ 2017-10-26T22:57:08+08:00 ] ERR: (ThinkException) 非法操作:kindeditor
[ 2017-10-26T22:57:32+08:00 ] 0.0.0.0 /myblog/index.php/Myback/useradd
INFO: [ app_begin ] --START--
INFO: Run ReadHtmlCache Behavior [ RunTime:0.003826s ]
INFO: [ app_begin ] --END-- [ RunTime:0.004482s ]
NOTIC: [8192] mysql_connect(): The mysql extension is deprecated and will be removed in the future: use mysqli or PDO instead E:\Application case\wamp\www\myblog\ThinkPHP\Lib\Driver\Db\DbMysql.class.php 第 55 行.
SQL: SHOW COLUMNS FROM `my_user` [ RunTime:0.009407s ]
SQL: INSERT INTO `my_user` (`user`,`pwd`,`cretime`,`gro`,`shell`) VALUES ('111','1111',1509029852,0,888) [ RunTime:0.000782s ]

[ 2017-10-26T22:57:36+08:00 ] ERR: (ThinkException) 非法操作:kindeditor
[ 2017-10-26T22:58:00+08:00 ] ERR: (ThinkException) 非法操作:kindeditor
[ 2017-10-26T22:58:07+08:00 ] 0.0.0.0 /myblog/index.php/Myback/useradd
INFO: [ app_begin ] --START--
INFO: Run ReadHtmlCache Behavior [ RunTime:0.002900s ]
INFO: [ app_begin ] --END-- [ RunTime:0.003546s ]
NOTIC: [8192] mysql_connect(): The mysql extension is deprecated and will be removed in the future: use mysqli or PDO instead E:\Application case\wamp\www\myblog\ThinkPHP\Lib\Driver\Db\DbMysql.class.php 第 55 行.
SQL: SHOW COLUMNS FROM `my_user` [ RunTime:0.009254s ]
SQL: INSERT INTO `my_user` (`user`,`pwd`,`cretime`,`gro`,`shell`) VALUES ('5555','5555',1509029887,1,888) [ RunTime:0.000903s ]

[ 2017-10-26T22:58:10+08:00 ] ERR: (ThinkException) 非法操作:kindeditor
[ 2017-10-26T22:58:38+08:00 ] ERR: (ThinkException) 非法操作:kindeditor
[ 2017-10-26T22:58:47+08:00 ] 0.0.0.0 /myblog/index.php/Myback/useradd
INFO: [ app_begin ] --START--
INFO: Run ReadHtmlCache Behavior [ RunTime:0.004082s ]
INFO: [ app_begin ] --END-- [ RunTime:0.004872s ]
NOTIC: [8192] mysql_connect(): The mysql extension is deprecated and will be removed in the future: use mysqli or PDO instead E:\Application case\wamp\www\myblog\ThinkPHP\Lib\Driver\Db\DbMysql.class.php 第 55 行.
SQL: SHOW COLUMNS FROM `my_user` [ RunTime:0.008320s ]
SQL: INSERT INTO `my_user` (`user`,`pwd`,`cretime`,`gro`,`shell`) VALUES ('22222','2222',1509029927,2,888) [ RunTime:0.000876s ]

[ 2017-10-26T23:01:23+08:00 ] ERR: (ThinkException) 非法操作:kindeditor
[ 2017-10-26T23:01:31+08:00 ] 0.0.0.0 /myblog/index.php/Myback/useradd
INFO: [ app_begin ] --START--
INFO: Run ReadHtmlCache Behavior [ RunTime:0.003253s ]
INFO: [ app_begin ] --END-- [ RunTime:0.003845s ]
NOTIC: [8192] mysql_connect(): The mysql extension is deprecated and will be removed in the future: use mysqli or PDO instead E:\Application case\wamp\www\myblog\ThinkPHP\Lib\Driver\Db\DbMysql.class.php 第 55 行.
SQL: SHOW COLUMNS FROM `my_user` [ RunTime:0.010454s ]
SQL: INSERT INTO `my_user` (`user`,`pwd`,`cretime`,`gro`,`shell`) VALUES ('uuu','uuuuuu',1509030091,0,888) [ RunTime:0.000942s ]

[ 2017-10-26T23:01:39+08:00 ] ERR: (ThinkException) 非法操作:kindeditor
