[ 2017-11-08T13:20:43+08:00 ] ERR: (ThinkException) 非法操作:kindeditor
[ 2017-11-08T13:20:57+08:00 ] 0.0.0.0 /myblog/index.php/Myback/classup
INFO: [ app_begin ] --START--
INFO: Run ReadHtmlCache Behavior [ RunTime:0.003636s ]
INFO: [ app_begin ] --END-- [ RunTime:0.004099s ]
NOTIC: [8192] mysql_connect(): The mysql extension is deprecated and will be removed in the future: use mysqli or PDO instead E:\Application case\wamp\www\myblog\ThinkPHP\Lib\Driver\Db\DbMysql.class.php 第 55 行.
SQL: SHOW COLUMNS FROM `my_class` [ RunTime:0.008676s ]
SQL: UPDATE `my_class` SET `f_id`=1,`f_name`='ai',`path`='0,1,65',`level`=2,`add_time`=1510118457 WHERE ( `c_id` = 65 ) [ RunTime:0.000812s ]

[ 2017-11-08T13:21:00+08:00 ] ERR: (ThinkException) 非法操作:kindeditor
[ 2017-11-08T13:39:58+08:00 ] ERR: (ThinkException) 非法操作:kindeditor
[ 2017-11-08T13:47:55+08:00 ] ERR: (ThinkException) 非法操作:kindeditor
[ 2017-11-08T13:48:40+08:00 ] ERR: (ThinkException) 非法操作:kindeditor
[ 2017-11-08T18:33:41+08:00 ] 0.0.0.0 /myblog/index.php/Myback/classup
INFO: [ app_begin ] --START--
INFO: Run ReadHtmlCache Behavior [ RunTime:0.002252s ]
INFO: [ app_begin ] --END-- [ RunTime:0.002767s ]
NOTIC: [8192] mysql_connect(): The mysql extension is deprecated and will be removed in the future: use mysqli or PDO instead E:\Application case\wamp\www\myblog\ThinkPHP\Lib\Driver\Db\DbMysql.class.php 第 55 行.
SQL: SHOW COLUMNS FROM `my_class` [ RunTime:0.009444s ]
SQL: UPDATE `my_class` SET `f_id`=1,`f_name`='ai w恶意',`path`='0,1,70,71',`level`=3,`add_time`=1510137221 WHERE ( `c_id` = 70 ) [ RunTime:0.000716s ]

[ 2017-11-08T18:33:43+08:00 ] ERR: (ThinkException) 非法操作:kindeditor
[ 2017-11-08T18:33:56+08:00 ] 0.0.0.0 /myblog/index.php/Myback/classup
INFO: [ app_begin ] --START--
INFO: Run ReadHtmlCache Behavior [ RunTime:0.002056s ]
INFO: [ app_begin ] --END-- [ RunTime:0.002558s ]
NOTIC: [8192] mysql_connect(): The mysql extension is deprecated and will be removed in the future: use mysqli or PDO instead E:\Application case\wamp\www\myblog\ThinkPHP\Lib\Driver\Db\DbMysql.class.php 第 55 行.
SQL: SHOW COLUMNS FROM `my_class` [ RunTime:0.007648s ]
SQL: UPDATE `my_class` SET `f_id`=1,`f_name`='ai广告',`path`='0,1,65',`level`=2,`add_time`=1510137236 WHERE ( `c_id` = 65 ) [ RunTime:0.000662s ]

[ 2017-11-08T18:33:58+08:00 ] ERR: (ThinkException) 非法操作:kindeditor
[ 2017-11-08T18:35:11+08:00 ] ERR: (ThinkException) 非法操作:kindeditor
[ 2017-11-08T21:06:05+08:00 ] ERR: (ThinkException) 非法操作:index
[ 2017-11-08T21:12:00+08:00 ] ERR: (ThinkException) 非法操作:kindeditor
