[ 2017-11-21T09:03:23+08:00 ] ERR: (ThinkException) 非法操作:kindeditor
[ 2017-11-21T09:09:26+08:00 ] ERR: (ThinkException) 非法操作:kindeditor
[ 2017-11-21T09:12:54+08:00 ] ERR: (ThinkException) 非法操作:kindeditor
[ 2017-11-21T09:25:08+08:00 ] ERR: (ThinkException) 非法操作:kindeditor
[ 2017-11-21T09:25:11+08:00 ] ERR: (ThinkException) Model:delect您所请求的方法不存在！
[ 2017-11-21T09:25:14+08:00 ] ERR: (ThinkException) 非法操作:kindeditor
[ 2017-11-21T09:27:30+08:00 ] ERR: (ThinkException) 非法操作:kindeditor
[ 2017-11-21T09:29:10+08:00 ] ERR: (ThinkException) 非法操作:kindeditor
[ 2017-11-21T09:29:13+08:00 ] 0.0.0.0 /myblog/index.php/Myback/blogdel
INFO: [ app_begin ] --START--
INFO: Run ReadHtmlCache Behavior [ RunTime:0.002634s ]
INFO: [ app_begin ] --END-- [ RunTime:0.003177s ]
NOTIC: [8192] mysql_connect(): The mysql extension is deprecated and will be removed in the future: use mysqli or PDO instead E:\Application case\wamp\www\myblog\ThinkPHP\Lib\Driver\Db\DbMysql.class.php 第 55 行.
SQL: SHOW COLUMNS FROM `my_blog` [ RunTime:0.011503s ]
SQL: DELETE FROM `my_blog` WHERE ( b_id=9 ) [ RunTime:0.000990s ]

[ 2017-11-21T09:29:18+08:00 ] ERR: (ThinkException) 非法操作:kindeditor
[ 2017-11-21T09:29:47+08:00 ] ERR: (ThinkException) 非法操作:kindeditor
[ 2017-11-21T09:29:50+08:00 ] 0.0.0.0 /myblog/index.php/Myback/blogdel
INFO: [ app_begin ] --START--
INFO: Run ReadHtmlCache Behavior [ RunTime:0.003046s ]
INFO: [ app_begin ] --END-- [ RunTime:0.003720s ]
NOTIC: [8192] mysql_connect(): The mysql extension is deprecated and will be removed in the future: use mysqli or PDO instead E:\Application case\wamp\www\myblog\ThinkPHP\Lib\Driver\Db\DbMysql.class.php 第 55 行.
SQL: SHOW COLUMNS FROM `my_blog` [ RunTime:0.009778s ]
SQL: DELETE FROM `my_blog` WHERE ( b_id=11 ) [ RunTime:0.000759s ]

[ 2017-11-21T09:29:52+08:00 ] ERR: (ThinkException) 非法操作:kindeditor
[ 2017-11-21T09:31:04+08:00 ] ERR: (ThinkException) 非法操作:kindeditor
[ 2017-11-21T09:31:34+08:00 ] ERR: (ThinkException) 非法操作:kindeditor
[ 2017-11-21T09:31:40+08:00 ] 0.0.0.0 /myblog/index.php/Myback/blogdel
INFO: [ app_begin ] --START--
INFO: Run ReadHtmlCache Behavior [ RunTime:0.002887s ]
INFO: [ app_begin ] --END-- [ RunTime:0.003458s ]
NOTIC: [8192] mysql_connect(): The mysql extension is deprecated and will be removed in the future: use mysqli or PDO instead E:\Application case\wamp\www\myblog\ThinkPHP\Lib\Driver\Db\DbMysql.class.php 第 55 行.
SQL: SHOW COLUMNS FROM `my_blog` [ RunTime:0.008376s ]
SQL: DELETE FROM `my_blog` WHERE ( b_id=8 ) [ RunTime:0.000810s ]

[ 2017-11-21T09:31:42+08:00 ] ERR: (ThinkException) 非法操作:kindeditor
[ 2017-11-21T09:56:01+08:00 ] ERR: (ThinkException) 非法操作:kindeditor
[ 2017-11-21T10:00:40+08:00 ] ERR: (ThinkException) 非法操作:kindeditor
[ 2017-11-21T10:01:28+08:00 ] ERR: (ThinkException) 非法操作:kindeditor
[ 2017-11-21T10:03:23+08:00 ] ERR: (ThinkException) 非法操作:kindeditor
[ 2017-11-21T10:03:55+08:00 ] ERR: (ThinkException) 非法操作:kindeditor
[ 2017-11-21T10:04:17+08:00 ] ERR: (ThinkException) 非法操作:kindeditor
[ 2017-11-21T10:05:01+08:00 ] ERR: (ThinkException) 非法操作:kindeditor
[ 2017-11-21T10:06:43+08:00 ] ERR: (ThinkException) 非法操作:kindeditor
[ 2017-11-21T10:07:30+08:00 ] ERR: (ThinkException) 非法操作:kindeditor
[ 2017-11-21T10:10:06+08:00 ] ERR: (ThinkException) 非法操作:kindeditor
[ 2017-11-21T10:11:05+08:00 ] ERR: (ThinkException) 非法操作:kindeditor
[ 2017-11-21T10:12:13+08:00 ] ERR: (ThinkException) 非法操作:kindeditor
[ 2017-11-21T10:22:48+08:00 ] ERR: (ThinkException) 非法操作:kindeditor
[ 2017-11-21T10:23:35+08:00 ] ERR: (ThinkException) 非法操作:kindeditor
[ 2017-11-21T10:25:48+08:00 ] ERR: (ThinkException) 非法操作:kindeditor
[ 2017-11-21T10:34:35+08:00 ] ERR: (ThinkException) 非法操作:kindeditor
[ 2017-11-21T10:35:21+08:00 ] ERR: (ThinkException) 非法操作:kindeditor
[ 2017-11-21T10:37:07+08:00 ] ERR: (ThinkException) 非法操作:kindeditor
[ 2017-11-21T10:37:48+08:00 ] ERR: (ThinkException) 非法操作:kindeditor
[ 2017-11-21T10:38:28+08:00 ] ERR: (ThinkException) 非法操作:kindeditor
[ 2017-11-21T10:40:25+08:00 ] ERR: (ThinkException) 非法操作:kindeditor
[ 2017-11-21T10:41:06+08:00 ] ERR: (ThinkException) 非法操作:kindeditor
[ 2017-11-21T10:41:58+08:00 ] ERR: (ThinkException) 非法操作:kindeditor
[ 2017-11-21T10:42:24+08:00 ] ERR: (ThinkException) 非法操作:kindeditor
[ 2017-11-21T10:43:30+08:00 ] ERR: (ThinkException) 非法操作:kindeditor
[ 2017-11-21T10:58:31+08:00 ] 0.0.0.0 /myblog/index.php/Myback/update
INFO: [ app_begin ] --START--
INFO: Run ReadHtmlCache Behavior [ RunTime:0.002128s ]
INFO: [ app_begin ] --END-- [ RunTime:0.002698s ]
NOTIC: [8192] mysql_connect(): The mysql extension is deprecated and will be removed in the future: use mysqli or PDO instead E:\Application case\wamp\www\myblog\ThinkPHP\Lib\Driver\Db\DbMysql.class.php 第 55 行.
SQL: SHOW COLUMNS FROM `my_user` [ RunTime:0.011547s ]
SQL: UPDATE `my_user` SET `user`='66777',`pwd`='wwwww',`gro`=0,`cretime`=1511233111 WHERE ( `id` = 33 ) [ RunTime:0.000842s ]
SQL: SHOW COLUMNS FROM `my_gro` [ RunTime:0.010551s ]
NOTIC: [8192] preg_replace(): The /e modifier is deprecated, use preg_replace_callback instead E:\Application case\wamp\www\myblog\ThinkPHP\Lib\Core\Db.class.php 第 568 行.
SQL: SELECT `name` FROM `my_gro` WHERE ( uid=0 ) LIMIT 1   [ RunTime:0.000868s ]

[ 2017-11-21T11:17:01+08:00 ] ERR: (ThinkException) 非法操作:kindeditor
[ 2017-11-21T13:06:40+08:00 ] ERR: (ThinkException) 非法操作:kindeditor
[ 2017-11-21T13:07:47+08:00 ] ERR: (ThinkException) 非法操作:kindeditor
[ 2017-11-21T13:10:23+08:00 ] ERR: (ThinkException) 非法操作:kindeditor
[ 2017-11-21T13:15:40+08:00 ] ERR: (ThinkException) 非法操作:kindeditor
[ 2017-11-21T13:16:37+08:00 ] ERR: (ThinkException) 非法操作:kindeditor
[ 2017-11-21T13:17:41+08:00 ] ERR: (ThinkException) 非法操作:kindeditor
[ 2017-11-21T13:18:02+08:00 ] ERR: (ThinkException) 非法操作:kindeditor
[ 2017-11-21T13:18:28+08:00 ] ERR: (ThinkException) 非法操作:kindeditor
[ 2017-11-21T13:19:12+08:00 ] ERR: (ThinkException) 非法操作:kindeditor
[ 2017-11-21T13:20:31+08:00 ] ERR: (ThinkException) 非法操作:kindeditor
[ 2017-11-21T13:22:04+08:00 ] ERR: (ThinkException) 非法操作:kindeditor
[ 2017-11-21T13:25:42+08:00 ] ERR: (ThinkException) 非法操作:kindeditor
[ 2017-11-21T13:27:01+08:00 ] ERR: (ThinkException) 非法操作:kindeditor
[ 2017-11-21T13:27:33+08:00 ] ERR: (ThinkException) 非法操作:kindeditor
[ 2017-11-21T13:29:53+08:00 ] ERR: (ThinkException) 非法操作:kindeditor
[ 2017-11-21T13:30:21+08:00 ] ERR: (ThinkException) 非法操作:kindeditor
[ 2017-11-21T13:33:31+08:00 ] ERR: (ThinkException) 非法操作:kindeditor
[ 2017-11-21T13:35:06+08:00 ] ERR: (ThinkException) 非法操作:kindeditor
[ 2017-11-21T13:37:06+08:00 ] ERR: (ThinkException) 非法操作:kindeditor
[ 2017-11-21T13:37:40+08:00 ] ERR: (ThinkException) 非法操作:kindeditor
[ 2017-11-21T13:38:21+08:00 ] ERR: (ThinkException) 非法操作:kindeditor
[ 2017-11-21T13:40:05+08:00 ] ERR: (ThinkException) 非法操作:kindeditor
[ 2017-11-21T13:45:00+08:00 ] ERR: (ThinkException) 非法操作:kindeditor
[ 2017-11-21T13:47:14+08:00 ] ERR: (ThinkException) 非法操作:kindeditor
[ 2017-11-21T13:47:47+08:00 ] ERR: (ThinkException) 非法操作:kindeditor
[ 2017-11-21T13:48:17+08:00 ] ERR: (ThinkException) 非法操作:kindeditor
[ 2017-11-21T13:49:20+08:00 ] ERR: (ThinkException) 非法操作:kindeditor
[ 2017-11-21T13:50:15+08:00 ] ERR: (ThinkException) 非法操作:kindeditor
[ 2017-11-21T13:50:59+08:00 ] ERR: (ThinkException) 非法操作:kindeditor
[ 2017-11-21T13:53:04+08:00 ] ERR: (ThinkException) 非法操作:kindeditor
[ 2017-11-21T13:53:34+08:00 ] ERR: (ThinkException) 非法操作:kindeditor
[ 2017-11-21T13:54:25+08:00 ] ERR: (ThinkException) 非法操作:kindeditor
[ 2017-11-21T13:54:30+08:00 ] ERR: (ThinkException) 非法操作:kindeditor
[ 2017-11-21T18:02:56+08:00 ] ERR: (ThinkException) 非法操作:kindeditor
[ 2017-11-21T18:04:24+08:00 ] ERR: (ThinkException) 非法操作:kindeditor
[ 2017-11-21T18:06:50+08:00 ] ERR: (ThinkException) 非法操作:kindeditor
[ 2017-11-21T18:08:10+08:00 ] ERR: (ThinkException) 非法操作:kindeditor
[ 2017-11-21T18:11:50+08:00 ] ERR: (ThinkException) 非法操作:kindeditor
[ 2017-11-21T18:12:16+08:00 ] ERR: (ThinkException) 非法操作:kindeditor
[ 2017-11-21T18:13:47+08:00 ] ERR: (ThinkException) 非法操作:kindeditor
[ 2017-11-21T18:14:30+08:00 ] ERR: (ThinkException) 非法操作:kindeditor
[ 2017-11-21T18:18:36+08:00 ] ERR: (ThinkException) 非法操作:kindeditor
[ 2017-11-21T18:18:58+08:00 ] ERR: (ThinkException) 非法操作:kindeditor
[ 2017-11-21T18:19:32+08:00 ] ERR: (ThinkException) 非法操作:kindeditor
[ 2017-11-21T18:19:53+08:00 ] ERR: (ThinkException) 非法操作:kindeditor
[ 2017-11-21T18:20:12+08:00 ] ERR: (ThinkException) 非法操作:kindeditor
[ 2017-11-21T18:21:44+08:00 ] ERR: (ThinkException) 非法操作:kindeditor
[ 2017-11-21T18:22:02+08:00 ] ERR: (ThinkException) 非法操作:kindeditor
[ 2017-11-21T18:30:02+08:00 ] ERR: (ThinkException) 非法操作:kindeditor
[ 2017-11-21T18:30:22+08:00 ] ERR: (ThinkException) 非法操作:kindeditor
[ 2017-11-21T18:34:04+08:00 ] ERR: (ThinkException) 非法操作:kindeditor
[ 2017-11-21T18:35:09+08:00 ] ERR: (ThinkException) 非法操作:kindeditor
[ 2017-11-21T18:35:17+08:00 ] ERR: (ThinkException) 非法操作:kindeditor
[ 2017-11-21T18:37:59+08:00 ] ERR: (ThinkException) 非法操作:kindeditor
[ 2017-11-21T18:38:10+08:00 ] ERR: (ThinkException) 非法操作:kindeditor
[ 2017-11-21T18:38:35+08:00 ] ERR: (ThinkException) 非法操作:kindeditor
[ 2017-11-21T18:39:29+08:00 ] ERR: (ThinkException) 非法操作:kindeditor
[ 2017-11-21T18:40:40+08:00 ] ERR: (ThinkException) 非法操作:kindeditor
[ 2017-11-21T18:41:24+08:00 ] ERR: (ThinkException) 非法操作:kindeditor
[ 2017-11-21T18:42:56+08:00 ] ERR: (ThinkException) 非法操作:kindeditor
[ 2017-11-21T18:44:48+08:00 ] ERR: (ThinkException) 非法操作:kindeditor
[ 2017-11-21T18:46:32+08:00 ] ERR: (ThinkException) 非法操作:kindeditor
[ 2017-11-21T18:46:48+08:00 ] ERR: (ThinkException) 非法操作:kindeditor
[ 2017-11-21T18:49:34+08:00 ] ERR: (ThinkException) 非法操作:kindeditor
[ 2017-11-21T18:50:19+08:00 ] ERR: (ThinkException) 非法操作:kindeditor
[ 2017-11-21T18:51:02+08:00 ] ERR: (ThinkException) 非法操作:kindeditor
[ 2017-11-21T18:51:30+08:00 ] ERR: (ThinkException) 非法操作:kindeditor
[ 2017-11-21T18:51:34+08:00 ] 0.0.0.0 /myblog/index.php/Myback/blogdel
INFO: [ app_begin ] --START--
INFO: Run ReadHtmlCache Behavior [ RunTime:0.002470s ]
INFO: [ app_begin ] --END-- [ RunTime:0.003064s ]
NOTIC: [8192] mysql_connect(): The mysql extension is deprecated and will be removed in the future: use mysqli or PDO instead E:\Application case\wamp\www\myblog\ThinkPHP\Lib\Driver\Db\DbMysql.class.php 第 55 行.
SQL: SHOW COLUMNS FROM `my_blog` [ RunTime:0.009216s ]
SQL: DELETE FROM `my_blog` WHERE ( b_id=13 ) [ RunTime:0.000820s ]

[ 2017-11-21T18:51:37+08:00 ] ERR: (ThinkException) 非法操作:kindeditor
[ 2017-11-21T18:52:20+08:00 ] ERR: (ThinkException) 非法操作:kindeditor
[ 2017-11-21T18:52:23+08:00 ] 0.0.0.0 /myblog/index.php/Myback/blogdel
INFO: [ app_begin ] --START--
INFO: Run ReadHtmlCache Behavior [ RunTime:0.002753s ]
INFO: [ app_begin ] --END-- [ RunTime:0.003403s ]
NOTIC: [8192] mysql_connect(): The mysql extension is deprecated and will be removed in the future: use mysqli or PDO instead E:\Application case\wamp\www\myblog\ThinkPHP\Lib\Driver\Db\DbMysql.class.php 第 55 行.
SQL: SHOW COLUMNS FROM `my_blog` [ RunTime:0.008848s ]
SQL: DELETE FROM `my_blog` WHERE ( b_id=14 ) [ RunTime:0.000866s ]

[ 2017-11-21T18:52:25+08:00 ] ERR: (ThinkException) 非法操作:kindeditor
[ 2017-11-21T18:52:42+08:00 ] ERR: (ThinkException) 非法操作:kindeditor
[ 2017-11-21T18:52:54+08:00 ] ERR: (ThinkException) 非法操作:kindeditor
[ 2017-11-21T18:55:54+08:00 ] ERR: (ThinkException) 非法操作:kindeditor
[ 2017-11-21T18:56:58+08:00 ] ERR: (ThinkException) 非法操作:kindeditor
[ 2017-11-21T18:57:24+08:00 ] ERR: (ThinkException) 非法操作:kindeditor
[ 2017-11-21T19:00:06+08:00 ] ERR: (ThinkException) 非法操作:kindeditor
[ 2017-11-21T19:00:45+08:00 ] ERR: (ThinkException) 非法操作:kindeditor
[ 2017-11-21T19:02:43+08:00 ] ERR: (ThinkException) 非法操作:kindeditor
[ 2017-11-21T19:06:17+08:00 ] ERR: (ThinkException) 非法操作:kindeditor
[ 2017-11-21T19:06:50+08:00 ] ERR: (ThinkException) 非法操作:kindeditor
[ 2017-11-21T19:08:03+08:00 ] ERR: (ThinkException) 非法操作:kindeditor
[ 2017-11-21T19:08:11+08:00 ] 0.0.0.0 /myblog/index.php/Myback/blogdelall
INFO: [ app_begin ] --START--
INFO: Run ReadHtmlCache Behavior [ RunTime:0.002797s ]
INFO: [ app_begin ] --END-- [ RunTime:0.003355s ]
NOTIC: [8192] mysql_connect(): The mysql extension is deprecated and will be removed in the future: use mysqli or PDO instead E:\Application case\wamp\www\myblog\ThinkPHP\Lib\Driver\Db\DbMysql.class.php 第 55 行.
SQL: SHOW COLUMNS FROM `my_blog` [ RunTime:0.013347s ]
SQL: DELETE FROM `my_blog` WHERE ( `b_id` IN ('15','16','') ) [ RunTime:0.001289s ]

[ 2017-11-21T19:09:15+08:00 ] ERR: (ThinkException) 非法操作:kindeditor
[ 2017-11-21T19:09:46+08:00 ] ERR: (ThinkException) 非法操作:kindeditor
[ 2017-11-21T19:09:55+08:00 ] ERR: (ThinkException) 非法操作:kindeditor
[ 2017-11-21T19:12:29+08:00 ] ERR: (ThinkException) 非法操作:kindeditor
[ 2017-11-21T19:14:30+08:00 ] ERR: (ThinkException) 非法操作:kindeditor
[ 2017-11-21T19:14:42+08:00 ] 0.0.0.0 /myblog/index.php/Myback/blogdelall
INFO: [ app_begin ] --START--
INFO: Run ReadHtmlCache Behavior [ RunTime:0.003270s ]
INFO: [ app_begin ] --END-- [ RunTime:0.004093s ]
NOTIC: [8192] mysql_connect(): The mysql extension is deprecated and will be removed in the future: use mysqli or PDO instead E:\Application case\wamp\www\myblog\ThinkPHP\Lib\Driver\Db\DbMysql.class.php 第 55 行.
SQL: SHOW COLUMNS FROM `my_blog` [ RunTime:0.010599s ]
SQL: DELETE FROM `my_blog` WHERE ( `b_id` IN ('on','on','') ) [ RunTime:0.000742s ]

[ 2017-11-21T19:14:47+08:00 ] ERR: (ThinkException) 非法操作:kindeditor
[ 2017-11-21T19:16:08+08:00 ] ERR: (ThinkException) 非法操作:kindeditor
[ 2017-11-21T19:17:01+08:00 ] ERR: (ThinkException) 非法操作:kindeditor
[ 2017-11-21T19:17:47+08:00 ] ERR: (ThinkException) 非法操作:kindeditor
[ 2017-11-21T19:18:19+08:00 ] ERR: (ThinkException) 非法操作:kindeditor
[ 2017-11-21T19:18:25+08:00 ] 0.0.0.0 /myblog/index.php/Myback/blogdelall
INFO: [ app_begin ] --START--
INFO: Run ReadHtmlCache Behavior [ RunTime:0.003379s ]
INFO: [ app_begin ] --END-- [ RunTime:0.003951s ]
NOTIC: [8192] mysql_connect(): The mysql extension is deprecated and will be removed in the future: use mysqli or PDO instead E:\Application case\wamp\www\myblog\ThinkPHP\Lib\Driver\Db\DbMysql.class.php 第 55 行.
SQL: SHOW COLUMNS FROM `my_blog` [ RunTime:0.009954s ]
SQL: DELETE FROM `my_blog` WHERE ( `b_id` IN ('18','') ) [ RunTime:0.000903s ]

[ 2017-11-21T19:18:28+08:00 ] ERR: (ThinkException) 非法操作:kindeditor
[ 2017-11-21T19:18:38+08:00 ] 0.0.0.0 /myblog/index.php/Myback/blogdelall
INFO: [ app_begin ] --START--
INFO: Run ReadHtmlCache Behavior [ RunTime:0.002305s ]
INFO: [ app_begin ] --END-- [ RunTime:0.002869s ]
NOTIC: [8192] mysql_connect(): The mysql extension is deprecated and will be removed in the future: use mysqli or PDO instead E:\Application case\wamp\www\myblog\ThinkPHP\Lib\Driver\Db\DbMysql.class.php 第 55 行.
SQL: SHOW COLUMNS FROM `my_blog` [ RunTime:0.010306s ]
SQL: DELETE FROM `my_blog` WHERE ( `b_id` IN ('17','') ) [ RunTime:0.001058s ]

[ 2017-11-21T19:18:42+08:00 ] ERR: (ThinkException) 非法操作:kindeditor
[ 2017-11-21T19:19:52+08:00 ] ERR: (ThinkException) 非法操作:kindeditor
[ 2017-11-21T19:20:08+08:00 ] ERR: (ThinkException) 非法操作:kindeditor
[ 2017-11-21T19:20:23+08:00 ] ERR: (ThinkException) 非法操作:kindeditor
[ 2017-11-21T19:20:40+08:00 ] ERR: (ThinkException) 非法操作:kindeditor
[ 2017-11-21T19:21:08+08:00 ] ERR: (ThinkException) 非法操作:kindeditor
[ 2017-11-21T19:22:19+08:00 ] ERR: (ThinkException) 非法操作:kindeditor
[ 2017-11-21T19:22:47+08:00 ] ERR: (ThinkException) 非法操作:kindeditor
[ 2017-11-21T19:22:51+08:00 ] 0.0.0.0 /myblog/index.php/Myback/blogupdate
INFO: [ app_begin ] --START--
INFO: Run ReadHtmlCache Behavior [ RunTime:0.001991s ]
INFO: [ app_begin ] --END-- [ RunTime:0.002540s ]
NOTIC: [8192] mysql_connect(): The mysql extension is deprecated and will be removed in the future: use mysqli or PDO instead E:\Application case\wamp\www\myblog\ThinkPHP\Lib\Driver\Db\DbMysql.class.php 第 55 行.
SQL: SHOW COLUMNS FROM `my_blog` [ RunTime:0.013800s ]
SQL: UPDATE `my_blog` SET `b_title`='',`c_id`=65 WHERE ( `b_id` = 0 ) [ RunTime:0.001053s ]

[ 2017-11-21T19:22:52+08:00 ] ERR: (ThinkException) 非法操作:kindeditor
[ 2017-11-21T19:23:52+08:00 ] ERR: (ThinkException) 非法操作:kindeditor
[ 2017-11-21T19:23:58+08:00 ] 0.0.0.0 /myblog/index.php/Myback/blogupdate
INFO: [ app_begin ] --START--
INFO: Run ReadHtmlCache Behavior [ RunTime:0.002103s ]
INFO: [ app_begin ] --END-- [ RunTime:0.002714s ]
NOTIC: [8192] mysql_connect(): The mysql extension is deprecated and will be removed in the future: use mysqli or PDO instead E:\Application case\wamp\www\myblog\ThinkPHP\Lib\Driver\Db\DbMysql.class.php 第 55 行.
SQL: SHOW COLUMNS FROM `my_blog` [ RunTime:0.013098s ]
SQL: UPDATE `my_blog` SET `b_title`='',`c_id`=73 WHERE ( `b_id` = 0 ) [ RunTime:0.001122s ]

[ 2017-11-21T19:23:59+08:00 ] ERR: (ThinkException) 非法操作:kindeditor
[ 2017-11-21T19:24:07+08:00 ] 0.0.0.0 /myblog/index.php/Myback/blogupdate
INFO: [ app_begin ] --START--
INFO: Run ReadHtmlCache Behavior [ RunTime:0.003467s ]
INFO: [ app_begin ] --END-- [ RunTime:0.004560s ]
NOTIC: [8192] mysql_connect(): The mysql extension is deprecated and will be removed in the future: use mysqli or PDO instead E:\Application case\wamp\www\myblog\ThinkPHP\Lib\Driver\Db\DbMysql.class.php 第 55 行.
SQL: SHOW COLUMNS FROM `my_blog` [ RunTime:0.013805s ]
SQL: UPDATE `my_blog` SET `b_title`='柔柔弱弱',`c_id`=65 WHERE ( `b_id` = 0 ) [ RunTime:0.000654s ]

[ 2017-11-21T19:24:08+08:00 ] ERR: (ThinkException) 非法操作:kindeditor
[ 2017-11-21T19:24:12+08:00 ] ERR: (ThinkException) 非法操作:kindeditor
[ 2017-11-21T19:24:19+08:00 ] 0.0.0.0 /myblog/index.php/Myback/blogupdate
INFO: [ app_begin ] --START--
INFO: Run ReadHtmlCache Behavior [ RunTime:0.005018s ]
INFO: [ app_begin ] --END-- [ RunTime:0.005606s ]
NOTIC: [8192] mysql_connect(): The mysql extension is deprecated and will be removed in the future: use mysqli or PDO instead E:\Application case\wamp\www\myblog\ThinkPHP\Lib\Driver\Db\DbMysql.class.php 第 55 行.
SQL: SHOW COLUMNS FROM `my_blog` [ RunTime:0.010774s ]
SQL: UPDATE `my_blog` SET `b_title`='的地方官府的',`c_id`=65 WHERE ( `b_id` = 0 ) [ RunTime:0.000607s ]

[ 2017-11-21T19:24:20+08:00 ] ERR: (ThinkException) 非法操作:kindeditor
[ 2017-11-21T19:25:19+08:00 ] ERR: (ThinkException) 非法操作:kindeditor
[ 2017-11-21T19:25:24+08:00 ] 0.0.0.0 /myblog/index.php/Myback/blogupdate
INFO: [ app_begin ] --START--
INFO: Run ReadHtmlCache Behavior [ RunTime:0.002614s ]
INFO: [ app_begin ] --END-- [ RunTime:0.003397s ]
NOTIC: [8192] mysql_connect(): The mysql extension is deprecated and will be removed in the future: use mysqli or PDO instead E:\Application case\wamp\www\myblog\ThinkPHP\Lib\Driver\Db\DbMysql.class.php 第 55 行.
SQL: SHOW COLUMNS FROM `my_blog` [ RunTime:0.011099s ]
SQL: UPDATE `my_blog` SET `b_title`='',`c_id`=65 WHERE ( `b_id` = 0 ) [ RunTime:0.000673s ]

[ 2017-11-21T19:25:25+08:00 ] ERR: (ThinkException) 非法操作:kindeditor
[ 2017-11-21T19:28:22+08:00 ] ERR: (ThinkException) 非法操作:kindeditor
[ 2017-11-21T19:28:30+08:00 ] 0.0.0.0 /myblog/index.php/Myback/blogdel
INFO: [ app_begin ] --START--
INFO: Run ReadHtmlCache Behavior [ RunTime:0.002855s ]
INFO: [ app_begin ] --END-- [ RunTime:0.003391s ]
NOTIC: [8192] mysql_connect(): The mysql extension is deprecated and will be removed in the future: use mysqli or PDO instead E:\Application case\wamp\www\myblog\ThinkPHP\Lib\Driver\Db\DbMysql.class.php 第 55 行.
SQL: SHOW COLUMNS FROM `my_blog` [ RunTime:0.008888s ]
SQL: DELETE FROM `my_blog` WHERE ( b_id=19 ) [ RunTime:0.000986s ]

[ 2017-11-21T19:28:32+08:00 ] ERR: (ThinkException) 非法操作:kindeditor
[ 2017-11-21T19:30:01+08:00 ] ERR: (ThinkException) 非法操作:kindeditor
[ 2017-11-21T19:33:34+08:00 ] ERR: (ThinkException) 非法操作:kindeditor
[ 2017-11-21T19:33:37+08:00 ] 0.0.0.0 /myblog/index.php/Myback/blogupdate
INFO: [ app_begin ] --START--
INFO: Run ReadHtmlCache Behavior [ RunTime:0.002234s ]
INFO: [ app_begin ] --END-- [ RunTime:0.003049s ]
NOTIC: [8192] mysql_connect(): The mysql extension is deprecated and will be removed in the future: use mysqli or PDO instead E:\Application case\wamp\www\myblog\ThinkPHP\Lib\Driver\Db\DbMysql.class.php 第 55 行.
SQL: SHOW COLUMNS FROM `my_blog` [ RunTime:0.014532s ]
SQL: UPDATE `my_blog` SET `b_title`='',`c_id`=65 WHERE ( `b_id` = 0 ) [ RunTime:0.000732s ]

[ 2017-11-21T19:33:38+08:00 ] ERR: (ThinkException) 非法操作:kindeditor
[ 2017-11-21T19:38:38+08:00 ] ERR: (ThinkException) 非法操作:kindeditor
[ 2017-11-21T19:38:42+08:00 ] 0.0.0.0 /myblog/index.php/Myback/blogupdate
INFO: [ app_begin ] --START--
INFO: Run ReadHtmlCache Behavior [ RunTime:0.002146s ]
INFO: [ app_begin ] --END-- [ RunTime:0.002739s ]
NOTIC: [8192] mysql_connect(): The mysql extension is deprecated and will be removed in the future: use mysqli or PDO instead E:\Application case\wamp\www\myblog\ThinkPHP\Lib\Driver\Db\DbMysql.class.php 第 55 行.
SQL: SHOW COLUMNS FROM `my_blog` [ RunTime:0.010087s ]
SQL: UPDATE `my_blog` SET `b_title`='',`c_id`=65 WHERE ( `b_id` = 0 ) [ RunTime:0.000611s ]

[ 2017-11-21T19:38:43+08:00 ] ERR: (ThinkException) 非法操作:kindeditor
[ 2017-11-21T19:40:21+08:00 ] ERR: (ThinkException) 非法操作:kindeditor
[ 2017-11-21T19:41:02+08:00 ] 0.0.0.0 /myblog/index.php/Myback/blogdelall
INFO: [ app_begin ] --START--
INFO: Run ReadHtmlCache Behavior [ RunTime:0.002218s ]
INFO: [ app_begin ] --END-- [ RunTime:0.002784s ]
NOTIC: [8192] mysql_connect(): The mysql extension is deprecated and will be removed in the future: use mysqli or PDO instead E:\Application case\wamp\www\myblog\ThinkPHP\Lib\Driver\Db\DbMysql.class.php 第 55 行.
SQL: SHOW COLUMNS FROM `my_blog` [ RunTime:0.010351s ]
SQL: DELETE FROM `my_blog` WHERE ( `b_id` IN ('21','') ) [ RunTime:0.001351s ]

[ 2017-11-21T19:41:04+08:00 ] ERR: (ThinkException) 非法操作:kindeditor
[ 2017-11-21T19:41:42+08:00 ] 0.0.0.0 /myblog/index.php/Myback/blogdel
INFO: [ app_begin ] --START--
INFO: Run ReadHtmlCache Behavior [ RunTime:0.002170s ]
INFO: [ app_begin ] --END-- [ RunTime:0.002744s ]
NOTIC: [8192] mysql_connect(): The mysql extension is deprecated and will be removed in the future: use mysqli or PDO instead E:\Application case\wamp\www\myblog\ThinkPHP\Lib\Driver\Db\DbMysql.class.php 第 55 行.
SQL: SHOW COLUMNS FROM `my_blog` [ RunTime:0.009646s ]
SQL: DELETE FROM `my_blog` WHERE ( b_id=20 ) [ RunTime:0.000806s ]

[ 2017-11-21T19:41:44+08:00 ] ERR: (ThinkException) 非法操作:kindeditor
[ 2017-11-21T19:42:00+08:00 ] ERR: (ThinkException) 非法操作:kindeditor
[ 2017-11-21T19:42:12+08:00 ] ERR: (ThinkException) 非法操作:kindeditor
[ 2017-11-21T19:43:17+08:00 ] ERR: (ThinkException) 非法操作:kindeditor
[ 2017-11-21T19:43:34+08:00 ] ERR: (ThinkException) 非法操作:kindeditor
[ 2017-11-21T19:43:49+08:00 ] 0.0.0.0 /myblog/index.php/Myback/blogupdate
INFO: [ app_begin ] --START--
INFO: Run ReadHtmlCache Behavior [ RunTime:0.002397s ]
INFO: [ app_begin ] --END-- [ RunTime:0.002977s ]
NOTIC: [8192] mysql_connect(): The mysql extension is deprecated and will be removed in the future: use mysqli or PDO instead E:\Application case\wamp\www\myblog\ThinkPHP\Lib\Driver\Db\DbMysql.class.php 第 55 行.
SQL: SHOW COLUMNS FROM `my_blog` [ RunTime:0.010210s ]
SQL: UPDATE `my_blog` SET `b_title`='55665644方法5655',`c_id`=65 WHERE ( `b_id` = 22 ) [ RunTime:0.000726s ]

[ 2017-11-21T19:43:50+08:00 ] ERR: (ThinkException) 非法操作:kindeditor
[ 2017-11-21T19:44:46+08:00 ] ERR: (ThinkException) 非法操作:kindeditor
[ 2017-11-21T19:45:28+08:00 ] ERR: (ThinkException) 非法操作:kindeditor
[ 2017-11-21T19:45:51+08:00 ] ERR: (ThinkException) 非法操作:kindeditor
[ 2017-11-21T19:46:11+08:00 ] ERR: (ThinkException) 非法操作:kindeditor
[ 2017-11-21T19:46:51+08:00 ] ERR: (ThinkException) 非法操作:kindeditor
[ 2017-11-21T19:46:54+08:00 ] 0.0.0.0 /myblog/index.php/Myback/blogupdate
INFO: [ app_begin ] --START--
INFO: Run ReadHtmlCache Behavior [ RunTime:0.002182s ]
INFO: [ app_begin ] --END-- [ RunTime:0.002928s ]
NOTIC: [8192] mysql_connect(): The mysql extension is deprecated and will be removed in the future: use mysqli or PDO instead E:\Application case\wamp\www\myblog\ThinkPHP\Lib\Driver\Db\DbMysql.class.php 第 55 行.
SQL: SHOW COLUMNS FROM `my_blog` [ RunTime:0.008374s ]
SQL: UPDATE `my_blog` SET `b_title`='',`c_id`=65 WHERE ( `b_id` = 0 ) [ RunTime:0.000604s ]

[ 2017-11-21T19:46:55+08:00 ] ERR: (ThinkException) 非法操作:kindeditor
[ 2017-11-21T19:47:16+08:00 ] ERR: (ThinkException) 非法操作:kindeditor
[ 2017-11-21T19:47:56+08:00 ] 0.0.0.0 /myblog/index.php/Myback/blogupdate
INFO: [ app_begin ] --START--
INFO: Run ReadHtmlCache Behavior [ RunTime:0.002007s ]
INFO: [ app_begin ] --END-- [ RunTime:0.002544s ]
NOTIC: [8192] mysql_connect(): The mysql extension is deprecated and will be removed in the future: use mysqli or PDO instead E:\Application case\wamp\www\myblog\ThinkPHP\Lib\Driver\Db\DbMysql.class.php 第 55 行.
SQL: SHOW COLUMNS FROM `my_blog` [ RunTime:0.010744s ]
SQL: UPDATE `my_blog` SET `b_title`='',`c_id`=65 WHERE ( `b_id` = 0 ) [ RunTime:0.000599s ]

[ 2017-11-21T19:47:57+08:00 ] ERR: (ThinkException) 非法操作:kindeditor
[ 2017-11-21T19:48:49+08:00 ] ERR: (ThinkException) 非法操作:kindeditor
[ 2017-11-21T19:49:07+08:00 ] ERR: (ThinkException) 非法操作:kindeditor
[ 2017-11-21T19:49:12+08:00 ] 0.0.0.0 /myblog/index.php/Myback/blogupdate
INFO: [ app_begin ] --START--
INFO: Run ReadHtmlCache Behavior [ RunTime:0.002829s ]
INFO: [ app_begin ] --END-- [ RunTime:0.003519s ]
NOTIC: [8192] mysql_connect(): The mysql extension is deprecated and will be removed in the future: use mysqli or PDO instead E:\Application case\wamp\www\myblog\ThinkPHP\Lib\Driver\Db\DbMysql.class.php 第 55 行.
SQL: SHOW COLUMNS FROM `my_blog` [ RunTime:0.009801s ]
SQL: UPDATE `my_blog` SET `b_title`='',`c_id`=65 WHERE ( `b_id` = 0 ) [ RunTime:0.000803s ]

[ 2017-11-21T19:49:13+08:00 ] ERR: (ThinkException) 非法操作:kindeditor
[ 2017-11-21T19:49:17+08:00 ] ERR: (ThinkException) 非法操作:kindeditor
[ 2017-11-21T19:49:23+08:00 ] ERR: (ThinkException) 非法操作:kindeditor
[ 2017-11-21T19:49:29+08:00 ] 0.0.0.0 /myblog/index.php/Myback/blogupdate
INFO: [ app_begin ] --START--
INFO: Run ReadHtmlCache Behavior [ RunTime:0.002208s ]
INFO: [ app_begin ] --END-- [ RunTime:0.002800s ]
NOTIC: [8192] mysql_connect(): The mysql extension is deprecated and will be removed in the future: use mysqli or PDO instead E:\Application case\wamp\www\myblog\ThinkPHP\Lib\Driver\Db\DbMysql.class.php 第 55 行.
SQL: SHOW COLUMNS FROM `my_blog` [ RunTime:0.010159s ]
SQL: UPDATE `my_blog` SET `b_title`='',`c_id`=65 WHERE ( `b_id` = 0 ) [ RunTime:0.000629s ]

[ 2017-11-21T19:49:30+08:00 ] ERR: (ThinkException) 非法操作:kindeditor
[ 2017-11-21T19:50:04+08:00 ] ERR: (ThinkException) 非法操作:kindeditor
[ 2017-11-21T19:50:09+08:00 ] 0.0.0.0 /myblog/index.php/Myback/blogupdate
INFO: [ app_begin ] --START--
INFO: Run ReadHtmlCache Behavior [ RunTime:0.003505s ]
INFO: [ app_begin ] --END-- [ RunTime:0.004195s ]
NOTIC: [8192] mysql_connect(): The mysql extension is deprecated and will be removed in the future: use mysqli or PDO instead E:\Application case\wamp\www\myblog\ThinkPHP\Lib\Driver\Db\DbMysql.class.php 第 55 行.
SQL: SHOW COLUMNS FROM `my_blog` [ RunTime:0.011463s ]
SQL: UPDATE `my_blog` SET `b_title`='',`c_id`=65 WHERE ( `b_id` = 0 ) [ RunTime:0.000656s ]

[ 2017-11-21T19:50:10+08:00 ] ERR: (ThinkException) 非法操作:kindeditor
[ 2017-11-21T19:50:18+08:00 ] 0.0.0.0 /myblog/index.php/Myback/blogupdate
INFO: [ app_begin ] --START--
INFO: Run ReadHtmlCache Behavior [ RunTime:0.003291s ]
INFO: [ app_begin ] --END-- [ RunTime:0.003951s ]
NOTIC: [8192] mysql_connect(): The mysql extension is deprecated and will be removed in the future: use mysqli or PDO instead E:\Application case\wamp\www\myblog\ThinkPHP\Lib\Driver\Db\DbMysql.class.php 第 55 行.
SQL: SHOW COLUMNS FROM `my_blog` [ RunTime:0.011512s ]
SQL: UPDATE `my_blog` SET `b_title`='反对反对',`c_id`=65 WHERE ( `b_id` = 0 ) [ RunTime:0.000580s ]

[ 2017-11-21T19:50:18+08:00 ] ERR: (ThinkException) 非法操作:kindeditor
[ 2017-11-21T19:51:51+08:00 ] ERR: (ThinkException) 非法操作:kindeditor
[ 2017-11-21T19:52:49+08:00 ] ERR: (ThinkException) 非法操作:kindeditor
[ 2017-11-21T20:06:10+08:00 ] ERR: (ThinkException) 非法操作:kindeditor
[ 2017-11-21T20:07:33+08:00 ] ERR: (ThinkException) 非法操作:kindeditor
[ 2017-11-21T20:09:07+08:00 ] ERR: (ThinkException) 非法操作:kindeditor
[ 2017-11-21T20:10:30+08:00 ] ERR: (ThinkException) 非法操作:kindeditor
[ 2017-11-21T20:11:35+08:00 ] ERR: (ThinkException) 非法操作:kindeditor
[ 2017-11-21T20:13:47+08:00 ] ERR: (ThinkException) 非法操作:kindeditor
[ 2017-11-21T20:13:54+08:00 ] ERR: (ThinkException) 非法操作:kindeditor
[ 2017-11-21T20:14:56+08:00 ] ERR: (ThinkException) 非法操作:kindeditor
[ 2017-11-21T20:15:01+08:00 ] ERR: (ThinkException) 非法操作:kindeditor
[ 2017-11-21T20:16:56+08:00 ] ERR: (ThinkException) 非法操作:kindeditor
[ 2017-11-21T20:16:59+08:00 ] ERR: (ThinkException) 非法操作:kindeditor
[ 2017-11-21T20:17:40+08:00 ] ERR: (ThinkException) 非法操作:kindeditor
[ 2017-11-21T20:17:49+08:00 ] 0.0.0.0 /myblog/index.php/Myback/blogupdate
INFO: [ app_begin ] --START--
INFO: Run ReadHtmlCache Behavior [ RunTime:0.002181s ]
INFO: [ app_begin ] --END-- [ RunTime:0.002756s ]
NOTIC: [8192] mysql_connect(): The mysql extension is deprecated and will be removed in the future: use mysqli or PDO instead E:\Application case\wamp\www\myblog\ThinkPHP\Lib\Driver\Db\DbMysql.class.php 第 55 行.
SQL: SHOW COLUMNS FROM `my_blog` [ RunTime:0.010266s ]
SQL: UPDATE `my_blog` SET `b_title`='非官方大哥近几年',`c_id`=66 WHERE ( `b_id` = 23 ) [ RunTime:0.000946s ]

[ 2017-11-21T20:17:49+08:00 ] ERR: (ThinkException) 非法操作:kindeditor
[ 2017-11-21T20:18:04+08:00 ] ERR: (ThinkException) 非法操作:kindeditor
[ 2017-11-21T20:18:33+08:00 ] ERR: (ThinkException) 非法操作:kindeditor
[ 2017-11-21T20:21:08+08:00 ] ERR: (ThinkException) 非法操作:kindeditor
[ 2017-11-21T20:21:27+08:00 ] 0.0.0.0 /myblog/index.php/Myback/blogupdate
INFO: [ app_begin ] --START--
INFO: Run ReadHtmlCache Behavior [ RunTime:0.003025s ]
INFO: [ app_begin ] --END-- [ RunTime:0.003631s ]
NOTIC: [8192] mysql_connect(): The mysql extension is deprecated and will be removed in the future: use mysqli or PDO instead E:\Application case\wamp\www\myblog\ThinkPHP\Lib\Driver\Db\DbMysql.class.php 第 55 行.
SQL: SHOW COLUMNS FROM `my_blog` [ RunTime:0.011188s ]
SQL: UPDATE `my_blog` SET `b_title`='55665644方法5655厄尔',`c_id`=66 WHERE ( `b_id` = 22 ) [ RunTime:0.000813s ]

[ 2017-11-21T20:21:28+08:00 ] ERR: (ThinkException) 非法操作:kindeditor
[ 2017-11-21T20:22:09+08:00 ] ERR: (ThinkException) 非法操作:kindeditor
[ 2017-11-21T20:22:16+08:00 ] 0.0.0.0 /myblog/index.php/Myback/blogupdate
INFO: [ app_begin ] --START--
INFO: Run ReadHtmlCache Behavior [ RunTime:0.005288s ]
INFO: [ app_begin ] --END-- [ RunTime:0.005949s ]
NOTIC: [8192] mysql_connect(): The mysql extension is deprecated and will be removed in the future: use mysqli or PDO instead E:\Application case\wamp\www\myblog\ThinkPHP\Lib\Driver\Db\DbMysql.class.php 第 55 行.
SQL: SHOW COLUMNS FROM `my_blog` [ RunTime:0.009294s ]
SQL: UPDATE `my_blog` SET `b_title`='55665644方法5655厄尔',`c_id`=73 WHERE ( `b_id` = 22 ) [ RunTime:0.001501s ]

[ 2017-11-21T20:22:17+08:00 ] ERR: (ThinkException) 非法操作:kindeditor
[ 2017-11-21T20:22:29+08:00 ] 0.0.0.0 /myblog/index.php/Myback/blogdelall
INFO: [ app_begin ] --START--
INFO: Run ReadHtmlCache Behavior [ RunTime:0.002436s ]
INFO: [ app_begin ] --END-- [ RunTime:0.002997s ]
NOTIC: [8192] mysql_connect(): The mysql extension is deprecated and will be removed in the future: use mysqli or PDO instead E:\Application case\wamp\www\myblog\ThinkPHP\Lib\Driver\Db\DbMysql.class.php 第 55 行.
SQL: SHOW COLUMNS FROM `my_blog` [ RunTime:0.010263s ]
SQL: DELETE FROM `my_blog` WHERE ( `b_id` IN ('22','') ) [ RunTime:0.000770s ]

[ 2017-11-21T20:22:31+08:00 ] ERR: (ThinkException) 非法操作:kindeditor
[ 2017-11-21T20:22:35+08:00 ] 0.0.0.0 /myblog/index.php/Myback/blogdel
INFO: [ app_begin ] --START--
INFO: Run ReadHtmlCache Behavior [ RunTime:0.001939s ]
INFO: [ app_begin ] --END-- [ RunTime:0.002477s ]
NOTIC: [8192] mysql_connect(): The mysql extension is deprecated and will be removed in the future: use mysqli or PDO instead E:\Application case\wamp\www\myblog\ThinkPHP\Lib\Driver\Db\DbMysql.class.php 第 55 行.
SQL: SHOW COLUMNS FROM `my_blog` [ RunTime:0.009179s ]
SQL: DELETE FROM `my_blog` WHERE ( b_id=23 ) [ RunTime:0.000769s ]

[ 2017-11-21T20:22:37+08:00 ] ERR: (ThinkException) 非法操作:kindeditor
[ 2017-11-21T20:22:48+08:00 ] ERR: (ThinkException) 非法操作:kindeditor
[ 2017-11-21T20:22:59+08:00 ] ERR: (ThinkException) 非法操作:kindeditor
[ 2017-11-21T21:32:26+08:00 ] ERR: (ThinkException) 非法操作:kindeditor
[ 2017-11-21T21:39:03+08:00 ] ERR: (ThinkException) 非法操作:kindeditor
[ 2017-11-21T21:47:39+08:00 ] ERR: (ThinkException) 非法操作:kindeditor
[ 2017-11-21T21:49:03+08:00 ] ERR: (ThinkException) 非法操作:kindeditor
[ 2017-11-21T21:49:05+08:00 ] ERR: (ThinkException) 非法操作:kindeditor
[ 2017-11-21T21:49:07+08:00 ] ERR: (ThinkException) 非法操作:index
[ 2017-11-21T21:49:36+08:00 ] ERR: (ThinkException) 非法操作:kindeditor
[ 2017-11-21T21:53:38+08:00 ] ERR: (ThinkException) 非法操作:index
[ 2017-11-21T21:59:02+08:00 ] ERR: (ThinkException) 非法操作:kindeditor
[ 2017-11-21T21:59:03+08:00 ] ERR: (ThinkException) 非法操作:Index
[ 2017-11-21T22:12:13+08:00 ] ERR: (ThinkException) 非法操作:kindeditor
[ 2017-11-21T22:15:40+08:00 ] ERR: (ThinkException) 非法操作:back
[ 2017-11-21T22:16:01+08:00 ] ERR: (ThinkException) 非法操作:kindeditor
[ 2017-11-21T22:16:04+08:00 ] ERR: (ThinkException) 非法操作:kindeditor
[ 2017-11-21T22:17:27+08:00 ] ERR: (ThinkException) 非法操作:kindeditor
[ 2017-11-21T22:20:25+08:00 ] ERR: (ThinkException) 非法操作:kindeditor
[ 2017-11-21T22:59:13+08:00 ] ERR: (ThinkException) 非法操作:kindeditor
[ 2017-11-21T23:01:47+08:00 ] ERR: (ThinkException) 非法操作:kindeditor
