[ 2017-11-24T08:32:06+08:00 ] ERR: (ThinkException) 非法操作:kindeditor
[ 2017-11-24T08:37:17+08:00 ] ERR: (ThinkException) 非法操作:kindeditor
[ 2017-11-24T08:37:56+08:00 ] ERR: (ThinkException) 非法操作:kindeditor
[ 2017-11-24T08:38:34+08:00 ] ERR: (ThinkException) 非法操作:kindeditor
[ 2017-11-24T09:04:50+08:00 ] ERR: (ThinkException) 非法操作:kindeditor
[ 2017-11-24T09:06:09+08:00 ] ERR: (ThinkException) 非法操作:kindeditor
[ 2017-11-24T09:10:17+08:00 ] ERR: (ThinkException) 非法操作:kindeditor
[ 2017-11-24T09:10:27+08:00 ] 0.0.0.0 /myblog/index.php/Myback/blogpinglunkey
INFO: [ app_begin ] --START--
INFO: Run ReadHtmlCache Behavior [ RunTime:0.002655s ]
INFO: [ app_begin ] --END-- [ RunTime:0.003178s ]
NOTIC: [8192] mysql_connect(): The mysql extension is deprecated and will be removed in the future: use mysqli or PDO instead E:\Application case\wamp\www\myblog\ThinkPHP\Lib\Driver\Db\DbMysql.class.php 第 55 行.
SQL: SHOW COLUMNS FROM `my_pinglun` [ RunTime:0.008345s ]
NOTIC: [8] Undefined index: blogpinglunkey E:\Application case\wamp\www\myblog\Home\Lib\Action\MybackAction.class.php 第 113 行.

[ 2017-11-24T09:11:07+08:00 ] ERR: (ThinkException) 非法操作:kindeditor
[ 2017-11-24T09:11:12+08:00 ] 0.0.0.0 /myblog/index.php/Myback/blogpinglunkey
INFO: [ app_begin ] --START--
INFO: Run ReadHtmlCache Behavior [ RunTime:0.003562s ]
INFO: [ app_begin ] --END-- [ RunTime:0.004143s ]
NOTIC: [8192] mysql_connect(): The mysql extension is deprecated and will be removed in the future: use mysqli or PDO instead E:\Application case\wamp\www\myblog\ThinkPHP\Lib\Driver\Db\DbMysql.class.php 第 55 行.
SQL: SHOW COLUMNS FROM `my_pinglun` [ RunTime:0.007916s ]

[ 2017-11-24T09:12:29+08:00 ] ERR: (ThinkException) 非法操作:kindeditor
[ 2017-11-24T09:13:35+08:00 ] ERR: (ThinkException) 非法操作:kindeditor
[ 2017-11-24T09:30:38+08:00 ] ERR: (ThinkException) 非法操作:kindeditor
[ 2017-11-24T09:32:12+08:00 ] ERR: (ThinkException) 非法操作:kindeditor
[ 2017-11-24T09:33:16+08:00 ] ERR: (ThinkException) 非法操作:kindeditor
[ 2017-11-24T09:34:08+08:00 ] ERR: (ThinkException) 非法操作:kindeditor
[ 2017-11-24T09:34:19+08:00 ] ERR: (ThinkException) 非法操作:kindeditor
[ 2017-11-24T09:37:58+08:00 ] ERR: (ThinkException) 非法操作:kindeditor
[ 2017-11-24T09:39:04+08:00 ] ERR: (ThinkException) 非法操作:kindeditor
[ 2017-11-24T09:39:33+08:00 ] ERR: (ThinkException) 非法操作:kindeditor
[ 2017-11-24T09:44:25+08:00 ] ERR: (ThinkException) 非法操作:kindeditor
[ 2017-11-24T09:45:15+08:00 ] ERR: (ThinkException) 非法操作:kindeditor
[ 2017-11-24T09:47:20+08:00 ] ERR: (ThinkException) 非法操作:kindeditor
[ 2017-11-24T10:22:39+08:00 ] ERR: (ThinkException) 非法操作:kindeditor
[ 2017-11-24T10:23:41+08:00 ] ERR: (ThinkException) 非法操作:kindeditor
[ 2017-11-24T10:24:48+08:00 ] ERR: (ThinkException) 非法操作:kindeditor
[ 2017-11-24T10:26:54+08:00 ] ERR: (ThinkException) 非法操作:kindeditor
[ 2017-11-24T10:29:11+08:00 ] ERR: (ThinkException) 非法操作:kindeditor
[ 2017-11-24T10:30:16+08:00 ] ERR: (ThinkException) 非法操作:kindeditor
[ 2017-11-24T10:32:18+08:00 ] ERR: (ThinkException) 非法操作:kindeditor
[ 2017-11-24T10:33:53+08:00 ] ERR: (ThinkException) 非法操作:kindeditor
[ 2017-11-24T10:34:42+08:00 ] ERR: (ThinkException) 非法操作:kindeditor
[ 2017-11-24T10:35:28+08:00 ] ERR: (ThinkException) 非法操作:kindeditor
[ 2017-11-24T10:35:42+08:00 ] ERR: (ThinkException) 非法操作:kindeditor
[ 2017-11-24T10:38:05+08:00 ] ERR: (ThinkException) 非法操作:kindeditor
[ 2017-11-24T10:38:42+08:00 ] ERR: (ThinkException) 非法操作:kindeditor
[ 2017-11-24T10:39:09+08:00 ] ERR: (ThinkException) 非法操作:kindeditor
[ 2017-11-24T10:39:32+08:00 ] ERR: (ThinkException) 非法操作:kindeditor
[ 2017-11-24T10:39:52+08:00 ] ERR: (ThinkException) 非法操作:kindeditor
[ 2017-11-24T10:43:14+08:00 ] ERR: (ThinkException) 非法操作:kindeditor
[ 2017-11-24T10:58:36+08:00 ] ERR: (ThinkException) 非法操作:kindeditor
[ 2017-11-24T10:59:02+08:00 ] ERR: (ThinkException) 非法操作:kindeditor
[ 2017-11-24T10:59:37+08:00 ] ERR: (ThinkException) 非法操作:kindeditor
[ 2017-11-24T11:11:08+08:00 ] ERR: (ThinkException) 非法操作:kindeditor
[ 2017-11-24T11:13:00+08:00 ] ERR: (ThinkException) 非法操作:kindeditor
[ 2017-11-24T11:26:57+08:00 ] ERR: (ThinkException) 非法操作:kindeditor
[ 2017-11-24T13:24:18+08:00 ] ERR: (ThinkException) 非法操作:kindeditor
[ 2017-11-24T13:24:26+08:00 ] 0.0.0.0 /myblog/index.php/Myback/p_zhuangtai
INFO: [ app_begin ] --START--
INFO: Run ReadHtmlCache Behavior [ RunTime:0.002959s ]
INFO: [ app_begin ] --END-- [ RunTime:0.003826s ]
NOTIC: [8192] mysql_connect(): The mysql extension is deprecated and will be removed in the future: use mysqli or PDO instead E:\Application case\wamp\www\myblog\ThinkPHP\Lib\Driver\Db\DbMysql.class.php 第 55 行.
SQL: SHOW COLUMNS FROM `my_pinglun` [ RunTime:0.008607s ]
SQL: UPDATE `my_pinglun` SET `p_zhuangtai`=1 WHERE ( `p_id` = 2 ) [ RunTime:0.000825s ]

[ 2017-11-24T13:24:26+08:00 ] 0.0.0.0 /myblog/index.php/Myback/p_zhuangtai
INFO: [ app_begin ] --START--
INFO: Run ReadHtmlCache Behavior [ RunTime:0.003210s ]
INFO: [ app_begin ] --END-- [ RunTime:0.003836s ]
NOTIC: [8192] mysql_connect(): The mysql extension is deprecated and will be removed in the future: use mysqli or PDO instead E:\Application case\wamp\www\myblog\ThinkPHP\Lib\Driver\Db\DbMysql.class.php 第 55 行.
SQL: SHOW COLUMNS FROM `my_pinglun` [ RunTime:0.009882s ]
SQL: UPDATE `my_pinglun` SET `p_zhuangtai`=0 WHERE ( `p_id` = 2 ) [ RunTime:0.001018s ]

[ 2017-11-24T13:33:18+08:00 ] ERR: (ThinkException) 非法操作:kindeditor
[ 2017-11-24T13:33:29+08:00 ] 0.0.0.0 /myblog/index.php/Myback/p_zhuangtai
INFO: [ app_begin ] --START--
INFO: Run ReadHtmlCache Behavior [ RunTime:0.002789s ]
INFO: [ app_begin ] --END-- [ RunTime:0.003341s ]
NOTIC: [8192] mysql_connect(): The mysql extension is deprecated and will be removed in the future: use mysqli or PDO instead E:\Application case\wamp\www\myblog\ThinkPHP\Lib\Driver\Db\DbMysql.class.php 第 55 行.
SQL: SHOW COLUMNS FROM `my_pinglun` [ RunTime:0.008920s ]
SQL: UPDATE `my_pinglun` SET `p_zhuangtai`=1 WHERE ( `p_id` = 2 ) [ RunTime:0.000875s ]

[ 2017-11-24T13:33:30+08:00 ] 0.0.0.0 /myblog/index.php/Myback/p_zhuangtai
INFO: [ app_begin ] --START--
INFO: Run ReadHtmlCache Behavior [ RunTime:0.003405s ]
INFO: [ app_begin ] --END-- [ RunTime:0.003996s ]
NOTIC: [8192] mysql_connect(): The mysql extension is deprecated and will be removed in the future: use mysqli or PDO instead E:\Application case\wamp\www\myblog\ThinkPHP\Lib\Driver\Db\DbMysql.class.php 第 55 行.
SQL: SHOW COLUMNS FROM `my_pinglun` [ RunTime:0.009859s ]
SQL: UPDATE `my_pinglun` SET `p_zhuangtai`=0 WHERE ( `p_id` = 2 ) [ RunTime:0.000805s ]

[ 2017-11-24T13:33:35+08:00 ] ERR: (ThinkException) 非法操作:kindeditor
[ 2017-11-24T13:39:52+08:00 ] ERR: (ThinkException) 非法操作:kindeditor
[ 2017-11-24T13:44:43+08:00 ] ERR: (ThinkException) 非法操作:kindeditor
[ 2017-11-24T13:47:37+08:00 ] ERR: (ThinkException) 非法操作:kindeditor
[ 2017-11-24T13:51:26+08:00 ] ERR: (ThinkException) 非法操作:kindeditor
[ 2017-11-24T13:51:38+08:00 ] ERR: (ThinkException) 非法操作:kindeditor
[ 2017-11-24T13:52:15+08:00 ] ERR: (ThinkException) 非法操作:kindeditor
[ 2017-11-24T13:52:17+08:00 ] 0.0.0.0 /myblog/index.php/Myback/p_zhuangtai
INFO: [ app_begin ] --START--
INFO: Run ReadHtmlCache Behavior [ RunTime:0.003751s ]
INFO: [ app_begin ] --END-- [ RunTime:0.004465s ]
NOTIC: [8192] mysql_connect(): The mysql extension is deprecated and will be removed in the future: use mysqli or PDO instead E:\Application case\wamp\www\myblog\ThinkPHP\Lib\Driver\Db\DbMysql.class.php 第 55 行.
SQL: SHOW COLUMNS FROM `my_pinglun` [ RunTime:0.009279s ]
SQL: UPDATE `my_pinglun` SET `p_zhuangtai`=1 WHERE ( `p_id` = 2 ) [ RunTime:0.000836s ]

[ 2017-11-24T13:52:18+08:00 ] 0.0.0.0 /myblog/index.php/Myback/p_zhuangtai
INFO: [ app_begin ] --START--
INFO: Run ReadHtmlCache Behavior [ RunTime:0.002779s ]
INFO: [ app_begin ] --END-- [ RunTime:0.003343s ]
NOTIC: [8192] mysql_connect(): The mysql extension is deprecated and will be removed in the future: use mysqli or PDO instead E:\Application case\wamp\www\myblog\ThinkPHP\Lib\Driver\Db\DbMysql.class.php 第 55 行.
SQL: SHOW COLUMNS FROM `my_pinglun` [ RunTime:0.008911s ]
SQL: UPDATE `my_pinglun` SET `p_zhuangtai`=0 WHERE ( `p_id` = 2 ) [ RunTime:0.001046s ]

[ 2017-11-24T13:52:23+08:00 ] 0.0.0.0 /myblog/index.php/Myback/p_zhuangtai
INFO: [ app_begin ] --START--
INFO: Run ReadHtmlCache Behavior [ RunTime:0.004376s ]
INFO: [ app_begin ] --END-- [ RunTime:0.004990s ]
NOTIC: [8192] mysql_connect(): The mysql extension is deprecated and will be removed in the future: use mysqli or PDO instead E:\Application case\wamp\www\myblog\ThinkPHP\Lib\Driver\Db\DbMysql.class.php 第 55 行.
SQL: SHOW COLUMNS FROM `my_pinglun` [ RunTime:0.008897s ]
SQL: UPDATE `my_pinglun` SET `p_zhuangtai`=1 WHERE ( `p_id` = 2 ) [ RunTime:0.000814s ]

[ 2017-11-24T13:54:59+08:00 ] ERR: (ThinkException) 非法操作:kindeditor
[ 2017-11-24T14:02:43+08:00 ] ERR: (ThinkException) 非法操作:kindeditor
[ 2017-11-24T14:03:02+08:00 ] ERR: (ThinkException) 非法操作:kindeditor
[ 2017-11-24T14:03:22+08:00 ] ERR: (ThinkException) 非法操作:kindeditor
[ 2017-11-24T14:07:34+08:00 ] ERR: (ThinkException) 非法操作:kindeditor
[ 2017-11-24T14:08:46+08:00 ] 0.0.0.0 /myblog/index.php/Myback/p_zhuangtai
INFO: [ app_begin ] --START--
INFO: Run ReadHtmlCache Behavior [ RunTime:0.002667s ]
INFO: [ app_begin ] --END-- [ RunTime:0.003203s ]
NOTIC: [8192] mysql_connect(): The mysql extension is deprecated and will be removed in the future: use mysqli or PDO instead E:\Application case\wamp\www\myblog\ThinkPHP\Lib\Driver\Db\DbMysql.class.php 第 55 行.
SQL: SHOW COLUMNS FROM `my_pinglun` [ RunTime:0.008705s ]
SQL: UPDATE `my_pinglun` SET `p_zhuangtai`=1 WHERE ( `p_id` = 2 ) [ RunTime:0.000723s ]

[ 2017-11-24T14:09:18+08:00 ] ERR: (ThinkException) 非法操作:kindeditor
[ 2017-11-24T14:29:45+08:00 ] ERR: (ThinkException) 非法操作:kindeditor
[ 2017-11-24T15:02:25+08:00 ] ERR: (ThinkException) 非法操作:kindeditor
[ 2017-11-24T15:06:01+08:00 ] ERR: (ThinkException) 非法操作:kindeditor
[ 2017-11-24T15:08:44+08:00 ] ERR: (ThinkException) 非法操作:kindeditor
[ 2017-11-24T15:11:26+08:00 ] ERR: (ThinkException) 非法操作:kindeditor
[ 2017-11-24T15:12:36+08:00 ] ERR: (ThinkException) 非法操作:kindeditor
[ 2017-11-24T15:16:34+08:00 ] ERR: (ThinkException) 非法操作:kindeditor
[ 2017-11-24T15:17:29+08:00 ] ERR: (ThinkException) 非法操作:kindeditor
[ 2017-11-24T15:21:39+08:00 ] ERR: (ThinkException) 非法操作:kindeditor
[ 2017-11-24T15:22:28+08:00 ] ERR: (ThinkException) 非法操作:kindeditor
[ 2017-11-24T15:25:32+08:00 ] ERR: (ThinkException) 非法操作:kindeditor
[ 2017-11-24T15:26:54+08:00 ] ERR: (ThinkException) 非法操作:kindeditor
[ 2017-11-24T15:31:32+08:00 ] ERR: (ThinkException) 非法操作:kindeditor
[ 2017-11-24T15:33:08+08:00 ] ERR: (ThinkException) 非法操作:kindeditor
[ 2017-11-24T15:33:25+08:00 ] ERR: (ThinkException) 非法操作:kindeditor
[ 2017-11-24T15:34:52+08:00 ] ERR: (ThinkException) 非法操作:kindeditor
[ 2017-11-24T15:37:57+08:00 ] ERR: (ThinkException) 非法操作:kindeditor
[ 2017-11-24T15:38:30+08:00 ] 0.0.0.0 /myblog/index.php/Myback/blogdelall
INFO: [ app_begin ] --START--
INFO: Run ReadHtmlCache Behavior [ RunTime:0.002906s ]
INFO: [ app_begin ] --END-- [ RunTime:0.003458s ]
NOTIC: [8192] mysql_connect(): The mysql extension is deprecated and will be removed in the future: use mysqli or PDO instead E:\Application case\wamp\www\myblog\ThinkPHP\Lib\Driver\Db\DbMysql.class.php 第 55 行.
SQL: SHOW COLUMNS FROM `my_blog` [ RunTime:0.009725s ]
SQL: DELETE FROM `my_blog` WHERE ( `b_id` IN ('26','27','25','24','') ) [ RunTime:0.001176s ]

[ 2017-11-24T15:38:32+08:00 ] ERR: (ThinkException) 非法操作:kindeditor
[ 2017-11-24T15:40:41+08:00 ] ERR: (ThinkException) 非法操作:kindeditor
[ 2017-11-24T15:44:52+08:00 ] ERR: (ThinkException) 非法操作:kindeditor
[ 2017-11-24T15:45:04+08:00 ] ERR: (ThinkException) 非法操作:kindeditor
[ 2017-11-24T15:45:17+08:00 ] ERR: (ThinkException) 非法操作:kindeditor
[ 2017-11-24T15:45:25+08:00 ] 0.0.0.0 /myblog/index.php/Myback/blogdelall
INFO: [ app_begin ] --START--
INFO: Run ReadHtmlCache Behavior [ RunTime:0.002669s ]
INFO: [ app_begin ] --END-- [ RunTime:0.003287s ]
NOTIC: [8192] mysql_connect(): The mysql extension is deprecated and will be removed in the future: use mysqli or PDO instead E:\Application case\wamp\www\myblog\ThinkPHP\Lib\Driver\Db\DbMysql.class.php 第 55 行.
SQL: SHOW COLUMNS FROM `my_blog` [ RunTime:0.013446s ]
SQL: DELETE FROM `my_blog` WHERE ( `b_id` IN ('29','28','') ) [ RunTime:0.001501s ]

[ 2017-11-24T15:45:27+08:00 ] ERR: (ThinkException) 非法操作:kindeditor
[ 2017-11-24T15:48:01+08:00 ] ERR: (ThinkException) 非法操作:kindeditor
[ 2017-11-24T15:49:05+08:00 ] ERR: (ThinkException) 非法操作:kindeditor
[ 2017-11-24T15:51:56+08:00 ] ERR: (ThinkException) 非法操作:kindeditor
[ 2017-11-24T18:57:50+08:00 ] ERR: (ThinkException) 非法操作:kindeditor
[ 2017-11-24T19:08:23+08:00 ] ERR: (ThinkException) 非法操作:kindeditor
[ 2017-11-24T19:13:10+08:00 ] ERR: (ThinkException) 非法操作:kindeditor
[ 2017-11-24T19:13:31+08:00 ] ERR: (ThinkException) 非法操作:kindeditor
[ 2017-11-24T19:20:14+08:00 ] ERR: (ThinkException) 非法操作:kindeditor
[ 2017-11-24T19:33:51+08:00 ] ERR: (ThinkException) 非法操作:kindeditor
[ 2017-11-24T19:52:38+08:00 ] ERR: (ThinkException) 非法操作:kindeditor
[ 2017-11-24T19:53:03+08:00 ] ERR: (ThinkException) 非法操作:kindeditor
[ 2017-11-24T20:40:23+08:00 ] ERR: (ThinkException) 非法操作:kindeditor
[ 2017-11-24T21:10:37+08:00 ] ERR: (ThinkException) 非法操作:kindeditor
[ 2017-11-24T21:10:45+08:00 ] 0.0.0.0 /myblog/index.php/Myback/pinglundelarr
INFO: [ app_begin ] --START--
INFO: Run ReadHtmlCache Behavior [ RunTime:0.002984s ]
INFO: [ app_begin ] --END-- [ RunTime:0.003581s ]
NOTIC: [8192] mysql_connect(): The mysql extension is deprecated and will be removed in the future: use mysqli or PDO instead E:\Application case\wamp\www\myblog\ThinkPHP\Lib\Driver\Db\DbMysql.class.php 第 55 行.
SQL: SHOW COLUMNS FROM `my_pinglun` [ RunTime:0.010459s ]
SQL: DELETE FROM `my_pinglun` WHERE ( `p_id` IN ('2','') ) [ RunTime:0.000854s ]

[ 2017-11-24T21:10:50+08:00 ] ERR: (ThinkException) 非法操作:kindeditor
[ 2017-11-24T21:12:02+08:00 ] 0.0.0.0 /myblog/index.php/Myback/p_zhuangtai
INFO: [ app_begin ] --START--
INFO: Run ReadHtmlCache Behavior [ RunTime:0.002764s ]
INFO: [ app_begin ] --END-- [ RunTime:0.003322s ]
NOTIC: [8192] mysql_connect(): The mysql extension is deprecated and will be removed in the future: use mysqli or PDO instead E:\Application case\wamp\www\myblog\ThinkPHP\Lib\Driver\Db\DbMysql.class.php 第 55 行.
SQL: SHOW COLUMNS FROM `my_pinglun` [ RunTime:0.008246s ]
SQL: UPDATE `my_pinglun` SET `p_zhuangtai`=0 WHERE ( `p_id` = 6 ) [ RunTime:0.000728s ]

[ 2017-11-24T21:15:42+08:00 ] ERR: (ThinkException) 非法操作:kindeditor
[ 2017-11-24T21:26:25+08:00 ] ERR: (ThinkException) 非法操作:kindeditor
[ 2017-11-24T21:26:45+08:00 ] 0.0.0.0 /myblog/index.php/Myback/pinglundelarr
INFO: [ app_begin ] --START--
INFO: Run ReadHtmlCache Behavior [ RunTime:0.002890s ]
INFO: [ app_begin ] --END-- [ RunTime:0.003452s ]
NOTIC: [8192] mysql_connect(): The mysql extension is deprecated and will be removed in the future: use mysqli or PDO instead E:\Application case\wamp\www\myblog\ThinkPHP\Lib\Driver\Db\DbMysql.class.php 第 55 行.
SQL: SHOW COLUMNS FROM `my_pinglun` [ RunTime:0.008346s ]
SQL: DELETE FROM `my_pinglun` WHERE ( `p_id` IN ('7','') ) [ RunTime:0.001016s ]

[ 2017-11-24T21:26:50+08:00 ] ERR: (ThinkException) 非法操作:kindeditor
