[ 2017-12-12T14:16:53+08:00 ] ERR: (ThinkException) Access denied for user 'root'@'localhost' (using password: NO)
[ 2017-12-12T14:17:12+08:00 ] ERR: (ThinkException) Access denied for user 'root'@'localhost' (using password: NO)
[ 2017-12-12T14:22:20+08:00 ] 0.0.0.0 /myblog/index.php/Index/indexpinglun
INFO: [ app_begin ] --START--
INFO: Run ReadHtmlCache Behavior [ RunTime:0.001000s ]
INFO: [ app_begin ] --END-- [ RunTime:0.001000s ]
SQL: SHOW COLUMNS FROM `my_pinglun` [ RunTime:0.005000s ]
SQL: INSERT INTO `my_pinglun` (`b_id`,`id`,`p_content`,`p_pubtime`) VALUES (61,null,'55555',1513059739) [ RunTime:0.001000s ]
ERR: Column 'id' cannot be null
 [ SQL语句 ] : INSERT INTO `my_pinglun` (`b_id`,`id`,`p_content`,`p_pubtime`) VALUES (61,null,'55555',1513059739)

[ 2017-12-12T14:22:49+08:00 ] ERR: (ThinkException) 模板不存在[./Home/Tpl/Login/verify.html]
[ 2017-12-12T14:22:56+08:00 ] 0.0.0.0 /myblog/index.php/Login/loginvalid
INFO: [ app_begin ] --START--
INFO: Run ReadHtmlCache Behavior [ RunTime:0.002000s ]
INFO: [ app_begin ] --END-- [ RunTime:0.002000s ]
SQL: SHOW COLUMNS FROM `my_user` [ RunTime:0.005000s ]
SQL: SELECT COUNT(*) AS tp_count FROM `my_user` WHERE ( user='root' ) LIMIT 1   [ RunTime:0.000000s ]

[ 2017-12-12T14:22:58+08:00 ] 0.0.0.0 /myblog/index.php/Login/loginverify
INFO: [ app_begin ] --START--
INFO: Run ReadHtmlCache Behavior [ RunTime:0.001000s ]
INFO: [ app_begin ] --END-- [ RunTime:0.001000s ]

[ 2017-12-12T14:23:07+08:00 ] 0.0.0.0 /myblog/index.php/Login/loginvalid
INFO: [ app_begin ] --START--
INFO: Run ReadHtmlCache Behavior [ RunTime:0.001000s ]
INFO: [ app_begin ] --END-- [ RunTime:0.001000s ]
SQL: SHOW COLUMNS FROM `my_user` [ RunTime:0.005000s ]
SQL: SELECT COUNT(*) AS tp_count FROM `my_user` WHERE ( user='寂寞沙洲q' ) LIMIT 1   [ RunTime:0.001000s ]

[ 2017-12-12T14:23:08+08:00 ] 0.0.0.0 /myblog/index.php/Login/loginvalid
INFO: [ app_begin ] --START--
INFO: Run ReadHtmlCache Behavior [ RunTime:0.001000s ]
INFO: [ app_begin ] --END-- [ RunTime:0.001000s ]
SQL: SHOW COLUMNS FROM `my_user` [ RunTime:0.002000s ]
SQL: SELECT COUNT(*) AS tp_count FROM `my_user` WHERE ( user='寂寞沙洲qq' ) LIMIT 1   [ RunTime:0.001000s ]

[ 2017-12-12T14:23:09+08:00 ] 0.0.0.0 /myblog/index.php/Login/loginvalid
INFO: [ app_begin ] --START--
INFO: Run ReadHtmlCache Behavior [ RunTime:0.001000s ]
INFO: [ app_begin ] --END-- [ RunTime:0.001000s ]
SQL: SHOW COLUMNS FROM `my_user` [ RunTime:0.004000s ]
SQL: SELECT COUNT(*) AS tp_count FROM `my_user` WHERE ( user='q' ) LIMIT 1   [ RunTime:0.002000s ]

[ 2017-12-12T14:23:10+08:00 ] 0.0.0.0 /myblog/index.php/Login/loginvalid
INFO: [ app_begin ] --START--
INFO: Run ReadHtmlCache Behavior [ RunTime:0.001000s ]
INFO: [ app_begin ] --END-- [ RunTime:0.001000s ]
SQL: SHOW COLUMNS FROM `my_user` [ RunTime:0.005000s ]
SQL: SELECT COUNT(*) AS tp_count FROM `my_user` WHERE ( user='qq' ) LIMIT 1   [ RunTime:0.001000s ]

[ 2017-12-12T14:23:11+08:00 ] ERR: (ThinkException) 模板不存在[./Home/Tpl/Login/verify.html]
[ 2017-12-12T14:23:16+08:00 ] 0.0.0.0 /myblog/index.php/Login/loginverify
INFO: [ app_begin ] --START--
INFO: Run ReadHtmlCache Behavior [ RunTime:0.000000s ]
INFO: [ app_begin ] --END-- [ RunTime:0.000000s ]

[ 2017-12-12T14:23:20+08:00 ] ERR: (ThinkException) 模板不存在[./Home/Tpl/Login/verify.html]
[ 2017-12-12T14:23:27+08:00 ] ERR: (ThinkException) 模板不存在[./Home/Tpl/Login/verify.html]
[ 2017-12-12T14:23:48+08:00 ] 0.0.0.0 /myblog/index.php/Login/loginvalid
INFO: [ app_begin ] --START--
INFO: Run ReadHtmlCache Behavior [ RunTime:0.001000s ]
INFO: [ app_begin ] --END-- [ RunTime:0.001000s ]
SQL: SHOW COLUMNS FROM `my_user` [ RunTime:0.002000s ]
SQL: SELECT COUNT(*) AS tp_count FROM `my_user` WHERE ( user='1' ) LIMIT 1   [ RunTime:0.000000s ]

[ 2017-12-12T14:23:49+08:00 ] 0.0.0.0 /myblog/index.php/Login/loginvalid
INFO: [ app_begin ] --START--
INFO: Run ReadHtmlCache Behavior [ RunTime:0.001000s ]
INFO: [ app_begin ] --END-- [ RunTime:0.001000s ]
SQL: SHOW COLUMNS FROM `my_user` [ RunTime:0.006001s ]
SQL: SELECT COUNT(*) AS tp_count FROM `my_user` WHERE ( user='11' ) LIMIT 1   [ RunTime:0.001000s ]

[ 2017-12-12T14:23:50+08:00 ] 0.0.0.0 /myblog/index.php/Login/loginvalid
INFO: [ app_begin ] --START--
INFO: Run ReadHtmlCache Behavior [ RunTime:0.001000s ]
INFO: [ app_begin ] --END-- [ RunTime:0.001000s ]
SQL: SHOW COLUMNS FROM `my_user` [ RunTime:0.004000s ]
SQL: SELECT COUNT(*) AS tp_count FROM `my_user` WHERE ( user='1' ) LIMIT 1   [ RunTime:0.001000s ]

[ 2017-12-12T14:23:51+08:00 ] 0.0.0.0 /myblog/index.php/Login/loginvalid
INFO: [ app_begin ] --START--
INFO: Run ReadHtmlCache Behavior [ RunTime:0.001000s ]
INFO: [ app_begin ] --END-- [ RunTime:0.001000s ]
SQL: SHOW COLUMNS FROM `my_user` [ RunTime:0.004000s ]
SQL: SELECT COUNT(*) AS tp_count FROM `my_user` WHERE ( user='q' ) LIMIT 1   [ RunTime:0.000000s ]

[ 2017-12-12T14:23:52+08:00 ] 0.0.0.0 /myblog/index.php/Login/loginvalid
INFO: [ app_begin ] --START--
INFO: Run ReadHtmlCache Behavior [ RunTime:0.001000s ]
INFO: [ app_begin ] --END-- [ RunTime:0.001000s ]
SQL: SHOW COLUMNS FROM `my_user` [ RunTime:0.001000s ]
SQL: SELECT COUNT(*) AS tp_count FROM `my_user` WHERE ( user='qq' ) LIMIT 1   [ RunTime:0.000000s ]

[ 2017-12-12T14:31:48+08:00 ] 0.0.0.0 /myblog/index.php/Login/loginverify
INFO: [ app_begin ] --START--
INFO: Run ReadHtmlCache Behavior [ RunTime:0.002000s ]
INFO: [ app_begin ] --END-- [ RunTime:0.002000s ]

[ 2017-12-12T14:31:48+08:00 ] 0.0.0.0 /myblog/index.php/Login/loginverify
INFO: [ app_begin ] --START--
INFO: Run ReadHtmlCache Behavior [ RunTime:0.001000s ]
INFO: [ app_begin ] --END-- [ RunTime:0.001000s ]

[ 2017-12-12T14:31:48+08:00 ] 0.0.0.0 /myblog/index.php/Login/loginverify
INFO: [ app_begin ] --START--
INFO: Run ReadHtmlCache Behavior [ RunTime:0.001000s ]
INFO: [ app_begin ] --END-- [ RunTime:0.001000s ]

[ 2017-12-12T14:31:49+08:00 ] 0.0.0.0 /myblog/index.php/Login/loginverify
INFO: [ app_begin ] --START--
INFO: Run ReadHtmlCache Behavior [ RunTime:0.001000s ]
INFO: [ app_begin ] --END-- [ RunTime:0.001000s ]

[ 2017-12-12T14:32:26+08:00 ] ERR: (ThinkException) 非法操作:kindeditor
[ 2017-12-12T14:32:29+08:00 ] ERR: (ThinkException) 非法操作:kindeditor
[ 2017-12-12T14:37:53+08:00 ] 0.0.0.0 /myblog/index.php/Myback/update
INFO: [ app_begin ] --START--
INFO: Run ReadHtmlCache Behavior [ RunTime:0.001000s ]
INFO: [ app_begin ] --END-- [ RunTime:0.001000s ]
SQL: SHOW COLUMNS FROM `my_user` [ RunTime:0.002001s ]
SQL: UPDATE `my_user` SET `user`='宝宝',`pwd`='3cc3c6746877a81eaa48c560bccfd61c',`gro`=0,`cretime`=1513060673 WHERE ( `id` = 50 ) [ RunTime:0.000000s ]
SQL: SHOW COLUMNS FROM `my_gro` [ RunTime:0.002000s ]
SQL: SELECT `name` FROM `my_gro` WHERE ( uid=0 ) LIMIT 1   [ RunTime:0.001000s ]

[ 2017-12-12T14:38:09+08:00 ] 0.0.0.0 /myblog/index.php/Myback/update
INFO: [ app_begin ] --START--
INFO: Run ReadHtmlCache Behavior [ RunTime:0.001001s ]
INFO: [ app_begin ] --END-- [ RunTime:0.001001s ]
SQL: SHOW COLUMNS FROM `my_user` [ RunTime:0.005000s ]
SQL: UPDATE `my_user` SET `user`='通过',`pwd`='f875213a2b2a8fdf4317b0f9edccf566',`gro`=1,`cretime`=1513060689 WHERE ( `id` = 49 ) [ RunTime:0.001000s ]
SQL: SHOW COLUMNS FROM `my_gro` [ RunTime:0.005000s ]
SQL: SELECT `name` FROM `my_gro` WHERE ( uid=1 ) LIMIT 1   [ RunTime:0.001001s ]

[ 2017-12-12T14:38:56+08:00 ] ERR: (ThinkException) 非法操作:kindeditor
[ 2017-12-12T14:38:59+08:00 ] ERR: (ThinkException) 非法操作:kindeditor
[ 2017-12-12T14:39:12+08:00 ] ERR: (ThinkException) 非法操作:kindeditor
[ 2017-12-12T14:39:15+08:00 ] ERR: (ThinkException) 非法操作:kindeditor
[ 2017-12-12T14:39:29+08:00 ] 0.0.0.0 /myblog/index.php/Index/indexpinglun
INFO: [ app_begin ] --START--
INFO: Run ReadHtmlCache Behavior [ RunTime:0.000000s ]
INFO: [ app_begin ] --END-- [ RunTime:0.000000s ]
SQL: SHOW COLUMNS FROM `my_pinglun` [ RunTime:0.004000s ]
SQL: INSERT INTO `my_pinglun` (`b_id`,`id`,`p_content`,`p_pubtime`) VALUES (66,51,'5555',1513060768) [ RunTime:0.000000s ]

[ 2017-12-12T14:39:59+08:00 ] ERR: (ThinkException) 非法操作:kindeditor
[ 2017-12-12T14:40:03+08:00 ] ERR: (ThinkException) 非法操作:kindeditor
[ 2017-12-12T14:41:59+08:00 ] 0.0.0.0 /myblog/index.php/Index/indexpinglun
INFO: [ app_begin ] --START--
INFO: Run ReadHtmlCache Behavior [ RunTime:0.000000s ]
INFO: [ app_begin ] --END-- [ RunTime:0.000000s ]
SQL: SHOW COLUMNS FROM `my_pinglun` [ RunTime:0.004000s ]
SQL: INSERT INTO `my_pinglun` (`b_id`,`id`,`p_content`,`p_pubtime`) VALUES (61,51,'66564',1513060918) [ RunTime:0.000000s ]

[ 2017-12-12T14:42:21+08:00 ] ERR: (ThinkException) 非法操作:kindeditor
[ 2017-12-12T14:42:32+08:00 ] 0.0.0.0 /myblog/index.php/Myback/blogdel
INFO: [ app_begin ] --START--
INFO: Run ReadHtmlCache Behavior [ RunTime:0.000000s ]
INFO: [ app_begin ] --END-- [ RunTime:0.000000s ]
SQL: SHOW COLUMNS FROM `my_pinglun` [ RunTime:0.004000s ]
SQL: SELECT COUNT(*) AS tp_count FROM `my_pinglun` WHERE ( b_id=66 ) LIMIT 1   [ RunTime:0.001001s ]
SQL: DELETE FROM `my_pinglun` WHERE ( b_id=66 ) [ RunTime:0.001000s ]
SQL: SHOW COLUMNS FROM `my_blog` [ RunTime:0.004000s ]
SQL: DELETE FROM `my_blog` WHERE ( b_id=66 ) [ RunTime:0.001000s ]

[ 2017-12-12T14:42:37+08:00 ] 0.0.0.0 /myblog/index.php/Myback/blogdel
INFO: [ app_begin ] --START--
INFO: Run ReadHtmlCache Behavior [ RunTime:0.001000s ]
INFO: [ app_begin ] --END-- [ RunTime:0.001000s ]
SQL: SHOW COLUMNS FROM `my_pinglun` [ RunTime:0.004001s ]
SQL: SELECT COUNT(*) AS tp_count FROM `my_pinglun` WHERE ( b_id=66 ) LIMIT 1   [ RunTime:0.001000s ]
SQL: SHOW COLUMNS FROM `my_blog` [ RunTime:0.004000s ]
SQL: DELETE FROM `my_blog` WHERE ( b_id=66 ) [ RunTime:0.000000s ]

[ 2017-12-12T14:42:38+08:00 ] ERR: (ThinkException) 非法操作:kindeditor
[ 2017-12-12T14:46:57+08:00 ] ERR: (ThinkException) 非法操作:kindeditor
[ 2017-12-12T14:46:59+08:00 ] ERR: (ThinkException) 非法操作:kindeditor
[ 2017-12-12T14:58:45+08:00 ] ERR: (ThinkException) 非法操作:kindeditor
[ 2017-12-12T14:58:55+08:00 ] ERR: (ThinkException) 非法操作:kindeditor
[ 2017-12-12T15:02:54+08:00 ] 0.0.0.0 /myblog/index.php/Index/indexpinglun
INFO: [ app_begin ] --START--
INFO: Run ReadHtmlCache Behavior [ RunTime:0.001000s ]
INFO: [ app_begin ] --END-- [ RunTime:0.001000s ]
SQL: SHOW COLUMNS FROM `my_pinglun` [ RunTime:0.002000s ]
SQL: INSERT INTO `my_pinglun` (`b_id`,`id`,`p_content`,`p_pubtime`) VALUES (61,51,'sdgfdsgdf',1513062173) [ RunTime:0.000000s ]

[ 2017-12-12T15:12:32+08:00 ] ERR: (ThinkException) 非法操作:kindeditor
[ 2017-12-12T15:12:48+08:00 ] ERR: (ThinkException) 非法操作:kindeditor
[ 2017-12-12T15:13:09+08:00 ] 0.0.0.0 /myblog/index.php/Index/indexpinglun
INFO: [ app_begin ] --START--
INFO: Run ReadHtmlCache Behavior [ RunTime:0.001000s ]
INFO: [ app_begin ] --END-- [ RunTime:0.001000s ]
SQL: SHOW COLUMNS FROM `my_pinglun` [ RunTime:0.008000s ]
SQL: INSERT INTO `my_pinglun` (`b_id`,`id`,`p_content`,`p_pubtime`) VALUES (68,51,'4645sfjsdklfgl',1513062788) [ RunTime:0.001001s ]

