[ 2017-11-22T08:38:27+08:00 ] ERR: (ThinkException) 非法操作:kindeditor
[ 2017-11-22T08:38:52+08:00 ] ERR: (ThinkException) 非法操作:kindeditor
[ 2017-11-22T08:40:53+08:00 ] ERR: (ThinkException) 非法操作:kindeditor
[ 2017-11-22T08:43:50+08:00 ] ERR: (ThinkException) 非法操作:kindeditor
[ 2017-11-22T08:46:14+08:00 ] ERR: (ThinkException) 非法操作:kindeditor
[ 2017-11-22T08:46:36+08:00 ] ERR: (ThinkException) 非法操作:kindeditor
[ 2017-11-22T09:02:44+08:00 ] ERR: (ThinkException) 非法操作:kindeditor
[ 2017-11-22T09:02:47+08:00 ] ERR: (ThinkException) 无法加载模块:css
[ 2017-11-22T09:02:47+08:00 ] ERR: (ThinkException) 无法加载模块:js
[ 2017-11-22T09:02:47+08:00 ] ERR: (ThinkException) 无法加载模块:css
[ 2017-11-22T09:02:47+08:00 ] ERR: (ThinkException) 无法加载模块:js
[ 2017-11-22T09:08:52+08:00 ] ERR: (ThinkException) 无法加载模块:css
[ 2017-11-22T09:08:52+08:00 ] ERR: (ThinkException) 无法加载模块:css
[ 2017-11-22T09:08:52+08:00 ] ERR: (ThinkException) 无法加载模块:js
[ 2017-11-22T09:08:52+08:00 ] ERR: (ThinkException) 无法加载模块:js
[ 2017-11-22T09:09:43+08:00 ] ERR: (ThinkException) 无法加载模块:css
[ 2017-11-22T09:09:44+08:00 ] ERR: (ThinkException) 无法加载模块:js
[ 2017-11-22T09:09:44+08:00 ] ERR: (ThinkException) 无法加载模块:css
[ 2017-11-22T09:09:44+08:00 ] ERR: (ThinkException) 无法加载模块:js
[ 2017-11-22T09:09:53+08:00 ] ERR: (ThinkException) 无法加载模块:css
[ 2017-11-22T09:09:53+08:00 ] ERR: (ThinkException) 无法加载模块:js
[ 2017-11-22T09:09:53+08:00 ] ERR: (ThinkException) 无法加载模块:css
[ 2017-11-22T09:09:53+08:00 ] ERR: (ThinkException) 无法加载模块:js
[ 2017-11-22T09:10:59+08:00 ] ERR: (ThinkException) 无法加载模块:css
[ 2017-11-22T09:10:59+08:00 ] ERR: (ThinkException) 无法加载模块:js
[ 2017-11-22T09:10:59+08:00 ] ERR: (ThinkException) 无法加载模块:js
[ 2017-11-22T09:10:59+08:00 ] ERR: (ThinkException) 无法加载模块:css
[ 2017-11-22T09:12:24+08:00 ] ERR: (ThinkException) 非法操作:kindeditor
[ 2017-11-22T09:23:05+08:00 ] ERR: (ThinkException) 非法操作:kindeditor
[ 2017-11-22T09:38:34+08:00 ] ERR: (ThinkException) 非法操作:kindeditor
[ 2017-11-22T09:38:52+08:00 ] ERR: (ThinkException) 非法操作:kindeditor
[ 2017-11-22T09:51:18+08:00 ] ERR: (ThinkException) 非法操作:kindeditor
[ 2017-11-22T09:52:02+08:00 ] ERR: (ThinkException) 非法操作:kindeditor
[ 2017-11-22T10:30:15+08:00 ] ERR: (ThinkException) 非法操作:kindeditor
[ 2017-11-22T10:31:17+08:00 ] ERR: (ThinkException) 非法操作:kindeditor
[ 2017-11-22T10:31:21+08:00 ] ERR: (ThinkException) 非法操作:kindeditor
[ 2017-11-22T10:33:37+08:00 ] ERR: (ThinkException) 非法操作:kindeditor
[ 2017-11-22T10:33:44+08:00 ] ERR: (ThinkException) 非法操作:kindeditor
[ 2017-11-22T13:12:48+08:00 ] ERR: (ThinkException) 非法操作:kindeditor
[ 2017-11-22T13:14:42+08:00 ] ERR: (ThinkException) 非法操作:kindeditor
[ 2017-11-22T13:16:01+08:00 ] ERR: (ThinkException) 非法操作:css
[ 2017-11-22T13:16:01+08:00 ] ERR: (ThinkException) 非法操作:css
[ 2017-11-22T13:16:01+08:00 ] ERR: (ThinkException) 非法操作:js
[ 2017-11-22T13:16:01+08:00 ] ERR: (ThinkException) 非法操作:js
[ 2017-11-22T13:16:01+08:00 ] ERR: (ThinkException) 非法操作:js
[ 2017-11-22T13:16:01+08:00 ] ERR: (ThinkException) 非法操作:img
[ 2017-11-22T13:17:02+08:00 ] ERR: (ThinkException) 非法操作:__public__
[ 2017-11-22T13:17:02+08:00 ] ERR: (ThinkException) 非法操作:__public__
[ 2017-11-22T13:17:02+08:00 ] ERR: (ThinkException) 非法操作:__public__
[ 2017-11-22T13:17:02+08:00 ] ERR: (ThinkException) 非法操作:__public__
[ 2017-11-22T13:17:02+08:00 ] ERR: (ThinkException) 非法操作:__public__
[ 2017-11-22T13:17:03+08:00 ] ERR: (ThinkException) 非法操作:img
[ 2017-11-22T13:17:27+08:00 ] ERR: (ThinkException) 非法操作:__public__
[ 2017-11-22T13:17:27+08:00 ] ERR: (ThinkException) 非法操作:__public__
[ 2017-11-22T13:17:27+08:00 ] ERR: (ThinkException) 非法操作:__public__
[ 2017-11-22T13:17:27+08:00 ] ERR: (ThinkException) 非法操作:__public__
[ 2017-11-22T13:17:27+08:00 ] ERR: (ThinkException) 非法操作:__public__
[ 2017-11-22T13:17:27+08:00 ] ERR: (ThinkException) 非法操作:img
[ 2017-11-22T13:17:34+08:00 ] ERR: (ThinkException) 非法操作:__public__
[ 2017-11-22T13:17:34+08:00 ] ERR: (ThinkException) 非法操作:__public__
[ 2017-11-22T13:17:34+08:00 ] ERR: (ThinkException) 非法操作:__public__
[ 2017-11-22T13:17:34+08:00 ] ERR: (ThinkException) 非法操作:__public__
[ 2017-11-22T13:17:34+08:00 ] ERR: (ThinkException) 非法操作:__public__
[ 2017-11-22T13:17:34+08:00 ] ERR: (ThinkException) 非法操作:img
[ 2017-11-22T13:18:28+08:00 ] ERR: (ThinkException) 非法操作:img
[ 2017-11-22T13:22:26+08:00 ] ERR: (ThinkException) 非法操作:img
[ 2017-11-22T13:22:29+08:00 ] ERR: (ThinkException) 非法操作:kindeditor
[ 2017-11-22T13:22:38+08:00 ] ERR: (ThinkException) 非法操作:kindeditor
[ 2017-11-22T19:38:42+08:00 ] ERR: (ThinkException) 非法操作:kindeditor
[ 2017-11-22T19:41:09+08:00 ] ERR: (ThinkException) 非法操作:kindeditor
[ 2017-11-22T19:42:34+08:00 ] ERR: (ThinkException) 非法操作:kindeditor
[ 2017-11-22T19:42:51+08:00 ] ERR: (ThinkException) 非法操作:kindeditor
[ 2017-11-22T19:43:03+08:00 ] ERR: (ThinkException) 非法操作:kindeditor
[ 2017-11-22T19:43:25+08:00 ] ERR: (ThinkException) 非法操作:kindeditor
[ 2017-11-22T19:43:42+08:00 ] ERR: (ThinkException) 非法操作:kindeditor
[ 2017-11-22T19:44:31+08:00 ] ERR: (ThinkException) 非法操作:kindeditor
[ 2017-11-22T19:44:43+08:00 ] ERR: (ThinkException) 非法操作:kindeditor
[ 2017-11-22T19:44:52+08:00 ] ERR: (ThinkException) 非法操作:kindeditor
[ 2017-11-22T19:45:36+08:00 ] ERR: (ThinkException) 非法操作:kindeditor
[ 2017-11-22T19:45:59+08:00 ] ERR: (ThinkException) 非法操作:kindeditor
[ 2017-11-22T19:46:12+08:00 ] ERR: (ThinkException) 非法操作:kindeditor
[ 2017-11-22T19:48:47+08:00 ] ERR: (ThinkException) 非法操作:kindeditor
[ 2017-11-22T19:58:11+08:00 ] ERR: (ThinkException) 非法操作:kindeditor
[ 2017-11-22T20:02:46+08:00 ] ERR: (ThinkException) 非法操作:kindeditor
[ 2017-11-22T20:03:09+08:00 ] ERR: (ThinkException) 非法操作:kindeditor
[ 2017-11-22T20:03:39+08:00 ] ERR: (ThinkException) 非法操作:kindeditor
[ 2017-11-22T20:05:17+08:00 ] ERR: (ThinkException) 非法操作:kindeditor
[ 2017-11-22T20:07:02+08:00 ] ERR: (ThinkException) 非法操作:kindeditor
[ 2017-11-22T20:08:04+08:00 ] ERR: (ThinkException) 非法操作:kindeditor
[ 2017-11-22T20:08:30+08:00 ] ERR: (ThinkException) 非法操作:kindeditor
[ 2017-11-22T20:08:56+08:00 ] ERR: (ThinkException) 非法操作:kindeditor
[ 2017-11-22T20:10:20+08:00 ] ERR: (ThinkException) 非法操作:kindeditor
