[ 2017-10-24T09:41:33+08:00 ] ERR: (ThinkException) 非法操作:kindeditor
[ 2017-10-24T09:42:56+08:00 ] ERR: (ThinkException) 非法操作:kindeditor
[ 2017-10-24T09:45:42+08:00 ] ERR: (ThinkException) 非法操作:kindeditor
[ 2017-10-24T09:50:53+08:00 ] 0.0.0.0 /myblog/index.php/Myback/update
INFO: [ app_begin ] --START--
INFO: Run ReadHtmlCache Behavior [ RunTime:0.002656s ]
INFO: [ app_begin ] --END-- [ RunTime:0.003781s ]
NOTIC: [8192] mysql_connect(): The mysql extension is deprecated and will be removed in the future: use mysqli or PDO instead E:\Application case\wamp\www\myblog\ThinkPHP\Lib\Driver\Db\DbMysql.class.php 第 55 行.
SQL: SHOW COLUMNS FROM `my_user` [ RunTime:0.010827s ]
SQL: UPDATE `my_user` SET `user`='5',`pwd`='5555',`gro`=0,`cretime`=1508809853 WHERE ( `id` = 9 ) [ RunTime:0.001568s ]
SQL: SHOW COLUMNS FROM `my_gro` [ RunTime:0.013866s ]
NOTIC: [8192] preg_replace(): The /e modifier is deprecated, use preg_replace_callback instead E:\Application case\wamp\www\myblog\ThinkPHP\Lib\Core\Db.class.php 第 568 行.
SQL: SELECT `name` FROM `my_gro` WHERE ( uid=0 ) LIMIT 1   [ RunTime:0.000890s ]

[ 2017-10-24T09:51:00+08:00 ] 0.0.0.0 /myblog/index.php/Myback/update
INFO: [ app_begin ] --START--
INFO: Run ReadHtmlCache Behavior [ RunTime:0.003880s ]
INFO: [ app_begin ] --END-- [ RunTime:0.004470s ]
NOTIC: [8192] mysql_connect(): The mysql extension is deprecated and will be removed in the future: use mysqli or PDO instead E:\Application case\wamp\www\myblog\ThinkPHP\Lib\Driver\Db\DbMysql.class.php 第 55 行.
SQL: SHOW COLUMNS FROM `my_user` [ RunTime:0.015225s ]
SQL: UPDATE `my_user` SET `user`='我00',`pwd`='123456',`gro`=0,`cretime`=1508809860 WHERE ( `id` = 11 ) [ RunTime:0.000917s ]
SQL: SHOW COLUMNS FROM `my_gro` [ RunTime:0.009788s ]
NOTIC: [8192] preg_replace(): The /e modifier is deprecated, use preg_replace_callback instead E:\Application case\wamp\www\myblog\ThinkPHP\Lib\Core\Db.class.php 第 568 行.
SQL: SELECT `name` FROM `my_gro` WHERE ( uid=0 ) LIMIT 1   [ RunTime:0.000959s ]

[ 2017-10-24T11:24:10+08:00 ] ERR: (ThinkException) 非法操作:kindeditor
[ 2017-10-24T11:24:30+08:00 ] 0.0.0.0 /myblog/index.php/Myback/update
INFO: [ app_begin ] --START--
INFO: Run ReadHtmlCache Behavior [ RunTime:0.003047s ]
INFO: [ app_begin ] --END-- [ RunTime:0.003590s ]
NOTIC: [8192] mysql_connect(): The mysql extension is deprecated and will be removed in the future: use mysqli or PDO instead E:\Application case\wamp\www\myblog\ThinkPHP\Lib\Driver\Db\DbMysql.class.php 第 55 行.
SQL: SHOW COLUMNS FROM `my_user` [ RunTime:0.009392s ]
SQL: UPDATE `my_user` SET `user`='44',`pwd`='4444',`gro`=0,`cretime`=1508815470 WHERE ( `id` = 14 ) [ RunTime:0.000838s ]
SQL: SHOW COLUMNS FROM `my_gro` [ RunTime:0.008238s ]
NOTIC: [8192] preg_replace(): The /e modifier is deprecated, use preg_replace_callback instead E:\Application case\wamp\www\myblog\ThinkPHP\Lib\Core\Db.class.php 第 568 行.
SQL: SELECT `name` FROM `my_gro` WHERE ( uid=0 ) LIMIT 1   [ RunTime:0.001077s ]

[ 2017-10-24T11:25:27+08:00 ] 0.0.0.0 /myblog/index.php/Myback/update
INFO: [ app_begin ] --START--
INFO: Run ReadHtmlCache Behavior [ RunTime:0.003927s ]
INFO: [ app_begin ] --END-- [ RunTime:0.004488s ]
NOTIC: [8192] mysql_connect(): The mysql extension is deprecated and will be removed in the future: use mysqli or PDO instead E:\Application case\wamp\www\myblog\ThinkPHP\Lib\Driver\Db\DbMysql.class.php 第 55 行.
SQL: SHOW COLUMNS FROM `my_user` [ RunTime:0.012205s ]
SQL: UPDATE `my_user` SET `user`='3是1',`pwd`='33',`gro`=0,`cretime`=1508815527 WHERE ( `id` = 8 ) [ RunTime:0.000793s ]
SQL: SHOW COLUMNS FROM `my_gro` [ RunTime:0.009624s ]
NOTIC: [8192] preg_replace(): The /e modifier is deprecated, use preg_replace_callback instead E:\Application case\wamp\www\myblog\ThinkPHP\Lib\Core\Db.class.php 第 568 行.
SQL: SELECT `name` FROM `my_gro` WHERE ( uid=0 ) LIMIT 1   [ RunTime:0.000859s ]

[ 2017-10-24T12:20:06+08:00 ] ERR: (ThinkException) 非法操作:kindeditor
[ 2017-10-24T12:29:05+08:00 ] ERR: (ThinkException) 非法操作:kindeditor
[ 2017-10-24T12:35:21+08:00 ] ERR: (ThinkException) 非法操作:kindeditor
[ 2017-10-24T12:36:35+08:00 ] ERR: (ThinkException) 非法操作:kindeditor
[ 2017-10-24T12:37:23+08:00 ] ERR: (ThinkException) 非法操作:kindeditor
[ 2017-10-24T12:37:36+08:00 ] 0.0.0.0 /myblog/index.php/Myback/update
INFO: [ app_begin ] --START--
INFO: Run ReadHtmlCache Behavior [ RunTime:0.003432s ]
INFO: [ app_begin ] --END-- [ RunTime:0.004016s ]
NOTIC: [8192] mysql_connect(): The mysql extension is deprecated and will be removed in the future: use mysqli or PDO instead E:\Application case\wamp\www\myblog\ThinkPHP\Lib\Driver\Db\DbMysql.class.php 第 55 行.
SQL: SHOW COLUMNS FROM `my_user` [ RunTime:0.009408s ]
SQL: UPDATE `my_user` SET `user`='3是1',`pwd`='33',`gro`=0,`cretime`=1508819856 WHERE ( `id` = 8 ) [ RunTime:0.057754s ]
SQL: SHOW COLUMNS FROM `my_gro` [ RunTime:0.010057s ]
NOTIC: [8192] preg_replace(): The /e modifier is deprecated, use preg_replace_callback instead E:\Application case\wamp\www\myblog\ThinkPHP\Lib\Core\Db.class.php 第 568 行.
SQL: SELECT `name` FROM `my_gro` WHERE ( uid=0 ) LIMIT 1   [ RunTime:0.000846s ]

[ 2017-10-24T12:37:55+08:00 ] 0.0.0.0 /myblog/index.php/Myback/del
INFO: [ app_begin ] --START--
INFO: Run ReadHtmlCache Behavior [ RunTime:0.003416s ]
INFO: [ app_begin ] --END-- [ RunTime:0.005299s ]
NOTIC: [8192] mysql_connect(): The mysql extension is deprecated and will be removed in the future: use mysqli or PDO instead E:\Application case\wamp\www\myblog\ThinkPHP\Lib\Driver\Db\DbMysql.class.php 第 55 行.
SQL: SHOW COLUMNS FROM `my_user` [ RunTime:0.009104s ]
SQL: DELETE FROM `my_user` WHERE ( id=9 ) [ RunTime:0.041099s ]

[ 2017-10-24T12:37:56+08:00 ] ERR: (ThinkException) 非法操作:kindeditor
[ 2017-10-24T12:38:30+08:00 ] ERR: (ThinkException) 非法操作:kindeditor
[ 2017-10-24T13:03:14+08:00 ] ERR: (ThinkException) 非法操作:kindeditor
[ 2017-10-24T13:03:39+08:00 ] ERR: (ThinkException) 非法操作:kindeditor
[ 2017-10-24T13:13:50+08:00 ] ERR: (ThinkException) 非法操作:kindeditor
[ 2017-10-24T13:15:03+08:00 ] ERR: (ThinkException) 非法操作:kindeditor
[ 2017-10-24T13:19:29+08:00 ] ERR: (ThinkException) 非法操作:kindeditor
[ 2017-10-24T13:19:51+08:00 ] ERR: (ThinkException) 非法操作:kindeditor
[ 2017-10-24T13:24:41+08:00 ] ERR: (ThinkException) 非法操作:kindeditor
[ 2017-10-24T13:29:31+08:00 ] ERR: (ThinkException) 非法操作:kindeditor
[ 2017-10-24T19:11:24+08:00 ] ERR: (ThinkException) 非法操作:kindeditor
[ 2017-10-24T20:28:36+08:00 ] ERR: (ThinkException) 非法操作:kindeditor
[ 2017-10-24T22:50:26+08:00 ] ERR: (ThinkException) 非法操作:kindeditor
