[ 2017-12-17T11:14:46+08:00 ] ERR: (ThinkException) 模板不存在[./Home/Tpl/Login/verify.html]
[ 2017-12-17T11:14:53+08:00 ] 0.0.0.0 /myblog/index.php/Login/loginvalid
INFO: [ app_begin ] --START--
INFO: Run ReadHtmlCache Behavior [ RunTime:0.001000s ]
INFO: [ app_begin ] --END-- [ RunTime:0.001000s ]
SQL: SHOW COLUMNS FROM `my_user` [ RunTime:0.005000s ]
SQL: SELECT COUNT(*) AS tp_count FROM `my_user` WHERE ( user='qq' ) LIMIT 1   [ RunTime:0.001000s ]

[ 2017-12-17T11:14:57+08:00 ] 0.0.0.0 /myblog/index.php/Login/loginverify
INFO: [ app_begin ] --START--
INFO: Run ReadHtmlCache Behavior [ RunTime:0.000000s ]
INFO: [ app_begin ] --END-- [ RunTime:0.001000s ]

[ 2017-12-17T11:15:00+08:00 ] ERR: (ThinkException) 模板不存在[./Home/Tpl/Login/verify.html]
[ 2017-12-17T11:15:01+08:00 ] 0.0.0.0 /myblog/index.php/Login/loginverify
INFO: [ app_begin ] --START--
INFO: Run ReadHtmlCache Behavior [ RunTime:0.001000s ]
INFO: [ app_begin ] --END-- [ RunTime:0.001000s ]

[ 2017-12-17T11:15:01+08:00 ] 0.0.0.0 /myblog/index.php/Login/loginverify
INFO: [ app_begin ] --START--
INFO: Run ReadHtmlCache Behavior [ RunTime:0.001000s ]
INFO: [ app_begin ] --END-- [ RunTime:0.001000s ]

[ 2017-12-17T11:15:02+08:00 ] 0.0.0.0 /myblog/index.php/Login/loginverify
INFO: [ app_begin ] --START--
INFO: Run ReadHtmlCache Behavior [ RunTime:0.000000s ]
INFO: [ app_begin ] --END-- [ RunTime:0.001000s ]

[ 2017-12-17T11:15:02+08:00 ] 0.0.0.0 /myblog/index.php/Login/loginverify
INFO: [ app_begin ] --START--
INFO: Run ReadHtmlCache Behavior [ RunTime:0.001000s ]
INFO: [ app_begin ] --END-- [ RunTime:0.001000s ]

[ 2017-12-17T11:15:04+08:00 ] ERR: (ThinkException) 模板不存在[./Home/Tpl/Login/verify.html]
[ 2017-12-17T11:15:06+08:00 ] 0.0.0.0 /myblog/index.php/Login/loginverify
INFO: [ app_begin ] --START--
INFO: Run ReadHtmlCache Behavior [ RunTime:0.001000s ]
INFO: [ app_begin ] --END-- [ RunTime:0.002000s ]

[ 2017-12-17T11:15:07+08:00 ] 0.0.0.0 /myblog/index.php/Login/loginverify
INFO: [ app_begin ] --START--
INFO: Run ReadHtmlCache Behavior [ RunTime:0.001000s ]
INFO: [ app_begin ] --END-- [ RunTime:0.001000s ]

[ 2017-12-17T11:15:08+08:00 ] 0.0.0.0 /myblog/index.php/Login/loginverify
INFO: [ app_begin ] --START--
INFO: Run ReadHtmlCache Behavior [ RunTime:0.000000s ]
INFO: [ app_begin ] --END-- [ RunTime:0.000000s ]

[ 2017-12-17T11:15:08+08:00 ] 0.0.0.0 /myblog/index.php/Login/loginverify
INFO: [ app_begin ] --START--
INFO: Run ReadHtmlCache Behavior [ RunTime:0.002000s ]
INFO: [ app_begin ] --END-- [ RunTime:0.002000s ]

[ 2017-12-17T11:15:18+08:00 ] ERR: (ThinkException) 非法操作:kindeditor
