[ 2017-12-06T08:43:55+08:00 ] ERR: (ThinkException) 模板不存在[./Home/Tpl/Login/verify.html]
[ 2017-12-06T08:43:58+08:00 ] 0.0.0.0 /myblog/index.php/Login/loginvalid
INFO: [ app_begin ] --START--
INFO: Run ReadHtmlCache Behavior [ RunTime:0.002897s ]
INFO: [ app_begin ] --END-- [ RunTime:0.003635s ]
NOTIC: [8192] mysql_connect(): The mysql extension is deprecated and will be removed in the future: use mysqli or PDO instead E:\Application case\wamp\www\myblog\ThinkPHP\Lib\Driver\Db\DbMysql.class.php 第 55 行.
SQL: SHOW COLUMNS FROM `my_user` [ RunTime:0.009662s ]
NOTIC: [8192] preg_replace(): The /e modifier is deprecated, use preg_replace_callback instead E:\Application case\wamp\www\myblog\ThinkPHP\Lib\Core\Db.class.php 第 568 行.
SQL: SELECT COUNT(*) AS tp_count FROM `my_user` WHERE ( user='1234' ) LIMIT 1   [ RunTime:0.001055s ]

[ 2017-12-06T08:44:07+08:00 ] 0.0.0.0 /myblog/index.php/Login/loginverify
INFO: [ app_begin ] --START--
INFO: Run ReadHtmlCache Behavior [ RunTime:0.003516s ]
INFO: [ app_begin ] --END-- [ RunTime:0.004765s ]

[ 2017-12-06T08:44:36+08:00 ] ERR: (ThinkException) 非法操作:kindeditor
[ 2017-12-06T08:45:21+08:00 ] 0.0.0.0 /myblog/index.php/Myback/blogupdate
INFO: [ app_begin ] --START--
INFO: Run ReadHtmlCache Behavior [ RunTime:0.002289s ]
INFO: [ app_begin ] --END-- [ RunTime:0.002780s ]
NOTIC: [8192] mysql_connect(): The mysql extension is deprecated and will be removed in the future: use mysqli or PDO instead E:\Application case\wamp\www\myblog\ThinkPHP\Lib\Driver\Db\DbMysql.class.php 第 55 行.
SQL: SHOW COLUMNS FROM `my_blog` [ RunTime:0.012580s ]
SQL: UPDATE `my_blog` SET `b_title`='225让人',`c_id`=82,`b_newtime`=1512521121 WHERE ( `b_id` = 44 ) [ RunTime:0.001052s ]

[ 2017-12-06T10:11:21+08:00 ] 0.0.0.0 /myblog/index.php/Myback/blogupdate
INFO: [ app_begin ] --START--
INFO: Run ReadHtmlCache Behavior [ RunTime:0.002751s ]
INFO: [ app_begin ] --END-- [ RunTime:0.003399s ]
NOTIC: [8192] mysql_connect(): The mysql extension is deprecated and will be removed in the future: use mysqli or PDO instead E:\Application case\wamp\www\myblog\ThinkPHP\Lib\Driver\Db\DbMysql.class.php 第 55 行.
SQL: SHOW COLUMNS FROM `my_blog` [ RunTime:0.016468s ]
SQL: UPDATE `my_blog` SET `b_title`='共同防',`c_id`=82,`b_newtime`=1512526281 WHERE ( `b_id` = 45 ) [ RunTime:0.001682s ]

[ 2017-12-06T10:11:26+08:00 ] 0.0.0.0 /myblog/index.php/Myback/blogdel
INFO: [ app_begin ] --START--
INFO: Run ReadHtmlCache Behavior [ RunTime:0.003935s ]
INFO: [ app_begin ] --END-- [ RunTime:0.004536s ]
NOTIC: [8192] mysql_connect(): The mysql extension is deprecated and will be removed in the future: use mysqli or PDO instead E:\Application case\wamp\www\myblog\ThinkPHP\Lib\Driver\Db\DbMysql.class.php 第 55 行.
SQL: SHOW COLUMNS FROM `my_blog` [ RunTime:0.010079s ]
SQL: DELETE FROM `my_blog` WHERE ( b_id=45 ) [ RunTime:0.000837s ]

[ 2017-12-06T10:34:13+08:00 ] ERR: (ThinkException) 模板不存在[./Home/Tpl/Myback/blogsousuo.html]
[ 2017-12-06T10:42:53+08:00 ] ERR: (ThinkException) 模板不存在[./Home/Tpl/Myback/blogsousuo.html]
[ 2017-12-06T10:52:58+08:00 ] ERR: (ThinkException) 模板不存在[./Home/Tpl/Myback/blogsousuo.html]
[ 2017-12-06T10:53:13+08:00 ] ERR: (ThinkException) 模板不存在[./Home/Tpl/Myback/blogsousuo.html]
[ 2017-12-06T10:53:30+08:00 ] ERR: (ThinkException) 非法操作:kindeditor
[ 2017-12-06T10:54:01+08:00 ] ERR: (ThinkException) 模板不存在[./Home/Tpl/Myback/blogsousuo.html]
[ 2017-12-06T10:54:01+08:00 ] ERR: (ThinkException) 模板不存在[./Home/Tpl/Myback/blogsousuo.html]
[ 2017-12-06T10:54:46+08:00 ] ERR: (ThinkException) 非法操作:blogsousuo
[ 2017-12-06T10:54:53+08:00 ] ERR: (ThinkException) 非法操作:blogsousuo
[ 2017-12-06T10:55:22+08:00 ] ERR: (ThinkException) 非法操作:blogsousuo
[ 2017-12-06T10:55:26+08:00 ] ERR: (ThinkException) 非法操作:blogsousuo
[ 2017-12-06T10:55:31+08:00 ] ERR: (ThinkException) 非法操作:log_manasousuo
[ 2017-12-06T11:43:10+08:00 ] 0.0.0.0 /myblog/index.php/Myback/blogupdate
INFO: [ app_begin ] --START--
INFO: Run ReadHtmlCache Behavior [ RunTime:0.003516s ]
INFO: [ app_begin ] --END-- [ RunTime:0.004072s ]
NOTIC: [8192] mysql_connect(): The mysql extension is deprecated and will be removed in the future: use mysqli or PDO instead E:\Application case\wamp\www\myblog\ThinkPHP\Lib\Driver\Db\DbMysql.class.php 第 55 行.
SQL: SHOW COLUMNS FROM `my_blog` [ RunTime:0.009255s ]
SQL: UPDATE `my_blog` SET `b_title`='广泛的鬼地方',`c_id`=84,`b_newtime`=1512531790 WHERE ( `b_id` = 47 ) [ RunTime:0.000960s ]

[ 2017-12-06T16:08:32+08:00 ] ERR: (ThinkException) 非法操作:kindeditor
[ 2017-12-06T16:25:47+08:00 ] ERR: (ThinkException) 非法操作:kindeditor
[ 2017-12-06T16:30:35+08:00 ] 0.0.0.0 /myblog/index.php/Myback/blogupdate
INFO: [ app_begin ] --START--
INFO: Run ReadHtmlCache Behavior [ RunTime:0.002951s ]
INFO: [ app_begin ] --END-- [ RunTime:0.003472s ]
NOTIC: [8192] mysql_connect(): The mysql extension is deprecated and will be removed in the future: use mysqli or PDO instead E:\Application case\wamp\www\myblog\ThinkPHP\Lib\Driver\Db\DbMysql.class.php 第 55 行.
SQL: SHOW COLUMNS FROM `my_blog` [ RunTime:0.010828s ]
SQL: UPDATE `my_blog` SET `b_title`='让人他',`c_id`=82,`b_newtime`=1512549034 WHERE ( `b_id` = 48 ) [ RunTime:0.000731s ]

[ 2017-12-06T16:30:42+08:00 ] 0.0.0.0 /myblog/index.php/Myback/blogupdate
INFO: [ app_begin ] --START--
INFO: Run ReadHtmlCache Behavior [ RunTime:0.002870s ]
INFO: [ app_begin ] --END-- [ RunTime:0.003477s ]
NOTIC: [8192] mysql_connect(): The mysql extension is deprecated and will be removed in the future: use mysqli or PDO instead E:\Application case\wamp\www\myblog\ThinkPHP\Lib\Driver\Db\DbMysql.class.php 第 55 行.
SQL: SHOW COLUMNS FROM `my_blog` [ RunTime:0.008486s ]
SQL: UPDATE `my_blog` SET `b_title`='日日日发',`c_id`=82,`b_newtime`=1512549042 WHERE ( `b_id` = 46 ) [ RunTime:0.001164s ]

[ 2017-12-06T16:30:54+08:00 ] 0.0.0.0 /myblog/index.php/Myback/blogupdate
INFO: [ app_begin ] --START--
INFO: Run ReadHtmlCache Behavior [ RunTime:0.001942s ]
INFO: [ app_begin ] --END-- [ RunTime:0.002487s ]
NOTIC: [8192] mysql_connect(): The mysql extension is deprecated and will be removed in the future: use mysqli or PDO instead E:\Application case\wamp\www\myblog\ThinkPHP\Lib\Driver\Db\DbMysql.class.php 第 55 行.
SQL: SHOW COLUMNS FROM `my_blog` [ RunTime:0.009507s ]
SQL: UPDATE `my_blog` SET `b_title`='',`c_id`=82,`b_newtime`=1512549054 WHERE ( `b_id` = 0 ) [ RunTime:0.000517s ]

[ 2017-12-06T16:34:36+08:00 ] 0.0.0.0 /myblog/index.php/Myback/blogdel
INFO: [ app_begin ] --START--
INFO: Run ReadHtmlCache Behavior [ RunTime:0.002742s ]
INFO: [ app_begin ] --END-- [ RunTime:0.003196s ]
NOTIC: [8192] mysql_connect(): The mysql extension is deprecated and will be removed in the future: use mysqli or PDO instead E:\Application case\wamp\www\myblog\ThinkPHP\Lib\Driver\Db\DbMysql.class.php 第 55 行.
SQL: SHOW COLUMNS FROM `my_blog` [ RunTime:0.007606s ]
SQL: DELETE FROM `my_blog` WHERE ( b_id=44 ) [ RunTime:0.000620s ]

[ 2017-12-06T16:35:36+08:00 ] 0.0.0.0 /myblog/index.php/Myback/blogupdate
INFO: [ app_begin ] --START--
INFO: Run ReadHtmlCache Behavior [ RunTime:0.002744s ]
INFO: [ app_begin ] --END-- [ RunTime:0.003293s ]
NOTIC: [8192] mysql_connect(): The mysql extension is deprecated and will be removed in the future: use mysqli or PDO instead E:\Application case\wamp\www\myblog\ThinkPHP\Lib\Driver\Db\DbMysql.class.php 第 55 行.
SQL: SHOW COLUMNS FROM `my_blog` [ RunTime:0.007495s ]
SQL: UPDATE `my_blog` SET `b_title`='',`c_id`=82,`b_newtime`=1512549336 WHERE ( `b_id` = 0 ) [ RunTime:0.000908s ]

[ 2017-12-06T16:36:13+08:00 ] 0.0.0.0 /myblog/index.php/Myback/blogupdate
INFO: [ app_begin ] --START--
INFO: Run ReadHtmlCache Behavior [ RunTime:0.002411s ]
INFO: [ app_begin ] --END-- [ RunTime:0.002921s ]
NOTIC: [8192] mysql_connect(): The mysql extension is deprecated and will be removed in the future: use mysqli or PDO instead E:\Application case\wamp\www\myblog\ThinkPHP\Lib\Driver\Db\DbMysql.class.php 第 55 行.
SQL: SHOW COLUMNS FROM `my_blog` [ RunTime:0.012102s ]
SQL: UPDATE `my_blog` SET `b_title`='',`c_id`=82,`b_newtime`=1512549373 WHERE ( `b_id` = 0 ) [ RunTime:0.000494s ]

[ 2017-12-06T17:09:20+08:00 ] ERR: (ThinkException) 非法操作:kindeditor
[ 2017-12-06T17:21:47+08:00 ] ERR: (ThinkException) 非法操作:kindeditor
[ 2017-12-06T17:22:33+08:00 ] ERR: (ThinkException) 非法操作:kindeditor
[ 2017-12-06T17:36:10+08:00 ] ERR: (ThinkException) 非法操作:kindeditor
[ 2017-12-06T17:41:11+08:00 ] ERR: (ThinkException) 非法操作:kindeditor
[ 2017-12-06T17:41:50+08:00 ] ERR: (ThinkException) 非法操作:kindeditor
[ 2017-12-06T17:45:08+08:00 ] ERR: (ThinkException) 非法操作:kindeditor
[ 2017-12-06T17:46:31+08:00 ] ERR: (ThinkException) 非法操作:kindeditor
[ 2017-12-06T17:47:41+08:00 ] ERR: (ThinkException) 非法操作:kindeditor
[ 2017-12-06T22:08:32+08:00 ] ERR: (ThinkException) 非法操作:kindeditor
[ 2017-12-06T22:13:23+08:00 ] ERR: (ThinkException) 非法操作:kindeditor
[ 2017-12-06T22:14:41+08:00 ] ERR: (ThinkException) 非法操作:kindeditor
