[ 2017-11-30T09:01:57+08:00 ] ERR: (ThinkException) 模板不存在[./Home/Tpl/Login/verify.html]
[ 2017-11-30T09:11:05+08:00 ] ERR: (ThinkException) 非法操作:kindeditor
[ 2017-11-30T09:12:36+08:00 ] ERR: (ThinkException) 非法操作:kindeditor
[ 2017-11-30T13:34:18+08:00 ] ERR: (ThinkException) 非法操作:img
[ 2017-11-30T13:55:47+08:00 ] ERR: (ThinkException) 非法操作:img
[ 2017-11-30T13:56:51+08:00 ] ERR: (ThinkException) 非法操作:img
[ 2017-11-30T13:58:45+08:00 ] ERR: (ThinkException) 非法操作:img
[ 2017-11-30T13:58:49+08:00 ] ERR: (ThinkException) 非法操作:img
[ 2017-11-30T14:00:11+08:00 ] ERR: (ThinkException) 非法操作:img
[ 2017-11-30T14:00:26+08:00 ] ERR: (ThinkException) 非法操作:img
[ 2017-11-30T14:04:31+08:00 ] ERR: (ThinkException) 非法操作:img
[ 2017-11-30T14:06:17+08:00 ] ERR: (ThinkException) 非法操作:img
[ 2017-11-30T14:06:18+08:00 ] ERR: (ThinkException) 非法操作:img
[ 2017-11-30T14:06:40+08:00 ] ERR: (ThinkException) 非法操作:img
[ 2017-11-30T14:07:03+08:00 ] ERR: (ThinkException) 非法操作:img
[ 2017-11-30T14:08:15+08:00 ] ERR: (ThinkException) 非法操作:img
[ 2017-11-30T14:09:50+08:00 ] ERR: (ThinkException) 非法操作:img
[ 2017-11-30T14:11:07+08:00 ] ERR: (ThinkException) 非法操作:img
[ 2017-11-30T14:11:08+08:00 ] ERR: (ThinkException) 非法操作:img
[ 2017-11-30T14:11:18+08:00 ] ERR: (ThinkException) 非法操作:img
[ 2017-11-30T14:11:40+08:00 ] ERR: (ThinkException) 非法操作:img
[ 2017-11-30T14:12:10+08:00 ] ERR: (ThinkException) 非法操作:img
[ 2017-11-30T14:12:27+08:00 ] ERR: (ThinkException) 非法操作:img
[ 2017-11-30T14:12:28+08:00 ] ERR: (ThinkException) 非法操作:img
[ 2017-11-30T14:12:52+08:00 ] ERR: (ThinkException) 非法操作:img
[ 2017-11-30T14:12:53+08:00 ] ERR: (ThinkException) 非法操作:img
[ 2017-11-30T14:12:59+08:00 ] ERR: (ThinkException) 非法操作:img
[ 2017-11-30T14:13:47+08:00 ] ERR: (ThinkException) 非法操作:img
[ 2017-11-30T14:14:06+08:00 ] ERR: (ThinkException) 非法操作:img
[ 2017-11-30T14:14:19+08:00 ] ERR: (ThinkException) 非法操作:img
[ 2017-11-30T14:14:20+08:00 ] ERR: (ThinkException) 非法操作:img
[ 2017-11-30T14:14:40+08:00 ] ERR: (ThinkException) 非法操作:img
[ 2017-11-30T14:14:48+08:00 ] ERR: (ThinkException) 非法操作:img
[ 2017-11-30T14:15:16+08:00 ] ERR: (ThinkException) 非法操作:img
[ 2017-11-30T14:16:13+08:00 ] ERR: (ThinkException) 非法操作:img
[ 2017-11-30T14:16:36+08:00 ] ERR: (ThinkException) 非法操作:img
[ 2017-11-30T14:16:47+08:00 ] ERR: (ThinkException) 非法操作:img
[ 2017-11-30T14:17:51+08:00 ] ERR: (ThinkException) 非法操作:img
[ 2017-11-30T14:22:38+08:00 ] ERR: (ThinkException) 非法操作:img
[ 2017-11-30T14:32:51+08:00 ] 0.0.0.0 /myblog/index.php/Myback/blogupdate
INFO: [ app_begin ] --START--
INFO: Run ReadHtmlCache Behavior [ RunTime:0.004046s ]
INFO: [ app_begin ] --END-- [ RunTime:0.004647s ]
NOTIC: [8192] mysql_connect(): The mysql extension is deprecated and will be removed in the future: use mysqli or PDO instead E:\Application case\wamp\www\myblog\ThinkPHP\Lib\Driver\Db\DbMysql.class.php 第 55 行.
SQL: SHOW COLUMNS FROM `my_blog` [ RunTime:0.008048s ]
SQL: UPDATE `my_blog` SET `b_title`='44444448',`c_id`=80,`b_newtime`=1512023571 WHERE ( `b_id` = 34 ) [ RunTime:0.001554s ]

[ 2017-11-30T14:32:56+08:00 ] ERR: (ThinkException) 非法操作:img
[ 2017-11-30T14:33:59+08:00 ] ERR: (ThinkException) 非法操作:img
[ 2017-11-30T14:43:08+08:00 ] ERR: (ThinkException) 非法操作:img
[ 2017-11-30T14:44:54+08:00 ] ERR: (ThinkException) 非法操作:img
[ 2017-11-30T14:45:05+08:00 ] ERR: (ThinkException) 非法操作:img
[ 2017-11-30T15:02:23+08:00 ] ERR: (ThinkException) 非法操作:img
[ 2017-11-30T15:02:25+08:00 ] ERR: (ThinkException) 非法操作:img
[ 2017-11-30T15:03:30+08:00 ] ERR: (ThinkException) 非法操作:img
[ 2017-11-30T15:03:51+08:00 ] 0.0.0.0 /myblog/index.php/Myback/pinglunshenhearr
INFO: [ app_begin ] --START--
INFO: Run ReadHtmlCache Behavior [ RunTime:0.002716s ]
INFO: [ app_begin ] --END-- [ RunTime:0.003203s ]
NOTIC: [8192] mysql_connect(): The mysql extension is deprecated and will be removed in the future: use mysqli or PDO instead E:\Application case\wamp\www\myblog\ThinkPHP\Lib\Driver\Db\DbMysql.class.php 第 55 行.
SQL: SHOW COLUMNS FROM `my_pinglun` [ RunTime:0.007936s ]
SQL: UPDATE `my_pinglun` SET `p_shenhe`=1 WHERE ( `p_id` IN ('19','') ) [ RunTime:0.000700s ]

[ 2017-11-30T15:03:57+08:00 ] ERR: (ThinkException) 非法操作:img
[ 2017-11-30T15:05:04+08:00 ] ERR: (ThinkException) 非法操作:img
[ 2017-11-30T15:05:18+08:00 ] ERR: (ThinkException) 非法操作:img
[ 2017-11-30T15:05:20+08:00 ] ERR: (ThinkException) 非法操作:img
[ 2017-11-30T15:06:22+08:00 ] ERR: (ThinkException) 非法操作:img
[ 2017-11-30T15:06:23+08:00 ] ERR: (ThinkException) 非法操作:img
[ 2017-11-30T15:06:34+08:00 ] ERR: (ThinkException) 非法操作:img
[ 2017-11-30T15:08:39+08:00 ] ERR: (ThinkException) 非法操作:img
[ 2017-11-30T15:14:57+08:00 ] ERR: (ThinkException) 非法操作:img
[ 2017-11-30T15:14:59+08:00 ] ERR: (ThinkException) 非法操作:img
[ 2017-11-30T15:15:08+08:00 ] ERR: (ThinkException) 非法操作:img
[ 2017-11-30T15:15:09+08:00 ] ERR: (ThinkException) 非法操作:img
[ 2017-11-30T15:23:10+08:00 ] ERR: (ThinkException) 非法操作:img
[ 2017-11-30T15:23:28+08:00 ] ERR: (ThinkException) 非法操作:img
[ 2017-11-30T15:31:42+08:00 ] ERR: (ThinkException) 非法操作:img
[ 2017-11-30T15:32:52+08:00 ] ERR: (ThinkException) 非法操作:img
[ 2017-11-30T15:32:54+08:00 ] ERR: (ThinkException) 非法操作:img
[ 2017-11-30T15:33:14+08:00 ] ERR: (ThinkException) 非法操作:img
[ 2017-11-30T15:34:03+08:00 ] ERR: (ThinkException) 非法操作:img
[ 2017-11-30T15:39:35+08:00 ] ERR: (ThinkException) 非法操作:img
[ 2017-11-30T15:39:42+08:00 ] 0.0.0.0 /myblog/index.php/Index/inderpinglun
INFO: [ app_begin ] --START--
INFO: Run ReadHtmlCache Behavior [ RunTime:0.002434s ]
INFO: [ app_begin ] --END-- [ RunTime:0.002878s ]
NOTIC: [8192] mysql_connect(): The mysql extension is deprecated and will be removed in the future: use mysqli or PDO instead E:\Application case\wamp\www\myblog\ThinkPHP\Lib\Driver\Db\DbMysql.class.php 第 55 行.
SQL: SHOW COLUMNS FROM `my_pinglun` [ RunTime:0.007886s ]

[ 2017-11-30T15:40:17+08:00 ] ERR: (ThinkException) 非法操作:img
[ 2017-11-30T15:40:21+08:00 ] 0.0.0.0 /myblog/index.php/Index/inderpinglun
INFO: [ app_begin ] --START--
INFO: Run ReadHtmlCache Behavior [ RunTime:0.003723s ]
INFO: [ app_begin ] --END-- [ RunTime:0.004437s ]
NOTIC: [8192] mysql_connect(): The mysql extension is deprecated and will be removed in the future: use mysqli or PDO instead E:\Application case\wamp\www\myblog\ThinkPHP\Lib\Driver\Db\DbMysql.class.php 第 55 行.
SQL: SHOW COLUMNS FROM `my_pinglun` [ RunTime:0.007623s ]

[ 2017-11-30T15:41:07+08:00 ] ERR: (ThinkException) 模板不存在[./Home/Tpl/Login/verify.html]
[ 2017-11-30T15:41:14+08:00 ] 0.0.0.0 /myblog/index.php/Login/loginvalid
INFO: [ app_begin ] --START--
INFO: Run ReadHtmlCache Behavior [ RunTime:0.002727s ]
INFO: [ app_begin ] --END-- [ RunTime:0.003221s ]
NOTIC: [8192] mysql_connect(): The mysql extension is deprecated and will be removed in the future: use mysqli or PDO instead E:\Application case\wamp\www\myblog\ThinkPHP\Lib\Driver\Db\DbMysql.class.php 第 55 行.
SQL: SHOW COLUMNS FROM `my_user` [ RunTime:0.008356s ]
NOTIC: [8192] preg_replace(): The /e modifier is deprecated, use preg_replace_callback instead E:\Application case\wamp\www\myblog\ThinkPHP\Lib\Core\Db.class.php 第 568 行.
SQL: SELECT COUNT(*) AS tp_count FROM `my_user` WHERE ( user='1234' ) LIMIT 1   [ RunTime:0.000693s ]

[ 2017-11-30T15:41:21+08:00 ] 0.0.0.0 /myblog/index.php/Login/loginverify
INFO: [ app_begin ] --START--
INFO: Run ReadHtmlCache Behavior [ RunTime:0.003142s ]
INFO: [ app_begin ] --END-- [ RunTime:0.003638s ]

[ 2017-11-30T15:41:28+08:00 ] ERR: (ThinkException) 非法操作:img
[ 2017-11-30T15:41:35+08:00 ] 0.0.0.0 /myblog/index.php/Index/inderpinglun
INFO: [ app_begin ] --START--
INFO: Run ReadHtmlCache Behavior [ RunTime:0.002507s ]
INFO: [ app_begin ] --END-- [ RunTime:0.002958s ]
NOTIC: [8192] mysql_connect(): The mysql extension is deprecated and will be removed in the future: use mysqli or PDO instead E:\Application case\wamp\www\myblog\ThinkPHP\Lib\Driver\Db\DbMysql.class.php 第 55 行.
SQL: SHOW COLUMNS FROM `my_pinglun` [ RunTime:0.007378s ]

[ 2017-11-30T15:41:39+08:00 ] ERR: (ThinkException) 非法操作:img
[ 2017-11-30T15:53:00+08:00 ] ERR: (ThinkException) 非法操作:img
[ 2017-11-30T15:53:03+08:00 ] ERR: (ThinkException) 非法操作:img
[ 2017-11-30T15:53:09+08:00 ] ERR: (ThinkException) 非法操作:img
[ 2017-11-30T15:53:57+08:00 ] ERR: (ThinkException) 非法操作:img
[ 2017-11-30T15:54:55+08:00 ] ERR: (ThinkException) 非法操作:img
[ 2017-11-30T15:55:09+08:00 ] ERR: (ThinkException) 非法操作:img
[ 2017-11-30T15:56:17+08:00 ] ERR: (ThinkException) 非法操作:img
[ 2017-11-30T15:56:31+08:00 ] ERR: (ThinkException) 非法操作:img
[ 2017-11-30T15:57:51+08:00 ] ERR: (ThinkException) 非法操作:img
[ 2017-11-30T15:58:02+08:00 ] 0.0.0.0 /myblog/index.php/Index/inderpinglun
INFO: [ app_begin ] --START--
INFO: Run ReadHtmlCache Behavior [ RunTime:0.002418s ]
INFO: [ app_begin ] --END-- [ RunTime:0.002862s ]
NOTIC: [8192] mysql_connect(): The mysql extension is deprecated and will be removed in the future: use mysqli or PDO instead E:\Application case\wamp\www\myblog\ThinkPHP\Lib\Driver\Db\DbMysql.class.php 第 55 行.
SQL: SHOW COLUMNS FROM `my_pinglun` [ RunTime:0.007085s ]
SQL: INSERT INTO `my_pinglun` (`b_id`,`id`,`p_content`,`p_pubtime`) VALUES (34,11,'44444444444444',1512028682) [ RunTime:0.000566s ]

[ 2017-11-30T15:58:03+08:00 ] ERR: (ThinkException) 非法操作:img
[ 2017-11-30T15:58:17+08:00 ] ERR: (ThinkException) 模板不存在[./Home/Tpl/Login/verify.html]
[ 2017-11-30T16:00:40+08:00 ] ERR: (ThinkException) 非法操作:img
[ 2017-11-30T16:00:42+08:00 ] ERR: (ThinkException) 非法操作:img
[ 2017-11-30T16:00:43+08:00 ] ERR: (ThinkException) 非法操作:img
[ 2017-11-30T16:01:20+08:00 ] ERR: (ThinkException) 非法操作:img
[ 2017-11-30T16:01:21+08:00 ] ERR: (ThinkException) 非法操作:img
[ 2017-11-30T16:01:39+08:00 ] ERR: (ThinkException) 非法操作:img
[ 2017-11-30T16:01:40+08:00 ] ERR: (ThinkException) 非法操作:img
[ 2017-11-30T16:01:41+08:00 ] ERR: (ThinkException) 非法操作:img
[ 2017-11-30T16:02:13+08:00 ] ERR: (ThinkException) 非法操作:img
[ 2017-11-30T16:02:14+08:00 ] ERR: (ThinkException) 非法操作:img
[ 2017-11-30T16:03:35+08:00 ] ERR: (ThinkException) 非法操作:img
[ 2017-11-30T16:04:50+08:00 ] ERR: (ThinkException) 非法操作:img
[ 2017-11-30T16:09:54+08:00 ] ERR: (ThinkException) 非法操作:img
[ 2017-11-30T16:09:55+08:00 ] ERR: (ThinkException) 非法操作:img
[ 2017-11-30T16:10:11+08:00 ] ERR: (ThinkException) 非法操作:img
[ 2017-11-30T16:10:12+08:00 ] ERR: (ThinkException) 非法操作:img
[ 2017-11-30T16:10:33+08:00 ] ERR: (ThinkException) 非法操作:img
[ 2017-11-30T16:10:38+08:00 ] ERR: (ThinkException) 非法操作:img
[ 2017-11-30T16:11:49+08:00 ] ERR: (ThinkException) 非法操作:img
[ 2017-11-30T16:12:24+08:00 ] ERR: (ThinkException) 非法操作:img
[ 2017-11-30T16:12:26+08:00 ] ERR: (ThinkException) 非法操作:img
[ 2017-11-30T16:12:58+08:00 ] ERR: (ThinkException) 非法操作:img
[ 2017-11-30T16:12:59+08:00 ] ERR: (ThinkException) 非法操作:img
[ 2017-11-30T16:13:18+08:00 ] ERR: (ThinkException) 非法操作:img
[ 2017-11-30T16:15:16+08:00 ] ERR: (ThinkException) 非法操作:img
[ 2017-11-30T16:15:31+08:00 ] ERR: (ThinkException) 非法操作:img
[ 2017-11-30T16:15:50+08:00 ] ERR: (ThinkException) 非法操作:img
[ 2017-11-30T16:17:23+08:00 ] ERR: (ThinkException) 非法操作:img
[ 2017-11-30T16:18:30+08:00 ] ERR: (ThinkException) 非法操作:img
[ 2017-11-30T16:18:33+08:00 ] ERR: (ThinkException) 非法操作:img
[ 2017-11-30T16:18:48+08:00 ] 0.0.0.0 /myblog/index.php/Index/inderpinglun
INFO: [ app_begin ] --START--
INFO: Run ReadHtmlCache Behavior [ RunTime:0.002333s ]
INFO: [ app_begin ] --END-- [ RunTime:0.002780s ]
NOTIC: [8192] mysql_connect(): The mysql extension is deprecated and will be removed in the future: use mysqli or PDO instead E:\Application case\wamp\www\myblog\ThinkPHP\Lib\Driver\Db\DbMysql.class.php 第 55 行.
SQL: SHOW COLUMNS FROM `my_pinglun` [ RunTime:0.007636s ]
SQL: INSERT INTO `my_pinglun` (`b_id`,`id`,`p_content`,`p_pubtime`) VALUES (39,11,'柔柔弱弱r\'r\'r\'r',1512029928) [ RunTime:0.000573s ]

[ 2017-11-30T16:18:50+08:00 ] ERR: (ThinkException) 非法操作:img
[ 2017-11-30T16:19:24+08:00 ] ERR: (ThinkException) 非法操作:img
[ 2017-11-30T16:28:59+08:00 ] ERR: (ThinkException) 非法操作:img
[ 2017-11-30T16:29:44+08:00 ] ERR: (ThinkException) 非法操作:kindeditor
[ 2017-11-30T16:30:05+08:00 ] ERR: (ThinkException) 非法操作:img
[ 2017-11-30T16:33:21+08:00 ] ERR: (ThinkException) 非法操作:img
[ 2017-11-30T16:36:02+08:00 ] ERR: (ThinkException) 非法操作:img
[ 2017-11-30T16:39:20+08:00 ] ERR: (ThinkException) 非法操作:img
[ 2017-11-30T16:40:05+08:00 ] ERR: (ThinkException) 非法操作:img
[ 2017-11-30T16:41:54+08:00 ] ERR: (ThinkException) 非法操作:img
[ 2017-11-30T16:42:23+08:00 ] ERR: (ThinkException) 非法操作:img
[ 2017-11-30T16:42:26+08:00 ] ERR: (ThinkException) 非法操作:img
[ 2017-11-30T16:42:29+08:00 ] ERR: (ThinkException) 非法操作:img
[ 2017-11-30T16:42:30+08:00 ] ERR: (ThinkException) 非法操作:img
[ 2017-11-30T16:42:32+08:00 ] ERR: (ThinkException) 非法操作:img
[ 2017-11-30T16:42:33+08:00 ] ERR: (ThinkException) 非法操作:img
[ 2017-11-30T16:42:34+08:00 ] ERR: (ThinkException) 非法操作:img
[ 2017-11-30T16:42:35+08:00 ] ERR: (ThinkException) 非法操作:img
[ 2017-11-30T16:43:14+08:00 ] ERR: (ThinkException) 非法操作:img
[ 2017-11-30T16:50:27+08:00 ] ERR: (ThinkException) 非法操作:img
[ 2017-11-30T16:50:29+08:00 ] ERR: (ThinkException) 非法操作:img
[ 2017-11-30T16:50:42+08:00 ] ERR: (ThinkException) 非法操作:img
[ 2017-11-30T16:51:08+08:00 ] ERR: (ThinkException) 非法操作:img
[ 2017-11-30T16:51:43+08:00 ] ERR: (ThinkException) 非法操作:img
[ 2017-11-30T16:52:36+08:00 ] ERR: (ThinkException) 非法操作:img
[ 2017-11-30T16:53:40+08:00 ] ERR: (ThinkException) 非法操作:kindeditor
[ 2017-11-30T16:53:50+08:00 ] ERR: (ThinkException) 非法操作:img
[ 2017-11-30T16:53:57+08:00 ] ERR: (ThinkException) 非法操作:img
[ 2017-11-30T16:54:08+08:00 ] ERR: (ThinkException) 非法操作:img
[ 2017-11-30T16:55:20+08:00 ] ERR: (ThinkException) 非法操作:img
[ 2017-11-30T16:58:10+08:00 ] ERR: (ThinkException) 非法操作:img
