[ 2017-12-03T19:10:05+08:00 ] ERR: (ThinkException) 非法操作:img
[ 2017-12-03T19:10:16+08:00 ] ERR: (ThinkException) 非法操作:img
[ 2017-12-03T19:10:23+08:00 ] ERR: (ThinkException) 非法操作:img
[ 2017-12-03T19:10:27+08:00 ] ERR: (ThinkException) 非法操作:img
[ 2017-12-03T19:11:05+08:00 ] ERR: (ThinkException) 非法操作:img
[ 2017-12-03T19:18:02+08:00 ] ERR: (ThinkException) 非法操作:img
[ 2017-12-03T19:18:08+08:00 ] ERR: (ThinkException) 非法操作:img
[ 2017-12-03T19:18:33+08:00 ] ERR: (ThinkException) 非法操作:img
[ 2017-12-03T19:18:36+08:00 ] ERR: (ThinkException) 模板不存在[./Home/Tpl/Login/verify.html]
[ 2017-12-03T19:18:42+08:00 ] 0.0.0.0 /myblog/index.php/Login/loginvalid
INFO: [ app_begin ] --START--
INFO: Run ReadHtmlCache Behavior [ RunTime:0.002808s ]
INFO: [ app_begin ] --END-- [ RunTime:0.003287s ]
NOTIC: [8192] mysql_connect(): The mysql extension is deprecated and will be removed in the future: use mysqli or PDO instead E:\Application case\wamp\www\myblog\ThinkPHP\Lib\Driver\Db\DbMysql.class.php 第 55 行.
SQL: SHOW COLUMNS FROM `my_user` [ RunTime:0.014181s ]
NOTIC: [8192] preg_replace(): The /e modifier is deprecated, use preg_replace_callback instead E:\Application case\wamp\www\myblog\ThinkPHP\Lib\Core\Db.class.php 第 568 行.
SQL: SELECT COUNT(*) AS tp_count FROM `my_user` WHERE ( user='1234' ) LIMIT 1   [ RunTime:0.000792s ]

[ 2017-12-03T19:18:48+08:00 ] 0.0.0.0 /myblog/index.php/Login/loginverify
INFO: [ app_begin ] --START--
INFO: Run ReadHtmlCache Behavior [ RunTime:0.002523s ]
INFO: [ app_begin ] --END-- [ RunTime:0.002963s ]

[ 2017-12-03T19:18:52+08:00 ] ERR: (ThinkException) 模板不存在[./Home/Tpl/Login/verify.html]
[ 2017-12-03T19:19:00+08:00 ] 0.0.0.0 /myblog/index.php/Login/loginvalid
INFO: [ app_begin ] --START--
INFO: Run ReadHtmlCache Behavior [ RunTime:0.002632s ]
INFO: [ app_begin ] --END-- [ RunTime:0.003114s ]
NOTIC: [8192] mysql_connect(): The mysql extension is deprecated and will be removed in the future: use mysqli or PDO instead E:\Application case\wamp\www\myblog\ThinkPHP\Lib\Driver\Db\DbMysql.class.php 第 55 行.
SQL: SHOW COLUMNS FROM `my_user` [ RunTime:0.008798s ]
NOTIC: [8192] preg_replace(): The /e modifier is deprecated, use preg_replace_callback instead E:\Application case\wamp\www\myblog\ThinkPHP\Lib\Core\Db.class.php 第 568 行.
SQL: SELECT COUNT(*) AS tp_count FROM `my_user` WHERE ( user='123' ) LIMIT 1   [ RunTime:0.000804s ]

[ 2017-12-03T19:19:07+08:00 ] 0.0.0.0 /myblog/index.php/Login/loginverify
INFO: [ app_begin ] --START--
INFO: Run ReadHtmlCache Behavior [ RunTime:0.002635s ]
INFO: [ app_begin ] --END-- [ RunTime:0.003183s ]

[ 2017-12-03T19:19:07+08:00 ] 0.0.0.0 /myblog/index.php/Login/loginverify
INFO: [ app_begin ] --START--
INFO: Run ReadHtmlCache Behavior [ RunTime:0.002294s ]
INFO: [ app_begin ] --END-- [ RunTime:0.002729s ]

[ 2017-12-03T19:19:08+08:00 ] 0.0.0.0 /myblog/index.php/Login/loginverify
INFO: [ app_begin ] --START--
INFO: Run ReadHtmlCache Behavior [ RunTime:0.002338s ]
INFO: [ app_begin ] --END-- [ RunTime:0.002775s ]

[ 2017-12-03T19:19:08+08:00 ] 0.0.0.0 /myblog/index.php/Login/loginverify
INFO: [ app_begin ] --START--
INFO: Run ReadHtmlCache Behavior [ RunTime:0.002276s ]
INFO: [ app_begin ] --END-- [ RunTime:0.002710s ]

[ 2017-12-03T19:19:13+08:00 ] ERR: (ThinkException) 模板不存在[./Home/Tpl/Login/verify.html]
[ 2017-12-03T19:20:54+08:00 ] 0.0.0.0 /myblog/index.php/Login/loginvalid
INFO: [ app_begin ] --START--
INFO: Run ReadHtmlCache Behavior [ RunTime:0.002674s ]
INFO: [ app_begin ] --END-- [ RunTime:0.003130s ]
NOTIC: [8192] mysql_connect(): The mysql extension is deprecated and will be removed in the future: use mysqli or PDO instead E:\Application case\wamp\www\myblog\ThinkPHP\Lib\Driver\Db\DbMysql.class.php 第 55 行.
SQL: SHOW COLUMNS FROM `my_user` [ RunTime:0.009678s ]
NOTIC: [8192] preg_replace(): The /e modifier is deprecated, use preg_replace_callback instead E:\Application case\wamp\www\myblog\ThinkPHP\Lib\Core\Db.class.php 第 568 行.
SQL: SELECT COUNT(*) AS tp_count FROM `my_user` WHERE ( user='1' ) LIMIT 1   [ RunTime:0.000688s ]

[ 2017-12-03T19:20:55+08:00 ] 0.0.0.0 /myblog/index.php/Login/loginvalid
INFO: [ app_begin ] --START--
INFO: Run ReadHtmlCache Behavior [ RunTime:0.002383s ]
INFO: [ app_begin ] --END-- [ RunTime:0.002820s ]
NOTIC: [8192] mysql_connect(): The mysql extension is deprecated and will be removed in the future: use mysqli or PDO instead E:\Application case\wamp\www\myblog\ThinkPHP\Lib\Driver\Db\DbMysql.class.php 第 55 行.
SQL: SHOW COLUMNS FROM `my_user` [ RunTime:0.007446s ]
NOTIC: [8192] preg_replace(): The /e modifier is deprecated, use preg_replace_callback instead E:\Application case\wamp\www\myblog\ThinkPHP\Lib\Core\Db.class.php 第 568 行.
SQL: SELECT COUNT(*) AS tp_count FROM `my_user` WHERE ( user='12' ) LIMIT 1   [ RunTime:0.000567s ]

[ 2017-12-03T19:20:55+08:00 ] 0.0.0.0 /myblog/index.php/Login/loginvalid
INFO: [ app_begin ] --START--
INFO: Run ReadHtmlCache Behavior [ RunTime:0.003216s ]
INFO: [ app_begin ] --END-- [ RunTime:0.003806s ]
NOTIC: [8192] mysql_connect(): The mysql extension is deprecated and will be removed in the future: use mysqli or PDO instead E:\Application case\wamp\www\myblog\ThinkPHP\Lib\Driver\Db\DbMysql.class.php 第 55 行.
SQL: SHOW COLUMNS FROM `my_user` [ RunTime:0.007940s ]
NOTIC: [8192] preg_replace(): The /e modifier is deprecated, use preg_replace_callback instead E:\Application case\wamp\www\myblog\ThinkPHP\Lib\Core\Db.class.php 第 568 行.
SQL: SELECT COUNT(*) AS tp_count FROM `my_user` WHERE ( user='123' ) LIMIT 1   [ RunTime:0.000683s ]

[ 2017-12-03T19:20:55+08:00 ] 0.0.0.0 /myblog/index.php/Login/loginvalid
INFO: [ app_begin ] --START--
INFO: Run ReadHtmlCache Behavior [ RunTime:0.003476s ]
INFO: [ app_begin ] --END-- [ RunTime:0.004110s ]
NOTIC: [8192] mysql_connect(): The mysql extension is deprecated and will be removed in the future: use mysqli or PDO instead E:\Application case\wamp\www\myblog\ThinkPHP\Lib\Driver\Db\DbMysql.class.php 第 55 行.
SQL: SHOW COLUMNS FROM `my_user` [ RunTime:0.007065s ]
NOTIC: [8192] preg_replace(): The /e modifier is deprecated, use preg_replace_callback instead E:\Application case\wamp\www\myblog\ThinkPHP\Lib\Core\Db.class.php 第 568 行.
SQL: SELECT COUNT(*) AS tp_count FROM `my_user` WHERE ( user='1234' ) LIMIT 1   [ RunTime:0.000617s ]

[ 2017-12-03T19:20:55+08:00 ] 0.0.0.0 /myblog/index.php/Login/loginvalid
INFO: [ app_begin ] --START--
INFO: Run ReadHtmlCache Behavior [ RunTime:0.003888s ]
INFO: [ app_begin ] --END-- [ RunTime:0.004600s ]
NOTIC: [8192] mysql_connect(): The mysql extension is deprecated and will be removed in the future: use mysqli or PDO instead E:\Application case\wamp\www\myblog\ThinkPHP\Lib\Driver\Db\DbMysql.class.php 第 55 行.
SQL: SHOW COLUMNS FROM `my_user` [ RunTime:0.007408s ]
NOTIC: [8192] preg_replace(): The /e modifier is deprecated, use preg_replace_callback instead E:\Application case\wamp\www\myblog\ThinkPHP\Lib\Core\Db.class.php 第 568 行.
SQL: SELECT COUNT(*) AS tp_count FROM `my_user` WHERE ( user='12345' ) LIMIT 1   [ RunTime:0.000619s ]

[ 2017-12-03T19:20:58+08:00 ] 0.0.0.0 /myblog/index.php/Login/loginvalid
INFO: [ app_begin ] --START--
INFO: Run ReadHtmlCache Behavior [ RunTime:0.002886s ]
INFO: [ app_begin ] --END-- [ RunTime:0.003413s ]
NOTIC: [8192] mysql_connect(): The mysql extension is deprecated and will be removed in the future: use mysqli or PDO instead E:\Application case\wamp\www\myblog\ThinkPHP\Lib\Driver\Db\DbMysql.class.php 第 55 行.
SQL: SHOW COLUMNS FROM `my_user` [ RunTime:0.007847s ]
NOTIC: [8192] preg_replace(): The /e modifier is deprecated, use preg_replace_callback instead E:\Application case\wamp\www\myblog\ThinkPHP\Lib\Core\Db.class.php 第 568 行.
SQL: SELECT COUNT(*) AS tp_count FROM `my_user` WHERE ( user='1234' ) LIMIT 1   [ RunTime:0.000640s ]

[ 2017-12-03T19:21:07+08:00 ] 0.0.0.0 /myblog/index.php/Login/loginverify
INFO: [ app_begin ] --START--
INFO: Run ReadHtmlCache Behavior [ RunTime:0.002381s ]
INFO: [ app_begin ] --END-- [ RunTime:0.002816s ]

[ 2017-12-03T19:21:10+08:00 ] ERR: (ThinkException) 模板不存在[./Home/Tpl/Login/verify.html]
[ 2017-12-03T19:21:15+08:00 ] 0.0.0.0 /myblog/index.php/Login/loginvalid
INFO: [ app_begin ] --START--
INFO: Run ReadHtmlCache Behavior [ RunTime:0.003214s ]
INFO: [ app_begin ] --END-- [ RunTime:0.003746s ]
NOTIC: [8192] mysql_connect(): The mysql extension is deprecated and will be removed in the future: use mysqli or PDO instead E:\Application case\wamp\www\myblog\ThinkPHP\Lib\Driver\Db\DbMysql.class.php 第 55 行.
SQL: SHOW COLUMNS FROM `my_user` [ RunTime:0.008856s ]
NOTIC: [8192] preg_replace(): The /e modifier is deprecated, use preg_replace_callback instead E:\Application case\wamp\www\myblog\ThinkPHP\Lib\Core\Db.class.php 第 568 行.
SQL: SELECT COUNT(*) AS tp_count FROM `my_user` WHERE ( user='1234' ) LIMIT 1   [ RunTime:0.000673s ]

[ 2017-12-03T19:21:25+08:00 ] 0.0.0.0 /myblog/index.php/Login/loginverify
INFO: [ app_begin ] --START--
INFO: Run ReadHtmlCache Behavior [ RunTime:0.002703s ]
INFO: [ app_begin ] --END-- [ RunTime:0.003163s ]

[ 2017-12-03T19:21:30+08:00 ] ERR: (ThinkException) 非法操作:img
[ 2017-12-03T19:21:38+08:00 ] ERR: (ThinkException) 非法操作:img
[ 2017-12-03T20:27:49+08:00 ] ERR: (ThinkException) 模板不存在[./Home/Tpl/Login/verify.html]
[ 2017-12-03T20:27:53+08:00 ] 0.0.0.0 /myblog/index.php/Login/loginvalid
INFO: [ app_begin ] --START--
INFO: Run ReadHtmlCache Behavior [ RunTime:0.003603s ]
INFO: [ app_begin ] --END-- [ RunTime:0.004133s ]
NOTIC: [8192] mysql_connect(): The mysql extension is deprecated and will be removed in the future: use mysqli or PDO instead E:\Application case\wamp\www\myblog\ThinkPHP\Lib\Driver\Db\DbMysql.class.php 第 55 行.
SQL: SHOW COLUMNS FROM `my_user` [ RunTime:0.010366s ]
NOTIC: [8192] preg_replace(): The /e modifier is deprecated, use preg_replace_callback instead E:\Application case\wamp\www\myblog\ThinkPHP\Lib\Core\Db.class.php 第 568 行.
SQL: SELECT COUNT(*) AS tp_count FROM `my_user` WHERE ( user='1234' ) LIMIT 1   [ RunTime:0.000699s ]

[ 2017-12-03T20:28:01+08:00 ] 0.0.0.0 /myblog/index.php/Login/loginverify
INFO: [ app_begin ] --START--
INFO: Run ReadHtmlCache Behavior [ RunTime:0.003123s ]
INFO: [ app_begin ] --END-- [ RunTime:0.003635s ]

[ 2017-12-03T20:28:09+08:00 ] ERR: (ThinkException) 非法操作:img
[ 2017-12-03T20:28:23+08:00 ] 0.0.0.0 /myblog/index.php/Index/inderpinglun
INFO: [ app_begin ] --START--
INFO: Run ReadHtmlCache Behavior [ RunTime:0.003098s ]
INFO: [ app_begin ] --END-- [ RunTime:0.003721s ]
NOTIC: [8192] mysql_connect(): The mysql extension is deprecated and will be removed in the future: use mysqli or PDO instead E:\Application case\wamp\www\myblog\ThinkPHP\Lib\Driver\Db\DbMysql.class.php 第 55 行.
SQL: SHOW COLUMNS FROM `my_pinglun` [ RunTime:0.007848s ]
SQL: INSERT INTO `my_pinglun` (`b_id`,`id`,`p_content`,`p_pubtime`) VALUES (34,11,'帆帆帆帆帆帆',1512304103) [ RunTime:0.000577s ]

[ 2017-12-03T20:28:25+08:00 ] ERR: (ThinkException) 非法操作:img
[ 2017-12-03T20:28:46+08:00 ] 0.0.0.0 /myblog/index.php/Myback/pinglunshenhearr
INFO: [ app_begin ] --START--
INFO: Run ReadHtmlCache Behavior [ RunTime:0.002752s ]
INFO: [ app_begin ] --END-- [ RunTime:0.003266s ]
NOTIC: [8192] mysql_connect(): The mysql extension is deprecated and will be removed in the future: use mysqli or PDO instead E:\Application case\wamp\www\myblog\ThinkPHP\Lib\Driver\Db\DbMysql.class.php 第 55 行.
SQL: SHOW COLUMNS FROM `my_pinglun` [ RunTime:0.008391s ]
SQL: UPDATE `my_pinglun` SET `p_shenhe`=1 WHERE ( `p_id` IN ('23','') ) [ RunTime:0.001284s ]

[ 2017-12-03T20:28:50+08:00 ] ERR: (ThinkException) 非法操作:img
[ 2017-12-03T21:15:53+08:00 ] ERR: (ThinkException) 非法操作:img
[ 2017-12-03T21:16:00+08:00 ] 0.0.0.0 /myblog/index.php/Index/inderpinglun
INFO: [ app_begin ] --START--
INFO: Run ReadHtmlCache Behavior [ RunTime:0.003086s ]
INFO: [ app_begin ] --END-- [ RunTime:0.003623s ]
NOTIC: [8192] mysql_connect(): The mysql extension is deprecated and will be removed in the future: use mysqli or PDO instead E:\Application case\wamp\www\myblog\ThinkPHP\Lib\Driver\Db\DbMysql.class.php 第 55 行.
SQL: SHOW COLUMNS FROM `my_pinglun` [ RunTime:0.009626s ]
SQL: INSERT INTO `my_pinglun` (`b_id`,`id`,`p_content`,`p_pubtime`) VALUES (34,11,'546546',1512306960) [ RunTime:0.000723s ]

[ 2017-12-03T21:16:02+08:00 ] ERR: (ThinkException) 非法操作:img
[ 2017-12-03T21:16:16+08:00 ] ERR: (ThinkException) 模板不存在[./Home/Tpl/Login/verify.html]
[ 2017-12-03T21:16:32+08:00 ] 0.0.0.0 /myblog/index.php/Login/loginvalid
INFO: [ app_begin ] --START--
INFO: Run ReadHtmlCache Behavior [ RunTime:0.003290s ]
INFO: [ app_begin ] --END-- [ RunTime:0.004130s ]
NOTIC: [8192] mysql_connect(): The mysql extension is deprecated and will be removed in the future: use mysqli or PDO instead E:\Application case\wamp\www\myblog\ThinkPHP\Lib\Driver\Db\DbMysql.class.php 第 55 行.
SQL: SHOW COLUMNS FROM `my_user` [ RunTime:0.013110s ]
NOTIC: [8192] preg_replace(): The /e modifier is deprecated, use preg_replace_callback instead E:\Application case\wamp\www\myblog\ThinkPHP\Lib\Core\Db.class.php 第 568 行.
SQL: SELECT COUNT(*) AS tp_count FROM `my_user` WHERE ( user='管理员' ) LIMIT 1   [ RunTime:0.000986s ]

[ 2017-12-03T21:19:14+08:00 ] ERR: (ThinkException) 非法操作:img
[ 2017-12-03T21:19:28+08:00 ] ERR: (ThinkException) 模板不存在[./Home/Tpl/Login/verify.html]
[ 2017-12-03T21:22:06+08:00 ] 0.0.0.0 /myblog/index.php/Login/loginvalid
INFO: [ app_begin ] --START--
INFO: Run ReadHtmlCache Behavior [ RunTime:0.003092s ]
INFO: [ app_begin ] --END-- [ RunTime:0.004127s ]
NOTIC: [8192] mysql_connect(): The mysql extension is deprecated and will be removed in the future: use mysqli or PDO instead E:\Application case\wamp\www\myblog\ThinkPHP\Lib\Driver\Db\DbMysql.class.php 第 55 行.
SQL: SHOW COLUMNS FROM `my_user` [ RunTime:0.009489s ]
NOTIC: [8192] preg_replace(): The /e modifier is deprecated, use preg_replace_callback instead E:\Application case\wamp\www\myblog\ThinkPHP\Lib\Core\Db.class.php 第 568 行.
SQL: SELECT COUNT(*) AS tp_count FROM `my_user` WHERE ( user='1' ) LIMIT 1   [ RunTime:0.000742s ]

[ 2017-12-03T21:22:07+08:00 ] 0.0.0.0 /myblog/index.php/Login/loginvalid
INFO: [ app_begin ] --START--
INFO: Run ReadHtmlCache Behavior [ RunTime:0.003729s ]
INFO: [ app_begin ] --END-- [ RunTime:0.004358s ]
NOTIC: [8192] mysql_connect(): The mysql extension is deprecated and will be removed in the future: use mysqli or PDO instead E:\Application case\wamp\www\myblog\ThinkPHP\Lib\Driver\Db\DbMysql.class.php 第 55 行.
SQL: SHOW COLUMNS FROM `my_user` [ RunTime:0.009283s ]
NOTIC: [8192] preg_replace(): The /e modifier is deprecated, use preg_replace_callback instead E:\Application case\wamp\www\myblog\ThinkPHP\Lib\Core\Db.class.php 第 568 行.
SQL: SELECT COUNT(*) AS tp_count FROM `my_user` WHERE ( user='12' ) LIMIT 1   [ RunTime:0.000814s ]

[ 2017-12-03T21:22:07+08:00 ] 0.0.0.0 /myblog/index.php/Login/loginvalid
INFO: [ app_begin ] --START--
INFO: Run ReadHtmlCache Behavior [ RunTime:0.002624s ]
INFO: [ app_begin ] --END-- [ RunTime:0.003085s ]
NOTIC: [8192] mysql_connect(): The mysql extension is deprecated and will be removed in the future: use mysqli or PDO instead E:\Application case\wamp\www\myblog\ThinkPHP\Lib\Driver\Db\DbMysql.class.php 第 55 行.
SQL: SHOW COLUMNS FROM `my_user` [ RunTime:0.008341s ]
NOTIC: [8192] preg_replace(): The /e modifier is deprecated, use preg_replace_callback instead E:\Application case\wamp\www\myblog\ThinkPHP\Lib\Core\Db.class.php 第 568 行.
SQL: SELECT COUNT(*) AS tp_count FROM `my_user` WHERE ( user='123' ) LIMIT 1   [ RunTime:0.000702s ]

[ 2017-12-03T21:22:07+08:00 ] 0.0.0.0 /myblog/index.php/Login/loginvalid
INFO: [ app_begin ] --START--
INFO: Run ReadHtmlCache Behavior [ RunTime:0.003461s ]
INFO: [ app_begin ] --END-- [ RunTime:0.003955s ]
NOTIC: [8192] mysql_connect(): The mysql extension is deprecated and will be removed in the future: use mysqli or PDO instead E:\Application case\wamp\www\myblog\ThinkPHP\Lib\Driver\Db\DbMysql.class.php 第 55 行.
SQL: SHOW COLUMNS FROM `my_user` [ RunTime:0.008005s ]
NOTIC: [8192] preg_replace(): The /e modifier is deprecated, use preg_replace_callback instead E:\Application case\wamp\www\myblog\ThinkPHP\Lib\Core\Db.class.php 第 568 行.
SQL: SELECT COUNT(*) AS tp_count FROM `my_user` WHERE ( user='1234' ) LIMIT 1   [ RunTime:0.001348s ]

[ 2017-12-03T21:22:20+08:00 ] 0.0.0.0 /myblog/index.php/Login/loginverify
INFO: [ app_begin ] --START--
INFO: Run ReadHtmlCache Behavior [ RunTime:0.002594s ]
INFO: [ app_begin ] --END-- [ RunTime:0.003049s ]

[ 2017-12-03T21:27:29+08:00 ] ERR: (ThinkException) 模板不存在[./Home/Tpl/Login/verify.html]
[ 2017-12-03T21:33:23+08:00 ] ERR: (ThinkException) XML标签语法错误 : condition="{$Think.session.username} EQ """
[ 2017-12-03T21:33:23+08:00 ] ERR: (ThinkException) 非法操作:__PUBLIC__
[ 2017-12-03T21:33:23+08:00 ] ERR: (ThinkException) 非法操作:__PUBLIC__
[ 2017-12-03T21:33:23+08:00 ] ERR: (ThinkException) 非法操作:__PUBLIC__
[ 2017-12-03T21:33:23+08:00 ] ERR: (ThinkException) 非法操作:__PUBLIC__
[ 2017-12-03T21:33:23+08:00 ] ERR: (ThinkException) 非法操作:__PUBLIC__
[ 2017-12-03T21:33:23+08:00 ] ERR: (ThinkException) 非法操作:__PUBLIC__
[ 2017-12-03T21:33:23+08:00 ] ERR: (ThinkException) 非法操作:__PUBLIC__
[ 2017-12-03T21:33:23+08:00 ] ERR: (ThinkException) 非法操作:__PUBLIC__
[ 2017-12-03T21:33:23+08:00 ] ERR: (ThinkException) 非法操作:__PUBLIC__
[ 2017-12-03T21:33:24+08:00 ] ERR: (ThinkException) 非法操作:__PUBLIC__
[ 2017-12-03T21:33:24+08:00 ] ERR: (ThinkException) 非法操作:__PUBLIC__
[ 2017-12-03T21:33:24+08:00 ] ERR: (ThinkException) 非法操作:__PUBLIC__
[ 2017-12-03T21:33:24+08:00 ] ERR: (ThinkException) 非法操作:__PUBLIC__
[ 2017-12-03T21:33:24+08:00 ] ERR: (ThinkException) 非法操作:__PUBLIC__
[ 2017-12-03T21:33:24+08:00 ] ERR: (ThinkException) 非法操作:__PUBLIC__
[ 2017-12-03T21:33:24+08:00 ] ERR: (ThinkException) 非法操作:__PUBLIC__
[ 2017-12-03T21:33:24+08:00 ] ERR: (ThinkException) 非法操作:__PUBLIC__
[ 2017-12-03T21:33:24+08:00 ] ERR: (ThinkException) 非法操作:__PUBLIC__
[ 2017-12-03T21:33:24+08:00 ] ERR: (ThinkException) 非法操作:__PUBLIC__
[ 2017-12-03T21:33:24+08:00 ] ERR: (ThinkException) 非法操作:__PUBLIC__
[ 2017-12-03T21:48:50+08:00 ] ERR: (ThinkException) 模板不存在[./Home/Tpl/Login/verify.html]
[ 2017-12-03T21:52:55+08:00 ] 0.0.0.0 /myblog/index.php/Login/loginvalid
INFO: [ app_begin ] --START--
INFO: Run ReadHtmlCache Behavior [ RunTime:0.002590s ]
INFO: [ app_begin ] --END-- [ RunTime:0.003055s ]
NOTIC: [8192] mysql_connect(): The mysql extension is deprecated and will be removed in the future: use mysqli or PDO instead E:\Application case\wamp\www\myblog\ThinkPHP\Lib\Driver\Db\DbMysql.class.php 第 55 行.
SQL: SHOW COLUMNS FROM `my_user` [ RunTime:0.008165s ]
NOTIC: [8192] preg_replace(): The /e modifier is deprecated, use preg_replace_callback instead E:\Application case\wamp\www\myblog\ThinkPHP\Lib\Core\Db.class.php 第 568 行.
SQL: SELECT COUNT(*) AS tp_count FROM `my_user` WHERE ( user='1' ) LIMIT 1   [ RunTime:0.000647s ]

[ 2017-12-03T21:52:56+08:00 ] 0.0.0.0 /myblog/index.php/Login/loginvalid
INFO: [ app_begin ] --START--
INFO: Run ReadHtmlCache Behavior [ RunTime:0.002678s ]
INFO: [ app_begin ] --END-- [ RunTime:0.003210s ]
NOTIC: [8192] mysql_connect(): The mysql extension is deprecated and will be removed in the future: use mysqli or PDO instead E:\Application case\wamp\www\myblog\ThinkPHP\Lib\Driver\Db\DbMysql.class.php 第 55 行.
SQL: SHOW COLUMNS FROM `my_user` [ RunTime:0.008719s ]
NOTIC: [8192] preg_replace(): The /e modifier is deprecated, use preg_replace_callback instead E:\Application case\wamp\www\myblog\ThinkPHP\Lib\Core\Db.class.php 第 568 行.
SQL: SELECT COUNT(*) AS tp_count FROM `my_user` WHERE ( user='12' ) LIMIT 1   [ RunTime:0.000657s ]

[ 2017-12-03T21:52:56+08:00 ] 0.0.0.0 /myblog/index.php/Login/loginvalid
INFO: [ app_begin ] --START--
INFO: Run ReadHtmlCache Behavior [ RunTime:0.002472s ]
INFO: [ app_begin ] --END-- [ RunTime:0.002934s ]
NOTIC: [8192] mysql_connect(): The mysql extension is deprecated and will be removed in the future: use mysqli or PDO instead E:\Application case\wamp\www\myblog\ThinkPHP\Lib\Driver\Db\DbMysql.class.php 第 55 行.
SQL: SHOW COLUMNS FROM `my_user` [ RunTime:0.008153s ]
NOTIC: [8192] preg_replace(): The /e modifier is deprecated, use preg_replace_callback instead E:\Application case\wamp\www\myblog\ThinkPHP\Lib\Core\Db.class.php 第 568 行.
SQL: SELECT COUNT(*) AS tp_count FROM `my_user` WHERE ( user='123' ) LIMIT 1   [ RunTime:0.000606s ]

[ 2017-12-03T21:52:56+08:00 ] 0.0.0.0 /myblog/index.php/Login/loginvalid
INFO: [ app_begin ] --START--
INFO: Run ReadHtmlCache Behavior [ RunTime:0.002424s ]
INFO: [ app_begin ] --END-- [ RunTime:0.002881s ]
NOTIC: [8192] mysql_connect(): The mysql extension is deprecated and will be removed in the future: use mysqli or PDO instead E:\Application case\wamp\www\myblog\ThinkPHP\Lib\Driver\Db\DbMysql.class.php 第 55 行.
SQL: SHOW COLUMNS FROM `my_user` [ RunTime:0.008931s ]
NOTIC: [8192] preg_replace(): The /e modifier is deprecated, use preg_replace_callback instead E:\Application case\wamp\www\myblog\ThinkPHP\Lib\Core\Db.class.php 第 568 行.
SQL: SELECT COUNT(*) AS tp_count FROM `my_user` WHERE ( user='1234' ) LIMIT 1   [ RunTime:0.000584s ]

[ 2017-12-03T21:53:03+08:00 ] 0.0.0.0 /myblog/index.php/Login/loginverify
INFO: [ app_begin ] --START--
INFO: Run ReadHtmlCache Behavior [ RunTime:0.002491s ]
INFO: [ app_begin ] --END-- [ RunTime:0.002933s ]

[ 2017-12-03T21:54:37+08:00 ] ERR: (ThinkException) 模板不存在[./Home/Tpl/Login/verify.html]
[ 2017-12-03T21:55:04+08:00 ] ERR: (ThinkException) 模板不存在[./Home/Tpl/Login/verify.html]
[ 2017-12-03T21:56:40+08:00 ] ERR: (ThinkException) 模板不存在[./Home/Tpl/Login/verify.html]
[ 2017-12-03T22:01:26+08:00 ] ERR: (ThinkException) 模板不存在[./Home/Tpl/Login/verify.html]
[ 2017-12-03T22:01:38+08:00 ] 0.0.0.0 /myblog/index.php/Login/loginvalid
INFO: [ app_begin ] --START--
INFO: Run ReadHtmlCache Behavior [ RunTime:0.002594s ]
INFO: [ app_begin ] --END-- [ RunTime:0.003069s ]
NOTIC: [8192] mysql_connect(): The mysql extension is deprecated and will be removed in the future: use mysqli or PDO instead E:\Application case\wamp\www\myblog\ThinkPHP\Lib\Driver\Db\DbMysql.class.php 第 55 行.
SQL: SHOW COLUMNS FROM `my_user` [ RunTime:0.010521s ]
NOTIC: [8192] preg_replace(): The /e modifier is deprecated, use preg_replace_callback instead E:\Application case\wamp\www\myblog\ThinkPHP\Lib\Core\Db.class.php 第 568 行.
SQL: SELECT COUNT(*) AS tp_count FROM `my_user` WHERE ( user='1234' ) LIMIT 1   [ RunTime:0.000823s ]

[ 2017-12-03T22:01:45+08:00 ] ERR: (ThinkException) 模板不存在[./Home/Tpl/Login/verify.html]
[ 2017-12-03T22:01:46+08:00 ] ERR: (ThinkException) 模板不存在[./Home/Tpl/Login/verify.html]
[ 2017-12-03T22:01:51+08:00 ] 0.0.0.0 /myblog/index.php/Login/loginverify
INFO: [ app_begin ] --START--
INFO: Run ReadHtmlCache Behavior [ RunTime:0.005285s ]
INFO: [ app_begin ] --END-- [ RunTime:0.006454s ]

[ 2017-12-03T22:01:52+08:00 ] 0.0.0.0 /myblog/index.php/Login/loginverify
INFO: [ app_begin ] --START--
INFO: Run ReadHtmlCache Behavior [ RunTime:0.003977s ]
INFO: [ app_begin ] --END-- [ RunTime:0.004869s ]

[ 2017-12-03T22:01:52+08:00 ] 0.0.0.0 /myblog/index.php/Login/loginverify
INFO: [ app_begin ] --START--
INFO: Run ReadHtmlCache Behavior [ RunTime:0.004713s ]
INFO: [ app_begin ] --END-- [ RunTime:0.005682s ]

[ 2017-12-03T22:01:52+08:00 ] 0.0.0.0 /myblog/index.php/Login/loginverify
INFO: [ app_begin ] --START--
INFO: Run ReadHtmlCache Behavior [ RunTime:0.003094s ]
INFO: [ app_begin ] --END-- [ RunTime:0.003875s ]

[ 2017-12-03T22:04:55+08:00 ] ERR: (ThinkException) 模板不存在[./Home/Tpl/Login/verify.html]
[ 2017-12-03T22:05:03+08:00 ] 0.0.0.0 /myblog/index.php/Login/loginvalid
INFO: [ app_begin ] --START--
INFO: Run ReadHtmlCache Behavior [ RunTime:0.002391s ]
INFO: [ app_begin ] --END-- [ RunTime:0.002830s ]
NOTIC: [8192] mysql_connect(): The mysql extension is deprecated and will be removed in the future: use mysqli or PDO instead E:\Application case\wamp\www\myblog\ThinkPHP\Lib\Driver\Db\DbMysql.class.php 第 55 行.
SQL: SHOW COLUMNS FROM `my_user` [ RunTime:0.008020s ]
NOTIC: [8192] preg_replace(): The /e modifier is deprecated, use preg_replace_callback instead E:\Application case\wamp\www\myblog\ThinkPHP\Lib\Core\Db.class.php 第 568 行.
SQL: SELECT COUNT(*) AS tp_count FROM `my_user` WHERE ( user='1' ) LIMIT 1   [ RunTime:0.000651s ]

[ 2017-12-03T22:05:03+08:00 ] 0.0.0.0 /myblog/index.php/Login/loginvalid
INFO: [ app_begin ] --START--
INFO: Run ReadHtmlCache Behavior [ RunTime:0.005510s ]
INFO: [ app_begin ] --END-- [ RunTime:0.006469s ]
NOTIC: [8192] mysql_connect(): The mysql extension is deprecated and will be removed in the future: use mysqli or PDO instead E:\Application case\wamp\www\myblog\ThinkPHP\Lib\Driver\Db\DbMysql.class.php 第 55 行.
SQL: SHOW COLUMNS FROM `my_user` [ RunTime:0.011237s ]
NOTIC: [8192] preg_replace(): The /e modifier is deprecated, use preg_replace_callback instead E:\Application case\wamp\www\myblog\ThinkPHP\Lib\Core\Db.class.php 第 568 行.
SQL: SELECT COUNT(*) AS tp_count FROM `my_user` WHERE ( user='12' ) LIMIT 1   [ RunTime:0.000681s ]

[ 2017-12-03T22:05:03+08:00 ] 0.0.0.0 /myblog/index.php/Login/loginvalid
INFO: [ app_begin ] --START--
INFO: Run ReadHtmlCache Behavior [ RunTime:0.003550s ]
INFO: [ app_begin ] --END-- [ RunTime:0.004199s ]
NOTIC: [8192] mysql_connect(): The mysql extension is deprecated and will be removed in the future: use mysqli or PDO instead E:\Application case\wamp\www\myblog\ThinkPHP\Lib\Driver\Db\DbMysql.class.php 第 55 行.
SQL: SHOW COLUMNS FROM `my_user` [ RunTime:0.009644s ]
NOTIC: [8192] preg_replace(): The /e modifier is deprecated, use preg_replace_callback instead E:\Application case\wamp\www\myblog\ThinkPHP\Lib\Core\Db.class.php 第 568 行.
SQL: SELECT COUNT(*) AS tp_count FROM `my_user` WHERE ( user='123' ) LIMIT 1   [ RunTime:0.000618s ]

[ 2017-12-03T22:05:03+08:00 ] 0.0.0.0 /myblog/index.php/Login/loginvalid
INFO: [ app_begin ] --START--
INFO: Run ReadHtmlCache Behavior [ RunTime:0.003199s ]
INFO: [ app_begin ] --END-- [ RunTime:0.003806s ]
NOTIC: [8192] mysql_connect(): The mysql extension is deprecated and will be removed in the future: use mysqli or PDO instead E:\Application case\wamp\www\myblog\ThinkPHP\Lib\Driver\Db\DbMysql.class.php 第 55 行.
SQL: SHOW COLUMNS FROM `my_user` [ RunTime:0.009120s ]
NOTIC: [8192] preg_replace(): The /e modifier is deprecated, use preg_replace_callback instead E:\Application case\wamp\www\myblog\ThinkPHP\Lib\Core\Db.class.php 第 568 行.
SQL: SELECT COUNT(*) AS tp_count FROM `my_user` WHERE ( user='1234' ) LIMIT 1   [ RunTime:0.001291s ]

[ 2017-12-03T22:05:13+08:00 ] 0.0.0.0 /myblog/index.php/Login/loginverify
INFO: [ app_begin ] --START--
INFO: Run ReadHtmlCache Behavior [ RunTime:0.002472s ]
INFO: [ app_begin ] --END-- [ RunTime:0.002930s ]

[ 2017-12-03T22:12:34+08:00 ] ERR: (ThinkException) 模板不存在[./Home/Tpl/Login/verify.html]
[ 2017-12-03T22:18:03+08:00 ] ERR: (ThinkException) 模板不存在[./Home/Tpl/Login/verify.html]
[ 2017-12-03T22:18:08+08:00 ] 0.0.0.0 /myblog/index.php/Login/loginvalid
INFO: [ app_begin ] --START--
INFO: Run ReadHtmlCache Behavior [ RunTime:0.003097s ]
INFO: [ app_begin ] --END-- [ RunTime:0.003622s ]
NOTIC: [8192] mysql_connect(): The mysql extension is deprecated and will be removed in the future: use mysqli or PDO instead E:\Application case\wamp\www\myblog\ThinkPHP\Lib\Driver\Db\DbMysql.class.php 第 55 行.
SQL: SHOW COLUMNS FROM `my_user` [ RunTime:0.009946s ]
NOTIC: [8192] preg_replace(): The /e modifier is deprecated, use preg_replace_callback instead E:\Application case\wamp\www\myblog\ThinkPHP\Lib\Core\Db.class.php 第 568 行.
SQL: SELECT COUNT(*) AS tp_count FROM `my_user` WHERE ( user='1234' ) LIMIT 1   [ RunTime:0.000866s ]

[ 2017-12-03T22:18:14+08:00 ] 0.0.0.0 /myblog/index.php/Login/loginverify
INFO: [ app_begin ] --START--
INFO: Run ReadHtmlCache Behavior [ RunTime:0.003583s ]
INFO: [ app_begin ] --END-- [ RunTime:0.004122s ]

[ 2017-12-03T22:19:16+08:00 ] ERR: (ThinkException) 非法操作:img
[ 2017-12-03T22:20:37+08:00 ] ERR: (ThinkException) 非法操作:img
[ 2017-12-03T22:20:38+08:00 ] ERR: (ThinkException) 非法操作:img
[ 2017-12-03T22:21:55+08:00 ] ERR: (ThinkException) 非法操作:img
[ 2017-12-03T22:24:09+08:00 ] ERR: (ThinkException) 非法操作:img
[ 2017-12-03T22:48:51+08:00 ] ERR: (ThinkException) 非法操作:sonclass
[ 2017-12-03T22:54:27+08:00 ] ERR: (ThinkException) 非法操作:sonclass
[ 2017-12-03T22:54:39+08:00 ] ERR: (ThinkException) 非法操作:sonclass
[ 2017-12-03T22:58:58+08:00 ] ERR: (ThinkException) 非法操作:sonclass
[ 2017-12-03T23:00:55+08:00 ] ERR: (ThinkException) 模板不存在[./Home/Tpl/Login/verify.html]
