[ 2017-11-01T16:00:04+08:00 ] ERR: (ThinkException) 非法操作:kindeditor
[ 2017-11-01T16:04:41+08:00 ] ERR: (ThinkException) 非法操作:kindeditor
[ 2017-11-01T16:18:42+08:00 ] ERR: (ThinkException) 非法操作:kindeditor
[ 2017-11-01T16:21:56+08:00 ] ERR: (ThinkException) 非法操作:kindeditor
[ 2017-11-01T16:22:15+08:00 ] ERR: (ThinkException) 非法操作:kindeditor
[ 2017-11-01T16:33:17+08:00 ] ERR: (ThinkException) 非法操作:kindeditor
[ 2017-11-01T16:33:28+08:00 ] ERR: (ThinkException) 非法操作:kindeditor
[ 2017-11-01T16:54:18+08:00 ] ERR: (ThinkException) 非法操作:kindeditor
[ 2017-11-01T16:57:45+08:00 ] ERR: (ThinkException) 非法操作:kindeditor
[ 2017-11-01T16:59:17+08:00 ] ERR: (ThinkException) 非法操作:kindeditor
[ 2017-11-01T17:00:50+08:00 ] ERR: (ThinkException) 非法操作:kindeditor
[ 2017-11-01T17:01:07+08:00 ] ERR: (ThinkException) 非法操作:kindeditor
[ 2017-11-01T17:01:36+08:00 ] ERR: (ThinkException) 非法操作:kindeditor
[ 2017-11-01T17:02:22+08:00 ] ERR: (ThinkException) 非法操作:kindeditor
[ 2017-11-01T17:04:24+08:00 ] ERR: (ThinkException) 非法操作:kindeditor
[ 2017-11-01T17:06:00+08:00 ] ERR: (ThinkException) 非法操作:kindeditor
[ 2017-11-01T17:06:54+08:00 ] ERR: (ThinkException) 非法操作:kindeditor
[ 2017-11-01T17:08:08+08:00 ] ERR: (ThinkException) 非法操作:kindeditor
[ 2017-11-01T17:11:52+08:00 ] ERR: (ThinkException) 非法操作:kindeditor
[ 2017-11-01T17:15:09+08:00 ] ERR: (ThinkException) 非法操作:kindeditor
[ 2017-11-01T17:17:50+08:00 ] ERR: (ThinkException) 非法操作:kindeditor
[ 2017-11-01T17:19:33+08:00 ] ERR: (ThinkException) 非法操作:kindeditor
[ 2017-11-01T17:20:56+08:00 ] ERR: (ThinkException) 非法操作:kindeditor
[ 2017-11-01T17:22:14+08:00 ] ERR: (ThinkException) 非法操作:kindeditor
[ 2017-11-01T17:22:35+08:00 ] ERR: (ThinkException) 非法操作:kindeditor
[ 2017-11-01T17:23:26+08:00 ] ERR: (ThinkException) 非法操作:kindeditor
[ 2017-11-01T17:24:30+08:00 ] ERR: (ThinkException) 非法操作:kindeditor
[ 2017-11-01T17:25:43+08:00 ] ERR: (ThinkException) 非法操作:kindeditor
[ 2017-11-01T17:27:00+08:00 ] ERR: (ThinkException) 非法操作:kindeditor
[ 2017-11-01T17:31:43+08:00 ] ERR: (ThinkException) 非法操作:kindeditor
[ 2017-11-01T17:36:20+08:00 ] ERR: (ThinkException) 非法操作:kindeditor
[ 2017-11-01T17:37:43+08:00 ] ERR: (ThinkException) 非法操作:kindeditor
[ 2017-11-01T17:38:15+08:00 ] ERR: (ThinkException) 非法操作:kindeditor
[ 2017-11-01T17:43:58+08:00 ] ERR: (ThinkException) 非法操作:kindeditor
[ 2017-11-01T19:52:33+08:00 ] ERR: (ThinkException) 非法操作:kindeditor
[ 2017-11-01T19:53:05+08:00 ] ERR: (ThinkException) 非法操作:kindeditor
[ 2017-11-01T19:53:42+08:00 ] ERR: (ThinkException) 非法操作:kindeditor
[ 2017-11-01T19:53:59+08:00 ] ERR: (ThinkException) 非法操作:kindeditor
[ 2017-11-01T20:03:35+08:00 ] ERR: (ThinkException) 非法操作:kindeditor
[ 2017-11-01T20:04:09+08:00 ] ERR: (ThinkException) 非法操作:kindeditor
[ 2017-11-01T20:05:16+08:00 ] ERR: (ThinkException) XML标签语法错误 : name={$v.level}
[ 2017-11-01T20:05:16+08:00 ] ERR: (ThinkException) 非法操作:__PUBLIC__
[ 2017-11-01T20:05:16+08:00 ] ERR: (ThinkException) 非法操作:__PUBLIC__
[ 2017-11-01T20:05:17+08:00 ] ERR: (ThinkException) 非法操作:__PUBLIC__
[ 2017-11-01T20:05:17+08:00 ] ERR: (ThinkException) 非法操作:__PUBLIC__
[ 2017-11-01T20:05:17+08:00 ] ERR: (ThinkException) 非法操作:__PUBLIC__
[ 2017-11-01T20:05:17+08:00 ] ERR: (ThinkException) 非法操作:__PUBLIC__
[ 2017-11-01T20:05:17+08:00 ] ERR: (ThinkException) 非法操作:__PUBLIC__
[ 2017-11-01T20:05:17+08:00 ] ERR: (ThinkException) 非法操作:__PUBLIC__
[ 2017-11-01T20:05:17+08:00 ] ERR: (ThinkException) 非法操作:__PUBLIC__
[ 2017-11-01T20:05:17+08:00 ] ERR: (ThinkException) 非法操作:__PUBLIC__
[ 2017-11-01T20:05:17+08:00 ] ERR: (ThinkException) 非法操作:__PUBLIC__
[ 2017-11-01T20:05:17+08:00 ] ERR: (ThinkException) 非法操作:__PUBLIC__
[ 2017-11-01T20:05:17+08:00 ] ERR: (ThinkException) 非法操作:__PUBLIC__
[ 2017-11-01T20:05:17+08:00 ] ERR: (ThinkException) 非法操作:__PUBLIC__
[ 2017-11-01T20:05:17+08:00 ] ERR: (ThinkException) 非法操作:__PUBLIC__
[ 2017-11-01T20:05:17+08:00 ] ERR: (ThinkException) 非法操作:__PUBLIC__
[ 2017-11-01T20:05:17+08:00 ] ERR: (ThinkException) 非法操作:__PUBLIC__
[ 2017-11-01T20:05:17+08:00 ] ERR: (ThinkException) 非法操作:__PUBLIC__
[ 2017-11-01T20:05:17+08:00 ] ERR: (ThinkException) 非法操作:__PUBLIC__
[ 2017-11-01T20:05:18+08:00 ] ERR: (ThinkException) 非法操作:__PUBLIC__
[ 2017-11-01T20:05:18+08:00 ] ERR: (ThinkException) 非法操作:__PUBLIC__
[ 2017-11-01T20:05:18+08:00 ] ERR: (ThinkException) 非法操作:__PUBLIC__
[ 2017-11-01T20:05:18+08:00 ] ERR: (ThinkException) 非法操作:__PUBLIC__
[ 2017-11-01T20:05:18+08:00 ] ERR: (ThinkException) 非法操作:__PUBLIC__
[ 2017-11-01T20:05:18+08:00 ] ERR: (ThinkException) 非法操作:__PUBLIC__
[ 2017-11-01T20:05:18+08:00 ] ERR: (ThinkException) 非法操作:__PUBLIC__
[ 2017-11-01T20:05:18+08:00 ] ERR: (ThinkException) 非法操作:__PUBLIC__
[ 2017-11-01T20:05:18+08:00 ] ERR: (ThinkException) 非法操作:__PUBLIC__
[ 2017-11-01T20:05:18+08:00 ] ERR: (ThinkException) 非法操作:__PUBLIC__
[ 2017-11-01T20:05:18+08:00 ] ERR: (ThinkException) 非法操作:__PUBLIC__
[ 2017-11-01T20:05:18+08:00 ] ERR: (ThinkException) 非法操作:__PUBLIC__
[ 2017-11-01T20:05:18+08:00 ] ERR: (ThinkException) 非法操作:__PUBLIC__
[ 2017-11-01T20:05:40+08:00 ] ERR: (ThinkException) 非法操作:kindeditor
[ 2017-11-01T20:06:01+08:00 ] ERR: (ThinkException) 非法操作:kindeditor
[ 2017-11-01T20:06:36+08:00 ] ERR: (ThinkException) 非法操作:kindeditor
[ 2017-11-01T20:06:56+08:00 ] ERR: (ThinkException) 非法操作:kindeditor
[ 2017-11-01T20:08:29+08:00 ] ERR: (ThinkException) 非法操作:kindeditor
[ 2017-11-01T20:08:42+08:00 ] ERR: (ThinkException) 非法操作:kindeditor
[ 2017-11-01T20:09:20+08:00 ] ERR: (ThinkException) 非法操作:kindeditor
[ 2017-11-01T20:15:22+08:00 ] ERR: (ThinkException) 非法操作:kindeditor
[ 2017-11-01T20:19:53+08:00 ] ERR: (ThinkException) 非法操作:kindeditor
[ 2017-11-01T20:24:16+08:00 ] ERR: (ThinkException) 非法操作:kindeditor
[ 2017-11-01T20:27:13+08:00 ] ERR: (ThinkException) 非法操作:kindeditor
[ 2017-11-01T20:30:08+08:00 ] ERR: (ThinkException) 非法操作:kindeditor
[ 2017-11-01T20:31:23+08:00 ] ERR: (ThinkException) 非法操作:kindeditor
[ 2017-11-01T20:31:42+08:00 ] ERR: (ThinkException) 非法操作:kindeditor
[ 2017-11-01T20:32:01+08:00 ] ERR: (ThinkException) 非法操作:kindeditor
[ 2017-11-01T20:33:18+08:00 ] ERR: (ThinkException) 非法操作:kindeditor
[ 2017-11-01T20:50:06+08:00 ] ERR: (ThinkException) 非法操作:kindeditor
[ 2017-11-01T20:51:02+08:00 ] ERR: (ThinkException) 非法操作:kindeditor
[ 2017-11-01T20:51:39+08:00 ] ERR: (ThinkException) 非法操作:kindeditor
[ 2017-11-01T21:11:52+08:00 ] ERR: (ThinkException) 非法操作:kindeditor
[ 2017-11-01T21:24:13+08:00 ] ERR: (ThinkException) 非法操作:kindeditor
[ 2017-11-01T21:25:43+08:00 ] ERR: (ThinkException) 非法操作:kindeditor
[ 2017-11-01T21:30:08+08:00 ] ERR: (ThinkException) 非法操作:kindeditor
[ 2017-11-01T21:30:37+08:00 ] ERR: (ThinkException) 非法操作:kindeditor
[ 2017-11-01T21:31:13+08:00 ] ERR: (ThinkException) 非法操作:kindeditor
[ 2017-11-01T21:32:46+08:00 ] ERR: (ThinkException) 非法操作:kindeditor
[ 2017-11-01T21:34:42+08:00 ] ERR: (ThinkException) 非法操作:kindeditor
[ 2017-11-01T21:35:15+08:00 ] ERR: (ThinkException) 非法操作:kindeditor
[ 2017-11-01T21:36:12+08:00 ] ERR: (ThinkException) 非法操作:kindeditor
[ 2017-11-01T21:37:14+08:00 ] ERR: (ThinkException) 非法操作:kindeditor
[ 2017-11-01T21:37:48+08:00 ] ERR: (ThinkException) 非法操作:kindeditor
[ 2017-11-01T21:38:13+08:00 ] ERR: (ThinkException) 非法操作:kindeditor
[ 2017-11-01T21:38:38+08:00 ] ERR: (ThinkException) 非法操作:kindeditor
[ 2017-11-01T21:39:47+08:00 ] ERR: (ThinkException) 非法操作:kindeditor
[ 2017-11-01T21:42:34+08:00 ] ERR: (ThinkException) 非法操作:kindeditor
[ 2017-11-01T21:48:58+08:00 ] ERR: (ThinkException) 非法操作:kindeditor
[ 2017-11-01T21:49:32+08:00 ] ERR: (ThinkException) 非法操作:kindeditor
[ 2017-11-01T21:50:41+08:00 ] ERR: (ThinkException) 非法操作:kindeditor
[ 2017-11-01T21:50:48+08:00 ] ERR: (ThinkException) 非法操作:kindeditor
[ 2017-11-01T21:54:24+08:00 ] ERR: (ThinkException) 非法操作:kindeditor
[ 2017-11-01T21:55:00+08:00 ] ERR: (ThinkException) 非法操作:kindeditor
[ 2017-11-01T22:04:40+08:00 ] ERR: (ThinkException) 非法操作:kindeditor
[ 2017-11-01T22:05:12+08:00 ] ERR: (ThinkException) 非法操作:kindeditor
[ 2017-11-01T22:10:16+08:00 ] ERR: (ThinkException) 非法操作:kindeditor
[ 2017-11-01T22:11:14+08:00 ] ERR: (ThinkException) 非法操作:kindeditor
[ 2017-11-01T22:13:09+08:00 ] ERR: (ThinkException) 非法操作:kindeditor
[ 2017-11-01T22:14:03+08:00 ] ERR: (ThinkException) 非法操作:kindeditor
[ 2017-11-01T22:14:46+08:00 ] ERR: (ThinkException) 非法操作:kindeditor
[ 2017-11-01T22:21:11+08:00 ] ERR: (ThinkException) 非法操作:kindeditor
[ 2017-11-01T22:21:37+08:00 ] ERR: (ThinkException) 非法操作:kindeditor
[ 2017-11-01T22:29:27+08:00 ] ERR: (ThinkException) 非法操作:kindeditor
[ 2017-11-01T22:29:54+08:00 ] 0.0.0.0 /myblog/index.php/Myback/update
INFO: [ app_begin ] --START--
INFO: Run ReadHtmlCache Behavior [ RunTime:0.003538s ]
INFO: [ app_begin ] --END-- [ RunTime:0.004191s ]
NOTIC: [8192] mysql_connect(): The mysql extension is deprecated and will be removed in the future: use mysqli or PDO instead E:\Application case\wamp\www\myblog\ThinkPHP\Lib\Driver\Db\DbMysql.class.php 第 55 行.
SQL: SHOW COLUMNS FROM `my_user` [ RunTime:0.010477s ]
SQL: UPDATE `my_user` SET `user`='柔柔',`pwd`='rrrrrrrrrr',`gro`=1,`cretime`=1509546594 WHERE ( `id` = 19 ) [ RunTime:0.000977s ]
SQL: SHOW COLUMNS FROM `my_gro` [ RunTime:0.010172s ]
NOTIC: [8192] preg_replace(): The /e modifier is deprecated, use preg_replace_callback instead E:\Application case\wamp\www\myblog\ThinkPHP\Lib\Core\Db.class.php 第 568 行.
SQL: SELECT `name` FROM `my_gro` WHERE ( uid=1 ) LIMIT 1   [ RunTime:0.000792s ]

[ 2017-11-01T22:30:01+08:00 ] 0.0.0.0 /myblog/index.php/Myback/del
INFO: [ app_begin ] --START--
INFO: Run ReadHtmlCache Behavior [ RunTime:0.002884s ]
INFO: [ app_begin ] --END-- [ RunTime:0.003657s ]
NOTIC: [8192] mysql_connect(): The mysql extension is deprecated and will be removed in the future: use mysqli or PDO instead E:\Application case\wamp\www\myblog\ThinkPHP\Lib\Driver\Db\DbMysql.class.php 第 55 行.
SQL: SHOW COLUMNS FROM `my_user` [ RunTime:0.009345s ]
SQL: DELETE FROM `my_user` WHERE ( id=19 ) [ RunTime:0.001003s ]

[ 2017-11-01T22:30:02+08:00 ] ERR: (ThinkException) 非法操作:kindeditor
[ 2017-11-01T22:40:19+08:00 ] ERR: (ThinkException) 非法操作:kindeditor
[ 2017-11-01T22:41:56+08:00 ] ERR: (ThinkException) 非法操作:kindeditor
[ 2017-11-01T22:43:30+08:00 ] ERR: (ThinkException) 非法操作:kindeditor
[ 2017-11-01T22:43:46+08:00 ] ERR: (ThinkException) 非法操作:kindeditor
[ 2017-11-01T22:44:51+08:00 ] ERR: (ThinkException) 非法操作:kindeditor
[ 2017-11-01T22:45:03+08:00 ] ERR: (ThinkException) 非法操作:kindeditor
[ 2017-11-01T22:45:11+08:00 ] ERR: (ThinkException) 非法操作:kindeditor
[ 2017-11-01T22:46:05+08:00 ] ERR: (ThinkException) 非法操作:kindeditor
[ 2017-11-01T22:47:14+08:00 ] ERR: (ThinkException) 非法操作:kindeditor
[ 2017-11-01T22:47:56+08:00 ] ERR: (ThinkException) 非法操作:kindeditor
[ 2017-11-01T22:49:17+08:00 ] ERR: (ThinkException) 非法操作:kindeditor
[ 2017-11-01T22:50:59+08:00 ] ERR: (ThinkException) 非法操作:kindeditor
[ 2017-11-01T22:51:45+08:00 ] ERR: (ThinkException) 非法操作:kindeditor
[ 2017-11-01T22:52:21+08:00 ] ERR: (ThinkException) 非法操作:kindeditor
[ 2017-11-01T22:53:08+08:00 ] ERR: (ThinkException) 非法操作:kindeditor
