[ 2017-11-20T13:16:32+08:00 ] ERR: (ThinkException) 非法操作:kindeditor
[ 2017-11-20T13:18:40+08:00 ] ERR: (ThinkException) 非法操作:kindeditor
[ 2017-11-20T13:20:17+08:00 ] ERR: (ThinkException) 非法操作:kindeditor
[ 2017-11-20T13:21:05+08:00 ] ERR: (ThinkException) 非法操作:kindeditor
[ 2017-11-20T13:39:51+08:00 ] ERR: (ThinkException) 非法操作:kindeditor
[ 2017-11-20T13:53:34+08:00 ] ERR: (ThinkException) 非法操作:kindeditor
[ 2017-11-20T13:57:32+08:00 ] ERR: (ThinkException) 非法操作:kindeditor
[ 2017-11-20T13:58:06+08:00 ] ERR: (ThinkException) 非法操作:kindeditor
[ 2017-11-20T13:59:18+08:00 ] ERR: (ThinkException) 非法操作:kindeditor
[ 2017-11-20T14:02:01+08:00 ] ERR: (ThinkException) 非法操作:kindeditor
[ 2017-11-20T14:07:31+08:00 ] ERR: (ThinkException) 非法操作:kindeditor
[ 2017-11-20T14:10:24+08:00 ] ERR: (ThinkException) 非法操作:kindeditor
[ 2017-11-20T14:12:34+08:00 ] ERR: (ThinkException) 非法操作:kindeditor
[ 2017-11-20T14:13:11+08:00 ] ERR: (ThinkException) 非法操作:kindeditor
[ 2017-11-20T16:54:53+08:00 ] ERR: (ThinkException) 非法操作:kindeditor
[ 2017-11-20T16:55:25+08:00 ] ERR: (ThinkException) 非法操作:kindeditor
[ 2017-11-20T16:59:56+08:00 ] ERR: (ThinkException) 非法操作:kindeditor
[ 2017-11-20T17:00:34+08:00 ] ERR: (ThinkException) 非法操作:kindeditor
[ 2017-11-20T17:53:58+08:00 ] ERR: (ThinkException) 非法操作:kindeditor
[ 2017-11-20T17:55:13+08:00 ] ERR: (ThinkException) 非法操作:kindeditor
[ 2017-11-20T17:56:45+08:00 ] ERR: (ThinkException) 非法操作:kindeditor
[ 2017-11-20T17:57:51+08:00 ] ERR: (ThinkException) 非法操作:kindeditor
[ 2017-11-20T17:59:13+08:00 ] ERR: (ThinkException) 非法操作:kindeditor
[ 2017-11-20T17:59:38+08:00 ] ERR: (ThinkException) 非法操作:kindeditor
[ 2017-11-20T18:00:00+08:00 ] ERR: (ThinkException) 非法操作:kindeditor
[ 2017-11-20T18:00:20+08:00 ] ERR: (ThinkException) 非法操作:kindeditor
[ 2017-11-20T18:00:45+08:00 ] ERR: (ThinkException) 非法操作:kindeditor
[ 2017-11-20T18:02:21+08:00 ] ERR: (ThinkException) 非法操作:kindeditor
[ 2017-11-20T18:04:01+08:00 ] ERR: (ThinkException) 非法操作:kindeditor
[ 2017-11-20T19:00:17+08:00 ] ERR: (ThinkException) 非法操作:kindeditor
[ 2017-11-20T19:10:00+08:00 ] ERR: (ThinkException) 非法操作:kindeditor
[ 2017-11-20T19:16:22+08:00 ] ERR: (ThinkException) 非法操作:kindeditor
[ 2017-11-20T19:17:14+08:00 ] ERR: (ThinkException) 非法操作:kindeditor
[ 2017-11-20T19:17:34+08:00 ] ERR: (ThinkException) 非法操作:kindeditor
[ 2017-11-20T19:22:47+08:00 ] ERR: (ThinkException) 非法操作:kindeditor
[ 2017-11-20T19:23:48+08:00 ] ERR: (ThinkException) 非法操作:kindeditor
[ 2017-11-20T19:31:53+08:00 ] ERR: (ThinkException) 非法操作:kindeditor
[ 2017-11-20T19:39:30+08:00 ] ERR: (ThinkException) 非法操作:kindeditor
[ 2017-11-20T19:41:51+08:00 ] ERR: (ThinkException) 非法操作:kindeditor
[ 2017-11-20T19:43:06+08:00 ] ERR: (ThinkException) 非法操作:kindeditor
[ 2017-11-20T19:49:42+08:00 ] ERR: (ThinkException) 非法操作:kindeditor
[ 2017-11-20T19:51:51+08:00 ] ERR: (ThinkException) 非法操作:kindeditor
[ 2017-11-20T19:52:10+08:00 ] ERR: (ThinkException) 非法操作:kindeditor
[ 2017-11-20T19:53:22+08:00 ] ERR: (ThinkException) 非法操作:kindeditor
[ 2017-11-20T19:54:10+08:00 ] ERR: (ThinkException) 非法操作:kindeditor
[ 2017-11-20T19:56:19+08:00 ] ERR: (ThinkException) 非法操作:kindeditor
[ 2017-11-20T19:56:54+08:00 ] ERR: (ThinkException) 非法操作:kindeditor
[ 2017-11-20T19:57:56+08:00 ] ERR: (ThinkException) 非法操作:kindeditor
[ 2017-11-20T19:58:21+08:00 ] ERR: (ThinkException) 非法操作:kindeditor
[ 2017-11-20T20:03:00+08:00 ] ERR: (ThinkException) 非法操作:kindeditor
[ 2017-11-20T20:05:39+08:00 ] ERR: (ThinkException) 非法操作:kindeditor
[ 2017-11-20T20:08:06+08:00 ] ERR: (ThinkException) 非法操作:kindeditor
[ 2017-11-20T20:11:05+08:00 ] ERR: (ThinkException) 非法操作:kindeditor
[ 2017-11-20T20:11:49+08:00 ] ERR: (ThinkException) 非法操作:kindeditor
[ 2017-11-20T20:16:01+08:00 ] ERR: (ThinkException) 非法操作:kindeditor
[ 2017-11-20T20:16:21+08:00 ] ERR: (ThinkException) 非法操作:kindeditor
[ 2017-11-20T20:16:51+08:00 ] ERR: (ThinkException) 非法操作:kindeditor
[ 2017-11-20T20:17:43+08:00 ] ERR: (ThinkException) 非法操作:kindeditor
[ 2017-11-20T20:17:59+08:00 ] ERR: (ThinkException) 非法操作:kindeditor
[ 2017-11-20T20:19:04+08:00 ] ERR: (ThinkException) 非法操作:kindeditor
[ 2017-11-20T21:14:46+08:00 ] ERR: (ThinkException) 非法操作:kindeditor
[ 2017-11-20T21:54:39+08:00 ] ERR: (ThinkException) 非法操作:kindeditor
[ 2017-11-20T21:57:19+08:00 ] ERR: (ThinkException) 非法操作:kindeditor
[ 2017-11-20T21:57:41+08:00 ] ERR: (ThinkException) 非法操作:kindeditor
[ 2017-11-20T21:58:41+08:00 ] ERR: (ThinkException) 非法操作:kindeditor
[ 2017-11-20T21:59:21+08:00 ] ERR: (ThinkException) 非法操作:kindeditor
[ 2017-11-20T22:00:31+08:00 ] ERR: (ThinkException) 非法操作:kindeditor
[ 2017-11-20T22:01:24+08:00 ] ERR: (ThinkException) 非法操作:kindeditor
[ 2017-11-20T22:16:40+08:00 ] ERR: (ThinkException) 非法操作:kindeditor
[ 2017-11-20T22:18:03+08:00 ] ERR: (ThinkException) 非法操作:kindeditor
[ 2017-11-20T22:19:29+08:00 ] ERR: (ThinkException) 非法操作:kindeditor
[ 2017-11-20T22:20:52+08:00 ] ERR: (ThinkException) 非法操作:kindeditor
[ 2017-11-20T22:21:31+08:00 ] ERR: (ThinkException) 非法操作:kindeditor
[ 2017-11-20T22:22:08+08:00 ] ERR: (ThinkException) 非法操作:kindeditor
[ 2017-11-20T22:37:43+08:00 ] ERR: (ThinkException) 非法操作:kindeditor
[ 2017-11-20T22:37:58+08:00 ] ERR: (ThinkException) 非法操作:kindeditor
[ 2017-11-20T22:41:06+08:00 ] ERR: (ThinkException) 非法操作:kindeditor
[ 2017-11-20T22:41:19+08:00 ] ERR: (ThinkException) 非法操作:kindeditor
[ 2017-11-20T22:46:35+08:00 ] ERR: (ThinkException) 非法操作:kindeditor
[ 2017-11-20T22:46:47+08:00 ] ERR: (ThinkException) 非法操作:kindeditor
[ 2017-11-20T22:48:09+08:00 ] ERR: (ThinkException) 非法操作:kindeditor
[ 2017-11-20T22:48:46+08:00 ] ERR: (ThinkException) 非法操作:kindeditor
[ 2017-11-20T22:50:58+08:00 ] ERR: (ThinkException) 非法操作:kindeditor
[ 2017-11-20T22:52:18+08:00 ] ERR: (ThinkException) 非法操作:kindeditor
[ 2017-11-20T22:52:42+08:00 ] ERR: (ThinkException) 非法操作:kindeditor
[ 2017-11-20T22:53:14+08:00 ] ERR: (ThinkException) 非法操作:kindeditor
[ 2017-11-20T22:53:42+08:00 ] ERR: (ThinkException) 非法操作:kindeditor
[ 2017-11-20T22:54:05+08:00 ] ERR: (ThinkException) 非法操作:kindeditor
[ 2017-11-20T22:56:03+08:00 ] ERR: (ThinkException) 非法操作:kindeditor
[ 2017-11-20T22:56:16+08:00 ] ERR: (ThinkException) 非法操作:kindeditor
[ 2017-11-20T22:56:52+08:00 ] ERR: (ThinkException) 非法操作:kindeditor
[ 2017-11-20T22:57:16+08:00 ] ERR: (ThinkException) 非法操作:kindeditor
[ 2017-11-20T22:57:25+08:00 ] ERR: (ThinkException) 非法操作:kindeditor
[ 2017-11-20T22:57:55+08:00 ] ERR: (ThinkException) 非法操作:kindeditor
[ 2017-11-20T22:58:02+08:00 ] 0.0.0.0 /myblog/index.php/Myback/blogupdate
INFO: [ app_begin ] --START--
INFO: Run ReadHtmlCache Behavior [ RunTime:0.012017s ]
INFO: [ app_begin ] --END-- [ RunTime:0.014679s ]
NOTIC: [8192] mysql_connect(): The mysql extension is deprecated and will be removed in the future: use mysqli or PDO instead E:\Application case\wamp\www\myblog\ThinkPHP\Lib\Driver\Db\DbMysql.class.php 第 55 行.
SQL: SHOW COLUMNS FROM `my_blog` [ RunTime:0.009142s ]
SQL: UPDATE `my_blog` SET `b_title`='4444',`c_id`=66 WHERE ( `b_id` = 0 ) [ RunTime:0.000888s ]

[ 2017-11-20T22:58:03+08:00 ] ERR: (ThinkException) 非法操作:kindeditor
[ 2017-11-20T22:58:17+08:00 ] 0.0.0.0 /myblog/index.php/Myback/blogupdate
INFO: [ app_begin ] --START--
INFO: Run ReadHtmlCache Behavior [ RunTime:0.003903s ]
INFO: [ app_begin ] --END-- [ RunTime:0.004557s ]
NOTIC: [8192] mysql_connect(): The mysql extension is deprecated and will be removed in the future: use mysqli or PDO instead E:\Application case\wamp\www\myblog\ThinkPHP\Lib\Driver\Db\DbMysql.class.php 第 55 行.
SQL: SHOW COLUMNS FROM `my_blog` [ RunTime:0.010321s ]
SQL: UPDATE `my_blog` SET `b_title`='1111',`c_id`=66 WHERE ( `b_id` = 0 ) [ RunTime:0.000679s ]

[ 2017-11-20T22:58:18+08:00 ] ERR: (ThinkException) 非法操作:kindeditor
[ 2017-11-20T22:59:54+08:00 ] ERR: (ThinkException) 非法操作:kindeditor
[ 2017-11-20T23:00:01+08:00 ] 0.0.0.0 /myblog/index.php/Myback/blogupdate
INFO: [ app_begin ] --START--
INFO: Run ReadHtmlCache Behavior [ RunTime:0.006270s ]
INFO: [ app_begin ] --END-- [ RunTime:0.012193s ]
NOTIC: [8192] mysql_connect(): The mysql extension is deprecated and will be removed in the future: use mysqli or PDO instead E:\Application case\wamp\www\myblog\ThinkPHP\Lib\Driver\Db\DbMysql.class.php 第 55 行.
SQL: SHOW COLUMNS FROM `my_blog` [ RunTime:0.010707s ]
SQL: UPDATE `my_blog` SET `b_title`='555',`c_id`=66,`b_bar`=4,`b_content`=4,`b_pubtime`=1511190001,`look`=44,`b_type`=0 WHERE ( `b_id` = 0 ) [ RunTime:0.000735s ]

[ 2017-11-20T23:00:03+08:00 ] ERR: (ThinkException) 非法操作:kindeditor
[ 2017-11-20T23:00:11+08:00 ] ERR: (ThinkException) 非法操作:kindeditor
[ 2017-11-20T23:00:42+08:00 ] ERR: (ThinkException) 非法操作:kindeditor
[ 2017-11-20T23:00:58+08:00 ] ERR: (ThinkException) 非法操作:kindeditor
[ 2017-11-20T23:01:24+08:00 ] ERR: (ThinkException) 非法操作:kindeditor
[ 2017-11-20T23:01:45+08:00 ] ERR: (ThinkException) 非法操作:kindeditor
[ 2017-11-20T23:01:51+08:00 ] ERR: (ThinkException) 非法操作:kindeditor
[ 2017-11-20T23:03:39+08:00 ] ERR: (ThinkException) 非法操作:kindeditor
[ 2017-11-20T23:05:48+08:00 ] ERR: (ThinkException) 非法操作:kindeditor
[ 2017-11-20T23:06:09+08:00 ] ERR: (ThinkException) 非法操作:kindeditor
[ 2017-11-20T23:07:07+08:00 ] ERR: (ThinkException) 非法操作:kindeditor
[ 2017-11-20T23:07:30+08:00 ] ERR: (ThinkException) 非法操作:kindeditor
[ 2017-11-20T23:08:03+08:00 ] ERR: (ThinkException) 非法操作:kindeditor
[ 2017-11-20T23:08:21+08:00 ] 0.0.0.0 /myblog/index.php/Myback/blogupdate
INFO: [ app_begin ] --START--
INFO: Run ReadHtmlCache Behavior [ RunTime:0.007965s ]
INFO: [ app_begin ] --END-- [ RunTime:0.008578s ]
NOTIC: [8192] mysql_connect(): The mysql extension is deprecated and will be removed in the future: use mysqli or PDO instead E:\Application case\wamp\www\myblog\ThinkPHP\Lib\Driver\Db\DbMysql.class.php 第 55 行.
SQL: SHOW COLUMNS FROM `my_blog` [ RunTime:0.009089s ]
SQL: UPDATE `my_blog` SET `b_title`='44488',`c_id`=65 WHERE ( `b_id` = 6 ) [ RunTime:0.000987s ]

[ 2017-11-20T23:08:22+08:00 ] ERR: (ThinkException) 非法操作:kindeditor
[ 2017-11-20T23:08:51+08:00 ] ERR: (ThinkException) 非法操作:kindeditor
[ 2017-11-20T23:09:11+08:00 ] ERR: (ThinkException) 非法操作:kindeditor
[ 2017-11-20T23:09:22+08:00 ] ERR: (ThinkException) 非法操作:kindeditor
