[ 2017-10-23T19:04:57+08:00 ] ERR: (ThinkException) 非法操作:kindeditor
[ 2017-10-23T19:05:03+08:00 ] 0.0.0.0 /myblog/index.php/Myback/up_page
INFO: [ app_begin ] --START--
INFO: Run ReadHtmlCache Behavior [ RunTime:0.002074s ]
INFO: [ app_begin ] --END-- [ RunTime:0.002588s ]
NOTIC: [8192] mysql_connect(): The mysql extension is deprecated and will be removed in the future: use mysqli or PDO instead E:\Application case\wamp\www\myblog\ThinkPHP\Lib\Driver\Db\DbMysql.class.php 第 55 行.
SQL: SHOW COLUMNS FROM `my_user` [ RunTime:0.009869s ]
NOTIC: [8192] preg_replace(): The /e modifier is deprecated, use preg_replace_callback instead E:\Application case\wamp\www\myblog\ThinkPHP\Lib\Core\Db.class.php 第 568 行.
SQL: SELECT COUNT(*) AS tp_count FROM `my_user` LIMIT 1   [ RunTime:0.001396s ]
NOTIC: [8192] preg_replace(): The /e modifier is deprecated, use preg_replace_callback instead E:\Application case\wamp\www\myblog\ThinkPHP\Lib\Core\Db.class.php 第 568 行.
SQL: SELECT * FROM my_user a,my_gro b WHERE ( a.gro=b.uid ) ORDER BY a.id desc LIMIT 0,2   [ RunTime:0.001263s ]

[ 2017-10-23T19:05:47+08:00 ] 0.0.0.0 /myblog/index.php/Myback/up_page
INFO: [ app_begin ] --START--
INFO: Run ReadHtmlCache Behavior [ RunTime:0.002214s ]
INFO: [ app_begin ] --END-- [ RunTime:0.002838s ]
NOTIC: [8192] mysql_connect(): The mysql extension is deprecated and will be removed in the future: use mysqli or PDO instead E:\Application case\wamp\www\myblog\ThinkPHP\Lib\Driver\Db\DbMysql.class.php 第 55 行.
SQL: SHOW COLUMNS FROM `my_user` [ RunTime:0.008779s ]
NOTIC: [8192] preg_replace(): The /e modifier is deprecated, use preg_replace_callback instead E:\Application case\wamp\www\myblog\ThinkPHP\Lib\Core\Db.class.php 第 568 行.
SQL: SELECT COUNT(*) AS tp_count FROM `my_user` LIMIT 1   [ RunTime:0.001258s ]
NOTIC: [8192] preg_replace(): The /e modifier is deprecated, use preg_replace_callback instead E:\Application case\wamp\www\myblog\ThinkPHP\Lib\Core\Db.class.php 第 568 行.
SQL: SELECT * FROM my_user a,my_gro b WHERE ( a.gro=b.uid ) ORDER BY a.id desc LIMIT 0,2   [ RunTime:0.001164s ]

[ 2017-10-23T19:06:35+08:00 ] ERR: (ThinkException) 非法操作:kindeditor
[ 2017-10-23T19:06:37+08:00 ] 0.0.0.0 /myblog/index.php/Myback/up_page
INFO: [ app_begin ] --START--
INFO: Run ReadHtmlCache Behavior [ RunTime:0.001828s ]
INFO: [ app_begin ] --END-- [ RunTime:0.002332s ]
NOTIC: [8192] mysql_connect(): The mysql extension is deprecated and will be removed in the future: use mysqli or PDO instead E:\Application case\wamp\www\myblog\ThinkPHP\Lib\Driver\Db\DbMysql.class.php 第 55 行.
SQL: SHOW COLUMNS FROM `my_user` [ RunTime:0.009327s ]
NOTIC: [8192] preg_replace(): The /e modifier is deprecated, use preg_replace_callback instead E:\Application case\wamp\www\myblog\ThinkPHP\Lib\Core\Db.class.php 第 568 行.
SQL: SELECT COUNT(*) AS tp_count FROM `my_user` LIMIT 1   [ RunTime:0.000758s ]
NOTIC: [8192] preg_replace(): The /e modifier is deprecated, use preg_replace_callback instead E:\Application case\wamp\www\myblog\ThinkPHP\Lib\Core\Db.class.php 第 568 行.
SQL: SELECT * FROM my_user a,my_gro b WHERE ( a.gro=b.uid ) ORDER BY a.id desc LIMIT 0,2   [ RunTime:0.001418s ]

[ 2017-10-23T19:07:14+08:00 ] ERR: (ThinkException) 非法操作:kindeditor
[ 2017-10-23T19:07:16+08:00 ] 0.0.0.0 /myblog/index.php/Myback/up_page
INFO: [ app_begin ] --START--
INFO: Run ReadHtmlCache Behavior [ RunTime:0.001818s ]
INFO: [ app_begin ] --END-- [ RunTime:0.002314s ]
NOTIC: [8192] mysql_connect(): The mysql extension is deprecated and will be removed in the future: use mysqli or PDO instead E:\Application case\wamp\www\myblog\ThinkPHP\Lib\Driver\Db\DbMysql.class.php 第 55 行.
SQL: SHOW COLUMNS FROM `my_user` [ RunTime:0.008075s ]
NOTIC: [8192] preg_replace(): The /e modifier is deprecated, use preg_replace_callback instead E:\Application case\wamp\www\myblog\ThinkPHP\Lib\Core\Db.class.php 第 568 行.
SQL: SELECT COUNT(*) AS tp_count FROM `my_user` LIMIT 1   [ RunTime:0.000572s ]
NOTIC: [8192] preg_replace(): The /e modifier is deprecated, use preg_replace_callback instead E:\Application case\wamp\www\myblog\ThinkPHP\Lib\Core\Db.class.php 第 568 行.
SQL: SELECT * FROM my_user a,my_gro b WHERE ( a.gro=b.uid ) ORDER BY a.id desc LIMIT 0,2   [ RunTime:0.000827s ]

[ 2017-10-23T19:08:20+08:00 ] ERR: (ThinkException) 非法操作:kindeditor
[ 2017-10-23T19:08:28+08:00 ] ERR: (ThinkException) 非法操作:kindeditor
[ 2017-10-23T19:08:31+08:00 ] 0.0.0.0 /myblog/index.php/Myback/up_page
INFO: [ app_begin ] --START--
INFO: Run ReadHtmlCache Behavior [ RunTime:0.001977s ]
INFO: [ app_begin ] --END-- [ RunTime:0.002511s ]
NOTIC: [8192] mysql_connect(): The mysql extension is deprecated and will be removed in the future: use mysqli or PDO instead E:\Application case\wamp\www\myblog\ThinkPHP\Lib\Driver\Db\DbMysql.class.php 第 55 行.
SQL: SHOW COLUMNS FROM `my_user` [ RunTime:0.008803s ]
NOTIC: [8192] preg_replace(): The /e modifier is deprecated, use preg_replace_callback instead E:\Application case\wamp\www\myblog\ThinkPHP\Lib\Core\Db.class.php 第 568 行.
SQL: SELECT COUNT(*) AS tp_count FROM `my_user` LIMIT 1   [ RunTime:0.000513s ]
NOTIC: [8192] preg_replace(): The /e modifier is deprecated, use preg_replace_callback instead E:\Application case\wamp\www\myblog\ThinkPHP\Lib\Core\Db.class.php 第 568 行.
SQL: SELECT * FROM my_user a,my_gro b WHERE ( a.gro=b.uid ) ORDER BY a.id desc LIMIT 0,2   [ RunTime:0.000816s ]

[ 2017-10-23T19:08:33+08:00 ] 0.0.0.0 /myblog/index.php/Myback/up_page
INFO: [ app_begin ] --START--
INFO: Run ReadHtmlCache Behavior [ RunTime:0.001876s ]
INFO: [ app_begin ] --END-- [ RunTime:0.002375s ]
NOTIC: [8192] mysql_connect(): The mysql extension is deprecated and will be removed in the future: use mysqli or PDO instead E:\Application case\wamp\www\myblog\ThinkPHP\Lib\Driver\Db\DbMysql.class.php 第 55 行.
SQL: SHOW COLUMNS FROM `my_user` [ RunTime:0.009377s ]
NOTIC: [8192] preg_replace(): The /e modifier is deprecated, use preg_replace_callback instead E:\Application case\wamp\www\myblog\ThinkPHP\Lib\Core\Db.class.php 第 568 行.
SQL: SELECT COUNT(*) AS tp_count FROM `my_user` LIMIT 1   [ RunTime:0.000970s ]
NOTIC: [8192] preg_replace(): The /e modifier is deprecated, use preg_replace_callback instead E:\Application case\wamp\www\myblog\ThinkPHP\Lib\Core\Db.class.php 第 568 行.
SQL: SELECT * FROM my_user a,my_gro b WHERE ( a.gro=b.uid ) ORDER BY a.id desc LIMIT 2,2   [ RunTime:0.001393s ]

[ 2017-10-23T19:09:00+08:00 ] ERR: (ThinkException) 非法操作:kindeditor
[ 2017-10-23T19:09:02+08:00 ] 0.0.0.0 /myblog/index.php/Myback/up_page
INFO: [ app_begin ] --START--
INFO: Run ReadHtmlCache Behavior [ RunTime:0.001831s ]
INFO: [ app_begin ] --END-- [ RunTime:0.002340s ]
NOTIC: [8192] mysql_connect(): The mysql extension is deprecated and will be removed in the future: use mysqli or PDO instead E:\Application case\wamp\www\myblog\ThinkPHP\Lib\Driver\Db\DbMysql.class.php 第 55 行.
SQL: SHOW COLUMNS FROM `my_user` [ RunTime:0.008197s ]
NOTIC: [8192] preg_replace(): The /e modifier is deprecated, use preg_replace_callback instead E:\Application case\wamp\www\myblog\ThinkPHP\Lib\Core\Db.class.php 第 568 行.
SQL: SELECT COUNT(*) AS tp_count FROM `my_user` LIMIT 1   [ RunTime:0.000506s ]
NOTIC: [8192] preg_replace(): The /e modifier is deprecated, use preg_replace_callback instead E:\Application case\wamp\www\myblog\ThinkPHP\Lib\Core\Db.class.php 第 568 行.
SQL: SELECT * FROM my_user a,my_gro b WHERE ( a.gro=b.uid ) ORDER BY a.id desc LIMIT 0,2   [ RunTime:0.000988s ]

[ 2017-10-23T19:09:28+08:00 ] ERR: (ThinkException) 非法操作:kindeditor
[ 2017-10-23T19:09:30+08:00 ] 0.0.0.0 /myblog/index.php/Myback/up_page
INFO: [ app_begin ] --START--
INFO: Run ReadHtmlCache Behavior [ RunTime:0.001986s ]
INFO: [ app_begin ] --END-- [ RunTime:0.002536s ]
NOTIC: [8192] mysql_connect(): The mysql extension is deprecated and will be removed in the future: use mysqli or PDO instead E:\Application case\wamp\www\myblog\ThinkPHP\Lib\Driver\Db\DbMysql.class.php 第 55 行.
SQL: SHOW COLUMNS FROM `my_user` [ RunTime:0.009228s ]
NOTIC: [8192] preg_replace(): The /e modifier is deprecated, use preg_replace_callback instead E:\Application case\wamp\www\myblog\ThinkPHP\Lib\Core\Db.class.php 第 568 行.
SQL: SELECT COUNT(*) AS tp_count FROM `my_user` LIMIT 1   [ RunTime:0.000831s ]
NOTIC: [8192] preg_replace(): The /e modifier is deprecated, use preg_replace_callback instead E:\Application case\wamp\www\myblog\ThinkPHP\Lib\Core\Db.class.php 第 568 行.
SQL: SELECT * FROM my_user a,my_gro b WHERE ( a.gro=b.uid ) ORDER BY a.id desc LIMIT 0,2   [ RunTime:0.001276s ]

[ 2017-10-23T19:09:49+08:00 ] ERR: (ThinkException) 非法操作:kindeditor
[ 2017-10-23T19:09:51+08:00 ] 0.0.0.0 /myblog/index.php/Myback/up_page
INFO: [ app_begin ] --START--
INFO: Run ReadHtmlCache Behavior [ RunTime:0.001853s ]
INFO: [ app_begin ] --END-- [ RunTime:0.002361s ]
NOTIC: [8192] mysql_connect(): The mysql extension is deprecated and will be removed in the future: use mysqli or PDO instead E:\Application case\wamp\www\myblog\ThinkPHP\Lib\Driver\Db\DbMysql.class.php 第 55 行.
SQL: SHOW COLUMNS FROM `my_user` [ RunTime:0.008308s ]
NOTIC: [8192] preg_replace(): The /e modifier is deprecated, use preg_replace_callback instead E:\Application case\wamp\www\myblog\ThinkPHP\Lib\Core\Db.class.php 第 568 行.
SQL: SELECT COUNT(*) AS tp_count FROM `my_user` LIMIT 1   [ RunTime:0.000531s ]
NOTIC: [8192] preg_replace(): The /e modifier is deprecated, use preg_replace_callback instead E:\Application case\wamp\www\myblog\ThinkPHP\Lib\Core\Db.class.php 第 568 行.
SQL: SELECT * FROM my_user a,my_gro b WHERE ( a.gro=b.uid ) ORDER BY a.id desc LIMIT 0,2   [ RunTime:0.000922s ]

[ 2017-10-23T19:09:53+08:00 ] 0.0.0.0 /myblog/index.php/Myback/up_page
INFO: [ app_begin ] --START--
INFO: Run ReadHtmlCache Behavior [ RunTime:0.002046s ]
INFO: [ app_begin ] --END-- [ RunTime:0.002668s ]
NOTIC: [8192] mysql_connect(): The mysql extension is deprecated and will be removed in the future: use mysqli or PDO instead E:\Application case\wamp\www\myblog\ThinkPHP\Lib\Driver\Db\DbMysql.class.php 第 55 行.
SQL: SHOW COLUMNS FROM `my_user` [ RunTime:0.008059s ]
NOTIC: [8192] preg_replace(): The /e modifier is deprecated, use preg_replace_callback instead E:\Application case\wamp\www\myblog\ThinkPHP\Lib\Core\Db.class.php 第 568 行.
SQL: SELECT COUNT(*) AS tp_count FROM `my_user` LIMIT 1   [ RunTime:0.000526s ]
NOTIC: [8192] preg_replace(): The /e modifier is deprecated, use preg_replace_callback instead E:\Application case\wamp\www\myblog\ThinkPHP\Lib\Core\Db.class.php 第 568 行.
SQL: SELECT * FROM my_user a,my_gro b WHERE ( a.gro=b.uid ) ORDER BY a.id desc LIMIT 0,2   [ RunTime:0.001359s ]

[ 2017-10-23T19:09:53+08:00 ] 0.0.0.0 /myblog/index.php/Myback/up_page
INFO: [ app_begin ] --START--
INFO: Run ReadHtmlCache Behavior [ RunTime:0.001896s ]
INFO: [ app_begin ] --END-- [ RunTime:0.002418s ]
NOTIC: [8192] mysql_connect(): The mysql extension is deprecated and will be removed in the future: use mysqli or PDO instead E:\Application case\wamp\www\myblog\ThinkPHP\Lib\Driver\Db\DbMysql.class.php 第 55 行.
SQL: SHOW COLUMNS FROM `my_user` [ RunTime:0.009342s ]
NOTIC: [8192] preg_replace(): The /e modifier is deprecated, use preg_replace_callback instead E:\Application case\wamp\www\myblog\ThinkPHP\Lib\Core\Db.class.php 第 568 行.
SQL: SELECT COUNT(*) AS tp_count FROM `my_user` LIMIT 1   [ RunTime:0.000519s ]
NOTIC: [8192] preg_replace(): The /e modifier is deprecated, use preg_replace_callback instead E:\Application case\wamp\www\myblog\ThinkPHP\Lib\Core\Db.class.php 第 568 行.
SQL: SELECT * FROM my_user a,my_gro b WHERE ( a.gro=b.uid ) ORDER BY a.id desc LIMIT 2,2   [ RunTime:0.000955s ]

[ 2017-10-23T19:10:10+08:00 ] ERR: (ThinkException) 非法操作:kindeditor
[ 2017-10-23T19:10:13+08:00 ] ERR: (ThinkException) 非法操作:kindeditor
[ 2017-10-23T19:10:17+08:00 ] 0.0.0.0 /myblog/index.php/Myback/up_page
INFO: [ app_begin ] --START--
INFO: Run ReadHtmlCache Behavior [ RunTime:0.001864s ]
INFO: [ app_begin ] --END-- [ RunTime:0.002375s ]
NOTIC: [8192] mysql_connect(): The mysql extension is deprecated and will be removed in the future: use mysqli or PDO instead E:\Application case\wamp\www\myblog\ThinkPHP\Lib\Driver\Db\DbMysql.class.php 第 55 行.
SQL: SHOW COLUMNS FROM `my_user` [ RunTime:0.008523s ]
NOTIC: [8192] preg_replace(): The /e modifier is deprecated, use preg_replace_callback instead E:\Application case\wamp\www\myblog\ThinkPHP\Lib\Core\Db.class.php 第 568 行.
SQL: SELECT COUNT(*) AS tp_count FROM `my_user` LIMIT 1   [ RunTime:0.000942s ]
NOTIC: [8192] preg_replace(): The /e modifier is deprecated, use preg_replace_callback instead E:\Application case\wamp\www\myblog\ThinkPHP\Lib\Core\Db.class.php 第 568 行.
SQL: SELECT * FROM my_user a,my_gro b WHERE ( a.gro=b.uid ) ORDER BY a.id desc LIMIT 0,2   [ RunTime:0.001148s ]

[ 2017-10-23T19:10:18+08:00 ] 0.0.0.0 /myblog/index.php/Myback/up_page
INFO: [ app_begin ] --START--
INFO: Run ReadHtmlCache Behavior [ RunTime:0.002063s ]
INFO: [ app_begin ] --END-- [ RunTime:0.002674s ]
NOTIC: [8192] mysql_connect(): The mysql extension is deprecated and will be removed in the future: use mysqli or PDO instead E:\Application case\wamp\www\myblog\ThinkPHP\Lib\Driver\Db\DbMysql.class.php 第 55 行.
SQL: SHOW COLUMNS FROM `my_user` [ RunTime:0.008620s ]
NOTIC: [8192] preg_replace(): The /e modifier is deprecated, use preg_replace_callback instead E:\Application case\wamp\www\myblog\ThinkPHP\Lib\Core\Db.class.php 第 568 行.
SQL: SELECT COUNT(*) AS tp_count FROM `my_user` LIMIT 1   [ RunTime:0.000903s ]
NOTIC: [8192] preg_replace(): The /e modifier is deprecated, use preg_replace_callback instead E:\Application case\wamp\www\myblog\ThinkPHP\Lib\Core\Db.class.php 第 568 行.
SQL: SELECT * FROM my_user a,my_gro b WHERE ( a.gro=b.uid ) ORDER BY a.id desc LIMIT 0,2   [ RunTime:0.002007s ]

[ 2017-10-23T19:10:19+08:00 ] 0.0.0.0 /myblog/index.php/Myback/up_page
INFO: [ app_begin ] --START--
INFO: Run ReadHtmlCache Behavior [ RunTime:0.002332s ]
INFO: [ app_begin ] --END-- [ RunTime:0.002944s ]
NOTIC: [8192] mysql_connect(): The mysql extension is deprecated and will be removed in the future: use mysqli or PDO instead E:\Application case\wamp\www\myblog\ThinkPHP\Lib\Driver\Db\DbMysql.class.php 第 55 行.
SQL: SHOW COLUMNS FROM `my_user` [ RunTime:0.008558s ]
NOTIC: [8192] preg_replace(): The /e modifier is deprecated, use preg_replace_callback instead E:\Application case\wamp\www\myblog\ThinkPHP\Lib\Core\Db.class.php 第 568 行.
SQL: SELECT COUNT(*) AS tp_count FROM `my_user` LIMIT 1   [ RunTime:0.000737s ]
NOTIC: [8192] preg_replace(): The /e modifier is deprecated, use preg_replace_callback instead E:\Application case\wamp\www\myblog\ThinkPHP\Lib\Core\Db.class.php 第 568 行.
SQL: SELECT * FROM my_user a,my_gro b WHERE ( a.gro=b.uid ) ORDER BY a.id desc LIMIT 2,2   [ RunTime:0.001549s ]

[ 2017-10-23T19:10:40+08:00 ] ERR: (ThinkException) 非法操作:kindeditor
[ 2017-10-23T19:10:42+08:00 ] 0.0.0.0 /myblog/index.php/Myback/up_page
INFO: [ app_begin ] --START--
INFO: Run ReadHtmlCache Behavior [ RunTime:0.001923s ]
INFO: [ app_begin ] --END-- [ RunTime:0.002458s ]
NOTIC: [8192] mysql_connect(): The mysql extension is deprecated and will be removed in the future: use mysqli or PDO instead E:\Application case\wamp\www\myblog\ThinkPHP\Lib\Driver\Db\DbMysql.class.php 第 55 行.
SQL: SHOW COLUMNS FROM `my_user` [ RunTime:0.008514s ]
NOTIC: [8192] preg_replace(): The /e modifier is deprecated, use preg_replace_callback instead E:\Application case\wamp\www\myblog\ThinkPHP\Lib\Core\Db.class.php 第 568 行.
SQL: SELECT COUNT(*) AS tp_count FROM `my_user` LIMIT 1   [ RunTime:0.000742s ]
NOTIC: [8192] preg_replace(): The /e modifier is deprecated, use preg_replace_callback instead E:\Application case\wamp\www\myblog\ThinkPHP\Lib\Core\Db.class.php 第 568 行.
SQL: SELECT * FROM my_user a,my_gro b WHERE ( a.gro=b.uid ) ORDER BY a.id desc LIMIT 0,2   [ RunTime:0.001216s ]

[ 2017-10-23T19:10:43+08:00 ] 0.0.0.0 /myblog/index.php/Myback/up_page
INFO: [ app_begin ] --START--
INFO: Run ReadHtmlCache Behavior [ RunTime:0.001841s ]
INFO: [ app_begin ] --END-- [ RunTime:0.002340s ]
NOTIC: [8192] mysql_connect(): The mysql extension is deprecated and will be removed in the future: use mysqli or PDO instead E:\Application case\wamp\www\myblog\ThinkPHP\Lib\Driver\Db\DbMysql.class.php 第 55 行.
SQL: SHOW COLUMNS FROM `my_user` [ RunTime:0.007505s ]
NOTIC: [8192] preg_replace(): The /e modifier is deprecated, use preg_replace_callback instead E:\Application case\wamp\www\myblog\ThinkPHP\Lib\Core\Db.class.php 第 568 行.
SQL: SELECT COUNT(*) AS tp_count FROM `my_user` LIMIT 1   [ RunTime:0.000537s ]
NOTIC: [8192] preg_replace(): The /e modifier is deprecated, use preg_replace_callback instead E:\Application case\wamp\www\myblog\ThinkPHP\Lib\Core\Db.class.php 第 568 行.
SQL: SELECT * FROM my_user a,my_gro b WHERE ( a.gro=b.uid ) ORDER BY a.id desc LIMIT 2,2   [ RunTime:0.001197s ]

[ 2017-10-23T19:10:44+08:00 ] 0.0.0.0 /myblog/index.php/Myback/up_page
INFO: [ app_begin ] --START--
INFO: Run ReadHtmlCache Behavior [ RunTime:0.001860s ]
INFO: [ app_begin ] --END-- [ RunTime:0.002364s ]
NOTIC: [8192] mysql_connect(): The mysql extension is deprecated and will be removed in the future: use mysqli or PDO instead E:\Application case\wamp\www\myblog\ThinkPHP\Lib\Driver\Db\DbMysql.class.php 第 55 行.
SQL: SHOW COLUMNS FROM `my_user` [ RunTime:0.008672s ]
NOTIC: [8192] preg_replace(): The /e modifier is deprecated, use preg_replace_callback instead E:\Application case\wamp\www\myblog\ThinkPHP\Lib\Core\Db.class.php 第 568 行.
SQL: SELECT COUNT(*) AS tp_count FROM `my_user` LIMIT 1   [ RunTime:0.000516s ]
NOTIC: [8192] preg_replace(): The /e modifier is deprecated, use preg_replace_callback instead E:\Application case\wamp\www\myblog\ThinkPHP\Lib\Core\Db.class.php 第 568 行.
SQL: SELECT * FROM my_user a,my_gro b WHERE ( a.gro=b.uid ) ORDER BY a.id desc LIMIT 2,2   [ RunTime:0.000946s ]

[ 2017-10-23T19:10:44+08:00 ] 0.0.0.0 /myblog/index.php/Myback/up_page
INFO: [ app_begin ] --START--
INFO: Run ReadHtmlCache Behavior [ RunTime:0.002088s ]
INFO: [ app_begin ] --END-- [ RunTime:0.002619s ]
NOTIC: [8192] mysql_connect(): The mysql extension is deprecated and will be removed in the future: use mysqli or PDO instead E:\Application case\wamp\www\myblog\ThinkPHP\Lib\Driver\Db\DbMysql.class.php 第 55 行.
SQL: SHOW COLUMNS FROM `my_user` [ RunTime:0.008845s ]
NOTIC: [8192] preg_replace(): The /e modifier is deprecated, use preg_replace_callback instead E:\Application case\wamp\www\myblog\ThinkPHP\Lib\Core\Db.class.php 第 568 行.
SQL: SELECT COUNT(*) AS tp_count FROM `my_user` LIMIT 1   [ RunTime:0.000667s ]
NOTIC: [8192] preg_replace(): The /e modifier is deprecated, use preg_replace_callback instead E:\Application case\wamp\www\myblog\ThinkPHP\Lib\Core\Db.class.php 第 568 行.
SQL: SELECT * FROM my_user a,my_gro b WHERE ( a.gro=b.uid ) ORDER BY a.id desc LIMIT 2,2   [ RunTime:0.001542s ]

[ 2017-10-23T19:14:00+08:00 ] 0.0.0.0 /myblog/index.php/Myback/up_page
INFO: [ app_begin ] --START--
INFO: Run ReadHtmlCache Behavior [ RunTime:0.002802s ]
INFO: [ app_begin ] --END-- [ RunTime:0.003358s ]
NOTIC: [8192] mysql_connect(): The mysql extension is deprecated and will be removed in the future: use mysqli or PDO instead E:\Application case\wamp\www\myblog\ThinkPHP\Lib\Driver\Db\DbMysql.class.php 第 55 行.
SQL: SHOW COLUMNS FROM `my_user` [ RunTime:0.010003s ]
NOTIC: [8192] preg_replace(): The /e modifier is deprecated, use preg_replace_callback instead E:\Application case\wamp\www\myblog\ThinkPHP\Lib\Core\Db.class.php 第 568 行.
SQL: SELECT COUNT(*) AS tp_count FROM `my_user` LIMIT 1   [ RunTime:0.000834s ]
NOTIC: [8192] preg_replace(): The /e modifier is deprecated, use preg_replace_callback instead E:\Application case\wamp\www\myblog\ThinkPHP\Lib\Core\Db.class.php 第 568 行.
SQL: SELECT * FROM my_user a,my_gro b WHERE ( a.gro=b.uid ) ORDER BY a.id desc LIMIT 2,2   [ RunTime:0.001128s ]

[ 2017-10-23T19:14:30+08:00 ] ERR: (ThinkException) 非法操作:kindeditor
[ 2017-10-23T19:14:33+08:00 ] 0.0.0.0 /myblog/index.php/Myback/up_page
INFO: [ app_begin ] --START--
INFO: Run ReadHtmlCache Behavior [ RunTime:0.002341s ]
INFO: [ app_begin ] --END-- [ RunTime:0.002839s ]
NOTIC: [8192] mysql_connect(): The mysql extension is deprecated and will be removed in the future: use mysqli or PDO instead E:\Application case\wamp\www\myblog\ThinkPHP\Lib\Driver\Db\DbMysql.class.php 第 55 行.
SQL: SHOW COLUMNS FROM `my_user` [ RunTime:0.014896s ]
NOTIC: [8192] preg_replace(): The /e modifier is deprecated, use preg_replace_callback instead E:\Application case\wamp\www\myblog\ThinkPHP\Lib\Core\Db.class.php 第 568 行.
SQL: SELECT COUNT(*) AS tp_count FROM `my_user` LIMIT 1   [ RunTime:0.001583s ]
NOTIC: [8192] preg_replace(): The /e modifier is deprecated, use preg_replace_callback instead E:\Application case\wamp\www\myblog\ThinkPHP\Lib\Core\Db.class.php 第 568 行.
SQL: SELECT * FROM my_user a,my_gro b WHERE ( a.gro=b.uid ) ORDER BY a.id desc LIMIT 0,2   [ RunTime:0.001472s ]

[ 2017-10-23T19:15:31+08:00 ] ERR: (ThinkException) 非法操作:kindeditor
[ 2017-10-23T19:15:35+08:00 ] 0.0.0.0 /myblog/index.php/Myback/up_page
INFO: [ app_begin ] --START--
INFO: Run ReadHtmlCache Behavior [ RunTime:0.002217s ]
INFO: [ app_begin ] --END-- [ RunTime:0.002721s ]
NOTIC: [8192] mysql_connect(): The mysql extension is deprecated and will be removed in the future: use mysqli or PDO instead E:\Application case\wamp\www\myblog\ThinkPHP\Lib\Driver\Db\DbMysql.class.php 第 55 行.
SQL: SHOW COLUMNS FROM `my_user` [ RunTime:0.011212s ]
NOTIC: [8192] preg_replace(): The /e modifier is deprecated, use preg_replace_callback instead E:\Application case\wamp\www\myblog\ThinkPHP\Lib\Core\Db.class.php 第 568 行.
SQL: SELECT COUNT(*) AS tp_count FROM `my_user` LIMIT 1   [ RunTime:0.000786s ]
NOTIC: [8192] preg_replace(): The /e modifier is deprecated, use preg_replace_callback instead E:\Application case\wamp\www\myblog\ThinkPHP\Lib\Core\Db.class.php 第 568 行.
SQL: SELECT * FROM my_user a,my_gro b WHERE ( a.gro=b.uid ) ORDER BY a.id desc LIMIT 0,2   [ RunTime:0.001399s ]

[ 2017-10-23T20:43:30+08:00 ] ERR: (ThinkException) 非法操作:kindeditor
[ 2017-10-23T20:43:35+08:00 ] 0.0.0.0 /myblog/index.php/Myback/up_page
INFO: [ app_begin ] --START--
INFO: Run ReadHtmlCache Behavior [ RunTime:0.002627s ]
INFO: [ app_begin ] --END-- [ RunTime:0.003159s ]
NOTIC: [8192] mysql_connect(): The mysql extension is deprecated and will be removed in the future: use mysqli or PDO instead E:\Application case\wamp\www\myblog\ThinkPHP\Lib\Driver\Db\DbMysql.class.php 第 55 行.
SQL: SHOW COLUMNS FROM `my_user` [ RunTime:0.014572s ]
NOTIC: [8192] preg_replace(): The /e modifier is deprecated, use preg_replace_callback instead E:\Application case\wamp\www\myblog\ThinkPHP\Lib\Core\Db.class.php 第 568 行.
SQL: SELECT COUNT(*) AS tp_count FROM `my_user` LIMIT 1   [ RunTime:0.000871s ]
NOTIC: [8192] preg_replace(): The /e modifier is deprecated, use preg_replace_callback instead E:\Application case\wamp\www\myblog\ThinkPHP\Lib\Core\Db.class.php 第 568 行.
SQL: SELECT * FROM my_user a,my_gro b WHERE ( a.gro=b.uid ) ORDER BY a.id desc LIMIT 0,2   [ RunTime:0.002570s ]

[ 2017-10-23T20:43:52+08:00 ] ERR: (ThinkException) 非法操作:kindeditor
[ 2017-10-23T20:43:54+08:00 ] 0.0.0.0 /myblog/index.php/Myback/up_page
INFO: [ app_begin ] --START--
INFO: Run ReadHtmlCache Behavior [ RunTime:0.002787s ]
INFO: [ app_begin ] --END-- [ RunTime:0.003322s ]
NOTIC: [8192] mysql_connect(): The mysql extension is deprecated and will be removed in the future: use mysqli or PDO instead E:\Application case\wamp\www\myblog\ThinkPHP\Lib\Driver\Db\DbMysql.class.php 第 55 行.
SQL: SHOW COLUMNS FROM `my_user` [ RunTime:0.011503s ]
NOTIC: [8192] preg_replace(): The /e modifier is deprecated, use preg_replace_callback instead E:\Application case\wamp\www\myblog\ThinkPHP\Lib\Core\Db.class.php 第 568 行.
SQL: SELECT COUNT(*) AS tp_count FROM `my_user` LIMIT 1   [ RunTime:0.000835s ]
NOTIC: [8192] preg_replace(): The /e modifier is deprecated, use preg_replace_callback instead E:\Application case\wamp\www\myblog\ThinkPHP\Lib\Core\Db.class.php 第 568 行.
SQL: SELECT * FROM my_user a,my_gro b WHERE ( a.gro=b.uid ) ORDER BY a.id desc LIMIT 0,2   [ RunTime:0.001542s ]

[ 2017-10-23T20:45:20+08:00 ] ERR: (ThinkException) 非法操作:kindeditor
[ 2017-10-23T20:45:23+08:00 ] 0.0.0.0 /myblog/index.php/Myback/up_page
INFO: [ app_begin ] --START--
INFO: Run ReadHtmlCache Behavior [ RunTime:0.002313s ]
INFO: [ app_begin ] --END-- [ RunTime:0.002826s ]
NOTIC: [8192] mysql_connect(): The mysql extension is deprecated and will be removed in the future: use mysqli or PDO instead E:\Application case\wamp\www\myblog\ThinkPHP\Lib\Driver\Db\DbMysql.class.php 第 55 行.
SQL: SHOW COLUMNS FROM `my_user` [ RunTime:0.011614s ]
NOTIC: [8192] preg_replace(): The /e modifier is deprecated, use preg_replace_callback instead E:\Application case\wamp\www\myblog\ThinkPHP\Lib\Core\Db.class.php 第 568 行.
SQL: SELECT COUNT(*) AS tp_count FROM `my_user` LIMIT 1   [ RunTime:0.000698s ]
NOTIC: [8192] preg_replace(): The /e modifier is deprecated, use preg_replace_callback instead E:\Application case\wamp\www\myblog\ThinkPHP\Lib\Core\Db.class.php 第 568 行.
SQL: SELECT * FROM my_user a,my_gro b WHERE ( a.gro=b.uid ) ORDER BY a.id desc LIMIT 0,2   [ RunTime:0.001174s ]

[ 2017-10-23T20:45:25+08:00 ] 0.0.0.0 /myblog/index.php/Myback/up_page
INFO: [ app_begin ] --START--
INFO: Run ReadHtmlCache Behavior [ RunTime:0.002378s ]
INFO: [ app_begin ] --END-- [ RunTime:0.003359s ]
NOTIC: [8192] mysql_connect(): The mysql extension is deprecated and will be removed in the future: use mysqli or PDO instead E:\Application case\wamp\www\myblog\ThinkPHP\Lib\Driver\Db\DbMysql.class.php 第 55 行.
SQL: SHOW COLUMNS FROM `my_user` [ RunTime:0.011373s ]
NOTIC: [8192] preg_replace(): The /e modifier is deprecated, use preg_replace_callback instead E:\Application case\wamp\www\myblog\ThinkPHP\Lib\Core\Db.class.php 第 568 行.
SQL: SELECT COUNT(*) AS tp_count FROM `my_user` LIMIT 1   [ RunTime:0.000964s ]
NOTIC: [8192] preg_replace(): The /e modifier is deprecated, use preg_replace_callback instead E:\Application case\wamp\www\myblog\ThinkPHP\Lib\Core\Db.class.php 第 568 行.
SQL: SELECT * FROM my_user a,my_gro b WHERE ( a.gro=b.uid ) ORDER BY a.id desc LIMIT 2,2   [ RunTime:0.001185s ]

[ 2017-10-23T20:47:06+08:00 ] ERR: (ThinkException) 非法操作:kindeditor
[ 2017-10-23T20:47:09+08:00 ] 0.0.0.0 /myblog/index.php/Myback/up_page
INFO: [ app_begin ] --START--
INFO: Run ReadHtmlCache Behavior [ RunTime:0.002807s ]
INFO: [ app_begin ] --END-- [ RunTime:0.003353s ]
NOTIC: [8192] mysql_connect(): The mysql extension is deprecated and will be removed in the future: use mysqli or PDO instead E:\Application case\wamp\www\myblog\ThinkPHP\Lib\Driver\Db\DbMysql.class.php 第 55 行.
SQL: SHOW COLUMNS FROM `my_user` [ RunTime:0.010022s ]
NOTIC: [8192] preg_replace(): The /e modifier is deprecated, use preg_replace_callback instead E:\Application case\wamp\www\myblog\ThinkPHP\Lib\Core\Db.class.php 第 568 行.
SQL: SELECT COUNT(*) AS tp_count FROM `my_user` LIMIT 1   [ RunTime:0.000879s ]
NOTIC: [8192] preg_replace(): The /e modifier is deprecated, use preg_replace_callback instead E:\Application case\wamp\www\myblog\ThinkPHP\Lib\Core\Db.class.php 第 568 行.
SQL: SELECT * FROM my_user a,my_gro b WHERE ( a.gro=b.uid ) ORDER BY a.id desc LIMIT 0,2   [ RunTime:0.001160s ]

[ 2017-10-23T20:48:18+08:00 ] ERR: (ThinkException) 非法操作:kindeditor
[ 2017-10-23T20:48:20+08:00 ] 0.0.0.0 /myblog/index.php/Myback/up_page
INFO: [ app_begin ] --START--
INFO: Run ReadHtmlCache Behavior [ RunTime:0.002444s ]
INFO: [ app_begin ] --END-- [ RunTime:0.003304s ]
NOTIC: [8192] mysql_connect(): The mysql extension is deprecated and will be removed in the future: use mysqli or PDO instead E:\Application case\wamp\www\myblog\ThinkPHP\Lib\Driver\Db\DbMysql.class.php 第 55 行.
SQL: SHOW COLUMNS FROM `my_user` [ RunTime:0.013376s ]
NOTIC: [8192] preg_replace(): The /e modifier is deprecated, use preg_replace_callback instead E:\Application case\wamp\www\myblog\ThinkPHP\Lib\Core\Db.class.php 第 568 行.
SQL: SELECT COUNT(*) AS tp_count FROM `my_user` LIMIT 1   [ RunTime:0.000753s ]
NOTIC: [8192] preg_replace(): The /e modifier is deprecated, use preg_replace_callback instead E:\Application case\wamp\www\myblog\ThinkPHP\Lib\Core\Db.class.php 第 568 行.
SQL: SELECT * FROM my_user a,my_gro b WHERE ( a.gro=b.uid ) ORDER BY a.id desc LIMIT 0,2   [ RunTime:0.001142s ]

[ 2017-10-23T20:48:45+08:00 ] 0.0.0.0 /myblog/index.php/Myback/up_page
INFO: [ app_begin ] --START--
INFO: Run ReadHtmlCache Behavior [ RunTime:0.004194s ]
INFO: [ app_begin ] --END-- [ RunTime:0.005132s ]
NOTIC: [8192] mysql_connect(): The mysql extension is deprecated and will be removed in the future: use mysqli or PDO instead E:\Application case\wamp\www\myblog\ThinkPHP\Lib\Driver\Db\DbMysql.class.php 第 55 行.
SQL: SHOW COLUMNS FROM `my_user` [ RunTime:0.011503s ]
NOTIC: [8192] preg_replace(): The /e modifier is deprecated, use preg_replace_callback instead E:\Application case\wamp\www\myblog\ThinkPHP\Lib\Core\Db.class.php 第 568 行.
SQL: SELECT COUNT(*) AS tp_count FROM `my_user` LIMIT 1   [ RunTime:0.000785s ]
NOTIC: [8192] preg_replace(): The /e modifier is deprecated, use preg_replace_callback instead E:\Application case\wamp\www\myblog\ThinkPHP\Lib\Core\Db.class.php 第 568 行.
SQL: SELECT * FROM my_user a,my_gro b WHERE ( a.gro=b.uid ) ORDER BY a.id desc LIMIT 2,2   [ RunTime:0.001225s ]

[ 2017-10-23T20:48:49+08:00 ] 0.0.0.0 /myblog/index.php/Myback/up_page
INFO: [ app_begin ] --START--
INFO: Run ReadHtmlCache Behavior [ RunTime:0.003244s ]
INFO: [ app_begin ] --END-- [ RunTime:0.003874s ]
NOTIC: [8192] mysql_connect(): The mysql extension is deprecated and will be removed in the future: use mysqli or PDO instead E:\Application case\wamp\www\myblog\ThinkPHP\Lib\Driver\Db\DbMysql.class.php 第 55 行.
SQL: SHOW COLUMNS FROM `my_user` [ RunTime:0.010770s ]
NOTIC: [8192] preg_replace(): The /e modifier is deprecated, use preg_replace_callback instead E:\Application case\wamp\www\myblog\ThinkPHP\Lib\Core\Db.class.php 第 568 行.
SQL: SELECT COUNT(*) AS tp_count FROM `my_user` LIMIT 1   [ RunTime:0.000749s ]
NOTIC: [8192] preg_replace(): The /e modifier is deprecated, use preg_replace_callback instead E:\Application case\wamp\www\myblog\ThinkPHP\Lib\Core\Db.class.php 第 568 行.
SQL: SELECT * FROM my_user a,my_gro b WHERE ( a.gro=b.uid ) ORDER BY a.id desc LIMIT 0,2   [ RunTime:0.001153s ]

[ 2017-10-23T20:52:59+08:00 ] ERR: (ThinkException) 非法操作:kindeditor
[ 2017-10-23T20:53:24+08:00 ] ERR: (ThinkException) 非法操作:kindeditor
[ 2017-10-23T20:53:46+08:00 ] ERR: (ThinkException) 非法操作:kindeditor
[ 2017-10-23T20:54:17+08:00 ] ERR: (ThinkException) 非法操作:kindeditor
[ 2017-10-23T20:54:29+08:00 ] ERR: (ThinkException) 非法操作:kindeditor
[ 2017-10-23T20:55:11+08:00 ] ERR: (ThinkException) 非法操作:kindeditor
[ 2017-10-23T20:55:23+08:00 ] ERR: (ThinkException) 非法操作:kindeditor
[ 2017-10-23T20:55:45+08:00 ] ERR: (ThinkException) 非法操作:kindeditor
[ 2017-10-23T20:56:02+08:00 ] ERR: (ThinkException) 非法操作:kindeditor
[ 2017-10-23T20:57:24+08:00 ] ERR: (ThinkException) 非法操作:kindeditor
[ 2017-10-23T20:57:36+08:00 ] ERR: (ThinkException) 非法操作:kindeditor
[ 2017-10-23T21:01:21+08:00 ] ERR: (ThinkException) 非法操作:kindeditor
[ 2017-10-23T21:01:37+08:00 ] ERR: (ThinkException) 非法操作:kindeditor
[ 2017-10-23T21:02:08+08:00 ] ERR: (ThinkException) 非法操作:kindeditor
[ 2017-10-23T21:05:05+08:00 ] ERR: (ThinkException) 非法操作:kindeditor
[ 2017-10-23T21:06:07+08:00 ] ERR: (ThinkException) 非法操作:kindeditor
[ 2017-10-23T21:07:07+08:00 ] ERR: (ThinkException) 非法操作:kindeditor
[ 2017-10-23T21:07:50+08:00 ] ERR: (ThinkException) 非法操作:kindeditor
[ 2017-10-23T21:08:24+08:00 ] ERR: (ThinkException) 非法操作:kindeditor
[ 2017-10-23T21:11:14+08:00 ] ERR: (ThinkException) 非法操作:kindeditor
[ 2017-10-23T21:16:32+08:00 ] ERR: (ThinkException) 非法操作:kindeditor
[ 2017-10-23T21:18:25+08:00 ] ERR: (ThinkException) 非法操作:kindeditor
[ 2017-10-23T21:18:43+08:00 ] ERR: (ThinkException) 非法操作:kindeditor
[ 2017-10-23T21:18:59+08:00 ] ERR: (ThinkException) 非法操作:kindeditor
[ 2017-10-23T21:22:00+08:00 ] ERR: (ThinkException) 非法操作:kindeditor
[ 2017-10-23T21:23:08+08:00 ] ERR: (ThinkException) 非法操作:kindeditor
[ 2017-10-23T21:24:43+08:00 ] ERR: (ThinkException) 非法操作:kindeditor
[ 2017-10-23T21:24:48+08:00 ] 0.0.0.0 /myblog/index.php/Myback/del
INFO: [ app_begin ] --START--
INFO: Run ReadHtmlCache Behavior [ RunTime:0.002530s ]
INFO: [ app_begin ] --END-- [ RunTime:0.003059s ]
NOTIC: [8192] mysql_connect(): The mysql extension is deprecated and will be removed in the future: use mysqli or PDO instead E:\Application case\wamp\www\myblog\ThinkPHP\Lib\Driver\Db\DbMysql.class.php 第 55 行.
SQL: SHOW COLUMNS FROM `my_user` [ RunTime:0.009657s ]
SQL: DELETE FROM `my_user` WHERE ( id=13 ) [ RunTime:0.040628s ]

[ 2017-10-23T21:24:49+08:00 ] ERR: (ThinkException) 非法操作:kindeditor
[ 2017-10-23T21:25:05+08:00 ] ERR: (ThinkException) 非法操作:kindeditor
[ 2017-10-23T21:25:24+08:00 ] 0.0.0.0 /myblog/index.php/Myback/update
INFO: [ app_begin ] --START--
INFO: Run ReadHtmlCache Behavior [ RunTime:0.005067s ]
INFO: [ app_begin ] --END-- [ RunTime:0.006004s ]
NOTIC: [8192] mysql_connect(): The mysql extension is deprecated and will be removed in the future: use mysqli or PDO instead E:\Application case\wamp\www\myblog\ThinkPHP\Lib\Driver\Db\DbMysql.class.php 第 55 行.
SQL: SHOW COLUMNS FROM `my_user` [ RunTime:0.009382s ]
SQL: UPDATE `my_user` SET `user`='饿',`pwd`='222222',`gro`=0,`cretime`=1508765124 WHERE ( `id` = 12 ) [ RunTime:0.001699s ]
SQL: SHOW COLUMNS FROM `my_gro` [ RunTime:0.009865s ]
NOTIC: [8192] preg_replace(): The /e modifier is deprecated, use preg_replace_callback instead E:\Application case\wamp\www\myblog\ThinkPHP\Lib\Core\Db.class.php 第 568 行.
SQL: SELECT `name` FROM `my_gro` WHERE ( uid=0 ) LIMIT 1   [ RunTime:0.000807s ]

[ 2017-10-23T21:25:36+08:00 ] ERR: (ThinkException) 非法操作:kindeditor
[ 2017-10-23T21:26:22+08:00 ] ERR: (ThinkException) 非法操作:kindeditor
[ 2017-10-23T21:26:32+08:00 ] ERR: (ThinkException) 非法操作:kindeditor
[ 2017-10-23T21:26:47+08:00 ] ERR: (ThinkException) 非法操作:kindeditor
[ 2017-10-23T21:29:27+08:00 ] ERR: (ThinkException) 非法操作:kindeditor
[ 2017-10-23T21:29:58+08:00 ] ERR: (ThinkException) 非法操作:kindeditor
[ 2017-10-23T21:30:33+08:00 ] ERR: (ThinkException) 非法操作:kindeditor
[ 2017-10-23T21:30:59+08:00 ] ERR: (ThinkException) 非法操作:kindeditor
[ 2017-10-23T21:33:38+08:00 ] ERR: (ThinkException) 非法操作:kindeditor
[ 2017-10-23T21:36:48+08:00 ] ERR: (ThinkException) 非法操作:kindeditor
[ 2017-10-23T21:38:53+08:00 ] ERR: (ThinkException) 非法操作:kindeditor
[ 2017-10-23T21:39:26+08:00 ] ERR: (ThinkException) 非法操作:kindeditor
[ 2017-10-23T21:44:57+08:00 ] ERR: (ThinkException) 非法操作:kindeditor
[ 2017-10-23T21:45:39+08:00 ] ERR: (ThinkException) 非法操作:kindeditor
[ 2017-10-23T21:45:56+08:00 ] ERR: (ThinkException) 非法操作:kindeditor
[ 2017-10-23T21:46:24+08:00 ] ERR: (ThinkException) 非法操作:kindeditor
[ 2017-10-23T21:47:18+08:00 ] ERR: (ThinkException) 非法操作:kindeditor
[ 2017-10-23T21:48:18+08:00 ] ERR: (ThinkException) 非法操作:kindeditor
[ 2017-10-23T21:48:31+08:00 ] ERR: (ThinkException) 非法操作:kindeditor
[ 2017-10-23T21:48:52+08:00 ] ERR: (ThinkException) 非法操作:kindeditor
[ 2017-10-23T21:49:07+08:00 ] ERR: (ThinkException) 非法操作:kindeditor
[ 2017-10-23T21:52:08+08:00 ] ERR: (ThinkException) 非法操作:kindeditor
[ 2017-10-23T21:53:40+08:00 ] ERR: (ThinkException) 非法操作:kindeditor
[ 2017-10-23T21:54:55+08:00 ] ERR: (ThinkException) 非法操作:kindeditor
[ 2017-10-23T21:55:42+08:00 ] ERR: (ThinkException) 非法操作:kindeditor
[ 2017-10-23T21:56:13+08:00 ] ERR: (ThinkException) 非法操作:kindeditor
[ 2017-10-23T21:56:30+08:00 ] ERR: (ThinkException) 非法操作:kindeditor
[ 2017-10-23T21:56:51+08:00 ] ERR: (ThinkException) 非法操作:kindeditor
[ 2017-10-23T22:00:10+08:00 ] ERR: (ThinkException) 非法操作:kindeditor
[ 2017-10-23T22:05:13+08:00 ] ERR: (ThinkException) 非法操作:kindeditor
[ 2017-10-23T22:05:54+08:00 ] ERR: (ThinkException) 非法操作:kindeditor
[ 2017-10-23T22:06:03+08:00 ] 0.0.0.0 /myblog/index.php/Myback/del
INFO: [ app_begin ] --START--
INFO: Run ReadHtmlCache Behavior [ RunTime:0.005496s ]
INFO: [ app_begin ] --END-- [ RunTime:0.006012s ]
NOTIC: [8192] mysql_connect(): The mysql extension is deprecated and will be removed in the future: use mysqli or PDO instead E:\Application case\wamp\www\myblog\ThinkPHP\Lib\Driver\Db\DbMysql.class.php 第 55 行.
SQL: SHOW COLUMNS FROM `my_user` [ RunTime:0.009512s ]
SQL: DELETE FROM `my_user` WHERE ( id=10 ) [ RunTime:0.000904s ]

[ 2017-10-23T22:06:04+08:00 ] ERR: (ThinkException) 非法操作:kindeditor
[ 2017-10-23T22:08:07+08:00 ] ERR: (ThinkException) 非法操作:kindeditor
[ 2017-10-23T22:08:49+08:00 ] ERR: (ThinkException) 非法操作:kindeditor
[ 2017-10-23T22:09:15+08:00 ] 0.0.0.0 /myblog/index.php/Myback/update
INFO: [ app_begin ] --START--
INFO: Run ReadHtmlCache Behavior [ RunTime:0.003558s ]
INFO: [ app_begin ] --END-- [ RunTime:0.004202s ]
NOTIC: [8192] mysql_connect(): The mysql extension is deprecated and will be removed in the future: use mysqli or PDO instead E:\Application case\wamp\www\myblog\ThinkPHP\Lib\Driver\Db\DbMysql.class.php 第 55 行.
SQL: SHOW COLUMNS FROM `my_user` [ RunTime:0.010983s ]
SQL: UPDATE `my_user` SET `user`='555',`pwd`='5555',`gro`=0,`cretime`=1508767755 WHERE ( `id` = 9 ) [ RunTime:0.000976s ]
SQL: SHOW COLUMNS FROM `my_gro` [ RunTime:0.009699s ]
NOTIC: [8192] preg_replace(): The /e modifier is deprecated, use preg_replace_callback instead E:\Application case\wamp\www\myblog\ThinkPHP\Lib\Core\Db.class.php 第 568 行.
SQL: SELECT `name` FROM `my_gro` WHERE ( uid=0 ) LIMIT 1   [ RunTime:0.000919s ]

[ 2017-10-23T22:10:04+08:00 ] ERR: (ThinkException) 非法操作:kindeditor
[ 2017-10-23T22:10:26+08:00 ] ERR: (ThinkException) 非法操作:kindeditor
[ 2017-10-23T22:10:50+08:00 ] 0.0.0.0 /myblog/index.php/Myback/update
INFO: [ app_begin ] --START--
INFO: Run ReadHtmlCache Behavior [ RunTime:0.003697s ]
INFO: [ app_begin ] --END-- [ RunTime:0.004344s ]
NOTIC: [8] Undefined index: idd E:\Application case\wamp\www\myblog\Home\Lib\Action\MybackAction.class.php 第 50 行.
NOTIC: [8192] mysql_connect(): The mysql extension is deprecated and will be removed in the future: use mysqli or PDO instead E:\Application case\wamp\www\myblog\ThinkPHP\Lib\Driver\Db\DbMysql.class.php 第 55 行.
SQL: SHOW COLUMNS FROM `my_user` [ RunTime:0.010613s ]
SQL: SHOW COLUMNS FROM `my_gro` [ RunTime:0.010093s ]
NOTIC: [8192] preg_replace(): The /e modifier is deprecated, use preg_replace_callback instead E:\Application case\wamp\www\myblog\ThinkPHP\Lib\Core\Db.class.php 第 568 行.
SQL: SELECT `name` FROM `my_gro` WHERE ( uid=0 ) LIMIT 1   [ RunTime:0.000747s ]

[ 2017-10-23T22:11:49+08:00 ] ERR: (ThinkException) 非法操作:kindeditor
[ 2017-10-23T22:12:14+08:00 ] ERR: (ThinkException) 非法操作:kindeditor
[ 2017-10-23T22:12:26+08:00 ] ERR: (ThinkException) 非法操作:kindeditor
[ 2017-10-23T22:12:33+08:00 ] 0.0.0.0 /myblog/index.php/Myback/update
INFO: [ app_begin ] --START--
INFO: Run ReadHtmlCache Behavior [ RunTime:0.005458s ]
INFO: [ app_begin ] --END-- [ RunTime:0.006049s ]
NOTIC: [8192] mysql_connect(): The mysql extension is deprecated and will be removed in the future: use mysqli or PDO instead E:\Application case\wamp\www\myblog\ThinkPHP\Lib\Driver\Db\DbMysql.class.php 第 55 行.
SQL: SHOW COLUMNS FROM `my_user` [ RunTime:0.010976s ]
SQL: UPDATE `my_user` SET `user`='我33',`pwd`='123456',`gro`=0,`cretime`=1508767953 WHERE ( `id` = 11 ) [ RunTime:0.000922s ]
SQL: SHOW COLUMNS FROM `my_gro` [ RunTime:0.008988s ]
NOTIC: [8192] preg_replace(): The /e modifier is deprecated, use preg_replace_callback instead E:\Application case\wamp\www\myblog\ThinkPHP\Lib\Core\Db.class.php 第 568 行.
SQL: SELECT `name` FROM `my_gro` WHERE ( uid=0 ) LIMIT 1   [ RunTime:0.001230s ]

[ 2017-10-23T22:12:43+08:00 ] 0.0.0.0 /myblog/index.php/Myback/update
INFO: [ app_begin ] --START--
INFO: Run ReadHtmlCache Behavior [ RunTime:0.004323s ]
INFO: [ app_begin ] --END-- [ RunTime:0.004873s ]
NOTIC: [8192] mysql_connect(): The mysql extension is deprecated and will be removed in the future: use mysqli or PDO instead E:\Application case\wamp\www\myblog\ThinkPHP\Lib\Driver\Db\DbMysql.class.php 第 55 行.
SQL: SHOW COLUMNS FROM `my_user` [ RunTime:0.010998s ]
SQL: UPDATE `my_user` SET `user`='55588',`pwd`='5555',`gro`=0,`cretime`=1508767963 WHERE ( `id` = 9 ) [ RunTime:0.000872s ]
SQL: SHOW COLUMNS FROM `my_gro` [ RunTime:0.010681s ]
NOTIC: [8192] preg_replace(): The /e modifier is deprecated, use preg_replace_callback instead E:\Application case\wamp\www\myblog\ThinkPHP\Lib\Core\Db.class.php 第 568 行.
SQL: SELECT `name` FROM `my_gro` WHERE ( uid=0 ) LIMIT 1   [ RunTime:0.000767s ]

[ 2017-10-23T22:12:52+08:00 ] 0.0.0.0 /myblog/index.php/Myback/update
INFO: [ app_begin ] --START--
INFO: Run ReadHtmlCache Behavior [ RunTime:0.004844s ]
INFO: [ app_begin ] --END-- [ RunTime:0.005399s ]
NOTIC: [8192] mysql_connect(): The mysql extension is deprecated and will be removed in the future: use mysqli or PDO instead E:\Application case\wamp\www\myblog\ThinkPHP\Lib\Driver\Db\DbMysql.class.php 第 55 行.
SQL: SHOW COLUMNS FROM `my_user` [ RunTime:0.010952s ]
SQL: UPDATE `my_user` SET `user`='3是',`pwd`='33',`gro`=0,`cretime`=1508767972 WHERE ( `id` = 8 ) [ RunTime:0.000878s ]
SQL: SHOW COLUMNS FROM `my_gro` [ RunTime:0.010496s ]
NOTIC: [8192] preg_replace(): The /e modifier is deprecated, use preg_replace_callback instead E:\Application case\wamp\www\myblog\ThinkPHP\Lib\Core\Db.class.php 第 568 行.
SQL: SELECT `name` FROM `my_gro` WHERE ( uid=0 ) LIMIT 1   [ RunTime:0.000766s ]

[ 2017-10-23T22:14:54+08:00 ] ERR: (ThinkException) 非法操作:kindeditor
[ 2017-10-23T22:15:38+08:00 ] ERR: (ThinkException) 非法操作:kindeditor
[ 2017-10-23T22:19:39+08:00 ] ERR: (ThinkException) 非法操作:kindeditor
[ 2017-10-23T22:19:56+08:00 ] 0.0.0.0 /myblog/index.php/Myback/update
INFO: [ app_begin ] --START--
INFO: Run ReadHtmlCache Behavior [ RunTime:0.003910s ]
INFO: [ app_begin ] --END-- [ RunTime:0.004452s ]
NOTIC: [8192] mysql_connect(): The mysql extension is deprecated and will be removed in the future: use mysqli or PDO instead E:\Application case\wamp\www\myblog\ThinkPHP\Lib\Driver\Db\DbMysql.class.php 第 55 行.
SQL: SHOW COLUMNS FROM `my_user` [ RunTime:0.010326s ]
SQL: UPDATE `my_user` SET `user`='我',`pwd`='123456',`gro`=0,`cretime`=1508768396 WHERE ( `id` = 11 ) [ RunTime:0.002233s ]
SQL: SHOW COLUMNS FROM `my_gro` [ RunTime:0.010200s ]
NOTIC: [8192] preg_replace(): The /e modifier is deprecated, use preg_replace_callback instead E:\Application case\wamp\www\myblog\ThinkPHP\Lib\Core\Db.class.php 第 568 行.
SQL: SELECT `name` FROM `my_gro` WHERE ( uid=0 ) LIMIT 1   [ RunTime:0.000737s ]

[ 2017-10-23T22:20:21+08:00 ] ERR: (ThinkException) 非法操作:kindeditor
[ 2017-10-23T22:42:06+08:00 ] ERR: (ThinkException) 非法操作:kindeditor
[ 2017-10-23T22:42:15+08:00 ] 0.0.0.0 /myblog/index.php/Myback/update
INFO: [ app_begin ] --START--
INFO: Run ReadHtmlCache Behavior [ RunTime:0.008153s ]
INFO: [ app_begin ] --END-- [ RunTime:0.008905s ]
NOTIC: [8] Undefined index: idd E:\Application case\wamp\www\myblog\Home\Lib\Action\MybackAction.class.php 第 50 行.
NOTIC: [8192] mysql_connect(): The mysql extension is deprecated and will be removed in the future: use mysqli or PDO instead E:\Application case\wamp\www\myblog\ThinkPHP\Lib\Driver\Db\DbMysql.class.php 第 55 行.
SQL: SHOW COLUMNS FROM `my_user` [ RunTime:0.009260s ]
SQL: SHOW COLUMNS FROM `my_gro` [ RunTime:0.011148s ]
NOTIC: [8192] preg_replace(): The /e modifier is deprecated, use preg_replace_callback instead E:\Application case\wamp\www\myblog\ThinkPHP\Lib\Core\Db.class.php 第 568 行.
SQL: SELECT `name` FROM `my_gro` WHERE ( uid=0 ) LIMIT 1   [ RunTime:0.000669s ]

[ 2017-10-23T22:45:47+08:00 ] ERR: (ThinkException) 非法操作:kindeditor
