[ 2017-10-10T08:57:27+08:00 ] ERR: (ThinkException) 非法操作:kindeditor
[ 2017-10-10T09:15:06+08:00 ] ERR: (ThinkException) 非法操作:bacMyback
[ 2017-10-10T09:15:14+08:00 ] ERR: (ThinkException) 非法操作:Myback
[ 2017-10-10T09:16:32+08:00 ] ERR: (ThinkException) 非法操作:kindeditor
[ 2017-10-10T09:16:43+08:00 ] 0.0.0.0 /myblog/index.php/Myback/update
INFO: [ app_begin ] --START--
INFO: Run ReadHtmlCache Behavior [ RunTime:0.002150s ]
INFO: [ app_begin ] --END-- [ RunTime:0.002647s ]
NOTIC: [8192] mysql_connect(): The mysql extension is deprecated and will be removed in the future: use mysqli or PDO instead E:\Application case\wamp\www\myblog\ThinkPHP\Lib\Driver\Db\DbMysql.class.php 第 55 行.
SQL: SHOW COLUMNS FROM `my_user` [ RunTime:0.032517s ]
SQL: UPDATE `my_user` SET `user`='666',`pwd`='66',`gro`=1,`cretime`=1507598203 WHERE ( `id` = 10 ) [ RunTime:0.168903s ]
SQL: SHOW COLUMNS FROM `my_gro` [ RunTime:0.047951s ]
NOTIC: [8192] preg_replace(): The /e modifier is deprecated, use preg_replace_callback instead E:\Application case\wamp\www\myblog\ThinkPHP\Lib\Core\Db.class.php 第 568 行.
SQL: SELECT `name` FROM `my_gro` WHERE ( uid=1 ) LIMIT 1   [ RunTime:0.000918s ]

[ 2017-10-10T09:16:49+08:00 ] 0.0.0.0 /myblog/index.php/Myback/update
INFO: [ app_begin ] --START--
INFO: Run ReadHtmlCache Behavior [ RunTime:0.002113s ]
INFO: [ app_begin ] --END-- [ RunTime:0.002626s ]
NOTIC: [8192] mysql_connect(): The mysql extension is deprecated and will be removed in the future: use mysqli or PDO instead E:\Application case\wamp\www\myblog\ThinkPHP\Lib\Driver\Db\DbMysql.class.php 第 55 行.
SQL: SHOW COLUMNS FROM `my_user` [ RunTime:0.031286s ]
SQL: UPDATE `my_user` SET `user`='555',`pwd`='5555',`gro`=2,`cretime`=1507598209 WHERE ( `id` = 9 ) [ RunTime:0.000658s ]
SQL: SHOW COLUMNS FROM `my_gro` [ RunTime:0.019707s ]
NOTIC: [8192] preg_replace(): The /e modifier is deprecated, use preg_replace_callback instead E:\Application case\wamp\www\myblog\ThinkPHP\Lib\Core\Db.class.php 第 568 行.
SQL: SELECT `name` FROM `my_gro` WHERE ( uid=2 ) LIMIT 1   [ RunTime:0.000635s ]

[ 2017-10-10T09:16:53+08:00 ] 0.0.0.0 /myblog/index.php/Myback/up_page
INFO: [ app_begin ] --START--
INFO: Run ReadHtmlCache Behavior [ RunTime:0.001842s ]
INFO: [ app_begin ] --END-- [ RunTime:0.002278s ]
NOTIC: [8192] mysql_connect(): The mysql extension is deprecated and will be removed in the future: use mysqli or PDO instead E:\Application case\wamp\www\myblog\ThinkPHP\Lib\Driver\Db\DbMysql.class.php 第 55 行.
SQL: SHOW COLUMNS FROM `my_user` [ RunTime:0.025951s ]
NOTIC: [8192] preg_replace(): The /e modifier is deprecated, use preg_replace_callback instead E:\Application case\wamp\www\myblog\ThinkPHP\Lib\Core\Db.class.php 第 568 行.
SQL: SELECT COUNT(*) AS tp_count FROM `my_user` LIMIT 1   [ RunTime:0.000451s ]
NOTIC: [8192] preg_replace(): The /e modifier is deprecated, use preg_replace_callback instead E:\Application case\wamp\www\myblog\ThinkPHP\Lib\Core\Db.class.php 第 568 行.
SQL: SELECT * FROM my_user a,my_gro b WHERE ( a.gro=b.uid ) ORDER BY a.id desc LIMIT 2,2   [ RunTime:0.015156s ]

[ 2017-10-10T09:20:05+08:00 ] ERR: (ThinkException) 非法操作:Myback
[ 2017-10-10T09:20:06+08:00 ] ERR: (ThinkException) 非法操作:bacMyback
[ 2017-10-10T09:20:16+08:00 ] ERR: (ThinkException) 非法操作:kindeditor
[ 2017-10-10T09:20:19+08:00 ] 0.0.0.0 /myblog/index.php/Myback/up_page
INFO: [ app_begin ] --START--
INFO: Run ReadHtmlCache Behavior [ RunTime:0.001787s ]
INFO: [ app_begin ] --END-- [ RunTime:0.002231s ]
NOTIC: [8192] mysql_connect(): The mysql extension is deprecated and will be removed in the future: use mysqli or PDO instead E:\Application case\wamp\www\myblog\ThinkPHP\Lib\Driver\Db\DbMysql.class.php 第 55 行.
SQL: SHOW COLUMNS FROM `my_user` [ RunTime:0.027694s ]
NOTIC: [8192] preg_replace(): The /e modifier is deprecated, use preg_replace_callback instead E:\Application case\wamp\www\myblog\ThinkPHP\Lib\Core\Db.class.php 第 568 行.
SQL: SELECT COUNT(*) AS tp_count FROM `my_user` LIMIT 1   [ RunTime:0.000546s ]
NOTIC: [8192] preg_replace(): The /e modifier is deprecated, use preg_replace_callback instead E:\Application case\wamp\www\myblog\ThinkPHP\Lib\Core\Db.class.php 第 568 行.
SQL: SELECT * FROM my_user a,my_gro b WHERE ( a.gro=b.uid ) ORDER BY a.id desc LIMIT 0,2   [ RunTime:0.000930s ]

[ 2017-10-10T09:20:21+08:00 ] 0.0.0.0 /myblog/index.php/Myback/up_page
INFO: [ app_begin ] --START--
INFO: Run ReadHtmlCache Behavior [ RunTime:0.001710s ]
INFO: [ app_begin ] --END-- [ RunTime:0.002154s ]
NOTIC: [8192] mysql_connect(): The mysql extension is deprecated and will be removed in the future: use mysqli or PDO instead E:\Application case\wamp\www\myblog\ThinkPHP\Lib\Driver\Db\DbMysql.class.php 第 55 行.
SQL: SHOW COLUMNS FROM `my_user` [ RunTime:0.046768s ]
NOTIC: [8192] preg_replace(): The /e modifier is deprecated, use preg_replace_callback instead E:\Application case\wamp\www\myblog\ThinkPHP\Lib\Core\Db.class.php 第 568 行.
SQL: SELECT COUNT(*) AS tp_count FROM `my_user` LIMIT 1   [ RunTime:0.000673s ]
NOTIC: [8192] preg_replace(): The /e modifier is deprecated, use preg_replace_callback instead E:\Application case\wamp\www\myblog\ThinkPHP\Lib\Core\Db.class.php 第 568 行.
SQL: SELECT * FROM my_user a,my_gro b WHERE ( a.gro=b.uid ) ORDER BY a.id desc LIMIT 2,2   [ RunTime:0.000945s ]

[ 2017-10-10T09:22:02+08:00 ] ERR: (ThinkException) 非法操作:kindeditor
[ 2017-10-10T09:22:05+08:00 ] 0.0.0.0 /myblog/index.php/Myback/up_page
INFO: [ app_begin ] --START--
INFO: Run ReadHtmlCache Behavior [ RunTime:0.001858s ]
INFO: [ app_begin ] --END-- [ RunTime:0.002313s ]
NOTIC: [8192] mysql_connect(): The mysql extension is deprecated and will be removed in the future: use mysqli or PDO instead E:\Application case\wamp\www\myblog\ThinkPHP\Lib\Driver\Db\DbMysql.class.php 第 55 行.
SQL: SHOW COLUMNS FROM `my_user` [ RunTime:0.025641s ]
NOTIC: [8192] preg_replace(): The /e modifier is deprecated, use preg_replace_callback instead E:\Application case\wamp\www\myblog\ThinkPHP\Lib\Core\Db.class.php 第 568 行.
SQL: SELECT COUNT(*) AS tp_count FROM `my_user` LIMIT 1   [ RunTime:0.000446s ]
NOTIC: [8192] preg_replace(): The /e modifier is deprecated, use preg_replace_callback instead E:\Application case\wamp\www\myblog\ThinkPHP\Lib\Core\Db.class.php 第 568 行.
SQL: SELECT * FROM my_user a,my_gro b WHERE ( a.gro=b.uid ) ORDER BY a.id desc LIMIT 0,2   [ RunTime:0.000764s ]

