[ 2017-11-28T08:18:18+08:00 ] ERR: (ThinkException) 非法操作:kindeditor
[ 2017-11-28T08:18:42+08:00 ] ERR: (ThinkException) 非法操作:kindeditor
[ 2017-11-28T08:19:34+08:00 ] ERR: (ThinkException) 非法操作:kindeditor
[ 2017-11-28T08:19:37+08:00 ] ERR: (ThinkException) 非法操作:kindeditor
[ 2017-11-28T08:22:04+08:00 ] 0.0.0.0 /myblog/index.php/Myback/blogupdate
INFO: [ app_begin ] --START--
INFO: Run ReadHtmlCache Behavior [ RunTime:0.003507s ]
INFO: [ app_begin ] --END-- [ RunTime:0.004105s ]
NOTIC: [8192] mysql_connect(): The mysql extension is deprecated and will be removed in the future: use mysqli or PDO instead E:\Application case\wamp\www\myblog\ThinkPHP\Lib\Driver\Db\DbMysql.class.php 第 55 行.
SQL: SHOW COLUMNS FROM `my_blog` [ RunTime:0.009517s ]
SQL: UPDATE `my_blog` SET `b_title`='22mknnn结过婚',`c_id`=65 WHERE ( `b_id` = 30 ) [ RunTime:0.000844s ]

[ 2017-11-28T08:22:08+08:00 ] 0.0.0.0 /myblog/index.php/Myback/blogdel
INFO: [ app_begin ] --START--
INFO: Run ReadHtmlCache Behavior [ RunTime:0.002953s ]
INFO: [ app_begin ] --END-- [ RunTime:0.003510s ]
NOTIC: [8192] mysql_connect(): The mysql extension is deprecated and will be removed in the future: use mysqli or PDO instead E:\Application case\wamp\www\myblog\ThinkPHP\Lib\Driver\Db\DbMysql.class.php 第 55 行.
SQL: SHOW COLUMNS FROM `my_blog` [ RunTime:0.008337s ]
SQL: DELETE FROM `my_blog` WHERE ( b_id=30 ) [ RunTime:0.000722s ]

[ 2017-11-28T08:23:17+08:00 ] 0.0.0.0 /myblog/index.php/Myback/blogupdate
INFO: [ app_begin ] --START--
INFO: Run ReadHtmlCache Behavior [ RunTime:0.002447s ]
INFO: [ app_begin ] --END-- [ RunTime:0.003053s ]
NOTIC: [8192] mysql_connect(): The mysql extension is deprecated and will be removed in the future: use mysqli or PDO instead E:\Application case\wamp\www\myblog\ThinkPHP\Lib\Driver\Db\DbMysql.class.php 第 55 行.
SQL: SHOW COLUMNS FROM `my_blog` [ RunTime:0.008732s ]
SQL: UPDATE `my_blog` SET `b_title`='非官方的给刚好',`c_id`=65 WHERE ( `b_id` = 38 ) [ RunTime:0.001188s ]

[ 2017-11-28T08:23:28+08:00 ] 0.0.0.0 /myblog/index.php/Myback/blogdelall
INFO: [ app_begin ] --START--
INFO: Run ReadHtmlCache Behavior [ RunTime:0.002207s ]
INFO: [ app_begin ] --END-- [ RunTime:0.002842s ]
NOTIC: [8192] mysql_connect(): The mysql extension is deprecated and will be removed in the future: use mysqli or PDO instead E:\Application case\wamp\www\myblog\ThinkPHP\Lib\Driver\Db\DbMysql.class.php 第 55 行.
SQL: SHOW COLUMNS FROM `my_blog` [ RunTime:0.008684s ]
SQL: DELETE FROM `my_blog` WHERE ( `b_id` IN ('38','35','') ) [ RunTime:0.001072s ]

[ 2017-11-28T08:24:51+08:00 ] 0.0.0.0 /myblog/index.php/Myback/p_zhuangtai
INFO: [ app_begin ] --START--
INFO: Run ReadHtmlCache Behavior [ RunTime:0.002945s ]
INFO: [ app_begin ] --END-- [ RunTime:0.003495s ]
NOTIC: [8192] mysql_connect(): The mysql extension is deprecated and will be removed in the future: use mysqli or PDO instead E:\Application case\wamp\www\myblog\ThinkPHP\Lib\Driver\Db\DbMysql.class.php 第 55 行.
SQL: SHOW COLUMNS FROM `my_pinglun` [ RunTime:0.008497s ]
SQL: UPDATE `my_pinglun` SET `p_zhuangtai`=0 WHERE ( `p_id` = 16 ) [ RunTime:0.000723s ]

[ 2017-11-28T08:24:57+08:00 ] ERR: (ThinkException) 非法操作:__URL__
[ 2017-11-28T08:25:00+08:00 ] ERR: (ThinkException) 非法操作:__URL__
[ 2017-11-28T08:25:21+08:00 ] 0.0.0.0 /myblog/index.php/Myback/p_zhuangtai
INFO: [ app_begin ] --START--
INFO: Run ReadHtmlCache Behavior [ RunTime:0.002953s ]
INFO: [ app_begin ] --END-- [ RunTime:0.003504s ]
NOTIC: [8192] mysql_connect(): The mysql extension is deprecated and will be removed in the future: use mysqli or PDO instead E:\Application case\wamp\www\myblog\ThinkPHP\Lib\Driver\Db\DbMysql.class.php 第 55 行.
SQL: SHOW COLUMNS FROM `my_pinglun` [ RunTime:0.008105s ]
SQL: UPDATE `my_pinglun` SET `p_zhuangtai`=0 WHERE ( `p_id` = 18 ) [ RunTime:0.000685s ]

[ 2017-11-28T08:25:35+08:00 ] ERR: (ThinkException) 非法操作:__URL__
[ 2017-11-28T08:27:02+08:00 ] ERR: (ThinkException) 非法操作:__URL__
[ 2017-11-28T08:27:46+08:00 ] ERR: (ThinkException) 非法操作:__URL__
[ 2017-11-28T08:27:52+08:00 ] ERR: (ThinkException) 非法操作:__URL__
[ 2017-11-28T08:27:59+08:00 ] ERR: (ThinkException) 非法操作:__URL__
[ 2017-11-28T08:28:12+08:00 ] ERR: (ThinkException) 非法操作:__URL__
[ 2017-11-28T08:32:00+08:00 ] ERR: (ThinkException) 非法操作:__URL__
[ 2017-11-28T08:32:32+08:00 ] ERR: (ThinkException) 非法操作:__URL__
[ 2017-11-28T08:33:43+08:00 ] 0.0.0.0 /myblog/index.php/Myback/p_zhuangtai
INFO: [ app_begin ] --START--
INFO: Run ReadHtmlCache Behavior [ RunTime:0.001970s ]
INFO: [ app_begin ] --END-- [ RunTime:0.002529s ]
NOTIC: [8192] mysql_connect(): The mysql extension is deprecated and will be removed in the future: use mysqli or PDO instead E:\Application case\wamp\www\myblog\ThinkPHP\Lib\Driver\Db\DbMysql.class.php 第 55 行.
SQL: SHOW COLUMNS FROM `my_pinglun` [ RunTime:0.008194s ]
SQL: UPDATE `my_pinglun` SET `p_zhuangtai`=0 WHERE ( `p_id` = 17 ) [ RunTime:0.000823s ]

[ 2017-11-28T08:33:48+08:00 ] 0.0.0.0 /myblog/index.php/Myback/p_zhuangtai
INFO: [ app_begin ] --START--
INFO: Run ReadHtmlCache Behavior [ RunTime:0.001917s ]
INFO: [ app_begin ] --END-- [ RunTime:0.002452s ]
NOTIC: [8192] mysql_connect(): The mysql extension is deprecated and will be removed in the future: use mysqli or PDO instead E:\Application case\wamp\www\myblog\ThinkPHP\Lib\Driver\Db\DbMysql.class.php 第 55 行.
SQL: SHOW COLUMNS FROM `my_pinglun` [ RunTime:0.008198s ]
SQL: UPDATE `my_pinglun` SET `p_zhuangtai`=1 WHERE ( `p_id` = 17 ) [ RunTime:0.000833s ]

[ 2017-11-28T08:34:05+08:00 ] ERR: (ThinkException) 非法操作:__URL__
[ 2017-11-28T08:36:21+08:00 ] ERR: (ThinkException) 非法操作:__URL__
[ 2017-11-28T08:52:33+08:00 ] ERR: (ThinkException) 非法操作:__URL__
[ 2017-11-28T08:55:00+08:00 ] ERR: (ThinkException) 非法操作:__URL__
[ 2017-11-28T09:33:46+08:00 ] 0.0.0.0 /myblog/index.php/Myback/p_zhuangtai
INFO: [ app_begin ] --START--
INFO: Run ReadHtmlCache Behavior [ RunTime:0.003280s ]
INFO: [ app_begin ] --END-- [ RunTime:0.003861s ]
NOTIC: [8192] mysql_connect(): The mysql extension is deprecated and will be removed in the future: use mysqli or PDO instead E:\Application case\wamp\www\myblog\ThinkPHP\Lib\Driver\Db\DbMysql.class.php 第 55 行.
SQL: SHOW COLUMNS FROM `my_pinglun` [ RunTime:0.010281s ]
SQL: UPDATE `my_pinglun` SET `p_zhuangtai`=0 WHERE ( `p_id` = 17 ) [ RunTime:0.000992s ]

[ 2017-11-28T09:33:52+08:00 ] 0.0.0.0 /myblog/index.php/Myback/pinglundel
INFO: [ app_begin ] --START--
INFO: Run ReadHtmlCache Behavior [ RunTime:0.003432s ]
INFO: [ app_begin ] --END-- [ RunTime:0.003990s ]
NOTIC: [8192] mysql_connect(): The mysql extension is deprecated and will be removed in the future: use mysqli or PDO instead E:\Application case\wamp\www\myblog\ThinkPHP\Lib\Driver\Db\DbMysql.class.php 第 55 行.
SQL: SHOW COLUMNS FROM `my_pinglun` [ RunTime:0.010150s ]
SQL: DELETE FROM `my_pinglun` WHERE ( p_id=17 ) [ RunTime:0.001135s ]

[ 2017-11-28T09:34:56+08:00 ] 0.0.0.0 /myblog/index.php/Myback/pinglunshenhearr
INFO: [ app_begin ] --START--
INFO: Run ReadHtmlCache Behavior [ RunTime:0.003155s ]
INFO: [ app_begin ] --END-- [ RunTime:0.003732s ]
NOTIC: [8192] mysql_connect(): The mysql extension is deprecated and will be removed in the future: use mysqli or PDO instead E:\Application case\wamp\www\myblog\ThinkPHP\Lib\Driver\Db\DbMysql.class.php 第 55 行.
SQL: SHOW COLUMNS FROM `my_pinglun` [ RunTime:0.009865s ]
SQL: UPDATE `my_pinglun` SET `p_shenhe`=1 WHERE ( `p_id` IN ('9','18','') ) [ RunTime:0.000952s ]

[ 2017-11-28T09:35:09+08:00 ] 0.0.0.0 /myblog/index.php/Myback/p_zhuangtai
INFO: [ app_begin ] --START--
INFO: Run ReadHtmlCache Behavior [ RunTime:0.003374s ]
INFO: [ app_begin ] --END-- [ RunTime:0.003905s ]
NOTIC: [8192] mysql_connect(): The mysql extension is deprecated and will be removed in the future: use mysqli or PDO instead E:\Application case\wamp\www\myblog\ThinkPHP\Lib\Driver\Db\DbMysql.class.php 第 55 行.
SQL: SHOW COLUMNS FROM `my_pinglun` [ RunTime:0.009554s ]
SQL: UPDATE `my_pinglun` SET `p_zhuangtai`=1 WHERE ( `p_id` = 16 ) [ RunTime:0.000849s ]

[ 2017-11-28T09:35:15+08:00 ] 0.0.0.0 /myblog/index.php/Myback/pinglundel
INFO: [ app_begin ] --START--
INFO: Run ReadHtmlCache Behavior [ RunTime:0.003760s ]
INFO: [ app_begin ] --END-- [ RunTime:0.004377s ]
NOTIC: [8192] mysql_connect(): The mysql extension is deprecated and will be removed in the future: use mysqli or PDO instead E:\Application case\wamp\www\myblog\ThinkPHP\Lib\Driver\Db\DbMysql.class.php 第 55 行.
SQL: SHOW COLUMNS FROM `my_pinglun` [ RunTime:0.009731s ]
SQL: DELETE FROM `my_pinglun` WHERE ( p_id=18 ) [ RunTime:0.000865s ]

[ 2017-11-28T09:38:19+08:00 ] ERR: (ThinkException) 非法操作:__URL__
[ 2017-11-28T09:38:58+08:00 ] ERR: (ThinkException) 非法操作:__URL__
[ 2017-11-28T09:39:25+08:00 ] ERR: (ThinkException) 非法操作:__URL__
[ 2017-11-28T09:49:02+08:00 ] ERR: (ThinkException) 非法操作:__URL__
[ 2017-11-28T09:50:11+08:00 ] ERR: (ThinkException) 非法操作:__URL__
[ 2017-11-28T09:51:06+08:00 ] ERR: (ThinkException) 非法操作:__URL__
[ 2017-11-28T09:52:18+08:00 ] ERR: (ThinkException) 非法操作:__URL__
[ 2017-11-28T09:55:55+08:00 ] ERR: (ThinkException) 非法操作:__URL__
[ 2017-11-28T09:55:57+08:00 ] ERR: (ThinkException) 非法操作:__URL__
[ 2017-11-28T09:56:20+08:00 ] ERR: (ThinkException) 非法操作:__URL__
[ 2017-11-28T09:56:21+08:00 ] ERR: (ThinkException) 非法操作:__URL__
[ 2017-11-28T09:58:08+08:00 ] ERR: (ThinkException) 非法操作:__URL__
[ 2017-11-28T09:58:09+08:00 ] ERR: (ThinkException) 非法操作:__URL__
[ 2017-11-28T10:05:47+08:00 ] 0.0.0.0 /myblog/index.php/Myback/classup
INFO: [ app_begin ] --START--
INFO: Run ReadHtmlCache Behavior [ RunTime:0.006676s ]
INFO: [ app_begin ] --END-- [ RunTime:0.007500s ]
NOTIC: [8192] mysql_connect(): The mysql extension is deprecated and will be removed in the future: use mysqli or PDO instead E:\Application case\wamp\www\myblog\ThinkPHP\Lib\Driver\Db\DbMysql.class.php 第 55 行.
SQL: SHOW COLUMNS FROM `my_class` [ RunTime:0.009457s ]
SQL: UPDATE `my_class` SET `f_id`=1,`f_name`='很广泛化工的地方地方',`path`='0,1,65',`level`=2,`add_time`=1511834747 WHERE ( `c_id` = 65 ) [ RunTime:0.000961s ]

[ 2017-11-28T10:06:04+08:00 ] 0.0.0.0 /myblog/index.php/Myback/classup
INFO: [ app_begin ] --START--
INFO: Run ReadHtmlCache Behavior [ RunTime:0.005535s ]
INFO: [ app_begin ] --END-- [ RunTime:0.006239s ]
NOTIC: [8192] mysql_connect(): The mysql extension is deprecated and will be removed in the future: use mysqli or PDO instead E:\Application case\wamp\www\myblog\ThinkPHP\Lib\Driver\Db\DbMysql.class.php 第 55 行.
SQL: SHOW COLUMNS FROM `my_class` [ RunTime:0.011442s ]
SQL: UPDATE `my_class` SET `f_id`=1,`f_name`='很广泛化工啊啊',`path`='0,1,65',`level`=2,`add_time`=1511834764 WHERE ( `c_id` = 65 ) [ RunTime:0.001050s ]

[ 2017-11-28T10:06:34+08:00 ] 0.0.0.0 /myblog/index.php/Myback/classup
INFO: [ app_begin ] --START--
INFO: Run ReadHtmlCache Behavior [ RunTime:0.004316s ]
INFO: [ app_begin ] --END-- [ RunTime:0.004966s ]
NOTIC: [8192] mysql_connect(): The mysql extension is deprecated and will be removed in the future: use mysqli or PDO instead E:\Application case\wamp\www\myblog\ThinkPHP\Lib\Driver\Db\DbMysql.class.php 第 55 行.
SQL: SHOW COLUMNS FROM `my_class` [ RunTime:0.010885s ]
SQL: UPDATE `my_class` SET `f_id`=1,`f_name`='郭德纲',`path`='0,1,65,73',`level`=3,`add_time`=1511834794 WHERE ( `c_id` = 65 ) [ RunTime:0.001163s ]

[ 2017-11-28T10:07:53+08:00 ] 0.0.0.0 /myblog/index.php/Myback/classup
INFO: [ app_begin ] --START--
INFO: Run ReadHtmlCache Behavior [ RunTime:0.003677s ]
INFO: [ app_begin ] --END-- [ RunTime:0.004336s ]
NOTIC: [8192] mysql_connect(): The mysql extension is deprecated and will be removed in the future: use mysqli or PDO instead E:\Application case\wamp\www\myblog\ThinkPHP\Lib\Driver\Db\DbMysql.class.php 第 55 行.
SQL: SHOW COLUMNS FROM `my_class` [ RunTime:0.010666s ]
SQL: UPDATE `my_class` SET `f_id`=1,`f_name`='很广泛化工分割',`path`='0,1,65,73',`level`=3,`add_time`=1511834873 WHERE ( `c_id` = 65 ) [ RunTime:0.001177s ]

[ 2017-11-28T10:11:19+08:00 ] 0.0.0.0 /myblog/index.php/Myback/classup
INFO: [ app_begin ] --START--
INFO: Run ReadHtmlCache Behavior [ RunTime:0.003421s ]
INFO: [ app_begin ] --END-- [ RunTime:0.003981s ]
NOTIC: [8192] mysql_connect(): The mysql extension is deprecated and will be removed in the future: use mysqli or PDO instead E:\Application case\wamp\www\myblog\ThinkPHP\Lib\Driver\Db\DbMysql.class.php 第 55 行.
SQL: SHOW COLUMNS FROM `my_class` [ RunTime:0.012171s ]
SQL: UPDATE `my_class` SET `f_id`=1,`f_name`='郭德纲',`path`='0,1,65,73',`level`=3,`add_time`=1511835079 WHERE ( `c_id` = 65 ) [ RunTime:0.001338s ]

[ 2017-11-28T10:25:03+08:00 ] 0.0.0.0 /myblog/index.php/Myback/classup
INFO: [ app_begin ] --START--
INFO: Run ReadHtmlCache Behavior [ RunTime:0.004233s ]
INFO: [ app_begin ] --END-- [ RunTime:0.004927s ]
NOTIC: [8192] mysql_connect(): The mysql extension is deprecated and will be removed in the future: use mysqli or PDO instead E:\Application case\wamp\www\myblog\ThinkPHP\Lib\Driver\Db\DbMysql.class.php 第 55 行.
SQL: SHOW COLUMNS FROM `my_class` [ RunTime:0.014411s ]
NOTIC: [8] Undefined index: c_id E:\Application case\wamp\www\myblog\Home\Lib\Action\MybackAction.class.php 第 266 行.
NOTIC: [8] Undefined index: f_id E:\Application case\wamp\www\myblog\Home\Lib\Action\MybackAction.class.php 第 267 行.

[ 2017-11-28T10:42:47+08:00 ] 0.0.0.0 /myblog/index.php/Myback/classup
INFO: [ app_begin ] --START--
INFO: Run ReadHtmlCache Behavior [ RunTime:0.004500s ]
INFO: [ app_begin ] --END-- [ RunTime:0.005088s ]
NOTIC: [8192] mysql_connect(): The mysql extension is deprecated and will be removed in the future: use mysqli or PDO instead E:\Application case\wamp\www\myblog\ThinkPHP\Lib\Driver\Db\DbMysql.class.php 第 55 行.
SQL: SHOW COLUMNS FROM `my_class` [ RunTime:0.012210s ]
SQL: UPDATE `my_class` SET `f_id`=1,`f_name`='1hfh的风格',`path`='0,1,65,73',`level`=3,`add_time`=1511836967 WHERE ( `c_id` = 65 ) [ RunTime:0.000958s ]

[ 2017-11-28T10:44:08+08:00 ] 0.0.0.0 /myblog/index.php/Myback/classup
INFO: [ app_begin ] --START--
INFO: Run ReadHtmlCache Behavior [ RunTime:0.005177s ]
INFO: [ app_begin ] --END-- [ RunTime:0.005958s ]
NOTIC: [8192] mysql_connect(): The mysql extension is deprecated and will be removed in the future: use mysqli or PDO instead E:\Application case\wamp\www\myblog\ThinkPHP\Lib\Driver\Db\DbMysql.class.php 第 55 行.
SQL: SHOW COLUMNS FROM `my_class` [ RunTime:0.010537s ]
SQL: UPDATE `my_class` SET `f_id`=0,`f_name`='日日日给',`path`='0',`level`=0,`add_time`=1511837048 WHERE ( `c_id` = 73 ) [ RunTime:0.000952s ]

[ 2017-11-28T10:53:21+08:00 ] 0.0.0.0 /myblog/index.php/Myback/classup
INFO: [ app_begin ] --START--
INFO: Run ReadHtmlCache Behavior [ RunTime:0.003709s ]
INFO: [ app_begin ] --END-- [ RunTime:0.004746s ]
NOTIC: [8192] mysql_connect(): The mysql extension is deprecated and will be removed in the future: use mysqli or PDO instead E:\Application case\wamp\www\myblog\ThinkPHP\Lib\Driver\Db\DbMysql.class.php 第 55 行.
SQL: SHOW COLUMNS FROM `my_class` [ RunTime:0.010232s ]
SQL: UPDATE `my_class` SET `f_id`=0,`f_name`='郭德纲广告费',`path`='0,76',`level`=1,`add_time`=1511837601 WHERE ( `c_id` = 76 ) [ RunTime:0.001008s ]

[ 2017-11-28T10:54:27+08:00 ] 0.0.0.0 /myblog/index.php/Myback/classup
INFO: [ app_begin ] --START--
INFO: Run ReadHtmlCache Behavior [ RunTime:0.005039s ]
INFO: [ app_begin ] --END-- [ RunTime:0.005620s ]
NOTIC: [8192] mysql_connect(): The mysql extension is deprecated and will be removed in the future: use mysqli or PDO instead E:\Application case\wamp\www\myblog\ThinkPHP\Lib\Driver\Db\DbMysql.class.php 第 55 行.
SQL: SHOW COLUMNS FROM `my_class` [ RunTime:0.010580s ]
NOTIC: [8] Undefined index: c_id E:\Application case\wamp\www\myblog\Home\Lib\Action\MybackAction.class.php 第 266 行.

[ 2017-11-28T10:54:46+08:00 ] 0.0.0.0 /myblog/index.php/Myback/classup
INFO: [ app_begin ] --START--
INFO: Run ReadHtmlCache Behavior [ RunTime:0.005840s ]
INFO: [ app_begin ] --END-- [ RunTime:0.006414s ]
NOTIC: [8192] mysql_connect(): The mysql extension is deprecated and will be removed in the future: use mysqli or PDO instead E:\Application case\wamp\www\myblog\ThinkPHP\Lib\Driver\Db\DbMysql.class.php 第 55 行.
SQL: SHOW COLUMNS FROM `my_class` [ RunTime:0.010839s ]
NOTIC: [8] Undefined index: c_id E:\Application case\wamp\www\myblog\Home\Lib\Action\MybackAction.class.php 第 266 行.

[ 2017-11-28T10:58:29+08:00 ] 0.0.0.0 /myblog/index.php/Myback/classup
INFO: [ app_begin ] --START--
INFO: Run ReadHtmlCache Behavior [ RunTime:0.003311s ]
INFO: [ app_begin ] --END-- [ RunTime:0.003861s ]
NOTIC: [8192] mysql_connect(): The mysql extension is deprecated and will be removed in the future: use mysqli or PDO instead E:\Application case\wamp\www\myblog\ThinkPHP\Lib\Driver\Db\DbMysql.class.php 第 55 行.
SQL: SHOW COLUMNS FROM `my_class` [ RunTime:0.010064s ]
SQL: UPDATE `my_class` SET `f_id`=0,`f_name`='惹ffrr',`path`='0,66',`level`=1,`add_time`=1511837909 WHERE ( `c_id` = 66 ) [ RunTime:0.001363s ]

[ 2017-11-28T10:58:37+08:00 ] 0.0.0.0 /myblog/index.php/Myback/classup
INFO: [ app_begin ] --START--
INFO: Run ReadHtmlCache Behavior [ RunTime:0.005712s ]
INFO: [ app_begin ] --END-- [ RunTime:0.006331s ]
NOTIC: [8192] mysql_connect(): The mysql extension is deprecated and will be removed in the future: use mysqli or PDO instead E:\Application case\wamp\www\myblog\ThinkPHP\Lib\Driver\Db\DbMysql.class.php 第 55 行.
SQL: SHOW COLUMNS FROM `my_class` [ RunTime:0.011865s ]
NOTIC: [8] Undefined index: c_id E:\Application case\wamp\www\myblog\Home\Lib\Action\MybackAction.class.php 第 266 行.

[ 2017-11-28T11:14:49+08:00 ] 0.0.0.0 /myblog/index.php/Myback/classup
INFO: [ app_begin ] --START--
INFO: Run ReadHtmlCache Behavior [ RunTime:0.005008s ]
INFO: [ app_begin ] --END-- [ RunTime:0.005566s ]
NOTIC: [8192] mysql_connect(): The mysql extension is deprecated and will be removed in the future: use mysqli or PDO instead E:\Application case\wamp\www\myblog\ThinkPHP\Lib\Driver\Db\DbMysql.class.php 第 55 行.
SQL: SHOW COLUMNS FROM `my_class` [ RunTime:0.012242s ]
SQL: UPDATE `my_class` SET `f_id`=77,`f_name`='js',`path`='0,77,81',`level`=2,`add_time`=1511838889 WHERE ( `c_id` = 81 ) [ RunTime:0.000856s ]

[ 2017-11-28T11:26:43+08:00 ] 0.0.0.0 /myblog/index.php/Myback/classdel
INFO: [ app_begin ] --START--
INFO: Run ReadHtmlCache Behavior [ RunTime:0.016952s ]
INFO: [ app_begin ] --END-- [ RunTime:0.020834s ]
NOTIC: [8192] mysql_connect(): The mysql extension is deprecated and will be removed in the future: use mysqli or PDO instead E:\Application case\wamp\www\myblog\ThinkPHP\Lib\Driver\Db\DbMysql.class.php 第 55 行.
SQL: SHOW COLUMNS FROM `my_class` [ RunTime:0.013031s ]
SQL: DELETE FROM `my_class` WHERE ( c_id= ) [ RunTime:0.000761s ]
ERR: Erreur de syntaxe près de ')' à la ligne 1
 [ SQL语句 ] : DELETE FROM `my_class` WHERE ( c_id= )

[ 2017-11-28T11:26:43+08:00 ] 0.0.0.0 /myblog/index.php/Myback/classdel
INFO: [ app_begin ] --START--
INFO: Run ReadHtmlCache Behavior [ RunTime:0.016312s ]
INFO: [ app_begin ] --END-- [ RunTime:0.016885s ]
NOTIC: [8192] mysql_connect(): The mysql extension is deprecated and will be removed in the future: use mysqli or PDO instead E:\Application case\wamp\www\myblog\ThinkPHP\Lib\Driver\Db\DbMysql.class.php 第 55 行.
SQL: SHOW COLUMNS FROM `my_class` [ RunTime:0.012691s ]
SQL: DELETE FROM `my_class` WHERE ( c_id= ) [ RunTime:0.000604s ]
ERR: Erreur de syntaxe près de ')' à la ligne 1
 [ SQL语句 ] : DELETE FROM `my_class` WHERE ( c_id= )

[ 2017-11-28T11:26:43+08:00 ] 0.0.0.0 /myblog/index.php/Myback/classdel
INFO: [ app_begin ] --START--
INFO: Run ReadHtmlCache Behavior [ RunTime:0.009192s ]
INFO: [ app_begin ] --END-- [ RunTime:0.009816s ]
NOTIC: [8192] mysql_connect(): The mysql extension is deprecated and will be removed in the future: use mysqli or PDO instead E:\Application case\wamp\www\myblog\ThinkPHP\Lib\Driver\Db\DbMysql.class.php 第 55 行.
SQL: SHOW COLUMNS FROM `my_class` [ RunTime:0.012161s ]
SQL: DELETE FROM `my_class` WHERE ( c_id= ) [ RunTime:0.000494s ]
ERR: Erreur de syntaxe près de ')' à la ligne 1
 [ SQL语句 ] : DELETE FROM `my_class` WHERE ( c_id= )

[ 2017-11-28T11:26:43+08:00 ] 0.0.0.0 /myblog/index.php/Myback/classdel
INFO: [ app_begin ] --START--
INFO: Run ReadHtmlCache Behavior [ RunTime:0.005333s ]
INFO: [ app_begin ] --END-- [ RunTime:0.006145s ]
NOTIC: [8192] mysql_connect(): The mysql extension is deprecated and will be removed in the future: use mysqli or PDO instead E:\Application case\wamp\www\myblog\ThinkPHP\Lib\Driver\Db\DbMysql.class.php 第 55 行.
SQL: SHOW COLUMNS FROM `my_class` [ RunTime:0.012850s ]
SQL: DELETE FROM `my_class` WHERE ( c_id= ) [ RunTime:0.000548s ]
ERR: Erreur de syntaxe près de ')' à la ligne 1
 [ SQL语句 ] : DELETE FROM `my_class` WHERE ( c_id= )

[ 2017-11-28T11:26:43+08:00 ] 0.0.0.0 /myblog/index.php/Myback/classdel
INFO: [ app_begin ] --START--
INFO: Run ReadHtmlCache Behavior [ RunTime:0.003849s ]
INFO: [ app_begin ] --END-- [ RunTime:0.004944s ]
NOTIC: [8192] mysql_connect(): The mysql extension is deprecated and will be removed in the future: use mysqli or PDO instead E:\Application case\wamp\www\myblog\ThinkPHP\Lib\Driver\Db\DbMysql.class.php 第 55 行.
SQL: SHOW COLUMNS FROM `my_class` [ RunTime:0.012436s ]
SQL: DELETE FROM `my_class` WHERE ( c_id= ) [ RunTime:0.000500s ]
ERR: Erreur de syntaxe près de ')' à la ligne 1
 [ SQL语句 ] : DELETE FROM `my_class` WHERE ( c_id= )

[ 2017-11-28T11:26:43+08:00 ] 0.0.0.0 /myblog/index.php/Myback/classdel
INFO: [ app_begin ] --START--
INFO: Run ReadHtmlCache Behavior [ RunTime:0.005444s ]
INFO: [ app_begin ] --END-- [ RunTime:0.006027s ]
NOTIC: [8192] mysql_connect(): The mysql extension is deprecated and will be removed in the future: use mysqli or PDO instead E:\Application case\wamp\www\myblog\ThinkPHP\Lib\Driver\Db\DbMysql.class.php 第 55 行.
SQL: SHOW COLUMNS FROM `my_class` [ RunTime:0.012510s ]
SQL: DELETE FROM `my_class` WHERE ( c_id= ) [ RunTime:0.000722s ]
ERR: Erreur de syntaxe près de ')' à la ligne 1
 [ SQL语句 ] : DELETE FROM `my_class` WHERE ( c_id= )

[ 2017-11-28T11:26:43+08:00 ] 0.0.0.0 /myblog/index.php/Myback/classdel
INFO: [ app_begin ] --START--
INFO: Run ReadHtmlCache Behavior [ RunTime:0.006272s ]
INFO: [ app_begin ] --END-- [ RunTime:0.006860s ]
NOTIC: [8192] mysql_connect(): The mysql extension is deprecated and will be removed in the future: use mysqli or PDO instead E:\Application case\wamp\www\myblog\ThinkPHP\Lib\Driver\Db\DbMysql.class.php 第 55 行.
SQL: SHOW COLUMNS FROM `my_class` [ RunTime:0.012254s ]
SQL: DELETE FROM `my_class` WHERE ( c_id= ) [ RunTime:0.000638s ]
ERR: Erreur de syntaxe près de ')' à la ligne 1
 [ SQL语句 ] : DELETE FROM `my_class` WHERE ( c_id= )

[ 2017-11-28T11:27:07+08:00 ] 0.0.0.0 /myblog/index.php/Myback/classdel
INFO: [ app_begin ] --START--
INFO: Run ReadHtmlCache Behavior [ RunTime:0.003529s ]
INFO: [ app_begin ] --END-- [ RunTime:0.004104s ]
NOTIC: [8192] mysql_connect(): The mysql extension is deprecated and will be removed in the future: use mysqli or PDO instead E:\Application case\wamp\www\myblog\ThinkPHP\Lib\Driver\Db\DbMysql.class.php 第 55 行.
SQL: SHOW COLUMNS FROM `my_class` [ RunTime:0.014754s ]
SQL: DELETE FROM `my_class` WHERE ( c_id= ) [ RunTime:0.000674s ]
ERR: Erreur de syntaxe près de ')' à la ligne 1
 [ SQL语句 ] : DELETE FROM `my_class` WHERE ( c_id= )

[ 2017-11-28T11:27:07+08:00 ] 0.0.0.0 /myblog/index.php/Myback/classdel
INFO: [ app_begin ] --START--
INFO: Run ReadHtmlCache Behavior [ RunTime:0.010636s ]
INFO: [ app_begin ] --END-- [ RunTime:0.015834s ]
NOTIC: [8192] mysql_connect(): The mysql extension is deprecated and will be removed in the future: use mysqli or PDO instead E:\Application case\wamp\www\myblog\ThinkPHP\Lib\Driver\Db\DbMysql.class.php 第 55 行.
SQL: SHOW COLUMNS FROM `my_class` [ RunTime:0.013263s ]
SQL: DELETE FROM `my_class` WHERE ( c_id= ) [ RunTime:0.000676s ]
ERR: Erreur de syntaxe près de ')' à la ligne 1
 [ SQL语句 ] : DELETE FROM `my_class` WHERE ( c_id= )

[ 2017-11-28T11:27:07+08:00 ] 0.0.0.0 /myblog/index.php/Myback/classdel
INFO: [ app_begin ] --START--
INFO: Run ReadHtmlCache Behavior [ RunTime:0.006490s ]
INFO: [ app_begin ] --END-- [ RunTime:0.007092s ]
NOTIC: [8192] mysql_connect(): The mysql extension is deprecated and will be removed in the future: use mysqli or PDO instead E:\Application case\wamp\www\myblog\ThinkPHP\Lib\Driver\Db\DbMysql.class.php 第 55 行.
SQL: SHOW COLUMNS FROM `my_class` [ RunTime:0.013189s ]
SQL: DELETE FROM `my_class` WHERE ( c_id= ) [ RunTime:0.000797s ]
ERR: Erreur de syntaxe près de ')' à la ligne 1
 [ SQL语句 ] : DELETE FROM `my_class` WHERE ( c_id= )

[ 2017-11-28T11:27:07+08:00 ] 0.0.0.0 /myblog/index.php/Myback/classdel
INFO: [ app_begin ] --START--
INFO: Run ReadHtmlCache Behavior [ RunTime:0.004001s ]
INFO: [ app_begin ] --END-- [ RunTime:0.004651s ]
NOTIC: [8192] mysql_connect(): The mysql extension is deprecated and will be removed in the future: use mysqli or PDO instead E:\Application case\wamp\www\myblog\ThinkPHP\Lib\Driver\Db\DbMysql.class.php 第 55 行.
SQL: SHOW COLUMNS FROM `my_class` [ RunTime:0.012365s ]
SQL: DELETE FROM `my_class` WHERE ( c_id= ) [ RunTime:0.000706s ]
ERR: Erreur de syntaxe près de ')' à la ligne 1
 [ SQL语句 ] : DELETE FROM `my_class` WHERE ( c_id= )

[ 2017-11-28T11:27:07+08:00 ] 0.0.0.0 /myblog/index.php/Myback/classdel
INFO: [ app_begin ] --START--
INFO: Run ReadHtmlCache Behavior [ RunTime:0.007209s ]
INFO: [ app_begin ] --END-- [ RunTime:0.007780s ]
NOTIC: [8192] mysql_connect(): The mysql extension is deprecated and will be removed in the future: use mysqli or PDO instead E:\Application case\wamp\www\myblog\ThinkPHP\Lib\Driver\Db\DbMysql.class.php 第 55 行.
SQL: SHOW COLUMNS FROM `my_class` [ RunTime:0.012453s ]
SQL: DELETE FROM `my_class` WHERE ( c_id= ) [ RunTime:0.000638s ]
ERR: Erreur de syntaxe près de ')' à la ligne 1
 [ SQL语句 ] : DELETE FROM `my_class` WHERE ( c_id= )

[ 2017-11-28T11:27:23+08:00 ] 0.0.0.0 /myblog/index.php/Myback/classdel
INFO: [ app_begin ] --START--
INFO: Run ReadHtmlCache Behavior [ RunTime:0.003384s ]
INFO: [ app_begin ] --END-- [ RunTime:0.003956s ]
NOTIC: [8192] mysql_connect(): The mysql extension is deprecated and will be removed in the future: use mysqli or PDO instead E:\Application case\wamp\www\myblog\ThinkPHP\Lib\Driver\Db\DbMysql.class.php 第 55 行.
SQL: SHOW COLUMNS FROM `my_class` [ RunTime:0.013374s ]
SQL: DELETE FROM `my_class` WHERE ( c_id= ) [ RunTime:0.000712s ]
ERR: Erreur de syntaxe près de ')' à la ligne 1
 [ SQL语句 ] : DELETE FROM `my_class` WHERE ( c_id= )

[ 2017-11-28T11:27:29+08:00 ] 0.0.0.0 /myblog/index.php/Myback/classdel
INFO: [ app_begin ] --START--
INFO: Run ReadHtmlCache Behavior [ RunTime:0.004547s ]
INFO: [ app_begin ] --END-- [ RunTime:0.005162s ]
NOTIC: [8192] mysql_connect(): The mysql extension is deprecated and will be removed in the future: use mysqli or PDO instead E:\Application case\wamp\www\myblog\ThinkPHP\Lib\Driver\Db\DbMysql.class.php 第 55 行.
SQL: SHOW COLUMNS FROM `my_class` [ RunTime:0.041339s ]
SQL: DELETE FROM `my_class` WHERE ( c_id= ) [ RunTime:0.001187s ]
ERR: Erreur de syntaxe près de ')' à la ligne 1
 [ SQL语句 ] : DELETE FROM `my_class` WHERE ( c_id= )

[ 2017-11-28T11:27:29+08:00 ] 0.0.0.0 /myblog/index.php/Myback/classdel
INFO: [ app_begin ] --START--
INFO: Run ReadHtmlCache Behavior [ RunTime:0.006983s ]
INFO: [ app_begin ] --END-- [ RunTime:0.007613s ]
NOTIC: [8192] mysql_connect(): The mysql extension is deprecated and will be removed in the future: use mysqli or PDO instead E:\Application case\wamp\www\myblog\ThinkPHP\Lib\Driver\Db\DbMysql.class.php 第 55 行.
SQL: SHOW COLUMNS FROM `my_class` [ RunTime:0.013555s ]
SQL: DELETE FROM `my_class` WHERE ( c_id= ) [ RunTime:0.000908s ]
ERR: Erreur de syntaxe près de ')' à la ligne 1
 [ SQL语句 ] : DELETE FROM `my_class` WHERE ( c_id= )

[ 2017-11-28T12:47:40+08:00 ] 0.0.0.0 /myblog/index.php/Myback/classdel
INFO: [ app_begin ] --START--
INFO: Run ReadHtmlCache Behavior [ RunTime:0.003677s ]
INFO: [ app_begin ] --END-- [ RunTime:0.004278s ]
NOTIC: [8192] mysql_connect(): The mysql extension is deprecated and will be removed in the future: use mysqli or PDO instead E:\Application case\wamp\www\myblog\ThinkPHP\Lib\Driver\Db\DbMysql.class.php 第 55 行.
SQL: SHOW COLUMNS FROM `my_class` [ RunTime:0.014138s ]
SQL: DELETE FROM `my_class` WHERE ( c_id= ) [ RunTime:0.000767s ]
ERR: Erreur de syntaxe près de ')' à la ligne 1
 [ SQL语句 ] : DELETE FROM `my_class` WHERE ( c_id= )

[ 2017-11-28T12:47:40+08:00 ] 0.0.0.0 /myblog/index.php/Myback/classdel
INFO: [ app_begin ] --START--
INFO: Run ReadHtmlCache Behavior [ RunTime:0.006113s ]
INFO: [ app_begin ] --END-- [ RunTime:0.014272s ]
NOTIC: [8192] mysql_connect(): The mysql extension is deprecated and will be removed in the future: use mysqli or PDO instead E:\Application case\wamp\www\myblog\ThinkPHP\Lib\Driver\Db\DbMysql.class.php 第 55 行.
SQL: SHOW COLUMNS FROM `my_class` [ RunTime:0.013722s ]
SQL: DELETE FROM `my_class` WHERE ( c_id= ) [ RunTime:0.000974s ]
ERR: Erreur de syntaxe près de ')' à la ligne 1
 [ SQL语句 ] : DELETE FROM `my_class` WHERE ( c_id= )

[ 2017-11-28T12:47:40+08:00 ] 0.0.0.0 /myblog/index.php/Myback/classdel
INFO: [ app_begin ] --START--
INFO: Run ReadHtmlCache Behavior [ RunTime:0.004717s ]
INFO: [ app_begin ] --END-- [ RunTime:0.005331s ]
NOTIC: [8192] mysql_connect(): The mysql extension is deprecated and will be removed in the future: use mysqli or PDO instead E:\Application case\wamp\www\myblog\ThinkPHP\Lib\Driver\Db\DbMysql.class.php 第 55 行.
SQL: SHOW COLUMNS FROM `my_class` [ RunTime:0.013560s ]
SQL: DELETE FROM `my_class` WHERE ( c_id= ) [ RunTime:0.000712s ]
ERR: Erreur de syntaxe près de ')' à la ligne 1
 [ SQL语句 ] : DELETE FROM `my_class` WHERE ( c_id= )

[ 2017-11-28T12:47:40+08:00 ] 0.0.0.0 /myblog/index.php/Myback/classdel
INFO: [ app_begin ] --START--
INFO: Run ReadHtmlCache Behavior [ RunTime:0.004263s ]
INFO: [ app_begin ] --END-- [ RunTime:0.005062s ]
NOTIC: [8192] mysql_connect(): The mysql extension is deprecated and will be removed in the future: use mysqli or PDO instead E:\Application case\wamp\www\myblog\ThinkPHP\Lib\Driver\Db\DbMysql.class.php 第 55 行.
SQL: SHOW COLUMNS FROM `my_class` [ RunTime:0.012684s ]
SQL: DELETE FROM `my_class` WHERE ( c_id= ) [ RunTime:0.000524s ]
ERR: Erreur de syntaxe près de ')' à la ligne 1
 [ SQL语句 ] : DELETE FROM `my_class` WHERE ( c_id= )

[ 2017-11-28T12:47:40+08:00 ] 0.0.0.0 /myblog/index.php/Myback/classdel
INFO: [ app_begin ] --START--
INFO: Run ReadHtmlCache Behavior [ RunTime:0.006414s ]
INFO: [ app_begin ] --END-- [ RunTime:0.007492s ]
NOTIC: [8192] mysql_connect(): The mysql extension is deprecated and will be removed in the future: use mysqli or PDO instead E:\Application case\wamp\www\myblog\ThinkPHP\Lib\Driver\Db\DbMysql.class.php 第 55 行.
SQL: SHOW COLUMNS FROM `my_class` [ RunTime:0.012168s ]
SQL: DELETE FROM `my_class` WHERE ( c_id= ) [ RunTime:0.000723s ]
ERR: Erreur de syntaxe près de ')' à la ligne 1
 [ SQL语句 ] : DELETE FROM `my_class` WHERE ( c_id= )

[ 2017-11-28T12:47:57+08:00 ] 0.0.0.0 /myblog/index.php/Myback/classdel
INFO: [ app_begin ] --START--
INFO: Run ReadHtmlCache Behavior [ RunTime:0.003695s ]
INFO: [ app_begin ] --END-- [ RunTime:0.004232s ]
NOTIC: [8192] mysql_connect(): The mysql extension is deprecated and will be removed in the future: use mysqli or PDO instead E:\Application case\wamp\www\myblog\ThinkPHP\Lib\Driver\Db\DbMysql.class.php 第 55 行.
SQL: SHOW COLUMNS FROM `my_class` [ RunTime:0.012364s ]
SQL: DELETE FROM `my_class` WHERE ( c_id= ) [ RunTime:0.000668s ]
ERR: Erreur de syntaxe près de ')' à la ligne 1
 [ SQL语句 ] : DELETE FROM `my_class` WHERE ( c_id= )

[ 2017-11-28T12:48:27+08:00 ] 0.0.0.0 /myblog/index.php/Myback/classdel
INFO: [ app_begin ] --START--
INFO: Run ReadHtmlCache Behavior [ RunTime:0.005058s ]
INFO: [ app_begin ] --END-- [ RunTime:0.005675s ]
NOTIC: [8192] mysql_connect(): The mysql extension is deprecated and will be removed in the future: use mysqli or PDO instead E:\Application case\wamp\www\myblog\ThinkPHP\Lib\Driver\Db\DbMysql.class.php 第 55 行.
SQL: SHOW COLUMNS FROM `my_class` [ RunTime:0.012121s ]
SQL: DELETE FROM `my_class` WHERE ( c_id= ) [ RunTime:0.000622s ]
ERR: Erreur de syntaxe près de ')' à la ligne 1
 [ SQL语句 ] : DELETE FROM `my_class` WHERE ( c_id= )

[ 2017-11-28T12:48:27+08:00 ] 0.0.0.0 /myblog/index.php/Myback/classdel
INFO: [ app_begin ] --START--
INFO: Run ReadHtmlCache Behavior [ RunTime:0.010382s ]
INFO: [ app_begin ] --END-- [ RunTime:0.011006s ]
NOTIC: [8192] mysql_connect(): The mysql extension is deprecated and will be removed in the future: use mysqli or PDO instead E:\Application case\wamp\www\myblog\ThinkPHP\Lib\Driver\Db\DbMysql.class.php 第 55 行.
SQL: SHOW COLUMNS FROM `my_class` [ RunTime:0.013132s ]
SQL: DELETE FROM `my_class` WHERE ( c_id= ) [ RunTime:0.000715s ]
ERR: Erreur de syntaxe près de ')' à la ligne 1
 [ SQL语句 ] : DELETE FROM `my_class` WHERE ( c_id= )

[ 2017-11-28T12:48:27+08:00 ] 0.0.0.0 /myblog/index.php/Myback/classdel
INFO: [ app_begin ] --START--
INFO: Run ReadHtmlCache Behavior [ RunTime:0.006002s ]
INFO: [ app_begin ] --END-- [ RunTime:0.006576s ]
NOTIC: [8192] mysql_connect(): The mysql extension is deprecated and will be removed in the future: use mysqli or PDO instead E:\Application case\wamp\www\myblog\ThinkPHP\Lib\Driver\Db\DbMysql.class.php 第 55 行.
SQL: SHOW COLUMNS FROM `my_class` [ RunTime:0.015301s ]
SQL: DELETE FROM `my_class` WHERE ( c_id= ) [ RunTime:0.000683s ]
ERR: Erreur de syntaxe près de ')' à la ligne 1
 [ SQL语句 ] : DELETE FROM `my_class` WHERE ( c_id= )

[ 2017-11-28T12:51:24+08:00 ] 0.0.0.0 /myblog/index.php/Myback/classdel
INFO: [ app_begin ] --START--
INFO: Run ReadHtmlCache Behavior [ RunTime:0.004408s ]
INFO: [ app_begin ] --END-- [ RunTime:0.005669s ]
NOTIC: [8192] mysql_connect(): The mysql extension is deprecated and will be removed in the future: use mysqli or PDO instead E:\Application case\wamp\www\myblog\ThinkPHP\Lib\Driver\Db\DbMysql.class.php 第 55 行.
SQL: SHOW COLUMNS FROM `my_class` [ RunTime:0.012638s ]
SQL: DELETE FROM `my_class` WHERE ( c_id= ) [ RunTime:0.000584s ]
ERR: Erreur de syntaxe près de ')' à la ligne 1
 [ SQL语句 ] : DELETE FROM `my_class` WHERE ( c_id= )

[ 2017-11-28T12:51:24+08:00 ] 0.0.0.0 /myblog/index.php/Myback/classdel
INFO: [ app_begin ] --START--
INFO: Run ReadHtmlCache Behavior [ RunTime:0.014372s ]
INFO: [ app_begin ] --END-- [ RunTime:0.018707s ]
NOTIC: [8192] mysql_connect(): The mysql extension is deprecated and will be removed in the future: use mysqli or PDO instead E:\Application case\wamp\www\myblog\ThinkPHP\Lib\Driver\Db\DbMysql.class.php 第 55 行.
SQL: SHOW COLUMNS FROM `my_class` [ RunTime:0.012692s ]
SQL: DELETE FROM `my_class` WHERE ( c_id= ) [ RunTime:0.000604s ]
ERR: Erreur de syntaxe près de ')' à la ligne 1
 [ SQL语句 ] : DELETE FROM `my_class` WHERE ( c_id= )

[ 2017-11-28T12:51:24+08:00 ] 0.0.0.0 /myblog/index.php/Myback/classdel
INFO: [ app_begin ] --START--
INFO: Run ReadHtmlCache Behavior [ RunTime:0.006183s ]
INFO: [ app_begin ] --END-- [ RunTime:0.006885s ]
NOTIC: [8192] mysql_connect(): The mysql extension is deprecated and will be removed in the future: use mysqli or PDO instead E:\Application case\wamp\www\myblog\ThinkPHP\Lib\Driver\Db\DbMysql.class.php 第 55 行.
SQL: SHOW COLUMNS FROM `my_class` [ RunTime:0.012624s ]
SQL: DELETE FROM `my_class` WHERE ( c_id= ) [ RunTime:0.000632s ]
ERR: Erreur de syntaxe près de ')' à la ligne 1
 [ SQL语句 ] : DELETE FROM `my_class` WHERE ( c_id= )

[ 2017-11-28T12:51:24+08:00 ] 0.0.0.0 /myblog/index.php/Myback/classdel
INFO: [ app_begin ] --START--
INFO: Run ReadHtmlCache Behavior [ RunTime:0.006329s ]
INFO: [ app_begin ] --END-- [ RunTime:0.007113s ]
NOTIC: [8192] mysql_connect(): The mysql extension is deprecated and will be removed in the future: use mysqli or PDO instead E:\Application case\wamp\www\myblog\ThinkPHP\Lib\Driver\Db\DbMysql.class.php 第 55 行.
SQL: SHOW COLUMNS FROM `my_class` [ RunTime:0.012688s ]
SQL: DELETE FROM `my_class` WHERE ( c_id= ) [ RunTime:0.000678s ]
ERR: Erreur de syntaxe près de ')' à la ligne 1
 [ SQL语句 ] : DELETE FROM `my_class` WHERE ( c_id= )

[ 2017-11-28T12:51:24+08:00 ] 0.0.0.0 /myblog/index.php/Myback/classdel
INFO: [ app_begin ] --START--
INFO: Run ReadHtmlCache Behavior [ RunTime:0.003947s ]
INFO: [ app_begin ] --END-- [ RunTime:0.004547s ]
NOTIC: [8192] mysql_connect(): The mysql extension is deprecated and will be removed in the future: use mysqli or PDO instead E:\Application case\wamp\www\myblog\ThinkPHP\Lib\Driver\Db\DbMysql.class.php 第 55 行.
SQL: SHOW COLUMNS FROM `my_class` [ RunTime:0.012836s ]
SQL: DELETE FROM `my_class` WHERE ( c_id= ) [ RunTime:0.000682s ]
ERR: Erreur de syntaxe près de ')' à la ligne 1
 [ SQL语句 ] : DELETE FROM `my_class` WHERE ( c_id= )

[ 2017-11-28T12:52:56+08:00 ] 0.0.0.0 /myblog/index.php/Myback/classdel
INFO: [ app_begin ] --START--
INFO: Run ReadHtmlCache Behavior [ RunTime:0.005506s ]
INFO: [ app_begin ] --END-- [ RunTime:0.006122s ]
NOTIC: [8192] mysql_connect(): The mysql extension is deprecated and will be removed in the future: use mysqli or PDO instead E:\Application case\wamp\www\myblog\ThinkPHP\Lib\Driver\Db\DbMysql.class.php 第 55 行.
SQL: SHOW COLUMNS FROM `my_class` [ RunTime:0.013774s ]
SQL: DELETE FROM `my_class` WHERE ( c_id= ) [ RunTime:0.000655s ]
ERR: Erreur de syntaxe près de ')' à la ligne 1
 [ SQL语句 ] : DELETE FROM `my_class` WHERE ( c_id= )

[ 2017-11-28T12:52:56+08:00 ] 0.0.0.0 /myblog/index.php/Myback/classdel
INFO: [ app_begin ] --START--
INFO: Run ReadHtmlCache Behavior [ RunTime:0.006776s ]
INFO: [ app_begin ] --END-- [ RunTime:0.007552s ]
NOTIC: [8192] mysql_connect(): The mysql extension is deprecated and will be removed in the future: use mysqli or PDO instead E:\Application case\wamp\www\myblog\ThinkPHP\Lib\Driver\Db\DbMysql.class.php 第 55 行.
SQL: SHOW COLUMNS FROM `my_class` [ RunTime:0.013918s ]
SQL: DELETE FROM `my_class` WHERE ( c_id= ) [ RunTime:0.000638s ]
ERR: Erreur de syntaxe près de ')' à la ligne 1
 [ SQL语句 ] : DELETE FROM `my_class` WHERE ( c_id= )

[ 2017-11-28T12:52:56+08:00 ] 0.0.0.0 /myblog/index.php/Myback/classdel
INFO: [ app_begin ] --START--
INFO: Run ReadHtmlCache Behavior [ RunTime:0.008814s ]
INFO: [ app_begin ] --END-- [ RunTime:0.009371s ]
NOTIC: [8192] mysql_connect(): The mysql extension is deprecated and will be removed in the future: use mysqli or PDO instead E:\Application case\wamp\www\myblog\ThinkPHP\Lib\Driver\Db\DbMysql.class.php 第 55 行.
SQL: SHOW COLUMNS FROM `my_class` [ RunTime:0.012831s ]
SQL: DELETE FROM `my_class` WHERE ( c_id= ) [ RunTime:0.000940s ]
ERR: Erreur de syntaxe près de ')' à la ligne 1
 [ SQL语句 ] : DELETE FROM `my_class` WHERE ( c_id= )

[ 2017-11-28T12:52:56+08:00 ] 0.0.0.0 /myblog/index.php/Myback/classdel
INFO: [ app_begin ] --START--
INFO: Run ReadHtmlCache Behavior [ RunTime:0.027926s ]
INFO: [ app_begin ] --END-- [ RunTime:0.028874s ]
NOTIC: [8192] mysql_connect(): The mysql extension is deprecated and will be removed in the future: use mysqli or PDO instead E:\Application case\wamp\www\myblog\ThinkPHP\Lib\Driver\Db\DbMysql.class.php 第 55 行.
SQL: SHOW COLUMNS FROM `my_class` [ RunTime:0.013786s ]
SQL: DELETE FROM `my_class` WHERE ( c_id= ) [ RunTime:0.000558s ]
ERR: Erreur de syntaxe près de ')' à la ligne 1
 [ SQL语句 ] : DELETE FROM `my_class` WHERE ( c_id= )

[ 2017-11-28T12:53:29+08:00 ] 0.0.0.0 /myblog/index.php/Myback/classdel
INFO: [ app_begin ] --START--
INFO: Run ReadHtmlCache Behavior [ RunTime:0.004532s ]
INFO: [ app_begin ] --END-- [ RunTime:0.005128s ]
NOTIC: [8192] mysql_connect(): The mysql extension is deprecated and will be removed in the future: use mysqli or PDO instead E:\Application case\wamp\www\myblog\ThinkPHP\Lib\Driver\Db\DbMysql.class.php 第 55 行.
SQL: SHOW COLUMNS FROM `my_class` [ RunTime:0.014569s ]
SQL: DELETE FROM `my_class` WHERE ( c_id= ) [ RunTime:0.000564s ]
ERR: Erreur de syntaxe près de ')' à la ligne 1
 [ SQL语句 ] : DELETE FROM `my_class` WHERE ( c_id= )

[ 2017-11-28T12:53:29+08:00 ] 0.0.0.0 /myblog/index.php/Myback/classdel
INFO: [ app_begin ] --START--
INFO: Run ReadHtmlCache Behavior [ RunTime:0.003851s ]
INFO: [ app_begin ] --END-- [ RunTime:0.004456s ]
NOTIC: [8192] mysql_connect(): The mysql extension is deprecated and will be removed in the future: use mysqli or PDO instead E:\Application case\wamp\www\myblog\ThinkPHP\Lib\Driver\Db\DbMysql.class.php 第 55 行.
SQL: SHOW COLUMNS FROM `my_class` [ RunTime:0.011944s ]
SQL: DELETE FROM `my_class` WHERE ( c_id= ) [ RunTime:0.000721s ]
ERR: Erreur de syntaxe près de ')' à la ligne 1
 [ SQL语句 ] : DELETE FROM `my_class` WHERE ( c_id= )

[ 2017-11-28T12:53:29+08:00 ] 0.0.0.0 /myblog/index.php/Myback/classdel
INFO: [ app_begin ] --START--
INFO: Run ReadHtmlCache Behavior [ RunTime:0.003780s ]
INFO: [ app_begin ] --END-- [ RunTime:0.006496s ]
NOTIC: [8192] mysql_connect(): The mysql extension is deprecated and will be removed in the future: use mysqli or PDO instead E:\Application case\wamp\www\myblog\ThinkPHP\Lib\Driver\Db\DbMysql.class.php 第 55 行.
SQL: SHOW COLUMNS FROM `my_class` [ RunTime:0.013125s ]
SQL: DELETE FROM `my_class` WHERE ( c_id= ) [ RunTime:0.000579s ]
ERR: Erreur de syntaxe près de ')' à la ligne 1
 [ SQL语句 ] : DELETE FROM `my_class` WHERE ( c_id= )

[ 2017-11-28T12:53:29+08:00 ] 0.0.0.0 /myblog/index.php/Myback/classdel
INFO: [ app_begin ] --START--
INFO: Run ReadHtmlCache Behavior [ RunTime:0.003750s ]
INFO: [ app_begin ] --END-- [ RunTime:0.004319s ]
NOTIC: [8192] mysql_connect(): The mysql extension is deprecated and will be removed in the future: use mysqli or PDO instead E:\Application case\wamp\www\myblog\ThinkPHP\Lib\Driver\Db\DbMysql.class.php 第 55 行.
SQL: SHOW COLUMNS FROM `my_class` [ RunTime:0.012695s ]
SQL: DELETE FROM `my_class` WHERE ( c_id= ) [ RunTime:0.002303s ]
ERR: Erreur de syntaxe près de ')' à la ligne 1
 [ SQL语句 ] : DELETE FROM `my_class` WHERE ( c_id= )

[ 2017-11-28T12:54:06+08:00 ] 0.0.0.0 /myblog/index.php/Myback/classdel
INFO: [ app_begin ] --START--
INFO: Run ReadHtmlCache Behavior [ RunTime:0.008595s ]
INFO: [ app_begin ] --END-- [ RunTime:0.009148s ]
NOTIC: [8192] mysql_connect(): The mysql extension is deprecated and will be removed in the future: use mysqli or PDO instead E:\Application case\wamp\www\myblog\ThinkPHP\Lib\Driver\Db\DbMysql.class.php 第 55 行.
SQL: SHOW COLUMNS FROM `my_class` [ RunTime:0.014179s ]
SQL: DELETE FROM `my_class` WHERE ( c_id= ) [ RunTime:0.000562s ]
ERR: Erreur de syntaxe près de ')' à la ligne 1
 [ SQL语句 ] : DELETE FROM `my_class` WHERE ( c_id= )

[ 2017-11-28T12:54:06+08:00 ] 0.0.0.0 /myblog/index.php/Myback/classdel
INFO: [ app_begin ] --START--
INFO: Run ReadHtmlCache Behavior [ RunTime:0.004033s ]
INFO: [ app_begin ] --END-- [ RunTime:0.004616s ]
NOTIC: [8192] mysql_connect(): The mysql extension is deprecated and will be removed in the future: use mysqli or PDO instead E:\Application case\wamp\www\myblog\ThinkPHP\Lib\Driver\Db\DbMysql.class.php 第 55 行.
SQL: SHOW COLUMNS FROM `my_class` [ RunTime:0.013931s ]
SQL: DELETE FROM `my_class` WHERE ( c_id= ) [ RunTime:0.000785s ]
ERR: Erreur de syntaxe près de ')' à la ligne 1
 [ SQL语句 ] : DELETE FROM `my_class` WHERE ( c_id= )

[ 2017-11-28T12:54:06+08:00 ] 0.0.0.0 /myblog/index.php/Myback/classdel
INFO: [ app_begin ] --START--
INFO: Run ReadHtmlCache Behavior [ RunTime:0.003407s ]
INFO: [ app_begin ] --END-- [ RunTime:0.003967s ]
NOTIC: [8192] mysql_connect(): The mysql extension is deprecated and will be removed in the future: use mysqli or PDO instead E:\Application case\wamp\www\myblog\ThinkPHP\Lib\Driver\Db\DbMysql.class.php 第 55 行.
SQL: SHOW COLUMNS FROM `my_class` [ RunTime:0.013990s ]
SQL: DELETE FROM `my_class` WHERE ( c_id= ) [ RunTime:0.000666s ]
ERR: Erreur de syntaxe près de ')' à la ligne 1
 [ SQL语句 ] : DELETE FROM `my_class` WHERE ( c_id= )

[ 2017-11-28T12:54:06+08:00 ] 0.0.0.0 /myblog/index.php/Myback/classdel
INFO: [ app_begin ] --START--
INFO: Run ReadHtmlCache Behavior [ RunTime:0.003594s ]
INFO: [ app_begin ] --END-- [ RunTime:0.004173s ]
NOTIC: [8192] mysql_connect(): The mysql extension is deprecated and will be removed in the future: use mysqli or PDO instead E:\Application case\wamp\www\myblog\ThinkPHP\Lib\Driver\Db\DbMysql.class.php 第 55 行.
SQL: SHOW COLUMNS FROM `my_class` [ RunTime:0.013926s ]
SQL: DELETE FROM `my_class` WHERE ( c_id= ) [ RunTime:0.000524s ]
ERR: Erreur de syntaxe près de ')' à la ligne 1
 [ SQL语句 ] : DELETE FROM `my_class` WHERE ( c_id= )

[ 2017-11-28T12:54:56+08:00 ] 0.0.0.0 /myblog/index.php/Myback/classdel
INFO: [ app_begin ] --START--
INFO: Run ReadHtmlCache Behavior [ RunTime:0.027943s ]
INFO: [ app_begin ] --END-- [ RunTime:0.028756s ]
NOTIC: [8192] mysql_connect(): The mysql extension is deprecated and will be removed in the future: use mysqli or PDO instead E:\Application case\wamp\www\myblog\ThinkPHP\Lib\Driver\Db\DbMysql.class.php 第 55 行.
SQL: SHOW COLUMNS FROM `my_class` [ RunTime:0.015912s ]
SQL: DELETE FROM `my_class` WHERE ( c_id= ) [ RunTime:0.000904s ]
ERR: Erreur de syntaxe près de ')' à la ligne 1
 [ SQL语句 ] : DELETE FROM `my_class` WHERE ( c_id= )

[ 2017-11-28T12:54:56+08:00 ] 0.0.0.0 /myblog/index.php/Myback/classdel
INFO: [ app_begin ] --START--
INFO: Run ReadHtmlCache Behavior [ RunTime:0.004353s ]
INFO: [ app_begin ] --END-- [ RunTime:0.004990s ]
NOTIC: [8192] mysql_connect(): The mysql extension is deprecated and will be removed in the future: use mysqli or PDO instead E:\Application case\wamp\www\myblog\ThinkPHP\Lib\Driver\Db\DbMysql.class.php 第 55 行.
SQL: SHOW COLUMNS FROM `my_class` [ RunTime:0.015851s ]
SQL: DELETE FROM `my_class` WHERE ( c_id= ) [ RunTime:0.000709s ]
ERR: Erreur de syntaxe près de ')' à la ligne 1
 [ SQL语句 ] : DELETE FROM `my_class` WHERE ( c_id= )

[ 2017-11-28T12:54:56+08:00 ] 0.0.0.0 /myblog/index.php/Myback/classdel
INFO: [ app_begin ] --START--
INFO: Run ReadHtmlCache Behavior [ RunTime:0.008089s ]
INFO: [ app_begin ] --END-- [ RunTime:0.008704s ]
NOTIC: [8192] mysql_connect(): The mysql extension is deprecated and will be removed in the future: use mysqli or PDO instead E:\Application case\wamp\www\myblog\ThinkPHP\Lib\Driver\Db\DbMysql.class.php 第 55 行.
SQL: SHOW COLUMNS FROM `my_class` [ RunTime:0.013722s ]
SQL: DELETE FROM `my_class` WHERE ( c_id= ) [ RunTime:0.000659s ]
ERR: Erreur de syntaxe près de ')' à la ligne 1
 [ SQL语句 ] : DELETE FROM `my_class` WHERE ( c_id= )

[ 2017-11-28T12:55:16+08:00 ] 0.0.0.0 /myblog/index.php/Myback/classdel
INFO: [ app_begin ] --START--
INFO: Run ReadHtmlCache Behavior [ RunTime:0.004804s ]
INFO: [ app_begin ] --END-- [ RunTime:0.005429s ]
NOTIC: [8192] mysql_connect(): The mysql extension is deprecated and will be removed in the future: use mysqli or PDO instead E:\Application case\wamp\www\myblog\ThinkPHP\Lib\Driver\Db\DbMysql.class.php 第 55 行.
SQL: SHOW COLUMNS FROM `my_class` [ RunTime:0.017313s ]
SQL: DELETE FROM `my_class` WHERE ( c_id= ) [ RunTime:0.001741s ]
ERR: Erreur de syntaxe près de ')' à la ligne 1
 [ SQL语句 ] : DELETE FROM `my_class` WHERE ( c_id= )

[ 2017-11-28T12:56:46+08:00 ] 0.0.0.0 /myblog/index.php/Myback/classdel
INFO: [ app_begin ] --START--
INFO: Run ReadHtmlCache Behavior [ RunTime:0.004719s ]
INFO: [ app_begin ] --END-- [ RunTime:0.005358s ]
NOTIC: [8192] mysql_connect(): The mysql extension is deprecated and will be removed in the future: use mysqli or PDO instead E:\Application case\wamp\www\myblog\ThinkPHP\Lib\Driver\Db\DbMysql.class.php 第 55 行.
SQL: SHOW COLUMNS FROM `my_class` [ RunTime:0.013905s ]
SQL: DELETE FROM `my_class` WHERE ( c_id= ) [ RunTime:0.000610s ]
ERR: Erreur de syntaxe près de ')' à la ligne 1
 [ SQL语句 ] : DELETE FROM `my_class` WHERE ( c_id= )

[ 2017-11-28T12:57:11+08:00 ] 0.0.0.0 /myblog/index.php/Myback/classdel
INFO: [ app_begin ] --START--
INFO: Run ReadHtmlCache Behavior [ RunTime:0.004550s ]
INFO: [ app_begin ] --END-- [ RunTime:0.005330s ]
NOTIC: [8192] mysql_connect(): The mysql extension is deprecated and will be removed in the future: use mysqli or PDO instead E:\Application case\wamp\www\myblog\ThinkPHP\Lib\Driver\Db\DbMysql.class.php 第 55 行.
SQL: SHOW COLUMNS FROM `my_class` [ RunTime:0.014578s ]
SQL: DELETE FROM `my_class` WHERE ( c_id= ) [ RunTime:0.000492s ]
ERR: Erreur de syntaxe près de ')' à la ligne 1
 [ SQL语句 ] : DELETE FROM `my_class` WHERE ( c_id= )

[ 2017-11-28T12:59:51+08:00 ] 0.0.0.0 /myblog/index.php/Myback/classdel
INFO: [ app_begin ] --START--
INFO: Run ReadHtmlCache Behavior [ RunTime:0.008481s ]
INFO: [ app_begin ] --END-- [ RunTime:0.009308s ]
NOTIC: [8192] mysql_connect(): The mysql extension is deprecated and will be removed in the future: use mysqli or PDO instead E:\Application case\wamp\www\myblog\ThinkPHP\Lib\Driver\Db\DbMysql.class.php 第 55 行.
SQL: SHOW COLUMNS FROM `my_class` [ RunTime:0.013583s ]
SQL: DELETE FROM `my_class` WHERE ( c_id= ) [ RunTime:0.000565s ]
ERR: Erreur de syntaxe près de ')' à la ligne 1
 [ SQL语句 ] : DELETE FROM `my_class` WHERE ( c_id= )

[ 2017-11-28T12:59:51+08:00 ] 0.0.0.0 /myblog/index.php/Myback/classdel
INFO: [ app_begin ] --START--
INFO: Run ReadHtmlCache Behavior [ RunTime:0.022265s ]
INFO: [ app_begin ] --END-- [ RunTime:0.022868s ]
NOTIC: [8192] mysql_connect(): The mysql extension is deprecated and will be removed in the future: use mysqli or PDO instead E:\Application case\wamp\www\myblog\ThinkPHP\Lib\Driver\Db\DbMysql.class.php 第 55 行.
SQL: SHOW COLUMNS FROM `my_class` [ RunTime:0.017182s ]
SQL: DELETE FROM `my_class` WHERE ( c_id= ) [ RunTime:0.000808s ]
ERR: Erreur de syntaxe près de ')' à la ligne 1
 [ SQL语句 ] : DELETE FROM `my_class` WHERE ( c_id= )

[ 2017-11-28T12:59:51+08:00 ] 0.0.0.0 /myblog/index.php/Myback/classdel
INFO: [ app_begin ] --START--
INFO: Run ReadHtmlCache Behavior [ RunTime:0.003728s ]
INFO: [ app_begin ] --END-- [ RunTime:0.004336s ]
NOTIC: [8192] mysql_connect(): The mysql extension is deprecated and will be removed in the future: use mysqli or PDO instead E:\Application case\wamp\www\myblog\ThinkPHP\Lib\Driver\Db\DbMysql.class.php 第 55 行.
SQL: SHOW COLUMNS FROM `my_class` [ RunTime:0.014058s ]
SQL: DELETE FROM `my_class` WHERE ( c_id= ) [ RunTime:0.000858s ]
ERR: Erreur de syntaxe près de ')' à la ligne 1
 [ SQL语句 ] : DELETE FROM `my_class` WHERE ( c_id= )

[ 2017-11-28T12:59:51+08:00 ] 0.0.0.0 /myblog/index.php/Myback/classdel
INFO: [ app_begin ] --START--
INFO: Run ReadHtmlCache Behavior [ RunTime:0.026003s ]
INFO: [ app_begin ] --END-- [ RunTime:0.026598s ]
NOTIC: [8192] mysql_connect(): The mysql extension is deprecated and will be removed in the future: use mysqli or PDO instead E:\Application case\wamp\www\myblog\ThinkPHP\Lib\Driver\Db\DbMysql.class.php 第 55 行.
SQL: SHOW COLUMNS FROM `my_class` [ RunTime:0.013748s ]
SQL: DELETE FROM `my_class` WHERE ( c_id= ) [ RunTime:0.000627s ]
ERR: Erreur de syntaxe près de ')' à la ligne 1
 [ SQL语句 ] : DELETE FROM `my_class` WHERE ( c_id= )

[ 2017-11-28T12:59:51+08:00 ] 0.0.0.0 /myblog/index.php/Myback/classdel
INFO: [ app_begin ] --START--
INFO: Run ReadHtmlCache Behavior [ RunTime:0.015670s ]
INFO: [ app_begin ] --END-- [ RunTime:0.017405s ]
NOTIC: [8192] mysql_connect(): The mysql extension is deprecated and will be removed in the future: use mysqli or PDO instead E:\Application case\wamp\www\myblog\ThinkPHP\Lib\Driver\Db\DbMysql.class.php 第 55 行.
SQL: SHOW COLUMNS FROM `my_class` [ RunTime:0.013856s ]
SQL: DELETE FROM `my_class` WHERE ( c_id= ) [ RunTime:0.000828s ]
ERR: Erreur de syntaxe près de ')' à la ligne 1
 [ SQL语句 ] : DELETE FROM `my_class` WHERE ( c_id= )

[ 2017-11-28T12:59:51+08:00 ] 0.0.0.0 /myblog/index.php/Myback/classdel
INFO: [ app_begin ] --START--
INFO: Run ReadHtmlCache Behavior [ RunTime:0.025914s ]
INFO: [ app_begin ] --END-- [ RunTime:0.026614s ]
NOTIC: [8192] mysql_connect(): The mysql extension is deprecated and will be removed in the future: use mysqli or PDO instead E:\Application case\wamp\www\myblog\ThinkPHP\Lib\Driver\Db\DbMysql.class.php 第 55 行.
SQL: SHOW COLUMNS FROM `my_class` [ RunTime:0.013277s ]
SQL: DELETE FROM `my_class` WHERE ( c_id= ) [ RunTime:0.000646s ]
ERR: Erreur de syntaxe près de ')' à la ligne 1
 [ SQL语句 ] : DELETE FROM `my_class` WHERE ( c_id= )

[ 2017-11-28T12:59:51+08:00 ] 0.0.0.0 /myblog/index.php/Myback/classdel
INFO: [ app_begin ] --START--
INFO: Run ReadHtmlCache Behavior [ RunTime:0.003649s ]
INFO: [ app_begin ] --END-- [ RunTime:0.004308s ]
NOTIC: [8192] mysql_connect(): The mysql extension is deprecated and will be removed in the future: use mysqli or PDO instead E:\Application case\wamp\www\myblog\ThinkPHP\Lib\Driver\Db\DbMysql.class.php 第 55 行.
SQL: SHOW COLUMNS FROM `my_class` [ RunTime:0.014320s ]
SQL: DELETE FROM `my_class` WHERE ( c_id= ) [ RunTime:0.000663s ]
ERR: Erreur de syntaxe près de ')' à la ligne 1
 [ SQL语句 ] : DELETE FROM `my_class` WHERE ( c_id= )

[ 2017-11-28T12:59:52+08:00 ] 0.0.0.0 /myblog/index.php/Myback/classdel
INFO: [ app_begin ] --START--
INFO: Run ReadHtmlCache Behavior [ RunTime:0.040883s ]
INFO: [ app_begin ] --END-- [ RunTime:0.042316s ]
NOTIC: [8192] mysql_connect(): The mysql extension is deprecated and will be removed in the future: use mysqli or PDO instead E:\Application case\wamp\www\myblog\ThinkPHP\Lib\Driver\Db\DbMysql.class.php 第 55 行.
SQL: SHOW COLUMNS FROM `my_class` [ RunTime:0.013908s ]
SQL: DELETE FROM `my_class` WHERE ( c_id= ) [ RunTime:0.000919s ]
ERR: Erreur de syntaxe près de ')' à la ligne 1
 [ SQL语句 ] : DELETE FROM `my_class` WHERE ( c_id= )

[ 2017-11-28T12:59:52+08:00 ] 0.0.0.0 /myblog/index.php/Myback/classdel
INFO: [ app_begin ] --START--
INFO: Run ReadHtmlCache Behavior [ RunTime:0.003828s ]
INFO: [ app_begin ] --END-- [ RunTime:0.004441s ]
NOTIC: [8192] mysql_connect(): The mysql extension is deprecated and will be removed in the future: use mysqli or PDO instead E:\Application case\wamp\www\myblog\ThinkPHP\Lib\Driver\Db\DbMysql.class.php 第 55 行.
SQL: SHOW COLUMNS FROM `my_class` [ RunTime:0.015018s ]
SQL: DELETE FROM `my_class` WHERE ( c_id= ) [ RunTime:0.000816s ]
ERR: Erreur de syntaxe près de ')' à la ligne 1
 [ SQL语句 ] : DELETE FROM `my_class` WHERE ( c_id= )

[ 2017-11-28T12:59:52+08:00 ] 0.0.0.0 /myblog/index.php/Myback/classdel
INFO: [ app_begin ] --START--
INFO: Run ReadHtmlCache Behavior [ RunTime:0.003303s ]
INFO: [ app_begin ] --END-- [ RunTime:0.003910s ]
NOTIC: [8192] mysql_connect(): The mysql extension is deprecated and will be removed in the future: use mysqli or PDO instead E:\Application case\wamp\www\myblog\ThinkPHP\Lib\Driver\Db\DbMysql.class.php 第 55 行.
SQL: SHOW COLUMNS FROM `my_class` [ RunTime:0.012741s ]
SQL: DELETE FROM `my_class` WHERE ( c_id= ) [ RunTime:0.000653s ]
ERR: Erreur de syntaxe près de ')' à la ligne 1
 [ SQL语句 ] : DELETE FROM `my_class` WHERE ( c_id= )

[ 2017-11-28T13:00:37+08:00 ] 0.0.0.0 /myblog/index.php/Myback/classdel
INFO: [ app_begin ] --START--
INFO: Run ReadHtmlCache Behavior [ RunTime:0.003546s ]
INFO: [ app_begin ] --END-- [ RunTime:0.004455s ]
NOTIC: [8192] mysql_connect(): The mysql extension is deprecated and will be removed in the future: use mysqli or PDO instead E:\Application case\wamp\www\myblog\ThinkPHP\Lib\Driver\Db\DbMysql.class.php 第 55 行.
SQL: SHOW COLUMNS FROM `my_class` [ RunTime:0.014887s ]
SQL: DELETE FROM `my_class` WHERE ( c_id= ) [ RunTime:0.000769s ]
ERR: Erreur de syntaxe près de ')' à la ligne 1
 [ SQL语句 ] : DELETE FROM `my_class` WHERE ( c_id= )

[ 2017-11-28T13:00:37+08:00 ] 0.0.0.0 /myblog/index.php/Myback/classdel
INFO: [ app_begin ] --START--
INFO: Run ReadHtmlCache Behavior [ RunTime:0.004245s ]
INFO: [ app_begin ] --END-- [ RunTime:0.004893s ]
NOTIC: [8192] mysql_connect(): The mysql extension is deprecated and will be removed in the future: use mysqli or PDO instead E:\Application case\wamp\www\myblog\ThinkPHP\Lib\Driver\Db\DbMysql.class.php 第 55 行.
SQL: SHOW COLUMNS FROM `my_class` [ RunTime:0.013997s ]
SQL: DELETE FROM `my_class` WHERE ( c_id= ) [ RunTime:0.001018s ]
ERR: Erreur de syntaxe près de ')' à la ligne 1
 [ SQL语句 ] : DELETE FROM `my_class` WHERE ( c_id= )

[ 2017-11-28T13:00:37+08:00 ] 0.0.0.0 /myblog/index.php/Myback/classdel
INFO: [ app_begin ] --START--
INFO: Run ReadHtmlCache Behavior [ RunTime:0.004283s ]
INFO: [ app_begin ] --END-- [ RunTime:0.007059s ]
NOTIC: [8192] mysql_connect(): The mysql extension is deprecated and will be removed in the future: use mysqli or PDO instead E:\Application case\wamp\www\myblog\ThinkPHP\Lib\Driver\Db\DbMysql.class.php 第 55 行.
SQL: SHOW COLUMNS FROM `my_class` [ RunTime:0.013337s ]
SQL: DELETE FROM `my_class` WHERE ( c_id= ) [ RunTime:0.000639s ]
ERR: Erreur de syntaxe près de ')' à la ligne 1
 [ SQL语句 ] : DELETE FROM `my_class` WHERE ( c_id= )

[ 2017-11-28T13:00:37+08:00 ] 0.0.0.0 /myblog/index.php/Myback/classdel
INFO: [ app_begin ] --START--
INFO: Run ReadHtmlCache Behavior [ RunTime:0.008168s ]
INFO: [ app_begin ] --END-- [ RunTime:0.008796s ]
NOTIC: [8192] mysql_connect(): The mysql extension is deprecated and will be removed in the future: use mysqli or PDO instead E:\Application case\wamp\www\myblog\ThinkPHP\Lib\Driver\Db\DbMysql.class.php 第 55 行.
SQL: SHOW COLUMNS FROM `my_class` [ RunTime:0.011991s ]
SQL: DELETE FROM `my_class` WHERE ( c_id= ) [ RunTime:0.000507s ]
ERR: Erreur de syntaxe près de ')' à la ligne 1
 [ SQL语句 ] : DELETE FROM `my_class` WHERE ( c_id= )

[ 2017-11-28T13:04:13+08:00 ] 0.0.0.0 /myblog/index.php/Myback/classdel
INFO: [ app_begin ] --START--
INFO: Run ReadHtmlCache Behavior [ RunTime:0.003792s ]
INFO: [ app_begin ] --END-- [ RunTime:0.004453s ]
NOTIC: [8192] mysql_connect(): The mysql extension is deprecated and will be removed in the future: use mysqli or PDO instead E:\Application case\wamp\www\myblog\ThinkPHP\Lib\Driver\Db\DbMysql.class.php 第 55 行.
SQL: SHOW COLUMNS FROM `my_class` [ RunTime:0.012525s ]
SQL: DELETE FROM `my_class` WHERE ( c_id=81 ) [ RunTime:0.001145s ]

[ 2017-11-28T13:06:42+08:00 ] ERR: (ThinkException) 非法操作:__URL__
[ 2017-11-28T13:06:42+08:00 ] ERR: (ThinkException) 非法操作:__URL__
[ 2017-11-28T13:10:59+08:00 ] ERR: (ThinkException) 非法操作:__URL__
[ 2017-11-28T13:10:59+08:00 ] ERR: (ThinkException) 非法操作:__URL__
[ 2017-11-28T13:11:48+08:00 ] ERR: (ThinkException) 非法操作:__URL__
[ 2017-11-28T13:11:48+08:00 ] ERR: (ThinkException) 非法操作:__URL__
[ 2017-11-28T13:14:14+08:00 ] 0.0.0.0 /myblog/index.php/Myback/useradd
INFO: [ app_begin ] --START--
INFO: Run ReadHtmlCache Behavior [ RunTime:0.003176s ]
INFO: [ app_begin ] --END-- [ RunTime:0.003648s ]
NOTIC: [8192] mysql_connect(): The mysql extension is deprecated and will be removed in the future: use mysqli or PDO instead E:\Application case\wamp\www\myblog\ThinkPHP\Lib\Driver\Db\DbMysql.class.php 第 55 行.
SQL: SHOW COLUMNS FROM `my_user` [ RunTime:0.007902s ]
SQL: INSERT INTO `my_user` (`user`,`pwd`,`cretime`,`gro`,`shell`) VALUES ('苟富贵','256523',1511846054,0,888) [ RunTime:0.000568s ]

[ 2017-11-28T13:14:25+08:00 ] 0.0.0.0 /myblog/index.php/Myback/update
INFO: [ app_begin ] --START--
INFO: Run ReadHtmlCache Behavior [ RunTime:0.003097s ]
INFO: [ app_begin ] --END-- [ RunTime:0.003698s ]
NOTIC: [8192] mysql_connect(): The mysql extension is deprecated and will be removed in the future: use mysqli or PDO instead E:\Application case\wamp\www\myblog\ThinkPHP\Lib\Driver\Db\DbMysql.class.php 第 55 行.
SQL: SHOW COLUMNS FROM `my_user` [ RunTime:0.009780s ]
SQL: UPDATE `my_user` SET `user`='苟富贵55刚刚',`pwd`='256523',`gro`=1,`cretime`=1511846065 WHERE ( `id` = 35 ) [ RunTime:0.000734s ]
SQL: SHOW COLUMNS FROM `my_gro` [ RunTime:0.008413s ]
NOTIC: [8192] preg_replace(): The /e modifier is deprecated, use preg_replace_callback instead E:\Application case\wamp\www\myblog\ThinkPHP\Lib\Core\Db.class.php 第 568 行.
SQL: SELECT `name` FROM `my_gro` WHERE ( uid=1 ) LIMIT 1   [ RunTime:0.001089s ]

[ 2017-11-28T13:14:33+08:00 ] 0.0.0.0 /myblog/index.php/Myback/del
INFO: [ app_begin ] --START--
INFO: Run ReadHtmlCache Behavior [ RunTime:0.004063s ]
INFO: [ app_begin ] --END-- [ RunTime:0.004511s ]
NOTIC: [8192] mysql_connect(): The mysql extension is deprecated and will be removed in the future: use mysqli or PDO instead E:\Application case\wamp\www\myblog\ThinkPHP\Lib\Driver\Db\DbMysql.class.php 第 55 行.
SQL: SHOW COLUMNS FROM `my_user` [ RunTime:0.008784s ]
SQL: DELETE FROM `my_user` WHERE ( id=35 ) [ RunTime:0.000654s ]

[ 2017-11-28T13:14:38+08:00 ] 0.0.0.0 /myblog/index.php/Myback/del
INFO: [ app_begin ] --START--
INFO: Run ReadHtmlCache Behavior [ RunTime:0.002828s ]
INFO: [ app_begin ] --END-- [ RunTime:0.003315s ]
NOTIC: [8192] mysql_connect(): The mysql extension is deprecated and will be removed in the future: use mysqli or PDO instead E:\Application case\wamp\www\myblog\ThinkPHP\Lib\Driver\Db\DbMysql.class.php 第 55 行.
SQL: SHOW COLUMNS FROM `my_user` [ RunTime:0.009038s ]
SQL: DELETE FROM `my_user` WHERE ( id=33 ) [ RunTime:0.000693s ]

[ 2017-11-28T14:42:53+08:00 ] ERR: (ThinkException) 非法操作:kindeditor
[ 2017-11-28T14:43:15+08:00 ] 0.0.0.0 /myblog/index.php/Myback/useradd
INFO: [ app_begin ] --START--
INFO: Run ReadHtmlCache Behavior [ RunTime:0.002827s ]
INFO: [ app_begin ] --END-- [ RunTime:0.003402s ]
NOTIC: [8192] mysql_connect(): The mysql extension is deprecated and will be removed in the future: use mysqli or PDO instead E:\Application case\wamp\www\myblog\ThinkPHP\Lib\Driver\Db\DbMysql.class.php 第 55 行.
SQL: SHOW COLUMNS FROM `my_user` [ RunTime:0.009785s ]
SQL: INSERT INTO `my_user` (`user`,`pwd`,`cretime`,`gro`,`shell`) VALUES ('反对法','252525',1511851395,0,888) [ RunTime:0.000513s ]

[ 2017-11-28T14:43:45+08:00 ] 0.0.0.0 /myblog/index.php/Myback/useradd
INFO: [ app_begin ] --START--
INFO: Run ReadHtmlCache Behavior [ RunTime:0.002703s ]
INFO: [ app_begin ] --END-- [ RunTime:0.003139s ]
NOTIC: [8192] mysql_connect(): The mysql extension is deprecated and will be removed in the future: use mysqli or PDO instead E:\Application case\wamp\www\myblog\ThinkPHP\Lib\Driver\Db\DbMysql.class.php 第 55 行.
SQL: SHOW COLUMNS FROM `my_user` [ RunTime:0.008138s ]
SQL: INSERT INTO `my_user` (`user`,`pwd`,`cretime`,`gro`,`shell`) VALUES ('vcvc','12255',1511851425,0,888) [ RunTime:0.000930s ]

[ 2017-11-28T17:26:43+08:00 ] ERR: (ThinkException) 非法操作:kindeditor
[ 2017-11-28T21:30:25+08:00 ] ERR: (ThinkException) 非法操作:registe
