[ 2017-10-30T17:33:20+08:00 ] ERR: (ThinkException) 非法操作:kindeditor
[ 2017-10-30T17:33:28+08:00 ] 0.0.0.0 /myblog/index.php/Myback/del
INFO: [ app_begin ] --START--
INFO: Run ReadHtmlCache Behavior [ RunTime:0.002582s ]
INFO: [ app_begin ] --END-- [ RunTime:0.003171s ]
NOTIC: [8192] mysql_connect(): The mysql extension is deprecated and will be removed in the future: use mysqli or PDO instead E:\Application case\wamp\www\myblog\ThinkPHP\Lib\Driver\Db\DbMysql.class.php 第 55 行.
SQL: SHOW COLUMNS FROM `my_user` [ RunTime:0.010290s ]
SQL: DELETE FROM `my_user` WHERE ( id=14 ) [ RunTime:0.020105s ]

[ 2017-10-30T17:33:28+08:00 ] ERR: (ThinkException) 非法操作:kindeditor
[ 2017-10-30T17:33:40+08:00 ] 0.0.0.0 /myblog/index.php/Myback/useradd
INFO: [ app_begin ] --START--
INFO: Run ReadHtmlCache Behavior [ RunTime:0.004402s ]
INFO: [ app_begin ] --END-- [ RunTime:0.005097s ]
NOTIC: [8192] mysql_connect(): The mysql extension is deprecated and will be removed in the future: use mysqli or PDO instead E:\Application case\wamp\www\myblog\ThinkPHP\Lib\Driver\Db\DbMysql.class.php 第 55 行.
SQL: SHOW COLUMNS FROM `my_user` [ RunTime:0.010686s ]
SQL: INSERT INTO `my_user` (`user`,`pwd`,`cretime`,`gro`,`shell`) VALUES ('3323','2333434',1509356020,0,888) [ RunTime:0.000754s ]

[ 2017-10-30T17:33:41+08:00 ] ERR: (ThinkException) 非法操作:kindeditor
[ 2017-10-30T17:34:03+08:00 ] ERR: (ThinkException) 非法操作:kindeditor
[ 2017-10-30T17:34:13+08:00 ] 0.0.0.0 /myblog/index.php/Myback/useradd
INFO: [ app_begin ] --START--
INFO: Run ReadHtmlCache Behavior [ RunTime:0.003357s ]
INFO: [ app_begin ] --END-- [ RunTime:0.004037s ]
NOTIC: [8192] mysql_connect(): The mysql extension is deprecated and will be removed in the future: use mysqli or PDO instead E:\Application case\wamp\www\myblog\ThinkPHP\Lib\Driver\Db\DbMysql.class.php 第 55 行.
SQL: SHOW COLUMNS FROM `my_user` [ RunTime:0.010641s ]
SQL: INSERT INTO `my_user` (`user`,`pwd`,`cretime`,`gro`,`shell`) VALUES ('6677','wwwww',1509356053,0,888) [ RunTime:0.000627s ]

[ 2017-10-30T17:34:14+08:00 ] ERR: (ThinkException) 非法操作:kindeditor
[ 2017-10-30T17:35:25+08:00 ] ERR: (ThinkException) 非法操作:kindeditor
[ 2017-10-30T17:41:12+08:00 ] ERR: (ThinkException) 非法操作:kindeditor
[ 2017-10-30T17:56:53+08:00 ] ERR: (ThinkException) 非法操作:kindeditor
[ 2017-10-30T19:01:40+08:00 ] ERR: (ThinkException) 非法操作:kindeditor
[ 2017-10-30T19:02:03+08:00 ] ERR: (ThinkException) 非法操作:kindeditor
[ 2017-10-30T19:06:28+08:00 ] ERR: (ThinkException) 非法操作:kindeditor
[ 2017-10-30T19:20:57+08:00 ] ERR: (ThinkException) Model:filed您所请求的方法不存在！
[ 2017-10-30T19:21:08+08:00 ] ERR: (ThinkException) Model:flied您所请求的方法不存在！
[ 2017-10-30T19:21:09+08:00 ] ERR: (ThinkException) Model:flied您所请求的方法不存在！
[ 2017-10-30T19:21:27+08:00 ] ERR: (ThinkException) 非法操作:kindeditor
[ 2017-10-30T19:22:28+08:00 ] ERR: (ThinkException) 非法操作:kindeditor
[ 2017-10-30T19:30:44+08:00 ] ERR: (ThinkException) 非法操作:kindeditor
[ 2017-10-30T19:31:30+08:00 ] ERR: (ThinkException) 非法操作:kindeditor
[ 2017-10-30T19:31:32+08:00 ] ERR: (ThinkException) 非法操作:kindeditor
[ 2017-10-30T19:32:48+08:00 ] ERR: (ThinkException) 非法操作:kindeditor
[ 2017-10-30T19:33:02+08:00 ] ERR: (ThinkException) 非法操作:kindeditor
[ 2017-10-30T19:33:30+08:00 ] ERR: (ThinkException) 非法操作:kindeditor
[ 2017-10-30T19:34:03+08:00 ] ERR: (ThinkException) 非法操作:kindeditor
[ 2017-10-30T19:38:19+08:00 ] ERR: (ThinkException) 非法操作:kindeditor
[ 2017-10-30T19:38:52+08:00 ] ERR: (ThinkException) 非法操作:kindeditor
[ 2017-10-30T19:39:50+08:00 ] ERR: (ThinkException) 非法操作:kindeditor
[ 2017-10-30T19:40:11+08:00 ] ERR: (ThinkException) 非法操作:kindeditor
[ 2017-10-30T19:40:27+08:00 ] ERR: (ThinkException) 非法操作:kindeditor
[ 2017-10-30T19:45:56+08:00 ] ERR: (ThinkException) 非法操作:kindeditor
[ 2017-10-30T19:47:14+08:00 ] ERR: (ThinkException) 非法操作:kindeditor
[ 2017-10-30T19:49:21+08:00 ] ERR: (ThinkException) 非法操作:kindeditor
[ 2017-10-30T19:54:36+08:00 ] ERR: (ThinkException) 非法操作:kindeditor
[ 2017-10-30T19:54:59+08:00 ] ERR: (ThinkException) 非法操作:kindeditor
[ 2017-10-30T19:55:24+08:00 ] ERR: (ThinkException) 非法操作:kindeditor
[ 2017-10-30T20:06:34+08:00 ] ERR: (ThinkException) 非法操作:kindeditor
[ 2017-10-30T20:06:52+08:00 ] ERR: (ThinkException) 非法操作:kindeditor
[ 2017-10-30T20:08:00+08:00 ] ERR: (ThinkException) 非法操作:kindeditor
[ 2017-10-30T20:11:04+08:00 ] ERR: (ThinkException) 非法操作:kindeditor
[ 2017-10-30T20:11:19+08:00 ] ERR: (ThinkException) 非法操作:kindeditor
[ 2017-10-30T20:16:50+08:00 ] ERR: (ThinkException) 非法操作:kindeditor
[ 2017-10-30T20:16:54+08:00 ] 0.0.0.0 /myblog/index.php/Myback/useradd
INFO: [ app_begin ] --START--
INFO: Run ReadHtmlCache Behavior [ RunTime:0.005236s ]
INFO: [ app_begin ] --END-- [ RunTime:0.005869s ]
NOTIC: [8192] mysql_connect(): The mysql extension is deprecated and will be removed in the future: use mysqli or PDO instead E:\Application case\wamp\www\myblog\ThinkPHP\Lib\Driver\Db\DbMysql.class.php 第 55 行.
SQL: SHOW COLUMNS FROM `my_user` [ RunTime:0.016992s ]
SQL: INSERT INTO `my_user` (`user`,`pwd`,`cretime`,`gro`,`shell`) VALUES ('','',1509365814,0,888) [ RunTime:0.001293s ]

[ 2017-10-30T20:16:54+08:00 ] ERR: (ThinkException) 非法操作:kindeditor
[ 2017-10-30T20:18:38+08:00 ] ERR: (ThinkException) 非法操作:kindeditor
[ 2017-10-30T20:19:12+08:00 ] ERR: (ThinkException) 非法操作:kindeditor
[ 2017-10-30T20:22:43+08:00 ] ERR: (ThinkException) 非法操作:kindeditor
[ 2017-10-30T20:22:52+08:00 ] 0.0.0.0 /myblog/index.php/Myback/addClass
INFO: [ app_begin ] --START--
INFO: Run ReadHtmlCache Behavior [ RunTime:0.004613s ]
INFO: [ app_begin ] --END-- [ RunTime:0.005257s ]
NOTIC: [8192] mysql_connect(): The mysql extension is deprecated and will be removed in the future: use mysqli or PDO instead E:\Application case\wamp\www\myblog\ThinkPHP\Lib\Driver\Db\DbMysql.class.php 第 55 行.
SQL: SHOW COLUMNS FROM `my_class` [ RunTime:0.012305s ]
NOTIC: [8192] preg_replace(): The /e modifier is deprecated, use preg_replace_callback instead E:\Application case\wamp\www\myblog\ThinkPHP\Lib\Core\Db.class.php 第 568 行.
SQL: SELECT `path` FROM `my_class` WHERE ( `c_id` = 0 ) LIMIT 1   [ RunTime:0.000787s ]
SQL: INSERT INTO `my_class` (`f_name`,`f_id`,`path`,`level`) VALUES ('css',0,null,0) [ RunTime:0.000765s ]
ERR: Le champ 'path' ne peut être vide (null)
 [ SQL语句 ] : INSERT INTO `my_class` (`f_name`,`f_id`,`path`,`level`) VALUES ('css',0,null,0)

[ 2017-10-30T20:27:01+08:00 ] ERR: (ThinkException) 非法操作:kindeditor
[ 2017-10-30T20:27:57+08:00 ] ERR: (ThinkException) 非法操作:kindeditor
[ 2017-10-30T20:28:03+08:00 ] ERR: (ThinkException) Action:ajacReturn您所请求的方法不存在！
[ 2017-10-30T20:28:42+08:00 ] ERR: (ThinkException) 非法操作:kindeditor
[ 2017-10-30T20:31:05+08:00 ] ERR: (ThinkException) 非法操作:kindeditor
[ 2017-10-30T20:31:38+08:00 ] ERR: (ThinkException) 非法操作:kindeditor
[ 2017-10-30T20:32:01+08:00 ] ERR: (ThinkException) 非法操作:kindeditor
[ 2017-10-30T20:33:09+08:00 ] ERR: (ThinkException) 非法操作:kindeditor
[ 2017-10-30T20:36:04+08:00 ] ERR: (ThinkException) 非法操作:kindeditor
[ 2017-10-30T20:36:06+08:00 ] ERR: (ThinkException) 非法操作:kindeditor
[ 2017-10-30T20:36:42+08:00 ] ERR: (ThinkException) 非法操作:kindeditor
[ 2017-10-30T20:37:17+08:00 ] ERR: (ThinkException) 非法操作:kindeditor
[ 2017-10-30T20:37:29+08:00 ] 0.0.0.0 /myblog/index.php/Myback/del
INFO: [ app_begin ] --START--
INFO: Run ReadHtmlCache Behavior [ RunTime:0.003352s ]
INFO: [ app_begin ] --END-- [ RunTime:0.003959s ]
NOTIC: [8192] mysql_connect(): The mysql extension is deprecated and will be removed in the future: use mysqli or PDO instead E:\Application case\wamp\www\myblog\ThinkPHP\Lib\Driver\Db\DbMysql.class.php 第 55 行.
SQL: SHOW COLUMNS FROM `my_user` [ RunTime:0.011186s ]
SQL: DELETE FROM `my_user` WHERE ( id=34 ) [ RunTime:0.001216s ]

[ 2017-10-30T20:37:30+08:00 ] ERR: (ThinkException) 非法操作:kindeditor
[ 2017-10-30T20:40:33+08:00 ] ERR: (ThinkException) 非法操作:kindeditor
[ 2017-10-30T20:40:47+08:00 ] ERR: (ThinkException) 非法操作:kindeditor
[ 2017-10-30T20:41:20+08:00 ] ERR: (ThinkException) 非法操作:kindeditor
[ 2017-10-30T20:41:55+08:00 ] ERR: (ThinkException) 非法操作:kindeditor
[ 2017-10-30T20:47:36+08:00 ] ERR: (ThinkException) 非法操作:kindeditor
[ 2017-10-30T20:47:52+08:00 ] 0.0.0.0 /myblog/index.php/Myback/addClass
INFO: [ app_begin ] --START--
INFO: Run ReadHtmlCache Behavior [ RunTime:0.003915s ]
INFO: [ app_begin ] --END-- [ RunTime:0.004639s ]
NOTIC: [8192] mysql_connect(): The mysql extension is deprecated and will be removed in the future: use mysqli or PDO instead E:\Application case\wamp\www\myblog\ThinkPHP\Lib\Driver\Db\DbMysql.class.php 第 55 行.
SQL: SHOW COLUMNS FROM `my_class` [ RunTime:0.012149s ]
NOTIC: [8192] preg_replace(): The /e modifier is deprecated, use preg_replace_callback instead E:\Application case\wamp\www\myblog\ThinkPHP\Lib\Core\Db.class.php 第 568 行.
SQL: SELECT `path` FROM `my_class` WHERE ( f_id=0 ) LIMIT 1   [ RunTime:0.001294s ]
SQL: INSERT INTO `my_class` (`f_name`,`f_id`,`path`,`level`) VALUES ('mysql',0,'0,1',1) [ RunTime:0.000914s ]

[ 2017-10-30T20:48:02+08:00 ] ERR: (ThinkException) 非法操作:kindeditor
[ 2017-10-30T20:49:16+08:00 ] 0.0.0.0 /myblog/index.php/Myback/addClass
INFO: [ app_begin ] --START--
INFO: Run ReadHtmlCache Behavior [ RunTime:0.003002s ]
INFO: [ app_begin ] --END-- [ RunTime:0.003623s ]
NOTIC: [8192] mysql_connect(): The mysql extension is deprecated and will be removed in the future: use mysqli or PDO instead E:\Application case\wamp\www\myblog\ThinkPHP\Lib\Driver\Db\DbMysql.class.php 第 55 行.
SQL: SHOW COLUMNS FROM `my_class` [ RunTime:0.010895s ]
NOTIC: [8192] preg_replace(): The /e modifier is deprecated, use preg_replace_callback instead E:\Application case\wamp\www\myblog\ThinkPHP\Lib\Core\Db.class.php 第 568 行.
SQL: SELECT `path` FROM `my_class` WHERE ( f_id=0 ) LIMIT 1   [ RunTime:0.001145s ]
SQL: INSERT INTO `my_class` (`f_name`,`f_id`,`path`,`level`) VALUES ('mysql',0,'0,1',1) [ RunTime:0.001337s ]
SQL: UPDATE `my_class` SET `path`='0,1,8' WHERE ( `c_id` = 8 ) [ RunTime:0.000890s ]

[ 2017-10-30T20:49:28+08:00 ] ERR: (ThinkException) 非法操作:kindeditor
[ 2017-10-30T20:52:20+08:00 ] ERR: (ThinkException) 非法操作:kindeditor
[ 2017-10-30T20:52:35+08:00 ] 0.0.0.0 /myblog/index.php/Myback/addClass
INFO: [ app_begin ] --START--
INFO: Run ReadHtmlCache Behavior [ RunTime:0.003955s ]
INFO: [ app_begin ] --END-- [ RunTime:0.004706s ]
NOTIC: [8192] mysql_connect(): The mysql extension is deprecated and will be removed in the future: use mysqli or PDO instead E:\Application case\wamp\www\myblog\ThinkPHP\Lib\Driver\Db\DbMysql.class.php 第 55 行.
SQL: SHOW COLUMNS FROM `my_class` [ RunTime:0.010047s ]
NOTIC: [8192] preg_replace(): The /e modifier is deprecated, use preg_replace_callback instead E:\Application case\wamp\www\myblog\ThinkPHP\Lib\Core\Db.class.php 第 568 行.
SQL: SELECT `path` FROM `my_class` WHERE ( f_id=0 ) LIMIT 1   [ RunTime:0.000904s ]
SQL: INSERT INTO `my_class` (`f_name`,`f_id`,`path`,`level`) VALUES ('mysql',0,'0,1',1) [ RunTime:0.002275s ]
SQL: UPDATE `my_class` SET `path`='0,1,9',`level`=2 WHERE ( `c_id` = 9 ) [ RunTime:0.001433s ]

[ 2017-10-30T20:52:42+08:00 ] ERR: (ThinkException) 非法操作:kindeditor
[ 2017-10-30T20:53:38+08:00 ] ERR: (ThinkException) 非法操作:kindeditor
[ 2017-10-30T20:53:48+08:00 ] 0.0.0.0 /myblog/index.php/Myback/addClass
INFO: [ app_begin ] --START--
INFO: Run ReadHtmlCache Behavior [ RunTime:0.005145s ]
INFO: [ app_begin ] --END-- [ RunTime:0.005814s ]
NOTIC: [8192] mysql_connect(): The mysql extension is deprecated and will be removed in the future: use mysqli or PDO instead E:\Application case\wamp\www\myblog\ThinkPHP\Lib\Driver\Db\DbMysql.class.php 第 55 行.
SQL: SHOW COLUMNS FROM `my_class` [ RunTime:0.013824s ]
NOTIC: [8192] preg_replace(): The /e modifier is deprecated, use preg_replace_callback instead E:\Application case\wamp\www\myblog\ThinkPHP\Lib\Core\Db.class.php 第 568 行.
SQL: SELECT `path` FROM `my_class` WHERE ( f_id=0 ) LIMIT 1   [ RunTime:0.000995s ]
SQL: INSERT INTO `my_class` (`f_name`,`f_id`,`path`,`level`) VALUES ('css',0,'0,1',1) [ RunTime:0.000791s ]
SQL: UPDATE `my_class` SET `path`='0,1,10',`level`=2 WHERE ( `c_id` = 10 ) [ RunTime:0.000928s ]

[ 2017-10-30T20:53:52+08:00 ] ERR: (ThinkException) 非法操作:kindeditor
[ 2017-10-30T20:54:06+08:00 ] 0.0.0.0 /myblog/index.php/Myback/addClass
INFO: [ app_begin ] --START--
INFO: Run ReadHtmlCache Behavior [ RunTime:0.003662s ]
INFO: [ app_begin ] --END-- [ RunTime:0.004453s ]
NOTIC: [8192] mysql_connect(): The mysql extension is deprecated and will be removed in the future: use mysqli or PDO instead E:\Application case\wamp\www\myblog\ThinkPHP\Lib\Driver\Db\DbMysql.class.php 第 55 行.
SQL: SHOW COLUMNS FROM `my_class` [ RunTime:0.010017s ]
NOTIC: [8192] preg_replace(): The /e modifier is deprecated, use preg_replace_callback instead E:\Application case\wamp\www\myblog\ThinkPHP\Lib\Core\Db.class.php 第 568 行.
SQL: SELECT `path` FROM `my_class` WHERE ( f_id=0 ) LIMIT 1   [ RunTime:0.001520s ]
SQL: INSERT INTO `my_class` (`f_name`,`f_id`,`path`,`level`) VALUES ('mysql',0,'0,1',1) [ RunTime:0.001685s ]
SQL: UPDATE `my_class` SET `path`='0,1,11',`level`=2 WHERE ( `c_id` = 11 ) [ RunTime:0.001257s ]

[ 2017-10-30T20:54:09+08:00 ] ERR: (ThinkException) 非法操作:kindeditor
[ 2017-10-30T20:55:04+08:00 ] ERR: (ThinkException) 非法操作:kindeditor
[ 2017-10-30T20:56:53+08:00 ] ERR: (ThinkException) 非法操作:kindeditor
[ 2017-10-30T20:58:22+08:00 ] ERR: (ThinkException) 非法操作:kindeditor
[ 2017-10-30T21:03:25+08:00 ] ERR: (ThinkException) 非法操作:kindeditor
[ 2017-10-30T21:03:26+08:00 ] ERR: (ThinkException) 非法操作:kindeditor
[ 2017-10-30T21:05:16+08:00 ] ERR: (ThinkException) 非法操作:kindeditor
[ 2017-10-30T21:06:10+08:00 ] ERR: (ThinkException) 非法操作:kindeditor
[ 2017-10-30T21:07:29+08:00 ] ERR: (ThinkException) 非法操作:kindeditor
[ 2017-10-30T21:08:01+08:00 ] ERR: (ThinkException) 非法操作:kindeditor
[ 2017-10-30T21:08:25+08:00 ] ERR: (ThinkException) 非法操作:kindeditor
[ 2017-10-30T21:08:49+08:00 ] ERR: (ThinkException) 非法操作:kindeditor
[ 2017-10-30T21:09:29+08:00 ] ERR: (ThinkException) 非法操作:kindeditor
[ 2017-10-30T21:09:42+08:00 ] ERR: (ThinkException) 非法操作:kindeditor
[ 2017-10-30T21:10:22+08:00 ] ERR: (ThinkException) 非法操作:kindeditor
[ 2017-10-30T21:11:03+08:00 ] ERR: (ThinkException) 非法操作:kindeditor
[ 2017-10-30T21:11:54+08:00 ] ERR: (ThinkException) 非法操作:kindeditor
[ 2017-10-30T21:12:07+08:00 ] ERR: (ThinkException) 非法操作:kindeditor
[ 2017-10-30T21:12:16+08:00 ] ERR: (ThinkException) 非法操作:kindeditor
[ 2017-10-30T21:13:27+08:00 ] ERR: (ThinkException) 非法操作:kindeditor
[ 2017-10-30T21:13:46+08:00 ] ERR: (ThinkException) 非法操作:kindeditor
[ 2017-10-30T21:14:06+08:00 ] ERR: (ThinkException) 非法操作:kindeditor
[ 2017-10-30T21:22:21+08:00 ] ERR: (ThinkException) 非法操作:kindeditor
[ 2017-10-30T21:51:09+08:00 ] ERR: (ThinkException) 非法操作:kindeditor
[ 2017-10-30T21:52:26+08:00 ] ERR: (ThinkException) 非法操作:kindeditor
[ 2017-10-30T21:54:13+08:00 ] ERR: (ThinkException) 非法操作:kindeditor
