[ 2017-11-23T10:33:16+08:00 ] ERR: (ThinkException) ÈùûÊ≥ïÊìç‰Ωú:kindeditor
[ 2017-11-23T10:36:43+08:00 ] ERR: (ThinkException) ÈùûÊ≥ïÊìç‰Ωú:kindeditor
[ 2017-11-23T10:39:22+08:00 ] ERR: (ThinkException) ÈùûÊ≥ïÊìç‰Ωú:kindeditor
[ 2017-11-23T10:40:17+08:00 ] ERR: (ThinkException) ÈùûÊ≥ïÊìç‰Ωú:kindeditor
[ 2017-11-23T10:43:51+08:00 ] ERR: (ThinkException) ÈùûÊ≥ïÊìç‰Ωú:kindeditor
[ 2017-11-23T10:45:32+08:00 ] ERR: (ThinkException) ÈùûÊ≥ïÊìç‰Ωú:kindeditor
[ 2017-11-23T10:46:21+08:00 ] ERR: (ThinkException) ÈùûÊ≥ïÊìç‰Ωú:kindeditor
[ 2017-11-23T10:48:45+08:00 ] ERR: (ThinkException) ÈùûÊ≥ïÊìç‰Ωú:kindeditor
[ 2017-11-23T10:49:52+08:00 ] ERR: (ThinkException) ÈùûÊ≥ïÊìç‰Ωú:kindeditor
[ 2017-11-23T10:50:44+08:00 ] ERR: (ThinkException) ÈùûÊ≥ïÊìç‰Ωú:kindeditor
[ 2017-11-23T10:51:36+08:00 ] ERR: (ThinkException) ÈùûÊ≥ïÊìç‰Ωú:kindeditor
[ 2017-11-23T10:52:22+08:00 ] ERR: (ThinkException) ÈùûÊ≥ïÊìç‰Ωú:kindeditor
[ 2017-11-23T10:52:39+08:00 ] ERR: (ThinkException) ÈùûÊ≥ïÊìç‰Ωú:kindeditor
[ 2017-11-23T10:56:12+08:00 ] ERR: (ThinkException) ÈùûÊ≥ïÊìç‰Ωú:kindeditor
[ 2017-11-23T10:56:43+08:00 ] ERR: (ThinkException) ÈùûÊ≥ïÊìç‰Ωú:kindeditor
[ 2017-11-23T10:57:11+08:00 ] ERR: (ThinkException) ÈùûÊ≥ïÊìç‰Ωú:kindeditor
[ 2017-11-23T10:58:09+08:00 ] ERR: (ThinkException) ÈùûÊ≥ïÊìç‰Ωú:kindeditor
[ 2017-11-23T11:11:50+08:00 ] ERR: (ThinkException) ÈùûÊ≥ïÊìç‰Ωú:kindeditor
[ 2017-11-23T11:13:02+08:00 ] ERR: (ThinkException) ÈùûÊ≥ïÊìç‰Ωú:kindeditor
[ 2017-11-23T11:14:15+08:00 ] ERR: (ThinkException) ÈùûÊ≥ïÊìç‰Ωú:kindeditor
[ 2017-11-23T11:14:57+08:00 ] ERR: (ThinkException) ÈùûÊ≥ïÊìç‰Ωú:kindeditor
[ 2017-11-23T11:19:07+08:00 ] ERR: (ThinkException) ÈùûÊ≥ïÊìç‰Ωú:kindeditor
[ 2017-11-23T11:19:46+08:00 ] ERR: (ThinkException) ÈùûÊ≥ïÊìç‰Ωú:kindeditor
[ 2017-11-23T11:20:51+08:00 ] ERR: (ThinkException) ÈùûÊ≥ïÊìç‰Ωú:kindeditor
[ 2017-11-23T11:22:56+08:00 ] ERR: (ThinkException) ÈùûÊ≥ïÊìç‰Ωú:kindeditor
[ 2017-11-23T11:24:19+08:00 ] ERR: (ThinkException) ÈùûÊ≥ïÊìç‰Ωú:kindeditor
[ 2017-11-23T11:24:35+08:00 ] ERR: (ThinkException) ÈùûÊ≥ïÊìç‰Ωú:kindeditor
[ 2017-11-23T11:28:44+08:00 ] ERR: (ThinkException) ÈùûÊ≥ïÊìç‰Ωú:kindeditor
[ 2017-11-23T11:29:52+08:00 ] ERR: (ThinkException) ÈùûÊ≥ïÊìç‰Ωú:kindeditor
[ 2017-11-23T11:30:09+08:00 ] ERR: (ThinkException) ÈùûÊ≥ïÊìç‰Ωú:kindeditor
[ 2017-11-23T11:30:59+08:00 ] ERR: (ThinkException) ÈùûÊ≥ïÊìç‰Ωú:kindeditor
[ 2017-11-23T11:33:23+08:00 ] ERR: (ThinkException) ÈùûÊ≥ïÊìç‰Ωú:kindeditor
[ 2017-11-23T11:34:11+08:00 ] ERR: (ThinkException) ÈùûÊ≥ïÊìç‰Ωú:kindeditor
[ 2017-11-23T11:35:16+08:00 ] ERR: (ThinkException) ÈùûÊ≥ïÊìç‰Ωú:kindeditor
[ 2017-11-23T11:36:50+08:00 ] ERR: (ThinkException) ÈùûÊ≥ïÊìç‰Ωú:kindeditor
[ 2017-11-23T11:39:47+08:00 ] ERR: (ThinkException) ÈùûÊ≥ïÊìç‰Ωú:kindeditor
[ 2017-11-23T11:44:20+08:00 ] ERR: (ThinkException) ÈùûÊ≥ïÊìç‰Ωú:kindeditor
[ 2017-11-23T11:45:22+08:00 ] ERR: (ThinkException) ÈùûÊ≥ïÊìç‰Ωú:kindeditor
[ 2017-11-23T11:45:49+08:00 ] ERR: (ThinkException) ÈùûÊ≥ïÊìç‰Ωú:kindeditor
[ 2017-11-23T11:47:16+08:00 ] ERR: (ThinkException) ÈùûÊ≥ïÊìç‰Ωú:kindeditor
[ 2017-11-23T11:47:19+08:00 ] 0.0.0.0 /myblog/index.php/Myback/p_zhuangtai
INFO: [ app_begin ] --START--
INFO: Run ReadHtmlCache Behavior [ RunTime:0.001000s ]
INFO: [ app_begin ] --END-- [ RunTime:0.001000s ]
SQL: SHOW COLUMNS FROM `my_pinglun` [ RunTime:0.003000s ]
SQL: UPDATE `my_pinglun` SET `p_zhuangtai`=0 WHERE ( `p_id` = 1 ) [ RunTime:0.000000s ]

[ 2017-11-23T11:48:46+08:00 ] ERR: (ThinkException) ÈùûÊ≥ïÊìç‰Ωú:kindeditor
[ 2017-11-23T11:49:07+08:00 ] 0.0.0.0 /myblog/index.php/Myback/p_zhuangtai
INFO: [ app_begin ] --START--
INFO: Run ReadHtmlCache Behavior [ RunTime:0.000000s ]
INFO: [ app_begin ] --END-- [ RunTime:0.001000s ]
SQL: SHOW COLUMNS FROM `my_pinglun` [ RunTime:0.003000s ]
SQL: UPDATE `my_pinglun` SET `p_zhuangtai`=1 WHERE ( `p_id` = 2 ) [ RunTime:0.000000s ]

[ 2017-11-23T11:49:54+08:00 ] ERR: (ThinkException) ÈùûÊ≥ïÊìç‰Ωú:kindeditor
[ 2017-11-23T11:49:57+08:00 ] 0.0.0.0 /myblog/index.php/Myback/p_zhuangtai
INFO: [ app_begin ] --START--
INFO: Run ReadHtmlCache Behavior [ RunTime:0.001000s ]
INFO: [ app_begin ] --END-- [ RunTime:0.001000s ]
SQL: SHOW COLUMNS FROM `my_pinglun` [ RunTime:0.003000s ]
SQL: UPDATE `my_pinglun` SET `p_zhuangtai`=1 WHERE ( `p_id` = 1 ) [ RunTime:0.000000s ]

[ 2017-11-23T11:50:12+08:00 ] ERR: (ThinkException) ÈùûÊ≥ïÊìç‰Ωú:kindeditor
[ 2017-11-23T11:50:15+08:00 ] 0.0.0.0 /myblog/index.php/Myback/p_zhuangtai
INFO: [ app_begin ] --START--
INFO: Run ReadHtmlCache Behavior [ RunTime:0.001000s ]
INFO: [ app_begin ] --END-- [ RunTime:0.001000s ]
SQL: SHOW COLUMNS FROM `my_pinglun` [ RunTime:0.003000s ]
SQL: UPDATE `my_pinglun` SET `p_zhuangtai`=0 WHERE ( `p_id` = 1 ) [ RunTime:0.000000s ]

[ 2017-11-23T11:50:25+08:00 ] ERR: (ThinkException) ÈùûÊ≥ïÊìç‰Ωú:kindeditor
[ 2017-11-23T11:50:30+08:00 ] 0.0.0.0 /myblog/index.php/Myback/p_zhuangtai
INFO: [ app_begin ] --START--
INFO: Run ReadHtmlCache Behavior [ RunTime:0.001001s ]
INFO: [ app_begin ] --END-- [ RunTime:0.001001s ]
SQL: SHOW COLUMNS FROM `my_pinglun` [ RunTime:0.003000s ]
SQL: UPDATE `my_pinglun` SET `p_zhuangtai`=0 WHERE ( `p_id` = 2 ) [ RunTime:0.000000s ]

[ 2017-11-23T11:50:31+08:00 ] 0.0.0.0 /myblog/index.php/Myback/p_zhuangtai
INFO: [ app_begin ] --START--
INFO: Run ReadHtmlCache Behavior [ RunTime:0.001000s ]
INFO: [ app_begin ] --END-- [ RunTime:0.001000s ]
SQL: SHOW COLUMNS FROM `my_pinglun` [ RunTime:0.003000s ]
SQL: UPDATE `my_pinglun` SET `p_zhuangtai`=1 WHERE ( `p_id` = 2 ) [ RunTime:0.001001s ]

[ 2017-11-23T11:51:04+08:00 ] ERR: (ThinkException) ÈùûÊ≥ïÊìç‰Ωú:kindeditor
[ 2017-11-23T11:51:12+08:00 ] 0.0.0.0 /myblog/index.php/Myback/p_zhuangtai
INFO: [ app_begin ] --START--
INFO: Run ReadHtmlCache Behavior [ RunTime:0.001000s ]
INFO: [ app_begin ] --END-- [ RunTime:0.001000s ]
SQL: SHOW COLUMNS FROM `my_pinglun` [ RunTime:0.003000s ]
SQL: UPDATE `my_pinglun` SET `p_zhuangtai`=1 WHERE ( `p_id` = 1 ) [ RunTime:0.001000s ]

[ 2017-11-23T11:51:15+08:00 ] ERR: (ThinkException) ÈùûÊ≥ïÊìç‰Ωú:kindeditor
[ 2017-11-23T11:51:49+08:00 ] 0.0.0.0 /myblog/index.php/Myback/p_zhuangtai
INFO: [ app_begin ] --START--
INFO: Run ReadHtmlCache Behavior [ RunTime:0.001000s ]
INFO: [ app_begin ] --END-- [ RunTime:0.001000s ]
SQL: SHOW COLUMNS FROM `my_pinglun` [ RunTime:0.003000s ]
SQL: UPDATE `my_pinglun` SET `p_zhuangtai`=0 WHERE ( `p_id` = 1 ) [ RunTime:0.000000s ]

[ 2017-11-23T11:51:51+08:00 ] 0.0.0.0 /myblog/index.php/Myback/p_zhuangtai
INFO: [ app_begin ] --START--
INFO: Run ReadHtmlCache Behavior [ RunTime:0.001000s ]
INFO: [ app_begin ] --END-- [ RunTime:0.001000s ]
SQL: SHOW COLUMNS FROM `my_pinglun` [ RunTime:0.003000s ]
SQL: UPDATE `my_pinglun` SET `p_zhuangtai`=0 WHERE ( `p_id` = 2 ) [ RunTime:0.000000s ]

[ 2017-11-23T11:52:05+08:00 ] 0.0.0.0 /myblog/index.php/Myback/p_zhuangtai
INFO: [ app_begin ] --START--
INFO: Run ReadHtmlCache Behavior [ RunTime:0.001000s ]
INFO: [ app_begin ] --END-- [ RunTime:0.001000s ]
SQL: SHOW COLUMNS FROM `my_pinglun` [ RunTime:0.003000s ]
SQL: UPDATE `my_pinglun` SET `p_zhuangtai`=1 WHERE ( `p_id` = 2 ) [ RunTime:0.001000s ]

[ 2017-11-23T11:52:06+08:00 ] 0.0.0.0 /myblog/index.php/Myback/p_zhuangtai
INFO: [ app_begin ] --START--
INFO: Run ReadHtmlCache Behavior [ RunTime:0.001000s ]
INFO: [ app_begin ] --END-- [ RunTime:0.001000s ]
SQL: SHOW COLUMNS FROM `my_pinglun` [ RunTime:0.003001s ]
SQL: UPDATE `my_pinglun` SET `p_zhuangtai`=0 WHERE ( `p_id` = 2 ) [ RunTime:0.000000s ]

[ 2017-11-23T11:52:07+08:00 ] 0.0.0.0 /myblog/index.php/Myback/p_zhuangtai
INFO: [ app_begin ] --START--
INFO: Run ReadHtmlCache Behavior [ RunTime:0.001000s ]
INFO: [ app_begin ] --END-- [ RunTime:0.001000s ]
SQL: SHOW COLUMNS FROM `my_pinglun` [ RunTime:0.003000s ]
SQL: UPDATE `my_pinglun` SET `p_zhuangtai`=1 WHERE ( `p_id` = 2 ) [ RunTime:0.000000s ]

[ 2017-11-23T11:52:52+08:00 ] 0.0.0.0 /myblog/index.php/Myback/p_zhuangtai
INFO: [ app_begin ] --START--
INFO: Run ReadHtmlCache Behavior [ RunTime:0.000000s ]
INFO: [ app_begin ] --END-- [ RunTime:0.000000s ]
SQL: SHOW COLUMNS FROM `my_pinglun` [ RunTime:0.000000s ]
SQL: UPDATE `my_pinglun` SET `p_zhuangtai`=1 WHERE ( `p_id` = 1 ) [ RunTime:0.000000s ]

[ 2017-11-23T11:52:53+08:00 ] 0.0.0.0 /myblog/index.php/Myback/p_zhuangtai
INFO: [ app_begin ] --START--
INFO: Run ReadHtmlCache Behavior [ RunTime:0.015600s ]
INFO: [ app_begin ] --END-- [ RunTime:0.015600s ]
SQL: SHOW COLUMNS FROM `my_pinglun` [ RunTime:0.000000s ]
SQL: UPDATE `my_pinglun` SET `p_zhuangtai`=0 WHERE ( `p_id` = 2 ) [ RunTime:0.000000s ]

[ 2017-11-23T17:08:52+08:00 ] ERR: (ThinkException) AccËs refusÈ pour l'utilisateur: 'root'@'@localhost' (mot de passe: OUI)
[ 2017-11-23T17:09:09+08:00 ] ERR: (ThinkException) ÈùûÊ≥ïÊìç‰Ωú:kindeditor
[ 2017-11-23T17:09:12+08:00 ] 0.0.0.0 /myblog/index.php/Myback/p_zhuangtai
INFO: [ app_begin ] --START--
INFO: Run ReadHtmlCache Behavior [ RunTime:0.003077s ]
INFO: [ app_begin ] --END-- [ RunTime:0.003633s ]
NOTIC: [8192] mysql_connect(): The mysql extension is deprecated and will be removed in the future: use mysqli or PDO instead E:\Application case\wamp\www\myblog\ThinkPHP\Lib\Driver\Db\DbMysql.class.php Á¨¨ 55 Ë°å.
SQL: SHOW COLUMNS FROM `my_pinglun` [ RunTime:0.007955s ]
SQL: UPDATE `my_pinglun` SET `p_zhuangtai`=0 WHERE ( `p_id` = 1 ) [ RunTime:0.000835s ]

[ 2017-11-23T17:09:41+08:00 ] 0.0.0.0 /myblog/index.php/Myback/p_zhuangtai
INFO: [ app_begin ] --START--
INFO: Run ReadHtmlCache Behavior [ RunTime:0.003121s ]
INFO: [ app_begin ] --END-- [ RunTime:0.003673s ]
NOTIC: [8192] mysql_connect(): The mysql extension is deprecated and will be removed in the future: use mysqli or PDO instead E:\Application case\wamp\www\myblog\ThinkPHP\Lib\Driver\Db\DbMysql.class.php Á¨¨ 55 Ë°å.
SQL: SHOW COLUMNS FROM `my_pinglun` [ RunTime:0.008536s ]
SQL: UPDATE `my_pinglun` SET `p_zhuangtai`=1 WHERE ( `p_id` = 2 ) [ RunTime:0.000880s ]

[ 2017-11-23T17:12:49+08:00 ] ERR: (ThinkException) ÈùûÊ≥ïÊìç‰Ωú:kindeditor
[ 2017-11-23T17:35:20+08:00 ] ERR: (ThinkException) ÈùûÊ≥ïÊìç‰Ωú:kindeditor
[ 2017-11-23T17:37:57+08:00 ] ERR: (ThinkException) ÈùûÊ≥ïÊìç‰Ωú:kindeditor
[ 2017-11-23T17:39:32+08:00 ] ERR: (ThinkException) ÈùûÊ≥ïÊìç‰Ωú:kindeditor
[ 2017-11-23T17:39:40+08:00 ] ERR: (ThinkException) ÈùûÊ≥ïÊìç‰Ωú:kindeditor
[ 2017-11-23T17:39:53+08:00 ] ERR: (ThinkException) ÈùûÊ≥ïÊìç‰Ωú:kindeditor
[ 2017-11-23T19:14:02+08:00 ] ERR: (ThinkException) ÈùûÊ≥ïÊìç‰Ωú:kindeditor
[ 2017-11-23T19:14:16+08:00 ] ERR: (ThinkException) ÈùûÊ≥ïÊìç‰Ωú:kindeditor
[ 2017-11-23T19:14:20+08:00 ] ERR: (ThinkException) ÈùûÊ≥ïÊìç‰Ωú:kindeditor
[ 2017-11-23T19:15:52+08:00 ] 0.0.0.0 /myblog/index.php/Myback/p_zhuangtai
INFO: [ app_begin ] --START--
INFO: Run ReadHtmlCache Behavior [ RunTime:0.002989s ]
INFO: [ app_begin ] --END-- [ RunTime:0.003574s ]
NOTIC: [8192] mysql_connect(): The mysql extension is deprecated and will be removed in the future: use mysqli or PDO instead E:\Application case\wamp\www\myblog\ThinkPHP\Lib\Driver\Db\DbMysql.class.php Á¨¨ 55 Ë°å.
SQL: SHOW COLUMNS FROM `my_pinglun` [ RunTime:0.011746s ]
SQL: UPDATE `my_pinglun` SET `p_zhuangtai`=1 WHERE ( `p_id` = 1 ) [ RunTime:0.000941s ]

[ 2017-11-23T19:15:53+08:00 ] 0.0.0.0 /myblog/index.php/Myback/p_zhuangtai
INFO: [ app_begin ] --START--
INFO: Run ReadHtmlCache Behavior [ RunTime:0.002827s ]
INFO: [ app_begin ] --END-- [ RunTime:0.003389s ]
NOTIC: [8192] mysql_connect(): The mysql extension is deprecated and will be removed in the future: use mysqli or PDO instead E:\Application case\wamp\www\myblog\ThinkPHP\Lib\Driver\Db\DbMysql.class.php Á¨¨ 55 Ë°å.
SQL: SHOW COLUMNS FROM `my_pinglun` [ RunTime:0.010600s ]
SQL: UPDATE `my_pinglun` SET `p_zhuangtai`=0 WHERE ( `p_id` = 1 ) [ RunTime:0.001035s ]

[ 2017-11-23T19:15:53+08:00 ] 0.0.0.0 /myblog/index.php/Myback/p_zhuangtai
INFO: [ app_begin ] --START--
INFO: Run ReadHtmlCache Behavior [ RunTime:0.003423s ]
INFO: [ app_begin ] --END-- [ RunTime:0.004012s ]
NOTIC: [8192] mysql_connect(): The mysql extension is deprecated and will be removed in the future: use mysqli or PDO instead E:\Application case\wamp\www\myblog\ThinkPHP\Lib\Driver\Db\DbMysql.class.php Á¨¨ 55 Ë°å.
SQL: SHOW COLUMNS FROM `my_pinglun` [ RunTime:0.008822s ]
SQL: UPDATE `my_pinglun` SET `p_zhuangtai`=0 WHERE ( `p_id` = 2 ) [ RunTime:0.000858s ]

[ 2017-11-23T19:15:54+08:00 ] 0.0.0.0 /myblog/index.php/Myback/p_zhuangtai
INFO: [ app_begin ] --START--
INFO: Run ReadHtmlCache Behavior [ RunTime:0.003734s ]
INFO: [ app_begin ] --END-- [ RunTime:0.005360s ]
NOTIC: [8192] mysql_connect(): The mysql extension is deprecated and will be removed in the future: use mysqli or PDO instead E:\Application case\wamp\www\myblog\ThinkPHP\Lib\Driver\Db\DbMysql.class.php Á¨¨ 55 Ë°å.
SQL: SHOW COLUMNS FROM `my_pinglun` [ RunTime:0.011887s ]
SQL: UPDATE `my_pinglun` SET `p_zhuangtai`=1 WHERE ( `p_id` = 2 ) [ RunTime:0.000999s ]

[ 2017-11-23T19:18:52+08:00 ] ERR: (ThinkException) ÈùûÊ≥ïÊìç‰Ωú:kindeditor
[ 2017-11-23T19:23:43+08:00 ] ERR: (ThinkException) ÈùûÊ≥ïÊìç‰Ωú:kindeditor
[ 2017-11-23T19:23:47+08:00 ] ERR: (ThinkException) ÈùûÊ≥ïÊìç‰Ωú:kindeditor
[ 2017-11-23T19:26:25+08:00 ] ERR: (ThinkException) ÈùûÊ≥ïÊìç‰Ωú:kindeditor
[ 2017-11-23T19:26:29+08:00 ] ERR: (ThinkException) ÈùûÊ≥ïÊìç‰Ωú:kindeditor
[ 2017-11-23T19:28:56+08:00 ] ERR: (ThinkException) ÈùûÊ≥ïÊìç‰Ωú:kindeditor
[ 2017-11-23T19:43:07+08:00 ] ERR: (ThinkException) ÈùûÊ≥ïÊìç‰Ωú:kindeditor
[ 2017-11-23T19:43:18+08:00 ] ERR: (ThinkException) ÈùûÊ≥ïÊìç‰Ωú:kindeditor
[ 2017-11-23T19:50:50+08:00 ] ERR: (ThinkException) ÈùûÊ≥ïÊìç‰Ωú:kindeditor
[ 2017-11-23T19:56:37+08:00 ] ERR: (ThinkException) ÈùûÊ≥ïÊìç‰Ωú:kindeditor
[ 2017-11-23T20:04:01+08:00 ] ERR: (ThinkException) ÈùûÊ≥ïÊìç‰Ωú:kindeditor
[ 2017-11-23T20:06:07+08:00 ] ERR: (ThinkException) ÈùûÊ≥ïÊìç‰Ωú:kindeditor
[ 2017-11-23T20:06:47+08:00 ] 0.0.0.0 /myblog/index.php/Myback/p_zhuangtai
INFO: [ app_begin ] --START--
INFO: Run ReadHtmlCache Behavior [ RunTime:0.002774s ]
INFO: [ app_begin ] --END-- [ RunTime:0.003313s ]
NOTIC: [8192] mysql_connect(): The mysql extension is deprecated and will be removed in the future: use mysqli or PDO instead E:\Application case\wamp\www\myblog\ThinkPHP\Lib\Driver\Db\DbMysql.class.php Á¨¨ 55 Ë°å.
SQL: SHOW COLUMNS FROM `my_pinglun` [ RunTime:0.009918s ]
NOTIC: [8] Undefined index: p_id E:\Application case\wamp\www\myblog\Home\Lib\Action\MybackAction.class.php Á¨¨ 80 Ë°å.

[ 2017-11-23T20:07:59+08:00 ] 0.0.0.0 /myblog/index.php/Myback/p_zhuangtai
INFO: [ app_begin ] --START--
INFO: Run ReadHtmlCache Behavior [ RunTime:0.004428s ]
INFO: [ app_begin ] --END-- [ RunTime:0.005286s ]
NOTIC: [8192] mysql_connect(): The mysql extension is deprecated and will be removed in the future: use mysqli or PDO instead E:\Application case\wamp\www\myblog\ThinkPHP\Lib\Driver\Db\DbMysql.class.php Á¨¨ 55 Ë°å.
SQL: SHOW COLUMNS FROM `my_pinglun` [ RunTime:0.011774s ]
SQL: UPDATE `my_pinglun` SET `p_zhuangtai`=1 WHERE ( `p_id` = 1 ) [ RunTime:0.001005s ]

[ 2017-11-23T20:08:03+08:00 ] 0.0.0.0 /myblog/index.php/Myback/p_zhuangtai
INFO: [ app_begin ] --START--
INFO: Run ReadHtmlCache Behavior [ RunTime:0.002905s ]
INFO: [ app_begin ] --END-- [ RunTime:0.003480s ]
NOTIC: [8192] mysql_connect(): The mysql extension is deprecated and will be removed in the future: use mysqli or PDO instead E:\Application case\wamp\www\myblog\ThinkPHP\Lib\Driver\Db\DbMysql.class.php Á¨¨ 55 Ë°å.
SQL: SHOW COLUMNS FROM `my_pinglun` [ RunTime:0.010070s ]
NOTIC: [8] Undefined index: p_id E:\Application case\wamp\www\myblog\Home\Lib\Action\MybackAction.class.php Á¨¨ 80 Ë°å.

[ 2017-11-23T20:08:23+08:00 ] 0.0.0.0 /myblog/index.php/Myback/p_zhuangtai
INFO: [ app_begin ] --START--
INFO: Run ReadHtmlCache Behavior [ RunTime:0.003360s ]
INFO: [ app_begin ] --END-- [ RunTime:0.003991s ]
NOTIC: [8192] mysql_connect(): The mysql extension is deprecated and will be removed in the future: use mysqli or PDO instead E:\Application case\wamp\www\myblog\ThinkPHP\Lib\Driver\Db\DbMysql.class.php Á¨¨ 55 Ë°å.
SQL: SHOW COLUMNS FROM `my_pinglun` [ RunTime:0.009417s ]
NOTIC: [8] Undefined index: p_id E:\Application case\wamp\www\myblog\Home\Lib\Action\MybackAction.class.php Á¨¨ 80 Ë°å.

[ 2017-11-23T20:08:26+08:00 ] 0.0.0.0 /myblog/index.php/Myback/p_zhuangtai
INFO: [ app_begin ] --START--
INFO: Run ReadHtmlCache Behavior [ RunTime:0.003489s ]
INFO: [ app_begin ] --END-- [ RunTime:0.004041s ]
NOTIC: [8192] mysql_connect(): The mysql extension is deprecated and will be removed in the future: use mysqli or PDO instead E:\Application case\wamp\www\myblog\ThinkPHP\Lib\Driver\Db\DbMysql.class.php Á¨¨ 55 Ë°å.
SQL: SHOW COLUMNS FROM `my_pinglun` [ RunTime:0.009471s ]
SQL: UPDATE `my_pinglun` SET `p_zhuangtai`=0 WHERE ( `p_id` = 1 ) [ RunTime:0.000796s ]

[ 2017-11-23T20:09:17+08:00 ] ERR: (ThinkException) ÈùûÊ≥ïÊìç‰Ωú:kindeditor
[ 2017-11-23T20:09:20+08:00 ] 0.0.0.0 /myblog/index.php/Myback/p_zhuangtai
INFO: [ app_begin ] --START--
INFO: Run ReadHtmlCache Behavior [ RunTime:0.002739s ]
INFO: [ app_begin ] --END-- [ RunTime:0.003370s ]
NOTIC: [8192] mysql_connect(): The mysql extension is deprecated and will be removed in the future: use mysqli or PDO instead E:\Application case\wamp\www\myblog\ThinkPHP\Lib\Driver\Db\DbMysql.class.php Á¨¨ 55 Ë°å.
SQL: SHOW COLUMNS FROM `my_pinglun` [ RunTime:0.008772s ]
SQL: UPDATE `my_pinglun` SET `p_zhuangtai`=0 WHERE ( `p_id` = 4 ) [ RunTime:0.000862s ]

[ 2017-11-23T20:09:46+08:00 ] 0.0.0.0 /myblog/index.php/Myback/p_zhuangtai
INFO: [ app_begin ] --START--
INFO: Run ReadHtmlCache Behavior [ RunTime:0.003515s ]
INFO: [ app_begin ] --END-- [ RunTime:0.004126s ]
NOTIC: [8192] mysql_connect(): The mysql extension is deprecated and will be removed in the future: use mysqli or PDO instead E:\Application case\wamp\www\myblog\ThinkPHP\Lib\Driver\Db\DbMysql.class.php Á¨¨ 55 Ë°å.
SQL: SHOW COLUMNS FROM `my_pinglun` [ RunTime:0.010382s ]
SQL: UPDATE `my_pinglun` SET `p_zhuangtai`=1 WHERE ( `p_id` = 1 ) [ RunTime:0.000985s ]

[ 2017-11-23T20:10:34+08:00 ] ERR: (ThinkException) ÈùûÊ≥ïÊìç‰Ωú:kindeditor
[ 2017-11-23T20:10:48+08:00 ] ERR: (ThinkException) ÈùûÊ≥ïÊìç‰Ωú:kindeditor
[ 2017-11-23T20:10:59+08:00 ] ERR: (ThinkException) ÈùûÊ≥ïÊìç‰Ωú:kindeditor
[ 2017-11-23T20:12:20+08:00 ] ERR: (ThinkException) ÈùûÊ≥ïÊìç‰Ωú:kindeditor
[ 2017-11-23T20:15:36+08:00 ] ERR: (ThinkException) ÈùûÊ≥ïÊìç‰Ωú:kindeditor
[ 2017-11-23T20:19:17+08:00 ] ERR: (ThinkException) ÈùûÊ≥ïÊìç‰Ωú:kindeditor
[ 2017-11-23T20:20:34+08:00 ] ERR: (ThinkException) ÈùûÊ≥ïÊìç‰Ωú:kindeditor
[ 2017-11-23T20:29:27+08:00 ] ERR: (ThinkException) ÈùûÊ≥ïÊìç‰Ωú:kindeditor
[ 2017-11-23T20:31:04+08:00 ] ERR: (ThinkException) ÈùûÊ≥ïÊìç‰Ωú:kindeditor
[ 2017-11-23T20:31:25+08:00 ] ERR: (ThinkException) ÈùûÊ≥ïÊìç‰Ωú:kindeditor
[ 2017-11-23T21:33:08+08:00 ] ERR: (ThinkException) ÈùûÊ≥ïÊìç‰Ωú:kindeditor
[ 2017-11-23T21:35:34+08:00 ] ERR: (ThinkException) ÈùûÊ≥ïÊìç‰Ωú:kindeditor
[ 2017-11-23T21:35:40+08:00 ] ERR: (ThinkException) ÈùûÊ≥ïÊìç‰Ωú:kindeditor
[ 2017-11-23T21:36:13+08:00 ] ERR: (ThinkException) ÈùûÊ≥ïÊìç‰Ωú:kindeditor
[ 2017-11-23T21:36:16+08:00 ] 0.0.0.0 /myblog/index.php/Myback/pinglundel
INFO: [ app_begin ] --START--
INFO: Run ReadHtmlCache Behavior [ RunTime:0.002937s ]
INFO: [ app_begin ] --END-- [ RunTime:0.003491s ]
NOTIC: [8192] mysql_connect(): The mysql extension is deprecated and will be removed in the future: use mysqli or PDO instead E:\Application case\wamp\www\myblog\ThinkPHP\Lib\Driver\Db\DbMysql.class.php Á¨¨ 55 Ë°å.
SQL: SHOW COLUMNS FROM `my_pinglun` [ RunTime:0.010961s ]
SQL: DELETE FROM `my_pinglun` WHERE ( p_id=4 ) [ RunTime:0.000812s ]

[ 2017-11-23T21:36:19+08:00 ] ERR: (ThinkException) ÈùûÊ≥ïÊìç‰Ωú:kindeditor
[ 2017-11-23T21:40:36+08:00 ] 0.0.0.0 /myblog/index.php/Myback/pinglundel
INFO: [ app_begin ] --START--
INFO: Run ReadHtmlCache Behavior [ RunTime:0.002696s ]
INFO: [ app_begin ] --END-- [ RunTime:0.003324s ]
NOTIC: [8] Undefined index: p_id E:\Application case\wamp\www\myblog\Home\Lib\Action\MybackAction.class.php Á¨¨ 104 Ë°å.
NOTIC: [8192] mysql_connect(): The mysql extension is deprecated and will be removed in the future: use mysqli or PDO instead E:\Application case\wamp\www\myblog\ThinkPHP\Lib\Driver\Db\DbMysql.class.php Á¨¨ 55 Ë°å.
SQL: SHOW COLUMNS FROM `my_pinglun` [ RunTime:0.009226s ]
SQL: DELETE FROM `my_pinglun` WHERE ( p_id= ) [ RunTime:0.000410s ]
ERR: Erreur de syntaxe pr√®s de ')' √† la ligne 1
 [ SQLËØ≠Âè• ] : DELETE FROM `my_pinglun` WHERE ( p_id= )

[ 2017-11-23T21:40:44+08:00 ] ERR: (ThinkException) ÈùûÊ≥ïÊìç‰Ωú:kindeditor
[ 2017-11-23T21:42:31+08:00 ] 0.0.0.0 /myblog/index.php/Myback/p_zhuangtai
INFO: [ app_begin ] --START--
INFO: Run ReadHtmlCache Behavior [ RunTime:0.005623s ]
INFO: [ app_begin ] --END-- [ RunTime:0.006348s ]
NOTIC: [8192] mysql_connect(): The mysql extension is deprecated and will be removed in the future: use mysqli or PDO instead E:\Application case\wamp\www\myblog\ThinkPHP\Lib\Driver\Db\DbMysql.class.php Á¨¨ 55 Ë°å.
SQL: SHOW COLUMNS FROM `my_pinglun` [ RunTime:0.009887s ]
SQL: UPDATE `my_pinglun` SET `p_zhuangtai`=0 WHERE ( `p_id` = 3 ) [ RunTime:0.000795s ]

[ 2017-11-23T21:45:26+08:00 ] ERR: (ThinkException) ÈùûÊ≥ïÊìç‰Ωú:kindeditor
[ 2017-11-23T21:46:23+08:00 ] ERR: (ThinkException) ÈùûÊ≥ïÊìç‰Ωú:kindeditor
[ 2017-11-23T21:46:31+08:00 ] ERR: (ThinkException) ÈùûÊ≥ïÊìç‰Ωú:kindeditor
[ 2017-11-23T21:47:09+08:00 ] 0.0.0.0 /myblog/index.php/Myback/p_zhuangtai
INFO: [ app_begin ] --START--
INFO: Run ReadHtmlCache Behavior [ RunTime:0.002754s ]
INFO: [ app_begin ] --END-- [ RunTime:0.003305s ]
NOTIC: [8192] mysql_connect(): The mysql extension is deprecated and will be removed in the future: use mysqli or PDO instead E:\Application case\wamp\www\myblog\ThinkPHP\Lib\Driver\Db\DbMysql.class.php Á¨¨ 55 Ë°å.
SQL: SHOW COLUMNS FROM `my_pinglun` [ RunTime:0.008452s ]
SQL: UPDATE `my_pinglun` SET `p_zhuangtai`=0 WHERE ( `p_id` = 1 ) [ RunTime:0.000858s ]

[ 2017-11-23T21:47:10+08:00 ] 0.0.0.0 /myblog/index.php/Myback/p_zhuangtai
INFO: [ app_begin ] --START--
INFO: Run ReadHtmlCache Behavior [ RunTime:0.002733s ]
INFO: [ app_begin ] --END-- [ RunTime:0.003278s ]
NOTIC: [8192] mysql_connect(): The mysql extension is deprecated and will be removed in the future: use mysqli or PDO instead E:\Application case\wamp\www\myblog\ThinkPHP\Lib\Driver\Db\DbMysql.class.php Á¨¨ 55 Ë°å.
SQL: SHOW COLUMNS FROM `my_pinglun` [ RunTime:0.008133s ]
SQL: UPDATE `my_pinglun` SET `p_zhuangtai`=1 WHERE ( `p_id` = 3 ) [ RunTime:0.000770s ]

[ 2017-11-23T21:47:47+08:00 ] 0.0.0.0 /myblog/index.php/Myback/pinglundel
INFO: [ app_begin ] --START--
INFO: Run ReadHtmlCache Behavior [ RunTime:0.002762s ]
INFO: [ app_begin ] --END-- [ RunTime:0.003398s ]
NOTIC: [8192] mysql_connect(): The mysql extension is deprecated and will be removed in the future: use mysqli or PDO instead E:\Application case\wamp\www\myblog\ThinkPHP\Lib\Driver\Db\DbMysql.class.php Á¨¨ 55 Ë°å.
SQL: SHOW COLUMNS FROM `my_pinglun` [ RunTime:0.010566s ]
SQL: DELETE FROM `my_pinglun` WHERE ( p_id=3 ) [ RunTime:0.000885s ]

[ 2017-11-23T21:51:23+08:00 ] ERR: (ThinkException) ÈùûÊ≥ïÊìç‰Ωú:kindeditor
[ 2017-11-23T21:51:27+08:00 ] 0.0.0.0 /myblog/index.php/Myback/p_zhuangtai
INFO: [ app_begin ] --START--
INFO: Run ReadHtmlCache Behavior [ RunTime:0.002947s ]
INFO: [ app_begin ] --END-- [ RunTime:0.003543s ]
NOTIC: [8192] mysql_connect(): The mysql extension is deprecated and will be removed in the future: use mysqli or PDO instead E:\Application case\wamp\www\myblog\ThinkPHP\Lib\Driver\Db\DbMysql.class.php Á¨¨ 55 Ë°å.
SQL: SHOW COLUMNS FROM `my_pinglun` [ RunTime:0.009891s ]
SQL: UPDATE `my_pinglun` SET `p_zhuangtai`=0 WHERE ( `p_id` = 2 ) [ RunTime:0.000893s ]

[ 2017-11-23T21:51:32+08:00 ] ERR: (ThinkException) ÈùûÊ≥ïÊìç‰Ωú:kindeditor
[ 2017-11-23T21:51:39+08:00 ] ERR: (ThinkException) ÈùûÊ≥ïÊìç‰Ωú:kindeditor
[ 2017-11-23T22:01:57+08:00 ] ERR: (ThinkException) ÈùûÊ≥ïÊìç‰Ωú:kindeditor
[ 2017-11-23T22:04:58+08:00 ] ERR: (ThinkException) ÈùûÊ≥ïÊìç‰Ωú:kindeditor
[ 2017-11-23T22:07:03+08:00 ] ERR: (ThinkException) ÈùûÊ≥ïÊìç‰Ωú:kindeditor
[ 2017-11-23T22:55:37+08:00 ] ERR: (ThinkException) ÈùûÊ≥ïÊìç‰Ωú:kindeditor
[ 2017-11-23T22:57:32+08:00 ] ERR: (ThinkException) ÈùûÊ≥ïÊìç‰Ωú:kindeditor
[ 2017-11-23T22:58:45+08:00 ] ERR: (ThinkException) ÈùûÊ≥ïÊìç‰Ωú:kindeditor
[ 2017-11-23T22:58:58+08:00 ] ERR: (ThinkException) ÈùûÊ≥ïÊìç‰Ωú:kindeditor
[ 2017-11-23T23:01:16+08:00 ] ERR: (ThinkException) ÈùûÊ≥ïÊìç‰Ωú:kindeditor
