[ 2018-02-22T16:42:54+08:00 ] ERR: (ThinkException) 模板不存在[./Home/Tpl/Login/verify.html]
[ 2018-02-22T16:43:43+08:00 ] ERR: (ThinkException) 模板不存在[./Home/Tpl/Login/verify.html]
[ 2018-02-22T16:43:49+08:00 ] 0.0.0.0 /myblog/index.php/Login/loginvalid
INFO: [ app_begin ] --START--
INFO: Run ReadHtmlCache Behavior [ RunTime:0.003695s ]
INFO: [ app_begin ] --END-- [ RunTime:0.003905s ]
SQL: SHOW COLUMNS FROM `my_user` [ RunTime:0.022037s ]
SQL: SELECT COUNT(*) AS tp_count FROM `my_user` WHERE ( user='r' ) LIMIT 1   [ RunTime:0.001051s ]

[ 2018-02-22T16:43:50+08:00 ] 0.0.0.0 /myblog/index.php/Login/loginvalid
INFO: [ app_begin ] --START--
INFO: Run ReadHtmlCache Behavior [ RunTime:0.002553s ]
INFO: [ app_begin ] --END-- [ RunTime:0.002766s ]
SQL: SHOW COLUMNS FROM `my_user` [ RunTime:0.019776s ]
SQL: SELECT COUNT(*) AS tp_count FROM `my_user` WHERE ( user='ro' ) LIMIT 1   [ RunTime:0.000902s ]

[ 2018-02-22T16:43:51+08:00 ] 0.0.0.0 /myblog/index.php/Login/loginvalid
INFO: [ app_begin ] --START--
INFO: Run ReadHtmlCache Behavior [ RunTime:0.004543s ]
INFO: [ app_begin ] --END-- [ RunTime:0.004840s ]
SQL: SHOW COLUMNS FROM `my_user` [ RunTime:0.018735s ]
SQL: SELECT COUNT(*) AS tp_count FROM `my_user` WHERE ( user='roo' ) LIMIT 1   [ RunTime:0.000941s ]

[ 2018-02-22T16:43:53+08:00 ] 0.0.0.0 /myblog/index.php/Login/loginvalid
INFO: [ app_begin ] --START--
INFO: Run ReadHtmlCache Behavior [ RunTime:0.002602s ]
INFO: [ app_begin ] --END-- [ RunTime:0.002817s ]
SQL: SHOW COLUMNS FROM `my_user` [ RunTime:0.019160s ]
SQL: SELECT COUNT(*) AS tp_count FROM `my_user` WHERE ( user='root' ) LIMIT 1   [ RunTime:0.000899s ]

[ 2018-02-22T16:44:31+08:00 ] ERR: (ThinkException) 模板不存在[./Home/Tpl/Login/verify.html]
[ 2018-02-22T16:44:35+08:00 ] 0.0.0.0 /myblog/index.php/Login/loginvalid
INFO: [ app_begin ] --START--
INFO: Run ReadHtmlCache Behavior [ RunTime:0.001790s ]
INFO: [ app_begin ] --END-- [ RunTime:0.002130s ]
SQL: SHOW COLUMNS FROM `my_user` [ RunTime:0.019475s ]
SQL: SELECT COUNT(*) AS tp_count FROM `my_user` WHERE ( user='root' ) LIMIT 1   [ RunTime:0.000909s ]

[ 2018-02-22T16:44:39+08:00 ] 0.0.0.0 /myblog/index.php/Login/loginverify
INFO: [ app_begin ] --START--
INFO: Run ReadHtmlCache Behavior [ RunTime:0.003851s ]
INFO: [ app_begin ] --END-- [ RunTime:0.004144s ]

[ 2018-02-22T16:44:43+08:00 ] ERR: (ThinkException) 模板不存在[./Home/Tpl/Login/verify.html]
[ 2018-02-22T16:44:50+08:00 ] 0.0.0.0 /myblog/index.php/Login/loginvalid
INFO: [ app_begin ] --START--
INFO: Run ReadHtmlCache Behavior [ RunTime:0.000953s ]
INFO: [ app_begin ] --END-- [ RunTime:0.001042s ]
SQL: SHOW COLUMNS FROM `my_user` [ RunTime:0.019219s ]
SQL: SELECT COUNT(*) AS tp_count FROM `my_user` WHERE ( user='root' ) LIMIT 1   [ RunTime:0.000904s ]

[ 2018-02-22T16:44:57+08:00 ] 0.0.0.0 /myblog/index.php/Login/loginverify
INFO: [ app_begin ] --START--
INFO: Run ReadHtmlCache Behavior [ RunTime:0.002252s ]
INFO: [ app_begin ] --END-- [ RunTime:0.002449s ]

[ 2018-02-22T16:44:57+08:00 ] ERR: (ThinkException) 模板不存在[./Home/Tpl/Login/verify.html]
[ 2018-02-22T16:44:58+08:00 ] ERR: (ThinkException) 模板不存在[./Home/Tpl/Login/verify.html]
[ 2018-02-22T16:45:00+08:00 ] 0.0.0.0 /myblog/index.php/Login/loginverify
INFO: [ app_begin ] --START--
INFO: Run ReadHtmlCache Behavior [ RunTime:0.002368s ]
INFO: [ app_begin ] --END-- [ RunTime:0.002598s ]

[ 2018-02-22T16:45:00+08:00 ] 0.0.0.0 /myblog/index.php/Login/loginverify
INFO: [ app_begin ] --START--
INFO: Run ReadHtmlCache Behavior [ RunTime:0.002695s ]
INFO: [ app_begin ] --END-- [ RunTime:0.002908s ]

[ 2018-02-22T16:45:04+08:00 ] 0.0.0.0 /myblog/index.php/Login/loginverify
INFO: [ app_begin ] --START--
INFO: Run ReadHtmlCache Behavior [ RunTime:0.002272s ]
INFO: [ app_begin ] --END-- [ RunTime:0.002471s ]

[ 2018-02-22T16:45:05+08:00 ] 0.0.0.0 /myblog/index.php/Login/loginverify
INFO: [ app_begin ] --START--
INFO: Run ReadHtmlCache Behavior [ RunTime:0.002267s ]
INFO: [ app_begin ] --END-- [ RunTime:0.002467s ]

[ 2018-02-22T16:45:05+08:00 ] 0.0.0.0 /myblog/index.php/Login/loginverify
INFO: [ app_begin ] --START--
INFO: Run ReadHtmlCache Behavior [ RunTime:0.002280s ]
INFO: [ app_begin ] --END-- [ RunTime:0.002483s ]

[ 2018-02-22T16:45:05+08:00 ] 0.0.0.0 /myblog/index.php/Login/loginverify
INFO: [ app_begin ] --START--
INFO: Run ReadHtmlCache Behavior [ RunTime:0.002645s ]
INFO: [ app_begin ] --END-- [ RunTime:0.002944s ]

